LIBUSB - Claimed interface
state 0.000000 0.000000 0.000000 
laser 271 271 49 34 38 44 57 47 55 57 57 54 57 61 62 52 64 54 49 58 89 108 137 107 121 112 132 128 122 164 163 168 195 206 199 197 216 313 318 319 312 314 317 321 317 315 316 319 319 317 318 320 321 320 324 322 323 319 324 326 327 327 327 330 330 335 338 336 342 342 341 346 355 349 356 362 364 366 367 372 375 382 385 388 392 397 406 410 415 421 428 432 444 453 453 456 473 493 507 513 529 544 564 578 594 615 633 653 677 689 725 750 782 826 868 922 990 1054 1097 1127 1148 1139 1135 1134 1130 1123 1121 1117 1110 1105 1113 1113 1110 1110 1103 1110 1105 1109 1110 1111 1113 1117 1115 1117 1118 1124 1121 1125 1129 1132 1124 367 343 314 290 265 252 231 221 213 201 190 188 183 172 168 162 159 152 149 146 145 141 139 130 131 128 121 120 121 117 114 113 110 111 105 104 102 101 104 97 97 99 95 96 95 95 93 92 91 90 89 92 91 90 89 87 86 86 86 82 85 84 84 81 81 76 81 85 83 79 82 84 81 82 83 79 83 80 82 80 84 81 80 82 84 83 83 84 82 83 80 83 83 88 78 81 89 84 85 90 84 93 86 90 89 91 94 95 97 96 97 98 99 100 96 101 106 102 106 108 102
state 0.002848 -0.000004 -0.002050 
state 0.005187 -0.000008 -0.001577 
state 0.007926 -0.000014 -0.002681 
state 0.011753 -0.000027 -0.003470 
state 0.016124 -0.000041 -0.003628 
state 0.021910 -0.000061 -0.002839 
state 0.028531 -0.000076 -0.002050 
state 0.035187 -0.000088 -0.001893 
state 0.042624 -0.000106 -0.002524 
state 0.050767 -0.000126 -0.002366 
laser 271 271 46 38 40 44 39 41 52 59 64 65 63 64 60 52 63 57 53 55 67 91 108 109 109 132 132 126 147 143 146 184 192 204 198 194 219 317 318 319 320 316 319 317 316 316 317 316 320 312 314 319 319 321 321 323 321 322 322 325 327 329 329 330 325 330 339 340 340 343 347 349 352 354 357 361 360 366 366 364 375 379 385 391 393 397 400 409 413 422 435 439 440 444 457 481 489 497 513 528 540 553 567 585 603 622 640 658 670 698 729 765 800 840 892 947 1011 1058 1078 1128 1121 1116 1113 1109 1103 1101 1095 1093 1095 1089 1089 1089 1090 1087 1080 1082 1081 1080 1080 1081 1091 1093 1090 1093 1095 1100 1099 1102 1103 1108 1112 2606 333 311 288 272 255 233 220 212 202 191 187 177 174 168 156 153 145 150 143 138 133 134 132 126 125 121 124 116 119 115 112 111 107 107 104 105 104 102 98 100 95 91 97 91 91 87 94 89 89 87 89 91 89 89 87 87 80 86 85 85 84 82 83 81 83 80 82 82 81 82 81 84 81 76 79 85 83 82 83 79 84 83 81 84 82 82 76 84 83 84 79 84 81 83 83 84 86 88 88 86 90 90 84 87 88 90 90 95 93 93 94 98 99 99 98 101 104 102 99 98
state 0.060036 -0.000141 -0.000946 
state 0.069195 -0.000140 0.001735 
state 0.078264 -0.000105 0.005520 
state 0.087423 -0.000047 0.006624 
state 0.097000 0.000015 0.005993 
state 0.106413 0.000066 0.004889 
state 0.115827 0.000111 0.004101 
state 0.125422 0.000142 0.002050 
state 0.135071 0.000152 0.000158 
state 0.144702 0.000153 -0.000000 
laser 271 271 43 38 33 33 74 43 50 55 62 61 64 62 61 54 65 54 58 64 64 105 94 130 145 107 111 125 171 142 146 165 193 198 196 198 215 315 316 312 315 313 317 313 313 313 314 313 317 313 314 316 316 315 316 316 319 316 319 323 322 322 316 321 324 326 330 332 335 335 335 339 343 344 347 350 353 357 363 364 368 369 380 384 380 394 404 404 415 423 433 435 447 456 468 480 488 499 511 525 538 549 562 578 587 611 633 654 675 707 733 768 805 843 897 950 987 1017 1039 1034 1025 1023 1021 1019 1016 1009 1008 1005 1003 998 1001 997 1000 999 994 991 998 994 996 1001 993 998 1000 1001 1000 993 1000 1004 1000 999 996 994 992 1007 999 996 885 265 247 232 222 219 210 197 189 185 178 168 157 160 152 152 146 141 135 133 129 129 124 123 118 114 116 111 110 108 110 107 105 101 102 101 99 95 96 94 92 93 95 91 90 90 90 90 87 85 86 82 83 81 82 89 84 84 82 81 84 82 83 84 85 85 80 83 82 81 85 84 85 80 83 80 79 80 84 81 81 81 78 80 86 83 82 85 86 85 87 86 86 86 85 86 85 87 91 90 89 94 92 95 92 99 94 98 95 96 100 98 101 108 100 96
state 0.159212 0.000157 0.000946 
state 0.168571 0.000167 0.000946 
state 0.178039 0.000171 -0.000000 
state 0.187489 0.000172 0.000473 
state 0.196830 0.000180 0.000946 
state 0.206044 0.000183 -0.000315 
state 0.215348 0.000171 -0.002050 
state 0.224617 0.000150 -0.002208 
state 0.233867 0.000130 -0.002208 
state 0.243153 0.000117 -0.000315 
laser 271 271 46 44 40 43 48 48 54 58 62 60 61 66 58 53 60 49 48 64 79 83 135 91 138 137 134 136 137 152 144 158 197 202 199 205 212 308 313 310 313 311 311 313 313 308 304 307 305 311 308 309 312 310 307 309 311 310 314 309 311 318 318 319 321 320 324 327 331 337 338 332 347 349 357 354 357 364 373 372 378 386 392 399 404 411 418 424 428 437 447 457 464 475 483 488 504 504 517 537 550 563 579 598 619 635 661 689 718 749 782 825 864 899 925 946 952 944 939 936 932 928 917 918 915 912 910 907 903 905 902 905 903 896 894 896 896 904 902 902 906 909 908 908 909 910 912 914 915 921 918 924 928 935 938 945 947 951 958 968 973 984 984 996 996 4000 179 168 172 164 157 152 147 143 145 137 135 135 127 129 124 121 117 122 118 113 111 110 111 106 109 103 104 97 100 103 99 96 93 90 90 92 92 91 89 88 85 84 88 85 85 85 84 83 82 80 83 81 81 84 80 82 78 79 84 84 82 83 83 82 82 82 81 82 81 81 83 82 84 81 84 83 82 84 82 83 82 82 82 83 86 81 84 83 88 89 90 91 90 93 96 93 92 94 90 90 101 102 98 103 104 101
state 0.252186 0.000123 0.001262 
state 0.261364 0.000136 0.001577 
state 0.270578 0.000152 0.002208 
state 0.279846 0.000176 0.002997 
state 0.288897 0.000199 0.001893 
state 0.298038 0.000209 0.000631 
state 0.307216 0.000210 -0.000631 
state 0.316430 0.000198 -0.001577 
state 0.325734 0.000188 -0.000473 
state 0.334876 0.000188 0.000158 
laser 271 271 45 42 38 47 58 48 53 53 62 60 63 65 62 51 62 59 50 61 66 104 102 129 101 121 118 121 168 129 146 162 193 207 200 197 211 296 305 303 303 305 303 303 302 302 303 304 302 303 302 303 306 310 307 310 305 309 314 316 319 321 323 329 327 333 336 335 338 346 344 351 351 355 362 364 365 370 376 383 383 394 398 404 407 410 416 420 434 444 442 457 466 475 482 492 506 520 531 544 560 578 596 618 637 664 688 718 746 781 807 822 839 867 861 855 847 848 844 836 836 831 825 824 823 820 816 813 815 812 813 819 813 806 799 810 808 808 808 810 813 813 814 815 812 818 824 821 825 828 829 830 832 837 843 845 850 853 860 865 870 877 882 891 901 909 918 928 933 943 953 966 976 966 949 941 922 903 883 866 846 830 812 799 782 769 754 738 635 190 112 107 105 107 102 102 101 101 97 98 101 99 92 94 97 93 95 95 91 92 92 90 89 88 88 85 87 87 86 91 89 86 87 85 85 85 81 82 85 84 82 83 83 86 88 90 88 86 86 84 87 84 82 89 89 87 88 90 89 88 93 86 94 93 95 95 97 96 96 95 91 95 96 101 97 98 97 99 101 108 102 100
state 0.343981 0.000186 -0.000158 
state 0.353231 0.000189 0.000789 
state 0.362336 0.000198 0.001104 
state 0.371387 0.000205 0.000315 
state 0.380420 0.000199 -0.001262 
state 0.389470 0.000182 -0.002366 
state 0.398503 0.000157 -0.002997 
state 0.407735 0.000135 -0.001262 
state 0.416768 0.000132 0.000315 
state 0.425855 0.000133 0.000158 
laser 271 271 48 44 40 39 53 45 55 59 56 59 68 66 61 51 65 54 54 69 69 92 130 120 124 122 113 126 107 133 167 163 195 203 199 191 228 311 315 311 308 313 323 316 323 315 312 313 313 313 316 314 317 317 318 323 321 321 324 326 326 331 330 332 340 340 342 345 350 344 349 361 360 367 368 372 375 380 384 385 391 396 405 411 412 423 428 437 444 454 464 474 481 493 502 515 528 546 553 578 597 616 630 656 679 706 727 740 745 768 783 776 771 765 760 757 752 747 744 738 736 735 733 732 728 728 725 717 720 730 724 726 725 711 719 719 720 718 720 720 724 722 725 725 728 729 730 733 733 736 740 740 740 744 747 752 749 758 764 770 772 780 785 790 802 812 815 826 833 842 854 862 873 881 894 900 888 874 863 850 837 820 808 793 778 758 746 736 733 720 708 701 692 681 675 669 661 653 648 641 637 631 627 626 624 617 621 613 614 611 612 610 608 604 606 598 598 607 603 600 602 600 604 601 601 635 1210 1217 1214 1213 1218 1218 1219 1220 1219 1212 1203 1191 1176 1178 1176 1170 16 19 79 87 89 88 90 92 88 97 93 96 93 97 95 97 100 100 102 103 102 105 104 106 109 111 107 108 108 101
state 0.439567 0.000143 0.001419 
state 0.448545 0.000158 0.001577 
state 0.457578 0.000167 0.000315 
state 0.466646 0.000163 -0.001262 
state 0.475697 0.000149 -0.001735 
state 0.484911 0.000130 -0.002050 
state 0.494071 0.000122 0.000315 
state 0.503139 0.000129 0.001262 
state 0.512299 0.000142 0.001419 
state 0.521368 0.000156 0.001735 
laser 271 271 45 41 33 50 56 47 52 55 64 60 62 64 61 53 63 59 51 46 65 111 94 110 131 115 117 117 131 186 169 168 189 201 198 197 211 307 317 316 317 320 317 319 321 319 318 320 322 313 315 323 320 324 322 327 328 329 333 331 337 338 335 337 343 346 345 350 350 356 361 362 365 369 372 377 378 385 389 392 399 411 415 421 428 438 441 453 457 469 483 488 500 518 521 539 553 565 582 604 616 641 652 659 675 685 704 696 690 682 683 678 671 669 664 660 656 654 649 646 645 643 643 640 638 634 634 637 638 635 633 640 629 629 628 628 630 626 630 639 633 637 634 637 640 637 640 646 646 646 644 647 651 653 655 657 663 665 667 673 677 680 687 694 700 706 704 714 728 733 742 751 759 765 775 789 797 810 822 827 817 810 797 789 778 768 760 743 730 724 711 702 693 685 676 661 661 656 644 643 639 631 625 622 622 615 608 605 599 597 595 594 594 592 592 589 590 585 588 590 591 591 590 588 589 589 593 598 597 597 598 600 601 603 753 1149 1149 1150 1154 1156 1163 1168 1165 1183 1181 1194 1198 1208 1207 1218 1228 1235 1240 1250 1263 1268 904 769 764 777 790 4000 1425 1395 1356 1333 1303 1279 1262 1228 1217 1227
state 0.530527 0.000172 0.001577 
state 0.539614 0.000181 0.000158 
state 0.548792 0.000171 -0.002050 
state 0.557933 0.000148 -0.002997 
state 0.566857 0.000117 -0.003312 
state 0.575962 0.000099 -0.000473 
state 0.585031 0.000104 0.001735 
state 0.594173 0.000124 0.002366 
state 0.603114 0.000146 0.002839 
state 0.612238 0.000172 0.002997 
laser 271 271 45 48 39 32 53 49 52 58 66 61 63 60 60 57 62 57 50 58 85 98 107 106 105 123 135 116 142 126 148 171 193 202 197 196 212 315 324 326 326 331 336 333 328 333 332 329 331 333 327 324 325 333 331 331 333 334 337 338 343 345 346 347 352 354 354 361 361 364 370 373 377 382 385 392 399 400 405 414 415 424 433 440 446 455 461 471 482 489 500 512 523 538 546 552 560 569 576 587 601 597 588 580 579 573 567 563 557 548 545 541 542 537 538 534 531 525 524 525 520 518 519 515 518 522 517 509 513 503 512 510 507 509 506 510 509 509 504 506 509 513 514 512 515 516 517 519 519 522 523 530 526 531 532 532 536 538 543 542 543 549 553 556 561 563 569 574 576 585 596 599 607 615 622 629 638 647 657 666 675 691 700 713 722 733 737 732 723 717 706 704 699 686 685 676 664 651 652 644 640 633 631 621 619 612 607 602 599 597 591 591 585 585 583 579 579 576 573 577 576 572 573 569 571 576 571 573 576 580 581 585 587 587 589 593 600 599 603 604 609 611 619 623 624 632 1106 1206 1208 1213 1222 1233 1241 1250 1256 1276 1276 1298 1317 1330 1341 1360 1360 882 846 843 854 899 1438 1057 926 868
state 0.625932 0.000201 0.000631 
state 0.634602 0.000197 -0.001577 
state 0.642491 0.000182 -0.002050 
state 0.650236 0.000170 -0.000946 
state 0.657636 0.000166 -0.000000 
state 0.664003 0.000169 0.000789 
state 0.669698 0.000174 0.000789 
state 0.674523 0.000176 0.000158 
state 0.679275 0.000173 -0.002050 
state 0.682884 0.000162 -0.003785 
laser 271 271 47 36 45 42 53 42 56 59 57 60 63 66 60 53 62 60 55 65 74 129 139 119 113 136 132 131 138 130 139 166 195 204 200 198 215 325 330 329 321 326 333 329 330 330 332 332 330 337 335 335 338 339 342 342 341 345 347 348 354 353 357 358 362 365 367 374 374 372 378 389 392 395 400 406 413 419 423 429 436 441 452 458 463 476 480 490 495 501 504 507 515 525 534 536 528 521 509 506 498 497 489 484 481 476 473 470 467 460 461 458 452 452 448 445 443 441 441 440 438 434 434 438 432 430 429 423 419 420 427 426 423 423 423 425 425 428 426 428 427 424 427 433 433 437 435 437 439 438 440 441 441 440 447 449 448 445 448 458 457 459 464 468 471 475 480 485 489 491 495 504 509 516 521 528 534 540 550 561 569 577 590 600 611 623 632 646 663 674 690 679 677 672 667 662 658 655 648 643 637 632 626 621 617 611 605 598 595 591 590 592 585 581 580 572 567 575 569 569 572 567 564 566 564 566 566 570 569 565 567 568 572 576 577 582 583 588 590 593 598 601 611 610 611 617 624 626 636 641 646 685 1244 1253 1275 1277 1293 1307 1107 874 854 859 878 945 1236 1444 1467 1553 1526 1501 1223 999
state 0.686240 0.000148 -0.004258 
state 0.688924 0.000138 -0.002997 
state 0.691445 0.000133 -0.000631 
state 0.693440 0.000134 0.001262 
state 0.695308 0.000137 0.001104 
state 0.697322 0.000121 -0.018611 
state 0.698174 0.000098 -0.036118 
state 0.699206 0.000046 -0.069712 
state 0.699947 -0.000023 -0.110877 
state 0.700971 -0.000161 -0.160243 
laser 271 271 45 43 42 40 35 57 47 56 61 61 66 61 66 50 53 63 48 55 63 67 104 100 113 101 144 127 106 135 158 171 164 197 202 199 192 252 329 333 335 335 333 334 335 339 340 337 340 332 339 346 344 344 347 348 353 351 356 359 359 365 365 369 373 376 378 384 387 391 397 403 406 410 419 423 429 431 440 449 458 465 475 480 486 493 492 497 503 506 522 525 519 507 500 494 487 479 475 474 466 460 456 453 449 442 438 438 441 436 431 428 425 424 424 426 423 420 417 416 419 408 411 416 416 412 409 408 408 407 405 411 406 405 399 403 409 408 405 416 414 417 416 417 419 422 421 422 426 427 424 428 433 430 437 439 441 443 445 447 452 454 460 464 461 468 475 481 486 492 501 504 510 516 526 532 544 552 562 572 586 595 604 615 631 647 657 677 671 669 659 658 650 639 639 638 634 629 622 613 609 607 603 593 594 588 583 579 578 571 571 571 567 566 563 564 562 559 560 561 556 558 553 554 558 559 556 562 559 564 564 566 572 574 580 582 588 590 594 603 603 607 616 621 625 629 639 643 643 1250 1259 1270 1282 1312 1315 1333 1350 1370 1393 1410 1416 1442 1484 1544 1516 2895 960 942 943 1015 1364 1357
state 0.701915 -0.000343 -0.216864 
state 0.702847 -0.000577 -0.279163 
state 0.703572 -0.000812 -0.345406 
state 0.704127 -0.001034 -0.416222 
state 0.704666 -0.001296 -0.492716 
state 0.705134 -0.001572 -0.572206 
state 0.705684 -0.001958 -0.653432 
state 0.706156 -0.002354 -0.739231 
state 0.706567 -0.002763 -0.825661 
state 0.706778 -0.003012 -0.908306 
laser 271 271 50 41 41 36 74 38 48 58 64 64 63 63 60 55 63 57 52 60 101 117 113 99 114 157 109 131 130 137 148 163 189 204 200 200 219 432 444 455 459 466 475 483 488 500 507 511 531 539 553 558 568 571 580 580 599 608 596 589 580 571 567 558 555 545 537 534 535 526 524 522 517 515 512 509 506 506 500 501 499 499 490 492 494 490 488 489 486 487 489 489 487 488 487 482 486 492 489 490 495 490 492 494 497 496 499 499 502 501 503 508 508 511 519 516 521 526 528 533 533 540 549 550 549 556 571 574 581 587 594 605 610 620 631 635 647 658 666 681 694 699 692 688 680 674 669 664 657 648 638 633 621 606 603 604 593 588 583 580 574 569 567 562 559 556 552 551 548 544 535 535 542 535 533 532 530 529 526 530 528 530 523 530 535 535 532 542 542 542 545 550 553 557 557 563 565 567 571 576 579 584 2693 1244 1264 1267 1281 1286 1293 1311 1323 1331 1343 1356 1377 1387 1404 1421 1447 1512 1070 867 824 808 798 798 813 847 1258 1251 1228 1208 1197 1176 1155 1139 1101 1106 1096 1084 1074 1052 1051 1049 1032 1025 1018 1013 997 988 987 973 970 962 959 955 950 945 943 934 877 249 257 284 336 359 436 810 905 912 905 911
state 0.707028 -0.003369 -1.028488 
state 0.707089 -0.003480 -1.098674 
state 0.707222 -0.003758 -1.164443 
state 0.707288 -0.003927 -1.227530 
state 0.707411 -0.004306 -1.283048 
state 0.707435 -0.004394 -1.331467 
state 0.707470 -0.004553 -1.375156 
state 0.707498 -0.004714 -1.413166 
state 0.707539 -0.005001 -1.446287 
state 0.707561 -0.005200 -1.474519 
laser 271 271 44 38 50 42 57 48 57 57 60 64 62 64 56 52 63 50 52 66 74 95 111 130 111 128 116 136 129 151 178 172 186 203 200 194 244 592 598 593 591 591 590 585 586 585 585 580 583 586 577 580 577 574 574 575 577 575 579 581 581 582 580 580 581 589 587 587 589 593 593 598 600 602 605 606 613 615 620 626 628 634 640 644 651 659 665 673 678 686 693 703 712 716 729 745 753 763 781 789 774 766 759 748 743 729 726 712 704 694 683 674 668 660 652 647 642 632 627 622 614 611 609 601 597 600 594 592 590 585 584 583 581 582 576 576 576 578 576 577 578 579 578 578 579 580 583 584 586 587 583 586 588 587 591 596 707 773 781 785 797 1097 1244 1258 1261 1266 1280 1280 1289 1305 1309 1324 1340 1342 1350 1361 1363 1379 1379 1380 1378 1346 1369 1393 1381 1344 1317 1280 1242 1215 1202 1172 1157 1136 1127 1095 1055 1052 1060 1044 1023 1013 1010 994 982 975 965 950 943 934 16 164 169 174 180 189 201 213 222 236 252 262 266 291 313 342 382 443 525 678 798 830 831 829 831 829 828 827 831 829 829 833 834 834 837 840 845 847 848 852 860 872 871 877 881 887 888 863 820 794 774 748 726 704 678 653 640 620 599 580 562 537
state 0.707588 -0.005525 -1.499123 
state 0.707603 -0.005778 -1.520258 
state 0.707607 -0.005869 -1.536818 
state 0.707609 -0.005923 -1.551171 
state 0.707609 -0.005905 -1.562053 
state 0.707609 -0.006087 -1.570570 
state 0.707609 -0.006250 -1.577668 
state 0.707597 -0.007229 -1.585238 
state 0.707557 -0.010240 -1.582715 
state 0.707521 -0.012634 -1.588708 
laser 271 271 45 38 32 37 45 41 54 52 66 61 64 61 60 54 65 59 51 61 75 108 123 96 113 103 124 110 125 138 145 171 192 196 196 205 240 580 606 605 597 598 598 601 600 601 603 601 603 604 606 609 610 611 612 611 616 615 617 622 627 628 623 630 634 642 643 647 654 656 662 669 675 679 688 696 700 710 719 724 734 745 754 762 776 784 793 811 812 801 791 777 769 760 759 742 732 722 710 704 696 684 677 668 665 657 650 646 643 639 629 626 622 620 616 612 610 606 604 603 600 596 595 599 599 598 595 596 596 597 597 597 597 600 605 600 600 608 605 605 609 610 608 633 1227 1231 1233 1238 1241 1237 1243 1251 1263 1261 1275 1280 1281 1289 1294 1299 1301 1276 1274 1248 1269 1270 1276 1225 1236 1275 1263 1300 1308 1311 1286 1325 1289 1262 1237 1204 1181 1163 1135 1117 1102 1082 1063 1052 1039 1029 1008 996 2571 151 157 161 169 176 175 180 182 195 199 206 213 221 230 244 248 253 276 292 306 332 354 398 443 500 583 717 791 817 814 813 813 810 810 813 814 810 812 815 816 816 819 821 825 820 828 837 837 844 848 854 857 863 865 867 847 805 777 754 735 711 681 661 641 623 604 587 571 554 541 527 513 502 483 476 474 463 448 428
state 0.707461 -0.015880 -1.589812 
state 0.707376 -0.020178 -1.590916 
state 0.707274 -0.025382 -1.590127 
state 0.707150 -0.031711 -1.590285 
state 0.707013 -0.038747 -1.590916 
state 0.706865 -0.045928 -1.591547 
state 0.706705 -0.053762 -1.590285 
state 0.706545 -0.062231 -1.589181 
state 0.706390 -0.071026 -1.587762 
state 0.706246 -0.079967 -1.586027 
laser 271 271 38 45 31 48 41 46 57 52 65 64 62 65 61 55 58 55 51 47 71 110 115 102 142 122 123 137 124 172 166 160 195 201 199 188 210 585 602 604 604 604 607 605 606 608 611 612 612 613 614 616 617 613 619 620 620 622 627 627 633 632 641 643 639 651 657 662 667 672 676 684 694 701 708 716 721 728 734 746 756 766 772 789 790 778 766 757 747 739 732 723 711 693 687 687 672 665 659 653 646 641 632 628 622 616 618 610 605 603 601 596 594 590 591 589 586 585 581 581 579 579 571 575 576 571 572 571 570 569 570 571 572 570 569 569 564 565 566 567 568 567 567 1184 1186 1184 1187 1191 1197 1204 1202 1212 1214 1224 1223 1242 1241 1241 1223 1220 1227 1203 1204 1193 1199 1212 1202 1187 1198 1224 1207 1236 1248 1291 1273 1258 1246 1223 1200 1168 1140 1133 1101 1096 1071 1053 1029 1026 1017 1002 988 973 968 959 946 940 931 922 912 902 900 890 882 878 872 866 862 842 16 129 138 145 157 165 170 193 213 232 240 278 323 480 763 807 806 809 803 809 807 810 810 813 805 816 817 819 825 820 827 831 838 839 848 850 859 865 869 875 877 883 862 823 803 778 759 741 715 697 680 662 651 630 610 597 585 573 559 548 535 528 514 497
state 0.706072 -0.093442 -1.581768 
state 0.705982 -0.102619 -1.579245 
state 0.705914 -0.111924 -1.576879 
state 0.705861 -0.121301 -1.576406 
state 0.705805 -0.130714 -1.576879 
state 0.705753 -0.140291 -1.575617 
state 0.705708 -0.149795 -1.575933 
state 0.705653 -0.159263 -1.577510 
state 0.705582 -0.168839 -1.578772 
state 0.705506 -0.178216 -1.578929 
laser 271 271 51 39 36 52 65 45 49 50 56 63 66 65 59 54 64 57 50 59 76 88 84 101 119 119 122 128 128 146 160 169 185 204 199 205 215 590 609 607 612 615 612 613 610 612 612 612 610 615 613 616 617 614 616 622 623 623 626 631 637 639 641 642 648 653 661 663 662 671 682 681 690 698 707 711 721 726 738 729 721 710 698 687 676 670 656 643 636 625 613 607 595 586 578 569 565 551 549 551 542 536 532 532 524 519 517 517 510 505 504 502 501 499 496 494 495 490 486 487 487 485 483 483 481 482 474 474 478 477 479 478 474 473 477 476 475 473 472 474 476 472 472 472 715 1098 1094 1103 1100 1116 1120 1124 1121 1129 1130 1141 1141 1147 1164 1172 1176 1187 1183 1166 1164 1157 1160 1160 1186 1176 1161 1171 1187 1173 1232 1203 1232 1246 1231 1222 1160 1136 1116 1093 1072 1056 1044 1038 1021 1006 974 957 970 962 949 942 931 919 910 899 898 891 883 880 872 862 860 855 852 846 839 838 836 831 823 825 824 821 819 815 816 813 812 812 813 814 813 815 813 812 685 592 528 474 423 387 359 330 297 279 256 231 212 196 186 179 170 164 156 149 144 140 136 2456 921 921 911 873 857 840 821 803 783 765 748 731 716 703 687 671 657 639
state 0.705433 -0.187575 -1.578614 
state 0.705362 -0.196988 -1.577825 
state 0.705297 -0.206238 -1.577825 
state 0.705240 -0.215615 -1.575775 
state 0.705207 -0.224956 -1.573094 
state 0.705188 -0.234097 -1.573094 
state 0.705165 -0.243257 -1.573567 
state 0.705131 -0.252489 -1.575302 
state 0.705086 -0.261703 -1.576248 
state 0.705030 -0.270953 -1.577194 
laser 271 271 45 47 43 31 41 41 53 58 66 63 62 65 58 55 60 57 48 53 70 105 94 94 106 113 145 122 146 130 140 165 195 204 198 195 221 593 614 614 614 614 612 617 614 615 615 614 611 615 615 618 621 621 622 625 628 631 633 637 641 645 645 651 655 658 664 670 675 679 684 689 684 668 663 647 634 622 609 592 578 570 557 553 535 522 517 511 500 496 490 482 474 468 463 459 452 449 445 441 435 427 431 427 420 417 415 412 404 404 407 401 399 399 397 396 394 390 390 389 388 388 385 386 384 385 386 381 379 380 380 376 378 378 374 379 376 371 375 375 378 375 375 374 374 397 989 1012 1013 1020 1025 1031 1033 1037 1048 1053 1061 1066 1074 1083 1093 1098 1110 1117 1127 1131 1139 1149 1159 1177 1186 1192 1177 1187 1183 1155 1183 1223 1233 1202 1158 1134 1115 1096 1068 1056 1043 1028 1014 999 986 965 961 954 942 898 897 910 911 897 890 884 880 874 866 861 854 852 846 835 838 835 828 824 821 819 817 814 812 814 811 808 805 807 807 799 803 812 807 808 807 812 814 813 816 817 811 737 679 640 603 573 540 517 492 472 451 429 410 397 386 376 362 350 327 323 315 303 297 291 284 272 260 251 248 241 239 230 231 223 209 196
state 0.704977 -0.280076 -1.576090 
state 0.704930 -0.288836 -1.576248 
state 0.704889 -0.296944 -1.575459 
state 0.704859 -0.304598 -1.573882 
state 0.704840 -0.312234 -1.573094 
state 0.704822 -0.318600 -1.573882 
state 0.704803 -0.324586 -1.574829 
state 0.704779 -0.329465 -1.575933 
state 0.704751 -0.334289 -1.577194 
state 0.704727 -0.338207 -1.576563 
laser 271 271 42 37 43 43 59 49 53 57 59 61 63 63 57 54 65 55 51 56 67 115 136 101 106 106 118 135 116 121 141 161 193 201 199 197 221 597 618 616 616 617 616 619 619 619 619 620 618 624 626 628 630 629 630 633 635 637 641 644 647 642 647 658 664 647 624 609 596 580 564 548 532 516 502 492 478 466 460 447 440 430 425 417 407 400 391 388 383 376 365 364 364 358 352 349 345 341 337 338 331 324 327 323 320 320 313 312 312 309 308 307 302 303 302 301 299 295 296 290 288 295 291 290 292 289 290 285 283 287 284 287 285 281 283 281 282 281 276 279 278 282 278 281 282 280 281 283 529 801 804 819 808 809 808 824 827 822 829 832 844 859 853 859 872 872 862 878 890 882 873 864 854 875 867 883 895 901 906 906 953 959 981 1004 1021 1033 1031 1027 1037 1007 992 969 955 943 936 924 920 913 897 878 857 865 874 866 858 852 848 837 833 835 830 827 823 820 815 815 812 810 809 812 808 803 805 804 801 802 801 803 804 803 804 805 806 813 814 813 814 813 821 830 830 836 812 756 719 690 664 639 614 593 573 556 539 523 507 493 478 466 455 445 434 424 409 402 391 383 369 364 363 352 345 329
state 0.704698 -0.343158 -1.575459 
state 0.704688 -0.345879 -1.574513 
state 0.704679 -0.348182 -1.574040 
state 0.704673 -0.350178 -1.574040 
state 0.704666 -0.351883 -1.575933 
state 0.704640 -0.353678 -1.596909 
state 0.704618 -0.354349 -1.615047 
state 0.704581 -0.354964 -1.648168 
state 0.704532 -0.355470 -1.687598 
state 0.704422 -0.356242 -1.737280 
laser 271 271 47 41 38 41 62 47 52 60 62 60 64 65 60 52 65 52 50 59 85 118 101 119 95 127 112 120 109 144 163 158 195 199 197 198 218 590 617 616 622 617 621 621 620 623 618 617 623 628 626 631 630 632 636 636 637 641 642 645 647 653 628 608 591 574 560 549 524 507 490 473 462 449 440 428 410 403 406 392 382 377 373 366 358 353 346 342 336 331 327 324 320 314 310 306 306 301 299 295 292 293 286 286 284 276 276 280 275 272 272 268 268 268 267 267 263 261 263 261 260 261 258 256 253 255 254 252 252 251 252 252 251 249 243 245 251 248 248 247 249 247 248 249 250 250 249 248 260 808 902 908 912 909 921 927 937 945 946 955 964 970 979 980 997 1010 1019 1030 1042 1053 1060 1081 1094 1111 1121 1234 1152 1097 1174 1154 1130 1107 1097 1079 1054 1046 1031 1019 1004 984 973 960 945 935 925 919 909 902 894 886 876 842 842 858 852 848 844 838 833 830 828 824 823 819 813 811 809 808 807 805 802 802 795 796 800 799 801 802 798 800 801 803 802 806 810 813 815 819 817 825 827 830 838 840 788 743 714 686 661 644 620 596 577 565 548 533 517 503 491 480 468 456 444 436 424 417 409 403 388 384 374 363
state 0.704273 -0.357007 -1.792008 
state 0.704120 -0.357605 -1.851942 
state 0.704088 -0.357709 -1.917553 
state 0.704020 -0.357877 -1.989158 
state 0.703876 -0.358170 -2.065178 
state 0.703737 -0.358403 -2.145142 
state 0.703537 -0.358684 -2.227945 
state 0.703385 -0.358864 -2.312640 
state 0.703218 -0.359031 -2.398597 
state 0.702954 -0.359252 -2.484239 
laser 271 271 43 40 39 55 44 53 48 64 59 58 63 65 62 53 64 56 53 62 72 104 97 102 114 108 120 136 136 139 154 165 189 206 199 195 205 660 696 688 671 651 638 619 606 584 567 552 535 524 510 499 487 477 466 459 448 442 434 428 416 411 406 401 390 389 388 383 377 375 371 370 366 361 359 356 351 351 346 346 342 335 338 337 335 331 331 330 329 327 327 324 324 315 314 321 316 316 315 314 314 313 311 311 307 310 310 310 309 310 557 928 936 936 939 946 946 948 956 959 963 962 972 981 988 996 1004 1010 1016 1025 1033 1042 1055 1065 1076 1083 1100 1111 1127 1143 1148 1268 1154 1151 1187 1164 1146 1127 1101 1080 1055 1046 1033 1002 986 980 959 952 939 925 914 904 897 886 857 841 849 854 845 839 833 825 820 814 809 805 799 794 792 783 781 782 777 775 773 767 769 767 766 763 765 764 762 763 763 767 767 768 767 773 771 774 780 781 786 788 775 706 656 624 603 571 543 526 504 482 465 448 433 419 401 391 382 372 366 345 338 336 324 316 307 300 292 287 283 277 275 253 251 257 246 240 241 235 233 226 228 223 222 221 216 216 213 209 206 210 203 206 304 619 621 615 612 607 603 600 592 596 604 603 597 597
state 0.702628 -0.359482 -2.565622 
state 0.702176 -0.359751 -2.640223 
state 0.701722 -0.359979 -2.710882 
state 0.701572 -0.360042 -2.776966 
state 0.701297 -0.360137 -2.835322 
state 0.700792 -0.360283 -2.889105 
state 0.700439 -0.360364 -2.934528 
state 0.700029 -0.360442 -2.973485 
state 0.699563 -0.360513 -3.008498 
state 0.699202 -0.360556 -3.037834 
laser 271 271 42 36 38 38 51 47 50 52 64 63 63 65 56 54 63 54 51 52 54 78 78 94 105 125 118 128 137 124 162 165 192 199 202 192 242 444 447 448 445 444 441 441 438 437 437 435 435 432 432 433 426 426 424 427 426 425 426 425 423 421 421 418 423 423 430 888 965 964 967 969 974 976 982 990 990 993 998 1011 1016 1025 1025 1039 1057 1088 1113 1140 1151 1146 1148 1165 1190 1234 1282 1308 1223 1290 1258 1229 1202 1182 1156 1143 1129 1096 1082 1056 1042 1028 1013 991 980 964 954 928 914 924 914 911 902 891 883 874 868 865 855 846 842 837 833 829 822 817 815 815 810 806 803 799 794 796 786 788 789 791 792 789 791 791 790 791 794 793 795 786 664 607 553 509 474 436 411 379 358 339 322 297 281 266 260 248 230 216 209 199 193 185 183 179 170 163 162 156 156 146 147 143 137 138 142 386 701 699 687 673 662 650 643 630 619 614 603 595 589 584 577 572 563 555 553 544 540 533 527 523 522 514 514 508 507 506 508 510 509 507 506 504 501 504 499 499 499 494 494 505 497 498 500 501 500 499 503 501 504 503 510 511 512 513 513 513 512 521 524 531 532 536 540 545 549 552 558 555 563 574 583 590 599 604 606 608
state 0.699004 -0.360573 -3.071744 
state 0.698696 -0.360592 -3.090512 
state 0.698642 -0.360594 -3.106127 
state 0.698587 -0.360595 -3.119848 
state 0.698333 -0.360599 -3.129942 
state 0.698061 -0.360601 -3.139563 
state 0.697825 -0.360601 -3.147291 
state 0.697590 -0.360599 -3.153758 
state 0.696719 -0.360585 -3.159436 
state 0.694144 -0.360545 -3.155020 
laser 271 271 46 41 34 36 40 46 52 57 62 50 63 66 61 51 67 57 54 57 81 93 84 97 115 101 120 120 124 148 151 162 193 202 199 193 220 442 461 458 457 461 458 459 457 460 461 457 463 459 453 561 1000 1004 1006 1014 1020 1023 1029 1033 1042 1046 1051 1054 1064 1068 1076 1089 1095 1108 1115 1124 1138 1151 1167 1183 1195 1195 1212 1280 1318 1286 1266 1248 1225 1201 1181 1156 1135 1110 1085 1076 1056 1041 1031 1014 1008 984 944 955 961 949 940 926 921 917 904 893 890 876 874 875 868 864 857 853 847 843 839 837 835 831 829 827 822 818 822 819 818 817 814 817 817 817 814 816 817 773 625 565 509 451 403 379 351 315 289 265 248 223 204 195 186 171 170 160 154 146 144 138 4000 917 918 920 881 863 844 820 807 798 778 762 744 729 714 695 683 671 656 647 638 624 616 605 598 588 581 574 561 561 551 539 535 531 522 519 510 506 508 491 497 489 491 489 487 489 488 478 478 481 475 476 479 477 472 474 473 472 473 473 471 469 470 470 470 465 470 476 475 474 474 476 481 479 484 485 483 485 492 492 497 499 499 505 508 512 518 519 525 526 535 544 549 554 553 566 575 581 592 600 611 622 631 643 653 667 678 694 709 722 717 730
state 0.691859 -0.360508 -3.160067 
state 0.688830 -0.360453 -3.159278 
state 0.684986 -0.360385 -3.159278 
state 0.680144 -0.360299 -3.159436 
state 0.674322 -0.360194 -3.159909 
state 0.667794 -0.360071 -3.160855 
state 0.660794 -0.359935 -3.161486 
state 0.653287 -0.359779 -3.163063 
state 0.645145 -0.359596 -3.165114 
state 0.636460 -0.359387 -3.165902 
laser 271 271 51 37 36 42 44 41 54 54 58 63 62 64 58 51 62 55 50 61 81 84 115 95 158 106 118 141 130 133 173 165 198 201 199 199 245 453 464 464 460 464 464 460 463 503 992 1003 1003 1006 1009 1006 1011 1015 1014 1023 1029 1035 1042 1048 1057 1059 1063 1070 1073 1086 1098 1105 1114 1126 1130 1151 1162 1175 1188 1201 1241 1310 1282 1244 1222 1203 1188 1159 1150 1110 1092 1063 1049 1035 1024 1004 997 979 965 917 920 933 917 907 902 895 885 878 872 862 852 852 842 828 827 828 819 814 813 805 803 795 796 790 788 784 787 780 784 778 776 778 775 777 774 775 776 776 778 774 654 563 495 447 406 362 335 312 289 262 245 229 210 198 179 171 162 149 147 139 135 129 127 121 117 111 108 107 102 98 98 98 2265 761 743 731 716 701 685 673 662 651 641 629 616 608 599 588 581 574 564 558 553 545 539 535 523 518 514 505 499 494 495 490 485 483 480 477 476 470 469 473 469 474 469 469 473 472 466 465 464 463 464 463 464 464 464 465 461 462 463 469 469 469 467 472 472 472 474 480 477 479 483 488 484 488 492 502 505 506 509 518 518 524 532 534 541 546 552 557 569 576 588 596 610 616 631 640 655 664 678 691 709 722 739 749
state 0.627502 -0.359170 -3.165902 
state 0.618309 -0.358947 -3.165745 
state 0.608952 -0.358729 -3.163852 
state 0.599541 -0.358539 -3.159909 
state 0.590165 -0.358378 -3.157859 
state 0.580390 -0.358232 -3.155177 
state 0.570614 -0.358109 -3.153442 
state 0.561075 -0.357998 -3.153127 
state 0.551317 -0.357889 -3.152181 
state 0.541814 -0.357790 -3.152181 
laser 271 271 51 37 33 33 41 51 54 63 59 62 60 68 59 57 63 58 46 58 69 118 93 118 134 103 114 138 138 114 142 163 198 201 197 193 169 1000 1014 1009 1003 999 1002 1004 1014 1012 1013 1010 1012 1011 1013 1016 1019 1023 1029 1030 1036 1038 1040 1048 1058 1061 1074 1074 1080 1094 1098 1110 1123 1130 1140 1149 1167 1265 1254 1217 1208 1170 1136 1123 1096 1074 1041 1020 1002 981 963 949 927 920 905 859 851 859 853 846 834 825 813 806 799 789 781 774 758 754 758 748 743 736 731 727 723 720 715 714 707 699 696 695 693 694 691 692 689 685 686 684 683 683 682 683 680 684 685 686 625 511 453 407 366 327 298 271 252 239 222 204 190 190 172 165 153 152 145 135 129 127 125 116 110 105 100 98 97 92 89 86 84 84 81 82 81 76 76 71 68 68 77 70 70 67 68 68 67 68 67 68 66 63 62 64 62 59 61 58 59 56 55 53 55 52 52 53 51 43 44 51 49 47 51 48 46 45 48 41 45 46 44 43 49 44 44 45 46 45 46 46 44 44 47 47 44 46 38 45 50 47 47 45 47 50 50 51 50 57 75 116 157 193 446 503 523 523 528 540 543 553 563 571 576 585 595 605 612 628 640 654 667 683 697 700
state 0.527413 -0.357615 -3.155020 
state 0.517837 -0.357484 -3.155650 
state 0.508189 -0.357346 -3.156281 
state 0.498668 -0.357200 -3.157070 
state 0.489183 -0.357061 -3.155650 
state 0.479825 -0.356930 -3.155335 
state 0.470394 -0.356805 -3.154073 
state 0.460818 -0.356694 -3.152181 
state 0.451314 -0.356594 -3.152181 
state 0.442173 -0.356499 -3.151865 
laser 271 271 43 43 41 54 54 48 56 47 61 61 67 66 61 56 63 55 49 56 56 91 106 91 141 112 114 125 140 141 163 166 190 204 201 196 163 1017 1014 1010 1016 1012 1020 1016 1027 1020 1019 1022 1023 1024 1022 1029 1028 1031 1039 1043 1049 1051 1057 1060 1071 1078 1079 1087 1097 1107 1114 1119 1187 1235 1198 1165 1134 1102 1068 1049 1032 988 965 946 919 909 888 873 858 829 784 784 795 786 773 761 751 741 732 721 715 699 694 685 686 675 667 665 655 650 643 641 635 623 627 626 620 619 614 611 607 604 602 597 597 594 595 593 593 591 589 585 587 589 588 592 590 588 591 576 445 390 349 311 282 254 231 215 193 185 175 172 157 152 139 133 136 124 117 117 109 106 100 96 95 94 88 85 84 83 80 80 76 79 75 76 71 71 69 70 70 66 69 68 66 61 62 60 62 61 54 55 55 55 53 50 51 50 51 50 52 47 47 45 45 48 45 46 47 44 42 43 43 45 45 48 40 41 44 42 36 41 43 44 42 42 40 40 44 45 41 46 42 41 44 42 43 44 41 40 42 43 41 41 43 43 41 44 46 34 37 47 42 43 44 44 44 43 48 45 47 45 48 49 52 51 50 50 52 53 57 57 59 61 59 60
state 0.432942 -0.356409 -3.150761 
state 0.423456 -0.356319 -3.151550 
state 0.413735 -0.356214 -3.153127 
state 0.404141 -0.356102 -3.153285 
state 0.394583 -0.355995 -3.152181 
state 0.385025 -0.355896 -3.151707 
state 0.375720 -0.355803 -3.151234 
state 0.366579 -0.355712 -3.152181 
state 0.358128 -0.355614 -3.154073 
state 0.350601 -0.355521 -3.153285 
laser 271 271 43 38 39 49 63 47 54 56 60 65 64 66 61 54 61 53 51 50 63 63 63 133 118 98 110 128 114 144 171 161 191 201 194 194 164 1020 1032 1025 1023 1025 1026 1029 1034 1029 1032 1029 1028 1030 1035 1036 1038 1044 1048 1053 1056 1062 1072 1076 1074 1081 1095 1117 1225 1190 1150 1109 1071 1036 1013 983 938 916 889 865 845 820 803 768 732 727 739 727 713 700 691 672 668 657 646 638 625 622 610 602 594 588 581 575 571 564 559 557 550 546 539 531 532 532 526 522 519 517 514 510 512 505 502 506 503 500 500 499 501 497 498 494 496 496 496 495 494 496 496 407 320 274 255 229 207 185 179 161 153 142 134 131 118 111 108 103 104 98 96 92 85 83 87 82 74 73 79 74 71 65 63 69 65 65 65 64 62 64 59 58 56 53 53 50 50 52 49 48 49 45 49 46 48 43 41 44 43 43 37 41 45 43 42 42 46 40 44 39 46 38 38 41 45 42 32 42 48 40 39 42 45 39 41 43 43 41 44 37 37 40 37 44 47 42 42 46 45 41 48 43 38 43 47 44 42 41 46 46 43 43 43 42 45 42 42 45 40 42 41 49 43 45 48 45 46 46 46 46 49 50 55 54 56 56 59 57
state 0.342694 -0.355437 -3.152023 
state 0.335874 -0.355360 -3.152969 
state 0.329817 -0.355296 -3.151707 
state 0.324521 -0.355241 -3.152338 
state 0.320313 -0.355199 -3.150130 
state 0.316359 -0.355168 -3.149815 
state 0.313185 -0.355140 -3.150919 
state 0.310555 -0.355111 -3.154231 
state 0.308107 -0.355080 -3.154389 
state 0.306130 -0.355056 -3.152969 
laser 271 271 44 51 41 42 61 47 47 53 56 63 63 65 59 53 63 60 51 54 76 99 88 108 95 102 102 118 117 125 149 163 188 203 195 199 187 1009 1036 1030 1024 1034 1032 1032 1035 1038 1036 1035 1036 1040 1041 1045 1044 1045 1050 1060 1060 1067 1075 1079 1131 1219 1162 1119 1072 1037 994 964 917 884 858 835 805 783 765 697 690 697 696 680 669 652 635 627 613 608 591 583 575 565 557 551 542 534 527 520 517 506 504 501 495 488 482 479 476 475 467 466 461 460 455 450 450 445 449 444 442 436 442 437 436 433 431 434 435 432 432 430 430 431 428 429 434 431 428 334 258 228 200 193 173 154 146 142 125 123 112 106 103 100 97 92 91 87 83 79 78 76 73 72 72 67 69 68 66 64 59 60 58 59 45 49 51 48 48 45 46 42 45 46 45 43 42 40 45 40 39 43 41 43 41 40 37 37 42 38 40 36 40 37 41 38 45 43 34 36 38 32 28 37 35 36 24 34 30 30 33 35 34 31 34 36 35 32 29 30 31 36 33 28 29 36 36 34 34 39 38 43 39 45 39 39 38 38 40 42 42 41 44 42 46 42 47 43 41 44 43 46 41 40 51 43 43 45 42 45 48 48 52 49 56 52
state 0.303972 -0.355033 -3.151865 
state 0.301922 -0.355015 -3.146030 
state 0.299709 -0.355033 -3.122372 
state 0.298549 -0.355066 -3.099029 
state 0.297119 -0.355155 -3.059442 
state 0.295947 -0.355277 -3.013545 
state 0.294621 -0.355486 -2.958974 
state 0.293646 -0.355696 -2.898568 
state 0.292633 -0.355982 -2.832957 
state 0.291728 -0.356305 -2.762140 
laser 271 271 44 43 32 41 43 53 55 54 60 59 63 63 55 57 66 57 51 66 61 92 100 104 130 117 131 104 106 146 157 171 193 205 200 197 192 1027 1027 1027 1027 1026 1025 1024 1024 1020 1017 1027 1021 1023 1029 1024 1023 1029 1027 1026 1027 1028 1032 1037 1039 1043 1046 1052 1061 1077 1145 1188 1132 1084 1035 1003 961 934 888 856 829 801 782 752 722 660 658 670 663 652 637 625 611 598 583 573 565 557 545 536 529 520 516 508 500 492 485 481 476 469 465 461 455 452 442 439 438 438 430 431 425 421 420 416 413 409 411 405 406 404 400 399 396 397 396 398 396 392 391 391 392 394 393 391 386 387 388 391 391 390 392 364 275 247 229 214 200 186 176 169 157 151 147 139 130 131 124 120 117 112 108 104 102 102 98 92 100 88 86 89 86 85 80 83 79 78 76 77 77 73 75 73 73 73 71 71 70 67 70 70 67 68 68 66 58 62 69 68 65 63 64 64 63 63 64 62 61 62 57 57 60 58 59 59 59 61 60 56 57 57 58 60 58 58 49 56 60 56 59 57 59 57 55 59 60 59 61 59 63 63 62 64 60 64 62 65 65 65 65 65 66 68 67 68 61 64 68 72 70 71 70 72 73 71 70 70
state 0.290677 -0.356796 -2.647636 
state 0.289818 -0.357303 -2.568619 
state 0.289120 -0.357792 -2.487709 
state 0.288549 -0.358268 -2.403644 
state 0.288183 -0.358620 -2.319737 
state 0.287841 -0.359020 -2.238197 
state 0.287723 -0.359180 -2.160125 
state 0.287572 -0.359428 -2.086313 
state 0.287437 -0.359685 -2.017547 
state 0.287362 -0.359850 -1.956036 
laser 271 271 40 45 36 37 52 51 51 54 63 61 62 64 61 53 58 51 48 52 80 77 122 94 104 121 119 134 133 146 169 162 191 206 197 194 207 558 595 584 573 558 4000 1319 1319 1279 1273 1266 1230 1206 1213 1197 1150 1172 1157 1132 1126 1110 1098 1088 1039 1027 1027 1020 1010 999 989 983 980 969 966 965 953 956 953 945 942 930 931 934 930 929 931 927 924 926 927 932 927 928 937 950 970 983 990 986 1000 996 993 998 1004 1005 1010 1017 1018 1022 1052 1070 979 1099 1072 1023 975 942 907 867 842 806 771 744 723 698 679 662 645 628 567 554 554 554 559 549 535 525 516 502 495 487 485 478 469 464 454 449 442 435 430 425 420 416 406 402 402 395 390 388 383 382 376 374 370 365 368 365 356 356 357 350 351 351 344 347 347 341 338 341 336 339 337 339 335 339 336 338 334 335 336 337 336 335 336 339 337 329 334 342 341 340 343 344 345 348 351 352 355 356 359 358 361 365 367 369 355 334 320 311 299 291 283 274 266 258 248 247 247 241 239 234 228 227 221 215 215 211 210 206 203 202 200 197 199 193 190 190 187 185 185 186 183 181 178 173 173 181 175 176 172 170 170 172 176 168 169 166 166 169 166 166 167 163 165 159
state 0.287300 -0.360021 -1.901150 
state 0.287219 -0.360280 -1.852415 
state 0.287106 -0.360701 -1.809831 
state 0.287031 -0.361037 -1.773082 
state 0.286974 -0.361340 -1.740119 
state 0.286921 -0.361680 -1.711887 
state 0.286872 -0.362058 -1.685548 
state 0.286859 -0.362185 -1.665202 
state 0.286840 -0.362401 -1.647222 
state 0.286829 -0.362564 -1.632554 
laser 271 271 43 44 40 34 49 51 51 58 62 64 64 68 60 53 61 54 51 57 80 86 95 127 127 116 107 125 138 137 148 165 197 203 195 191 190 1068 1068 1073 1067 1074 1081 1089 1083 1096 1060 1020 980 926 890 849 818 789 762 729 711 690 680 655 635 618 600 584 570 550 538 523 506 491 481 4000 1345 1259 1277 1227 1222 1220 1156 1156 1169 1130 1118 1137 1127 1113 1113 1103 1089 1084 1072 1065 1043 1007 1015 1008 1004 986 954 953 954 958 966 967 964 957 951 951 943 939 936 930 924 923 920 922 918 918 915 915 915 912 913 914 911 910 909 915 912 913 915 918 919 921 925 926 927 932 937 941 944 943 1007 917 906 1039 1016 980 923 883 854 824 792 771 738 715 691 673 653 637 622 603 595 578 568 550 503 501 498 501 505 501 493 485 474 470 462 455 450 444 438 431 430 423 420 415 413 408 402 399 394 394 386 388 385 382 380 374 372 374 373 369 369 369 367 365 364 362 364 364 364 358 362 359 354 360 360 355 362 362 364 361 360 364 362 364 363 361 369 367 368 372 375 377 379 383 385 386 388 393 395 402 402 403 409 412 413 420 424 419 401 392 384 372 366 354 350 349 339 334 331 324 320 312 314 305 302 297 296 291 284 274
state 0.286811 -0.362908 -1.613470 
state 0.286809 -0.362963 -1.602903 
state 0.286804 -0.363144 -1.595017 
state 0.286801 -0.363271 -1.587288 
state 0.286799 -0.363416 -1.581295 
state 0.286798 -0.363616 -1.574513 
state 0.286798 -0.364541 -1.568678 
state 0.286802 -0.367606 -1.570728 
state 0.286809 -0.370091 -1.566154 
state 0.286823 -0.373301 -1.567258 
laser 271 271 43 34 36 44 55 40 54 58 63 62 65 69 55 52 60 56 54 50 50 83 105 103 127 136 144 128 137 134 146 153 191 206 198 198 185 1052 1051 1051 1052 1049 1050 1056 1055 1056 1060 1062 1064 1061 1073 1075 1078 1055 1009 966 921 874 826 803 769 739 712 695 672 653 637 618 596 579 568 552 532 518 500 488 472 461 4000 1339 1306 1292 1286 1290 1271 1243 1222 1207 1195 1177 1152 1141 1126 1117 1108 1088 1074 1062 1057 1051 1035 1024 1019 1001 999 986 978 973 968 958 955 949 946 938 933 931 925 921 916 913 904 904 907 903 901 894 893 895 895 897 897 896 895 896 897 897 900 898 901 902 906 903 908 910 914 917 922 927 931 927 996 924 894 1007 1010 962 911 880 849 822 795 772 749 720 695 678 658 640 626 610 600 583 568 559 544 499 495 493 498 498 493 490 479 473 470 459 454 451 443 437 435 430 423 424 419 413 411 405 401 401 400 397 394 389 387 383 383 380 376 374 377 379 376 374 375 373 369 367 371 368 369 369 371 369 372 370 370 369 371 372 375 374 374 374 378 378 380 382 380 384 390 390 392 396 397 398 405 407 410 411 417 420 428 428 431 436 444 421 408 401 391 380 370 364 356 351 344 338 331 323 322 312
state 0.286837 -0.377527 -1.567100 
state 0.286852 -0.382715 -1.568678 
state 0.286867 -0.389172 -1.568678 
state 0.286881 -0.396100 -1.568993 
state 0.286892 -0.403337 -1.569466 
state 0.286900 -0.411408 -1.569624 
state 0.286917 -0.420133 -1.568204 
state 0.286947 -0.429093 -1.566627 
state 0.286995 -0.438234 -1.564735 
state 0.287060 -0.447230 -1.562842 
laser 271 271 47 40 38 55 38 42 52 54 62 61 64 66 58 57 66 55 49 55 76 136 99 104 109 127 112 97 120 120 152 187 197 205 200 200 190 1041 1060 1054 1056 1054 1053 1052 1058 1058 1059 1059 1059 1063 1068 1069 1036 991 945 883 842 803 765 733 705 677 653 630 609 591 569 545 539 513 500 478 464 445 466 1422 1399 1320 1290 1273 1219 1241 1191 1202 1198 1163 1140 1167 1140 1130 1116 1101 1087 1072 1066 1055 1041 1027 1018 1004 989 983 972 958 954 933 923 920 920 917 912 910 902 897 893 891 885 878 876 872 869 866 865 864 859 857 854 852 854 854 855 853 854 852 851 853 848 849 853 859 859 861 862 864 868 869 877 879 882 888 884 898 959 846 881 986 958 907 862 832 802 778 752 736 719 683 660 644 631 617 599 588 573 560 551 541 529 521 510 469 460 463 460 470 465 460 451 449 446 438 433 428 422 417 413 408 406 403 403 398 393 389 390 388 385 382 379 381 378 375 373 373 371 370 370 363 367 368 367 367 365 366 365 365 366 363 364 372 369 368 369 370 369 369 376 376 375 376 377 378 381 384 386 391 393 394 396 399 401 406 413 418 416 423 419 430 438 440 449 453 462 463 466 445 436 429 421 415 405 396 378 352
state 0.287135 -0.456643 -1.563315 
state 0.287195 -0.465839 -1.565365 
state 0.287240 -0.474944 -1.566312 
state 0.287278 -0.484140 -1.567416 
state 0.287300 -0.493408 -1.569782 
state 0.287292 -0.502658 -1.573567 
state 0.287258 -0.511836 -1.575459 
state 0.287204 -0.521122 -1.577352 
state 0.287150 -0.530136 -1.576248 
state 0.287104 -0.539332 -1.575459 
laser 271 271 46 44 34 51 52 47 53 56 56 59 66 65 57 56 65 60 51 56 69 90 100 127 114 119 107 134 111 138 140 163 192 201 199 195 193 1066 1060 1052 1061 1061 1058 1066 1068 1067 1062 1034 972 879 816 756 712 671 639 602 569 543 521 487 454 424 406 1910 1902 1892 1880 1883 4000 1597 4000 1381 1348 1267 1253 1252 1194 1180 1154 1108 1096 1099 1067 1045 1023 1030 1026 1022 1013 1008 991 982 963 952 950 911 876 878 873 865 878 814 803 800 798 802 826 838 829 824 817 810 804 798 798 795 791 785 782 780 773 770 775 770 770 770 766 768 762 762 770 768 764 767 766 764 763 766 768 770 769 770 772 776 777 781 781 787 790 796 798 801 804 976 790 766 860 859 827 802 775 750 727 708 687 666 651 637 617 599 583 570 555 544 533 526 514 504 499 486 479 471 464 457 451 443 433 413 393 392 393 398 405 408 401 399 395 392 390 386 382 379 378 376 375 372 364 366 368 367 365 363 365 361 360 352 355 357 358 358 357 357 355 359 356 359 360 361 361 358 359 365 365 363 370 368 367 372 370 373 374 369 377 383 384 379 384 394 389 396 401 408 411 413 415 422 426 431 439 445 450 453 460 467 476 480 486 499 506 516 515 495
state 0.287049 -0.553316 -1.573094 
state 0.287036 -0.562548 -1.571359 
state 0.287023 -0.571726 -1.572936 
state 0.286996 -0.581085 -1.574198 
state 0.286957 -0.590263 -1.576090 
state 0.286897 -0.599603 -1.578141 
state 0.286828 -0.608726 -1.578614 
state 0.286759 -0.617922 -1.577825 
state 0.286694 -0.627081 -1.577983 
state 0.286628 -0.636331 -1.577352 
laser 271 271 46 42 35 32 57 48 56 57 53 57 57 68 61 56 65 55 48 55 61 100 95 104 112 112 146 126 129 165 143 158 196 205 198 190 185 1115 1078 1057 911 732 640 558 426 2163 2139 2089 2066 2046 2024 1999 1976 1971 1966 1932 1924 1893 1881 1872 1856 1843 4000 1576 1546 1357 1308 1233 1188 1178 1112 1108 1064 1025 1044 990 981 972 934 910 912 887 878 842 841 830 820 795 748 730 722 711 709 695 689 682 670 662 651 648 644 638 634 631 630 625 627 635 635 639 643 646 647 654 656 658 662 657 654 654 654 650 649 649 650 652 646 646 646 648 647 645 647 653 647 646 646 648 650 650 650 653 654 656 656 662 665 667 665 672 674 680 683 684 766 835 655 648 702 743 714 696 672 659 637 621 605 594 578 564 554 545 536 529 511 494 485 477 469 462 455 444 437 435 427 419 410 410 407 401 393 392 387 383 382 380 376 373 367 364 364 364 355 342 323 329 327 329 339 349 348 347 347 347 344 339 340 346 343 334 343 343 341 345 341 346 345 345 345 341 347 348 351 352 352 351 354 354 356 357 358 364 365 369 366 366 377 377 379 386 389 395 390 400 404 408 413 419 424 432 432 438 447 451 458 464 471 484 489 500 502 503
state 0.286580 -0.645346 -1.574986 
state 0.286542 -0.654578 -1.574829 
state 0.286501 -0.663792 -1.575459 
state 0.286454 -0.673042 -1.576406 
state 0.286398 -0.682110 -1.577352 
state 0.286335 -0.691270 -1.577825 
state 0.286275 -0.700375 -1.576879 
state 0.286218 -0.709625 -1.577194 
state 0.286158 -0.719020 -1.576879 
state 0.286110 -0.728288 -1.575144 
laser 271 271 44 40 37 52 58 43 50 51 57 60 59 64 55 48 62 51 46 58 65 89 97 105 140 97 113 112 127 114 149 150 193 202 193 191 192 1757 4000 4000 4000 4000 2172 2145 2099 2066 2032 2019 1983 1960 1957 1961 1922 1894 1882 1865 1845 1832 1820 4000 1515 1305 1305 1191 1124 1155 1050 1042 1005 976 935 914 884 887 850 838 826 804 785 767 747 743 679 666 653 641 640 624 608 606 600 592 583 571 564 560 551 550 546 541 538 534 534 539 534 541 545 546 551 557 564 560 563 567 564 563 568 563 562 560 558 558 554 556 556 553 554 552 551 554 552 550 552 552 553 550 552 551 554 555 557 557 555 559 560 564 565 571 569 574 577 580 586 589 591 590 615 755 692 561 562 593 646 629 612 596 578 565 551 540 528 520 514 500 492 483 474 467 461 454 455 440 426 423 410 407 402 396 389 386 382 378 375 371 369 361 360 357 359 354 354 351 347 344 346 344 340 339 339 336 338 331 335 331 333 330 331 325 323 323 307 297 300 304 314 321 329 338 334 330 335 334 335 338 339 344 342 346 347 347 352 353 353 359 359 360 365 364 370 374 375 383 384 386 387 395 398 408 413 421 420 427 431 441 448 453 459 467 476 484 488 487
state 0.286069 -0.737611 -1.575459 
state 0.286021 -0.746825 -1.576406 
state 0.285966 -0.756111 -1.577352 
state 0.285899 -0.765325 -1.578614 
state 0.285824 -0.774466 -1.579245 
state 0.285752 -0.783516 -1.578141 
state 0.285688 -0.792367 -1.578141 
state 0.285631 -0.800692 -1.577037 
state 0.285588 -0.808219 -1.576248 
state 0.285555 -0.815456 -1.574198 
laser 271 271 39 35 31 53 52 44 53 59 58 61 61 66 58 52 63 58 47 56 70 91 135 96 112 112 118 127 153 153 144 166 193 199 200 196 193 4000 4000 2188 2139 2097 2075 2044 2015 1981 1971 1952 1938 1909 1889 1868 1849 1830 1824 4000 4000 4000 1168 1085 1075 1045 989 948 905 912 864 850 821 781 777 760 726 709 680 627 611 603 588 580 558 555 539 535 527 513 510 496 491 486 479 469 463 460 455 446 443 446 432 431 426 425 419 418 414 408 409 406 402 397 396 398 393 394 391 391 393 391 393 392 391 393 400 410 409 412 420 426 437 446 448 455 456 459 458 457 460 462 465 464 466 471 462 438 428 439 443 451 454 459 465 471 481 488 498 502 508 506 505 543 649 631 527 480 480 532 551 541 528 515 505 494 486 478 467 458 450 444 437 427 423 421 412 407 401 399 391 390 388 387 379 366 361 359 354 349 350 347 343 341 338 331 338 332 332 332 328 328 319 320 326 320 322 321 321 319 319 318 316 316 320 317 314 316 319 318 320 318 322 321 319 323 325 322 320 319 319 314 295 304 320 335 337 344 345 348 351 351 355 361 364 366 369 379 379 385 387 395 400 404 413 414 422 426 433 438 443 451 459 472 476 477
state 0.285515 -0.825595 -1.576248 
state 0.285481 -0.831417 -1.577037 
state 0.285444 -0.836314 -1.579560 
state 0.285402 -0.840994 -1.579876 
state 0.285367 -0.844766 -1.580506 
state 0.285334 -0.848031 -1.580822 
state 0.285307 -0.850860 -1.579560 
state 0.285288 -0.853127 -1.579087 
state 0.285273 -0.855086 -1.577194 
state 0.285264 -0.856755 -1.576248 
laser 271 271 45 46 40 64 64 46 54 55 56 58 56 67 66 57 63 59 47 58 58 117 134 115 110 101 101 140 128 143 171 165 196 202 196 197 194 2027 2156 2119 2066 2044 2021 1995 1967 1949 1947 1898 1880 1865 1844 1822 1809 4000 1230 1186 1103 4000 1009 962 937 890 850 805 792 775 747 721 698 644 588 568 571 559 534 536 520 494 487 480 476 464 459 455 441 438 432 419 414 408 406 403 392 390 378 383 378 371 372 364 358 365 356 358 355 348 342 346 345 340 338 337 333 333 334 340 334 333 336 333 335 337 328 329 333 325 320 314 307 314 319 319 320 324 337 322 335 328 332 329 329 330 329 328 328 329 330 335 334 334 342 340 343 347 352 374 421 421 413 413 429 441 492 507 487 421 427 433 501 500 489 481 474 460 453 443 437 430 422 419 410 405 401 395 390 382 376 372 370 368 368 363 359 358 357 358 354 339 337 335 328 328 326 327 326 322 322 321 317 315 315 316 314 311 310 308 307 305 314 310 311 313 309 311 311 311 314 311 317 312 314 316 317 320 322 322 324 324 328 329 328 328 328 331 330 327 318 315 340 355 356 359 362 372 372 375 379 383 394 398 405 409 415 422 428 430 442 448 458 464 469 468
state 0.285254 -0.858278 -1.577510 
state 0.285255 -0.859403 -1.555114 
state 0.285282 -0.860382 -1.535556 
state 0.285326 -0.861288 -1.502435 
state 0.285395 -0.862046 -1.460482 
state 0.285522 -0.862981 -1.410643 
state 0.285707 -0.863942 -1.351656 
state 0.285957 -0.864927 -1.288568 
state 0.286182 -0.865617 -1.220433 
state 0.286292 -0.865885 -1.147251 
laser 271 271 46 43 28 39 68 46 50 57 61 61 63 65 58 51 62 56 51 63 72 127 134 110 100 115 114 104 135 144 154 160 198 205 196 195 183 3119 3096 3196 3283 4000 4000 4000 4000 4000 2159 2128 2084 2054 2025 1999 1963 1948 1927 1910 1872 1851 1841 1809 1798 1783 4000 1191 4000 1036 989 964 879 875 845 792 807 739 739 696 676 673 573 559 542 532 522 503 489 474 459 453 455 442 428 417 413 400 401 386 384 380 373 370 367 361 355 346 349 346 340 338 337 332 330 326 323 321 315 309 312 305 307 304 302 300 298 300 296 298 296 295 295 292 290 293 298 299 297 294 290 285 282 275 277 271 274 278 280 278 285 289 292 288 291 292 289 289 291 291 289 285 284 289 292 294 291 296 297 297 299 305 306 301 305 312 310 313 312 324 321 327 339 341 344 340 350 355 358 366 373 407 478 475 466 459 450 446 439 437 427 422 420 411 410 404 397 398 393 389 378 378 381 377 375 374 374 370 373 366 372 369 366 358 351 353 350 347 347 347 347 345 340 343 341 341 341 342 343 343 334 338 341 343 343 343 343 344 346 346 345 345 349 349 353 354 354 354 359 358 363 360 369 370 374 372 370 369 373 377 372 354 381 397 397 397
state 0.286577 -0.866452 -1.070126 
state 0.286922 -0.867027 -0.990478 
state 0.287207 -0.867426 -0.907044 
state 0.287443 -0.867701 -0.821245 
state 0.287638 -0.867891 -0.736234 
state 0.287986 -0.868181 -0.652170 
state 0.288238 -0.868358 -0.572837 
state 0.288660 -0.868607 -0.498867 
state 0.289179 -0.868867 -0.431047 
state 0.289630 -0.869058 -0.370325 
laser 271 271 40 44 37 41 35 57 53 60 62 64 64 63 61 54 64 57 50 50 71 92 105 132 121 109 113 167 139 143 137 149 190 205 197 204 196 1619 1619 1565 1535 1511 1479 1462 1434 1411 1395 388 417 428 433 447 454 457 467 478 485 497 510 531 544 562 580 599 625 651 680 714 747 781 824 864 907 979 2456 2501 2571 2634 2690 4000 4000 2990 3027 3089 3018 2958 2886 2822 2774 2597 2061 2020 1985 1959 1926 1897 1867 1844 1814 1794 1777 1752 1727 1708 1696 1677 1674 4000 4000 1177 1145 1091 1043 993 945 910 869 838 805 773 746 717 690 657 622 577 476 450 443 436 419 417 411 395 383 376 361 355 356 355 343 342 331 329 318 320 309 309 303 303 291 292 291 287 288 282 273 275 272 266 267 264 265 261 250 253 256 255 254 251 251 248 249 248 243 245 246 245 247 248 252 247 249 247 246 248 243 245 239 249 244 238 248 239 255 247 248 250 248 250 248 248 248 248 246 249 249 249 251 252 256 253 259 254 257 260 260 263 263 266 273 274 274 274 284 282 290 288 298 299 301 308 313 321 326 330 336 340 343 351 356 364 370 382 399 397 404 417 423 434 517 533 522 518 519 514 508 506 500 501 499 493 490 486 483 480 481 474 475 473 469 465
state 0.289922 -0.869157 -0.288784 
state 0.290149 -0.869218 -0.241942 
state 0.290415 -0.869278 -0.200146 
state 0.290682 -0.869326 -0.163397 
state 0.291023 -0.869377 -0.129803 
state 0.291222 -0.869400 -0.101887 
state 0.291601 -0.869434 -0.076179 
state 0.291655 -0.869438 -0.055202 
state 0.291873 -0.869447 -0.036591 
state 0.292417 -0.869463 -0.022081 
laser 271 271 48 43 37 44 49 53 51 59 61 62 63 64 59 59 63 56 52 58 82 106 133 99 103 105 110 115 134 133 144 172 192 205 197 197 206 803 815 813 810 808 808 806 805 808 1200 1230 1231 1245 1251 1260 1265 1269 1281 1296 1308 1316 1328 1349 1360 1371 1389 1406 1427 1444 1463 1481 1491 1504 1489 1458 3128 347 355 359 367 368 375 380 387 392 400 408 413 417 429 438 453 465 481 494 508 529 550 571 594 619 649 678 709 742 780 819 871 854 1802 4000 1763 1790 1781 4000 1691 1679 1656 1647 1625 1598 1561 1559 1511 1529 1480 1524 1460 1489 1457 1452 1468 1449 1427 1427 1415 1410 1408 1396 1428 1389 1398 1358 1319 1232 1155 1080 1043 995 947 909 873 846 818 789 759 736 718 695 675 658 638 623 606 596 578 566 539 409 394 389 388 377 370 362 359 355 344 344 335 327 325 323 319 313 314 306 299 301 296 290 292 290 285 284 280 278 279 278 278 275 273 271 265 272 275 272 273 271 273 272 277 281 274 271 268 260 256 246 254 257 259 259 265 267 268 277 274 276 275 275 268 269 271 268 273 274 273 275 276 275 276 273 278 285 287 288 291 292 295 302 307 301 305 308 315 319 322 327 336 331 342 349 353 358 364 362 372 378 380 393 394 388 358 296
state 0.292562 -0.869466 -0.011040 
state 0.292888 -0.869468 -0.002524 
state 0.293051 -0.869468 0.004258 
state 0.293215 -0.869467 0.010409 
state 0.293360 -0.869465 0.014826 
state 0.293414 -0.869464 0.019715 
state 0.293650 -0.869459 0.023027 
state 0.293759 -0.869456 0.026497 
state 0.293885 -0.869453 0.030124 
state 0.294067 -0.869447 0.032963 
laser 271 271 43 36 42 48 45 40 56 57 59 60 63 61 60 49 67 52 55 56 56 105 86 124 119 107 107 118 158 123 149 168 182 198 197 201 199 774 806 811 807 806 807 807 802 798 796 795 793 792 788 888 1205 1217 1220 1233 1236 1248 1250 1261 1273 1279 1280 1292 1321 1331 1336 1363 1376 1391 1406 1427 1443 1458 1472 1486 1480 1511 327 336 343 347 352 354 361 366 370 376 383 393 397 401 415 425 440 449 462 475 490 509 535 553 575 598 627 653 686 718 752 789 833 919 1472 1490 1482 1453 1460 1477 1431 1427 1374 1366 1342 1303 1277 1280 1269 1277 1228 1226 1239 1247 1252 1240 1217 1225 1230 1202 1235 1201 1197 1193 1172 1168 1211 1166 1160 1154 1133 1091 1043 996 958 926 891 852 823 795 772 748 723 703 678 666 647 632 616 603 586 575 563 551 505 413 393 379 378 364 365 363 354 342 341 339 335 327 331 317 325 317 310 309 299 298 300 295 299 294 289 290 285 284 280 285 278 280 280 278 279 280 274 277 283 280 279 279 274 275 274 263 265 256 262 261 266 267 269 280 280 285 280 280 279 283 279 281 281 281 280 277 278 281 283 289 286 289 292 292 297 306 301 304 305 308 318 324 321 322 327 334 341 343 349 349 355 361 364 363 367 366 351 304
state 0.294085 -0.869446 0.035960 
state 0.294157 -0.869443 0.038168 
state 0.294230 -0.869441 0.040376 
state 0.294320 -0.869437 0.042427 
state 0.294339 -0.869436 0.043531 
state 0.294320 -0.869437 0.045265 
state 0.294302 -0.869438 0.045739 
state 0.294248 -0.869440 0.046843 
state 0.294194 -0.869443 0.047316 
state 0.294121 -0.869446 0.047947 
laser 271 271 48 46 42 44 44 51 54 56 64 61 61 64 59 51 64 54 54 55 69 86 125 126 100 107 110 129 115 121 143 165 189 203 197 198 196 767 806 806 803 805 806 804 807 800 794 793 791 791 791 787 796 1182 1216 1222 1227 1232 1237 1247 1257 1265 1274 1278 1294 1308 1320 1331 1347 1364 1375 1396 1415 1431 1446 1454 1474 1482 1468 306 334 335 335 343 350 354 360 364 370 377 386 391 396 407 417 427 441 455 465 478 494 514 535 555 583 603 635 662 694 728 765 795 855 980 1482 1477 1436 1442 1430 1391 1382 1373 1334 1325 1295 1269 1252 1216 1227 1227 1214 1234 1226 1182 1172 1212 1177 1196 1215 1195 1138 1173 1158 1151 1146 1133 1127 1185 1125 1149 1158 1072 1029 983 943 905 873 839 812 787 759 737 715 695 676 659 644 625 611 595 579 572 564 551 508 416 398 382 375 371 368 360 356 351 345 339 331 329 323 322 317 309 311 301 305 306 302 299 294 287 289 289 287 288 284 284 282 284 282 280 282 282 283 286 284 285 285 280 277 273 268 267 264 263 260 267 266 272 274 282 283 284 281 282 281 280 283 283 282 283 279 284 285 289 286 289 292 294 293 292 301 301 303 306 312 310 321 319 317 322 340 333 347 347 354 355 358 368 371 359 350 319
state 0.294031 -0.869451 0.048735 
state 0.293976 -0.869453 0.049208 
state 0.293940 -0.869455 0.049524 
state 0.293904 -0.869457 0.049839 
state 0.293886 -0.869458 0.049997 
state 0.293849 -0.869460 0.050312 
state 0.293849 -0.869460 0.050312 
state 0.293849 -0.869460 0.050312 
state 0.293849 -0.869460 0.050312 
state 0.293831 -0.869460 0.050470 
laser 271 271 47 42 41 58 38 47 54 52 64 59 60 58 63 49 68 56 46 58 82 101 123 125 132 135 138 133 164 151 145 165 191 199 198 197 205 778 808 810 807 800 806 807 805 801 800 797 791 788 790 786 789 1045 1212 1218 1226 1227 1238 1240 1250 1257 1262 1271 1289 1301 1317 1326 1342 1358 1369 1387 1404 1425 1448 1460 1471 1480 1470 304 332 332 341 342 346 351 355 359 371 375 383 388 394 406 413 426 436 450 461 474 487 507 531 550 572 596 626 655 686 715 752 790 836 918 1464 1466 1454 1436 1438 1438 1417 1374 1359 1311 1271 1282 1270 1244 1252 1236 1212 1247 1200 1202 1179 1174 1183 1207 1195 1198 1169 1174 1166 1154 1169 1166 1156 1194 1145 1147 1125 1081 1041 997 951 918 885 847 814 790 770 745 719 700 679 664 646 630 616 601 587 577 566 553 530 423 400 385 378 378 365 361 358 353 341 341 336 330 323 318 325 312 311 310 307 302 300 297 295 294 295 290 287 290 287 286 284 284 282 282 285 284 282 281 282 282 283 275 273 277 268 272 263 266 263 266 264 274 277 284 285 285 281 280 281 283 284 286 280 282 283 283 288 288 286 290 283 289 298 298 299 304 310 308 309 314 316 324 331 335 338 339 348 347 349 350 363 361 370 367 353 311
state 0.293831 -0.869460 0.050470 
state 0.293831 -0.869460 0.050470 
state 0.293831 -0.869460 0.050470 
state 0.293831 -0.869460 0.050470 
state 0.293831 -0.869460 0.050470 
state 0.293831 -0.869460 0.050470 
state 0.293831 -0.869460 0.050470 
state 0.293831 -0.869460 0.050470 
state 0.293831 -0.869460 0.050470 
state 0.293831 -0.869460 0.050470 
laser 271 271 45 39 40 48 48 44 52 59 59 63 60 64 58 52 63 59 53 49 67 98 108 122 133 107 122 113 106 154 146 162 191 202 198 195 202 776 809 808 809 806 806 807 806 803 799 794 789 786 791 792 788 1035 1213 1213 1226 1232 1234 1240 1254 1258 1269 1276 1292 1293 1317 1331 1343 1355 1375 1388 1405 1423 1443 1457 1470 1477 1459 268 333 335 338 342 350 351 356 360 368 376 381 390 392 403 412 424 436 449 461 480 488 508 531 549 572 594 623 643 677 719 752 790 835 912 1449 1477 1438 1420 1412 1424 1403 1339 1323 1304 1304 1279 1260 1265 1239 1231 1225 1253 1230 1205 1196 1220 1195 1179 1186 1191 1166 1186 1154 1165 1182 1147 1174 1160 1168 1150 1148 1092 1043 994 955 917 880 852 821 793 766 747 725 700 683 662 645 631 617 601 588 575 562 550 532 422 398 384 380 375 366 358 357 351 344 340 338 335 322 324 319 310 308 309 303 301 298 297 301 293 293 288 288 288 287 285 284 283 279 285 285 284 282 281 281 282 285 284 281 275 272 267 265 261 261 261 270 277 277 282 283 283 279 284 284 283 283 282 280 282 282 283 287 288 286 290 293 294 294 300 301 304 303 305 305 316 319 323 325 331 337 337 343 348 349 345 356 364 364 368 346 313
state 0.293831 -0.869460 0.050470 
state 0.293849 -0.869460 0.050628 
state 0.293849 -0.869460 0.050628 
state 0.293849 -0.869460 0.050628 
state 0.293849 -0.869460 0.050628 
state 0.293849 -0.869460 0.050628 
state 0.293849 -0.869460 0.050628 
state 0.293849 -0.869460 0.050628 
state 0.293849 -0.869460 0.050628 
state 0.293849 -0.869460 0.050628 
laser 271 271 47 34 39 41 52 49 53 57 63 64 64 65 58 53 66 57 51 60 74 129 121 112 100 110 102 121 138 150 146 171 188 204 200 202 197 777 810 806 804 806 806 805 804 803 796 795 792 791 790 792 786 1027 1212 1213 1216 1229 1237 1242 1247 1263 1265 1284 1290 1301 1318 1328 1341 1352 1369 1390 1406 1426 1444 1455 1460 1482 1466 284 332 333 338 341 347 349 352 357 368 373 381 387 399 403 413 420 434 446 461 476 493 511 528 546 572 598 625 651 681 713 754 788 834 905 1500 1471 1446 1421 1436 1413 1395 1397 1348 1323 1277 1293 1291 1259 1254 1233 1213 1236 1190 1235 1166 1207 1191 1204 1189 1164 1185 1180 1179 1192 1157 1175 1160 1165 1166 1136 1130 1086 1043 997 957 925 883 847 820 793 770 745 721 703 682 665 646 628 615 603 588 576 565 545 523 423 400 386 378 373 368 360 357 355 346 340 335 332 331 322 318 314 307 309 305 304 299 299 295 295 292 292 286 287 285 286 284 285 284 280 281 282 281 282 282 279 282 280 277 274 275 259 264 261 268 266 267 271 282 283 280 275 278 277 285 284 285 282 281 281 283 283 286 286 292 289 292 294 295 298 300 303 304 310 310 314 315 322 325 331 337 335 336 349 354 353 355 356 366 374 350 311
state 0.293849 -0.869460 0.050628 
state 0.293849 -0.869460 0.050628 
state 0.293849 -0.869460 0.050628 
state 0.293849 -0.869460 0.050628 
state 0.293849 -0.869460 0.050628 
state 0.293849 -0.869460 0.050628 
state 0.293849 -0.869460 0.050628 
state 0.293849 -0.869460 0.050628 
state 0.293849 -0.869460 0.050628 
state 0.293849 -0.869460 0.050628 
laser 271 271 49 42 32 64 64 42 50 56 63 61 66 64 60 51 67 52 46 62 68 85 101 94 112 112 117 126 155 125 146 159 195 207 200 198 198 785 809 804 803 804 803 804 807 799 790 792 795 789 791 787 785 1038 1213 1217 1219 1234 1232 1239 1251 1255 1261 1275 1287 1304 1315 1327 1344 1356 1371 1388 1404 1424 1445 1455 1458 1481 1464 288 327 333 338 343 345 352 355 361 369 376 382 390 396 402 413 420 435 445 463 472 488 509 527 547 567 593 620 656 681 716 752 790 830 903 1470 1510 1459 1460 1434 1409 1408 1361 1344 1311 1304 1293 1263 1252 1242 1216 1205 1254 1212 1246 1211 1203 1199 1205 1167 1172 1198 1182 1185 1171 1152 1186 1155 1152 1169 1153 1138 1084 1037 998 953 922 880 850 824 793 770 745 719 698 675 664 650 630 615 601 588 573 565 554 532 424 394 389 381 369 368 366 358 350 348 339 339 334 327 324 319 306 307 310 306 302 300 297 296 294 291 290 283 290 288 286 280 279 285 283 284 284 283 280 282 286 288 281 276 268 273 270 261 259 260 264 268 269 276 281 287 285 284 279 285 283 283 281 284 286 283 284 285 285 287 292 288 292 295 296 298 305 297 306 313 310 316 316 326 332 337 337 342 345 352 351 357 362 367 363 350 316
state 0.293849 -0.869460 0.050628 
state 0.293849 -0.869460 0.050628 
state 0.293849 -0.869460 0.050628 
state 0.293849 -0.869460 0.050628 
state 0.293849 -0.869460 0.050628 
state 0.293849 -0.869460 0.050628 
state 0.293849 -0.869460 0.050628 
state 0.293849 -0.869460 0.050628 
state 0.293849 -0.869460 0.050628 
state 0.293849 -0.869460 0.050628 
laser 271 271 41 37 47 58 46 47 51 53 62 64 64 66 56 53 65 56 51 61 74 102 116 102 106 113 127 151 151 139 144 161 193 204 201 197 200 777 810 811 806 804 802 808 805 799 799 793 792 792 789 789 785 1026 1202 1209 1225 1233 1231 1236 1247 1254 1259 1273 1282 1292 1310 1322 1334 1350 1369 1388 1406 1426 1447 1454 1464 1477 1475 275 330 333 336 341 344 349 357 363 368 373 381 386 392 402 411 424 436 446 459 473 489 509 526 549 570 598 625 653 681 716 750 789 833 922 1468 1462 1466 1432 1446 1386 1406 1376 1357 1326 1323 1289 1251 1237 1243 1257 1252 1200 1221 1209 1202 1199 1204 1198 1175 1189 1158 1188 1177 1153 1173 1161 1185 1172 1166 1165 1146 1081 1045 998 952 923 881 852 822 795 768 742 723 700 682 664 644 629 616 602 585 570 562 554 531 419 393 389 376 373 370 365 359 348 348 342 339 330 327 325 312 315 309 305 309 304 296 295 296 296 285 286 292 288 288 283 282 282 281 282 283 284 281 282 279 283 285 279 276 274 265 265 265 262 260 261 269 268 279 270 276 280 282 284 283 285 285 281 283 283 283 282 286 286 286 286 290 291 292 297 298 303 303 307 308 313 317 325 321 326 333 337 341 343 351 351 357 359 369 362 354 308
state 0.293849 -0.869460 0.050628 
state 0.293849 -0.869460 0.050628 
state 0.293849 -0.869460 0.050628 
state 0.293849 -0.869460 0.050628 
state 0.293849 -0.869460 0.050628 
state 0.293849 -0.869460 0.050628 
state 0.293849 -0.869460 0.050628 
state 0.293849 -0.869460 0.050628 
state 0.293849 -0.869460 0.050628 
state 0.293849 -0.869460 0.050628 
laser 271 271 49 43 37 39 53 48 54 55 62 59 63 62 59 55 64 46 43 58 55 91 115 122 115 126 113 113 113 141 153 169 191 209 199 197 195 777 811 806 806 808 807 802 805 799 791 788 790 792 789 790 788 1022 1213 1217 1227 1230 1236 1241 1248 1258 1263 1283 1289 1305 1314 1320 1338 1354 1370 1392 1403 1419 1439 1461 1465 1475 1470 270 330 335 339 340 348 350 354 361 366 372 381 389 393 402 412 425 436 448 461 475 492 507 527 549 569 590 619 658 682 719 752 785 839 940 1432 1453 1474 1424 1413 1435 1389 1388 1358 1312 1318 1288 1250 1259 1270 1247 1249 1195 1219 1225 1198 1212 1181 1206 1204 1190 1183 1175 1194 1189 1159 1143 1170 1168 1180 1147 1156 1083 1046 996 954 917 887 848 820 794 765 742 721 696 679 664 645 631 616 599 588 576 566 551 532 426 400 384 377 374 366 364 361 356 344 342 338 333 323 322 320 317 304 305 305 303 299 296 293 292 291 290 290 285 286 284 282 283 282 280 284 285 281 285 283 282 280 281 275 273 272 264 260 259 266 265 269 273 278 274 281 283 285 284 282 286 284 282 281 282 283 286 286 287 287 291 289 288 294 298 299 298 306 312 313 315 317 324 328 335 336 337 342 341 351 360 358 363 366 368 346 313
state 0.293849 -0.869460 0.050628 
state 0.293849 -0.869460 0.050628 
state 0.293849 -0.869460 0.050628 
state 0.293849 -0.869460 0.050628 
state 0.293849 -0.869460 0.050628 
state 0.293849 -0.869460 0.050628 
state 0.293849 -0.869460 0.050628 
state 0.293849 -0.869460 0.050628 
state 0.293849 -0.869460 0.050628 
state 0.293849 -0.869460 0.050628 
laser 271 271 43 43 34 48 48 54 52 61 61 65 64 63 60 54 66 58 50 57 93 88 92 93 128 132 167 120 125 141 173 158 192 206 201 198 204 780 809 808 809 806 807 806 803 804 800 793 791 792 790 790 788 1032 1210 1220 1219 1230 1235 1241 1246 1254 1269 1283 1291 1295 1313 1331 1345 1362 1365 1388 1407 1426 1445 1458 1467 1487 1468 274 322 338 332 339 344 351 357 361 366 375 383 387 394 402 415 420 435 447 458 478 491 508 526 550 572 599 621 653 685 714 753 789 834 909 1435 1460 1446 1442 1437 1398 1388 1361 1375 1337 1295 1254 1242 1242 1236 1242 1227 1252 1199 1227 1189 1205 1196 1194 1211 1172 1168 1165 1176 1172 1176 1183 1194 1185 1163 1149 1114 1090 1044 999 955 921 882 850 819 792 771 743 724 702 682 661 647 631 615 603 582 573 568 551 531 421 397 388 381 370 363 365 362 349 346 337 336 333 328 325 316 314 311 307 309 304 299 294 293 289 288 292 287 290 287 284 278 286 281 283 284 282 282 282 286 281 289 279 277 278 270 265 261 273 265 268 269 275 269 278 284 287 280 282 281 283 284 281 282 282 284 286 283 288 287 290 291 297 294 295 301 302 302 309 315 314 317 320 317 330 336 340 341 346 351 351 358 361 372 375 349 312
state 0.293849 -0.869460 0.050628 
state 0.293849 -0.869460 0.050628 
state 0.293849 -0.869460 0.050628 
state 0.293849 -0.869460 0.050628 
state 0.293849 -0.869460 0.050628 
state 0.293849 -0.869460 0.050628 
state 0.293849 -0.869460 0.050628 
state 0.293849 -0.869460 0.050628 
state 0.293849 -0.869460 0.050628 
