LIBUSB - Claimed interface
state 0.000000 0.000000 0.000000 
laser 271 271 41 37 35 47 47 63 51 62 65 62 61 65 59 50 59 50 49 61 87 97 122 118 118 106 107 127 135 143 148 159 185 203 198 194 208 300 307 302 306 303 299 306 303 303 302 301 302 302 306 305 303 304 306 308 309 308 309 310 309 311 309 311 318 318 321 324 326 328 329 331 338 340 340 344 347 351 353 356 361 364 366 373 380 380 385 392 395 400 412 414 421 433 436 443 453 452 480 497 512 520 536 549 566 582 602 622 644 664 686 708 735 768 811 861 917 977 1052 1094 1118 1137 1137 1135 1128 1123 1119 1115 1113 1114 1111 1109 1110 1109 1108 1104 1104 1109 1104 1107 1105 1106 1114 1106 1108 1105 1104 1100 1100 1098 1099 1090 1021 377 352 321 301 284 255 244 233 226 218 205 201 187 183 176 175 168 163 164 157 154 149 149 140 139 129 128 132 131 127 125 121 119 120 119 117 111 112 110 106 110 105 109 104 106 102 101 101 99 101 101 100 98 98 92 92 92 95 94 93 95 92 89 89 91 92 90 91 91 87 87 88 89 90 91 93 92 89 89 87 89 90 89 89 84 90 94 90 91 94 91 94 95 93 94 94 97 96 101 100 100 100 102 102 100 101 106 104 103 107 109 110 110 109 112 121 118 116 115
state 0.002956 -0.000003 -0.001104 
state 0.005169 -0.000004 -0.000473 
state 0.007981 -0.000006 -0.000946 
state 0.011608 -0.000012 -0.001893 
state 0.016143 -0.000022 -0.002839 
state 0.021801 -0.000043 -0.004416 
state 0.028603 -0.000077 -0.005205 
state 0.035586 -0.000113 -0.005362 
state 0.042895 -0.000155 -0.005836 
state 0.051057 -0.000196 -0.004258 
laser 271 271 51 37 38 47 47 42 46 51 60 64 60 64 64 53 55 56 49 67 54 110 95 127 87 110 115 115 125 147 151 168 192 206 198 200 215 294 304 302 306 303 306 303 301 303 303 301 305 300 309 306 306 304 307 308 307 310 309 310 316 313 318 317 314 320 321 320 324 335 330 335 335 338 342 345 350 350 356 359 361 366 371 374 377 383 385 385 397 407 413 420 429 429 441 451 463 477 494 504 515 529 547 556 578 596 619 634 650 675 696 728 762 800 848 901 951 1020 1063 1092 1110 1107 1102 1099 1087 1086 1083 1082 1083 1080 1081 1077 1075 1079 1071 1070 1067 1074 1076 1069 1079 1082 1082 1082 1087 1085 1087 1094 1084 1096 1098 1102 1100 1063 339 311 299 276 265 245 230 218 213 205 197 192 182 178 169 168 164 163 154 148 141 145 140 141 132 132 129 130 128 121 114 116 118 113 115 110 111 110 107 109 106 105 103 102 102 102 99 97 98 98 95 95 96 95 95 93 96 89 94 87 89 92 92 91 90 91 92 89 89 89 88 87 90 91 87 89 89 87 88 88 91 91 89 88 91 92 94 91 90 89 93 94 94 96 93 94 96 96 95 97 99 104 101 100 102 105 103 106 106 106 107 106 112 112 115 115 112 108
state 0.059727 -0.000214 0.000473 
state 0.068651 -0.000193 0.004258 
state 0.077846 -0.000140 0.007255 
state 0.086951 -0.000067 0.008832 
state 0.096256 0.000016 0.008359 
state 0.105814 0.000079 0.004416 
state 0.115409 0.000099 0.000158 
state 0.125076 0.000096 -0.000631 
state 0.134689 0.000096 0.000315 
state 0.144230 0.000097 -0.000000 
laser 271 271 48 41 45 48 46 46 51 51 66 60 66 67 56 52 65 58 47 72 69 113 112 134 135 111 123 142 138 153 147 161 190 208 198 194 216 298 301 300 299 302 301 302 300 301 299 299 292 296 304 299 300 302 302 304 304 304 303 307 307 306 308 308 312 311 311 316 317 324 319 319 324 330 330 334 341 336 338 352 354 358 365 366 366 377 384 393 403 409 419 425 434 439 447 459 470 479 492 503 519 529 542 553 565 585 603 625 649 671 705 734 767 808 856 908 952 980 1014 1025 1018 1017 1007 1005 1002 997 996 989 990 985 988 988 985 977 979 975 975 983 981 977 977 969 976 973 980 970 964 963 964 955 959 952 949 944 944 958 942 950 940 888 264 246 240 232 216 201 199 196 185 185 175 170 172 158 152 151 147 146 146 139 141 121 124 127 126 123 126 122 118 118 115 114 114 110 104 103 110 104 105 103 102 97 100 99 99 94 96 92 97 97 93 92 92 89 91 89 92 90 90 89 92 88 88 85 86 86 91 90 88 89 88 87 88 91 91 90 91 88 91 88 91 93 92 96 93 94 92 94 92 95 96 99 94 93 96 102 101 103 104 103 105 105 107 110 109 111 111 118 115 112 114 108
state 0.153897 0.000102 0.000789 
state 0.163401 0.000108 0.000473 
state 0.172706 0.000114 0.001262 
state 0.181884 0.000128 0.001262 
state 0.191406 0.000134 0.000158 
state 0.200910 0.000135 -0.000158 
state 0.210215 0.000129 -0.001262 
state 0.219392 0.000118 -0.001262 
state 0.228679 0.000112 0.000315 
state 0.237875 0.000117 0.000473 
laser 271 271 43 42 33 40 59 52 49 57 58 64 65 65 61 52 63 55 49 61 70 94 130 129 129 125 119 109 100 146 162 163 194 207 196 198 211 292 300 299 297 297 299 295 296 296 294 295 292 295 294 292 295 293 293 295 293 291 293 301 299 301 304 304 307 308 311 312 315 317 312 328 330 334 340 338 348 353 352 358 362 366 371 379 384 390 391 401 408 417 426 433 444 448 460 466 473 489 487 507 520 535 548 563 581 604 629 650 678 703 740 768 813 853 879 900 932 938 929 923 917 914 912 902 907 902 897 895 894 892 893 890 892 890 888 890 886 887 886 891 891 892 895 898 893 895 900 903 903 906 908 910 912 917 923 926 931 935 943 946 955 961 969 977 987 996 1004 1011 1023 1027 1050 123 174 170 165 155 161 159 151 150 148 141 136 138 136 133 132 129 129 124 122 122 117 116 116 114 111 106 106 112 108 105 107 100 102 104 96 97 99 96 97 97 96 90 96 90 94 93 90 94 92 93 91 91 92 89 89 91 92 91 90 90 85 85 90 92 94 90 94 92 93 94 93 94 95 91 96 96 94 95 99 100 99 99 99 99 103 101 105 103 103 105 99 106 110 108 111 109 115 117 115 108
state 0.251714 0.000126 0.000946 
state 0.260819 0.000140 0.001893 
state 0.269979 0.000156 0.001419 
state 0.279428 0.000165 0.000631 
state 0.288715 0.000172 0.000946 
state 0.297856 0.000181 0.000631 
state 0.307088 0.000182 0.000158 
state 0.316339 0.000189 0.000789 
state 0.325698 0.000191 -0.000473 
state 0.334839 0.000182 -0.001104 
laser 271 271 52 39 36 52 62 42 52 54 61 63 61 61 60 51 63 54 43 62 81 109 104 90 119 109 120 133 133 147 156 161 194 200 193 195 204 282 292 291 286 290 289 288 289 290 288 284 284 293 290 292 300 293 295 295 297 301 302 307 304 307 308 310 312 316 318 324 324 324 332 331 338 341 340 348 347 351 361 364 368 374 380 386 391 394 402 407 414 422 423 435 443 453 459 468 479 492 503 520 535 547 565 581 602 620 644 670 702 731 767 792 810 828 847 845 841 836 828 823 818 819 814 813 810 805 798 801 798 798 796 802 804 801 792 790 792 798 794 797 798 797 802 803 807 807 808 808 808 812 810 814 820 821 827 831 836 838 843 845 857 861 869 872 876 889 901 907 917 927 936 951 957 968 966 952 936 930 911 893 876 860 847 831 821 806 794 780 771 759 750 740 729 717 710 708 691 478 149 114 112 111 115 110 107 106 107 107 106 108 103 106 105 94 103 101 101 98 99 98 101 100 94 92 100 97 97 100 98 98 99 100 97 95 96 99 99 98 98 95 99 100 98 102 99 100 102 100 99 104 104 99 102 103 106 106 106 107 110 111 107 111 107 110 113 108 113 116 122 113 117 109
state 0.343727 0.000176 -0.000473 
state 0.352741 0.000169 -0.000946 
state 0.362046 0.000158 -0.001104 
state 0.371241 0.000150 -0.000946 
state 0.380165 0.000139 -0.001262 
state 0.389252 0.000132 -0.000158 
state 0.398194 0.000136 0.000946 
state 0.407281 0.000145 0.000789 
state 0.416277 0.000149 0.000158 
state 0.425364 0.000153 0.000631 
laser 271 271 45 43 38 44 61 52 53 55 63 61 61 63 61 52 62 53 51 63 63 83 111 96 111 111 123 127 118 129 138 161 187 204 199 192 217 298 305 303 305 306 305 305 298 298 295 299 297 298 299 298 303 300 303 304 300 302 309 310 311 312 316 317 320 323 324 328 332 334 337 339 344 346 351 355 356 362 365 368 374 371 385 389 392 395 402 414 419 429 438 448 457 463 476 489 499 513 525 543 559 574 593 615 637 659 687 703 715 728 751 768 761 754 746 741 741 735 733 729 725 726 717 719 714 717 714 711 711 709 711 715 702 711 706 704 704 706 705 709 711 712 711 709 713 715 719 720 721 724 724 725 729 731 733 738 741 743 748 753 758 760 767 773 780 789 797 804 811 822 829 841 847 854 866 878 888 902 882 872 861 852 839 830 816 800 788 777 763 754 741 734 728 716 712 704 696 687 684 681 671 666 656 655 658 652 647 646 643 637 638 635 635 626 630 627 627 625 624 625 621 619 619 619 617 614 615 715 1222 1230 1229 1228 1226 1231 1233 1234 1231 1223 1217 1208 1199 1196 1192 1186 1201 1193 1193 133 109 111 108 111 109 112 112 111 110 114 115 115 112 115 120 123 120 121 121 124 125 126 127 118
state 0.434578 0.000156 -0.000000 
state 0.443720 0.000154 -0.000631 
state 0.452698 0.000148 -0.000789 
state 0.461676 0.000139 -0.000946 
state 0.470763 0.000131 -0.000789 
state 0.479941 0.000131 0.000789 
state 0.489100 0.000140 0.000946 
state 0.498169 0.000145 0.000315 
state 0.507166 0.000150 0.000631 
state 0.516198 0.000155 0.000315 
laser 271 271 43 41 38 38 59 51 51 54 59 55 57 67 60 53 65 58 49 70 67 68 108 104 123 136 118 114 119 141 166 164 195 201 195 198 210 294 304 300 295 298 300 302 303 299 302 303 301 303 306 302 304 305 308 309 308 311 314 318 315 317 317 322 325 324 324 330 330 334 336 341 346 349 349 357 361 366 367 374 380 384 388 396 404 411 416 427 435 444 451 462 473 483 492 504 519 535 542 559 578 598 619 630 643 650 660 685 682 677 668 663 659 657 652 653 648 643 639 637 636 631 628 630 626 622 624 622 617 624 634 625 614 616 614 615 617 613 620 619 617 619 621 622 621 628 628 632 632 631 632 635 637 637 641 647 645 645 650 657 661 664 669 676 679 687 690 699 704 712 720 727 734 748 760 763 774 787 796 813 817 825 815 809 802 788 776 769 766 751 740 728 722 712 706 700 687 682 677 668 660 657 654 649 645 637 636 632 629 627 624 621 621 615 614 606 611 616 615 611 611 609 611 613 613 612 615 614 614 614 614 618 615 619 615 620 1046 1173 1172 1173 1176 1178 1177 1191 1190 1197 1202 1205 1217 1224 1239 1245 1176 835 836 843 853 868 975 1335 1349 1386 1470 1433 1404 1370 1337 1320 1290 1257 1242 1260
state 0.529802 0.000148 -0.000946 
state 0.538889 0.000140 -0.000789 
state 0.547976 0.000131 -0.001262 
state 0.557117 0.000123 -0.000315 
state 0.566222 0.000126 0.000946 
state 0.575273 0.000136 0.001104 
state 0.584287 0.000145 0.000946 
state 0.593411 0.000160 0.002366 
state 0.602425 0.000178 0.001262 
state 0.611621 0.000187 0.000789 
laser 271 271 44 45 46 58 42 51 54 61 61 60 61 67 61 52 65 57 47 57 79 102 105 111 96 112 122 106 161 138 142 162 195 203 199 190 207 300 307 306 303 305 306 306 310 312 313 311 302 306 310 308 314 308 313 311 316 315 316 319 319 321 324 324 328 330 330 336 341 344 347 348 354 362 362 367 369 374 380 380 386 394 401 411 421 424 431 441 448 458 466 479 487 500 512 524 536 549 558 560 579 580 594 606 600 595 591 587 575 569 564 568 564 558 556 553 549 547 546 543 540 537 538 536 532 531 530 529 533 527 527 523 522 523 523 526 523 525 518 524 530 529 528 531 532 536 535 542 541 539 543 541 546 545 549 553 552 557 560 558 566 565 570 575 578 581 586 585 593 609 610 617 625 631 635 647 655 666 678 687 699 706 717 730 749 755 759 752 746 739 733 725 722 713 705 697 683 678 675 667 659 655 650 645 639 634 631 628 621 620 616 615 612 602 610 602 607 602 600 600 597 595 594 596 599 594 597 600 604 601 604 607 609 608 615 620 617 618 620 624 625 626 633 637 893 1201 1208 1215 1215 1234 1236 1242 1255 1268 1272 1281 1300 1173 877 878 883 896 922 1405 1439 1505 1481 1445 1418 1392 1004 931
state 0.620871 0.000193 0.000473 
state 0.629759 0.000193 -0.000473 
state 0.638138 0.000186 -0.001104 
state 0.646064 0.000181 0.000315 
state 0.653918 0.000185 0.000158 
state 0.660647 0.000184 -0.000315 
state 0.666759 0.000181 -0.000473 
state 0.671911 0.000177 -0.001104 
state 0.676681 0.000172 -0.001262 
state 0.680871 0.000163 -0.003312 
laser 271 271 44 37 44 38 37 49 47 57 65 63 60 61 59 52 63 55 52 56 74 102 115 103 118 107 118 118 135 139 144 171 190 197 193 203 212 302 311 311 310 309 311 312 310 306 310 308 311 313 313 313 316 318 319 319 322 323 324 328 330 332 326 332 342 342 349 350 353 355 360 360 364 372 377 381 387 392 394 401 409 414 420 428 437 443 450 462 468 473 485 491 496 499 512 518 525 538 535 526 516 513 501 505 496 487 487 482 481 478 470 465 467 462 459 460 458 455 452 450 446 443 442 450 443 446 447 438 438 438 440 437 437 434 437 437 435 438 440 435 438 438 439 442 443 442 444 448 451 448 447 449 456 458 459 459 463 463 464 467 471 475 477 479 482 486 491 496 499 503 507 519 520 526 533 539 547 553 562 565 578 592 601 611 623 632 647 661 677 688 706 703 696 692 687 682 677 674 667 662 656 650 646 641 635 627 623 622 608 609 613 611 604 598 600 596 595 594 590 590 589 585 589 587 584 588 587 587 590 588 588 588 593 596 600 603 604 598 606 621 618 623 626 631 635 641 640 648 649 658 660 660 1257 1271 1275 1292 1301 1318 1335 1228 934 921 920 947 1008 1016 907 894 903 950 1460 1472
state 0.684480 0.000149 -0.003785 
state 0.687527 0.000139 -0.002524 
state 0.690193 0.000134 -0.000789 
state 0.692461 0.000135 0.001577 
state 0.694329 0.000139 0.002366 
state 0.696324 0.000138 -0.006782 
state 0.698047 0.000108 -0.029967 
state 0.698717 0.000080 -0.056621 
state 0.699386 0.000030 -0.095893 
state 0.700179 -0.000065 -0.142894 
laser 271 271 45 46 34 47 50 53 51 55 61 56 58 70 60 51 62 56 46 64 76 108 112 109 112 115 112 114 114 148 170 163 191 202 198 194 210 300 313 312 302 307 315 314 314 313 314 318 316 316 315 320 320 321 320 322 325 328 329 332 335 334 337 342 344 346 350 353 357 356 358 368 374 375 382 386 391 397 401 408 414 425 429 434 445 452 455 464 469 470 482 481 484 493 506 508 497 490 481 476 473 472 466 459 455 454 448 442 442 435 433 430 430 427 423 424 420 417 412 414 416 411 409 410 413 410 410 402 404 402 409 404 402 401 400 403 403 400 399 405 403 406 395 400 409 410 409 414 418 415 417 419 418 424 420 429 429 424 429 436 439 437 444 450 446 453 454 459 462 465 472 480 482 487 492 501 506 515 522 531 542 548 557 566 580 589 599 613 627 645 656 667 687 684 683 676 670 666 662 661 657 650 645 640 636 629 627 621 613 615 609 604 597 601 596 593 589 589 592 587 590 587 585 583 584 584 585 590 586 586 587 591 588 593 594 597 600 604 605 606 615 617 624 628 629 633 638 647 650 654 660 668 668 1269 1278 1299 1305 1326 1335 1331 1370 1376 1405 1427 1441 1043 912 904 922 975 1476 1472
state 0.701480 -0.000306 -0.225697 
state 0.702340 -0.000531 -0.287996 
state 0.703012 -0.000753 -0.356919 
state 0.703431 -0.000926 -0.429312 
state 0.703770 -0.001099 -0.505491 
state 0.704234 -0.001382 -0.585928 
state 0.704689 -0.001713 -0.670623 
state 0.705087 -0.002057 -0.755634 
state 0.705441 -0.002421 -0.840802 
state 0.705625 -0.002645 -0.922501 
laser 271 271 46 44 36 37 56 38 47 54 63 60 62 65 58 55 66 57 53 58 70 70 89 130 103 130 122 122 139 144 129 163 186 208 196 194 208 364 377 388 389 394 401 403 408 411 417 426 428 437 441 452 459 465 473 480 487 496 511 525 527 538 538 547 551 561 570 572 564 558 546 543 538 529 526 522 516 509 505 504 497 495 493 489 488 484 484 478 479 478 473 472 473 466 466 467 468 465 465 465 464 464 462 463 466 469 467 469 472 470 472 474 475 475 475 477 479 479 483 484 488 487 491 489 494 502 501 504 508 511 515 520 525 529 535 539 545 553 559 564 571 580 589 598 608 616 627 636 645 657 670 680 691 692 697 685 680 676 667 662 656 649 640 635 628 622 613 610 601 599 591 588 582 580 572 571 565 563 565 567 560 554 553 557 554 555 552 547 553 550 551 552 549 553 556 556 558 563 561 564 566 570 576 575 581 580 582 589 589 592 591 599 622 1261 1277 1290 1298 1308 1322 1333 1342 1357 1376 1386 1392 1403 1415 4000 786 787 791 814 1430 1419 1394 1367 1348 1312 1283 1257 1238 1223 1207 1195 1168 1138 1120 1129 1119 1098 1088 1075 1070 1058 1048 1041 1034 1027 1015 1003 1002 990 985 979 971 970 959 16 244 267 282 306
state 0.705873 -0.003002 -1.000730 
state 0.706104 -0.003393 -1.074069 
state 0.706250 -0.003685 -1.140627 
state 0.706384 -0.004002 -1.200403 
state 0.706529 -0.004412 -1.255920 
state 0.706623 -0.004725 -1.308283 
state 0.706678 -0.004955 -1.354179 
state 0.706732 -0.005221 -1.394398 
state 0.706769 -0.005454 -1.429254 
state 0.706799 -0.005688 -1.459378 
laser 271 271 49 36 35 48 56 39 51 58 63 61 62 67 59 54 64 54 46 61 66 109 117 108 104 104 105 123 125 147 154 165 193 203 198 194 232 596 605 600 599 594 589 588 589 581 583 577 576 577 573 571 570 572 564 574 567 562 563 566 564 564 561 564 565 564 566 568 570 572 573 573 577 575 579 582 584 583 585 589 594 595 596 599 607 613 614 620 627 628 635 641 652 655 662 672 682 690 697 710 718 729 740 751 760 770 782 773 768 754 747 739 725 720 712 704 690 683 673 667 657 652 647 640 637 630 621 620 616 613 609 608 602 598 597 594 592 589 588 587 583 585 579 580 582 586 585 587 583 586 585 590 589 588 593 592 591 593 595 595 599 603 617 1218 1237 1242 1239 1252 1234 766 733 728 738 744 750 813 1325 1339 1352 1362 1374 1384 1399 1414 1436 1408 1413 1494 1451 1402 1362 1329 1306 1270 1242 1220 1199 1175 1158 1131 1126 1082 1049 1062 1055 1048 1032 1021 1008 995 982 978 970 951 4000 170 180 185 189 200 202 213 220 232 247 268 271 285 316 338 366 412 471 553 713 818 837 837 838 835 833 833 836 836 838 838 841 842 838 844 851 854 856 857 864 870 878 874 885 889 893 882 836 797 774 752 733 702 680 654 626 588
state 0.706819 -0.005886 -1.485402 
state 0.706846 -0.006248 -1.507482 
state 0.706856 -0.006447 -1.527828 
state 0.706863 -0.006629 -1.544231 
state 0.706865 -0.006719 -1.556691 
state 0.706866 -0.006882 -1.566312 
state 0.706866 -0.007028 -1.573567 
state 0.706864 -0.007300 -1.579718 
state 0.706836 -0.009657 -1.582872 
state 0.706808 -0.012197 -1.583503 
laser 271 271 42 36 34 44 33 43 49 53 61 64 62 67 60 53 60 56 50 58 65 89 89 121 109 117 90 135 134 151 158 163 192 206 195 200 216 570 599 603 598 603 595 598 594 594 601 598 599 598 602 606 604 606 604 606 605 614 614 616 617 618 622 625 630 631 634 637 643 647 649 656 660 669 672 678 684 693 700 713 718 726 736 746 749 761 780 786 797 816 818 809 803 791 779 771 767 758 748 737 725 718 706 700 690 683 679 672 664 661 657 650 644 639 637 637 634 628 627 624 620 618 622 617 618 616 609 614 614 610 612 615 613 613 615 616 615 616 615 617 617 614 616 616 616 914 1238 1246 1252 1249 1252 1258 1269 1270 1277 1284 1294 1298 1303 1314 1324 1328 1332 1309 1321 1328 1311 1280 1292 1271 1297 1321 1309 1309 1364 1356 1305 1339 1273 1250 1218 1192 1170 1147 1130 1111 1081 1060 1060 1052 65 159 164 167 173 179 180 183 182 192 202 199 206 219 228 237 251 255 260 271 286 301 322 343 363 400 436 484 542 632 741 806 814 814 812 810 814 811 810 811 807 808 806 816 814 819 821 820 825 830 832 835 842 844 850 856 856 863 865 820 784 763 738 717 691 664 642 622 606 583 561 548 539 522 509 498 483 475 468 454 441 423
state 0.706742 -0.016694 -1.585711 
state 0.706673 -0.020992 -1.587131 
state 0.706593 -0.026161 -1.586342 
state 0.706492 -0.032508 -1.586342 
state 0.706391 -0.039400 -1.584765 
state 0.706288 -0.046509 -1.585711 
state 0.706169 -0.054344 -1.586973 
state 0.706026 -0.062904 -1.587919 
state 0.705878 -0.071663 -1.587762 
state 0.705728 -0.080603 -1.587288 
laser 271 271 48 39 35 47 42 47 56 60 61 53 64 64 60 53 64 55 42 59 65 99 119 127 100 120 124 128 136 121 157 167 193 200 196 196 224 585 604 603 602 605 605 608 605 609 608 604 609 610 613 614 617 618 615 620 619 621 621 625 630 630 633 639 643 645 651 657 658 665 672 678 682 690 698 704 709 715 728 740 746 757 769 774 785 790 777 767 760 747 740 732 722 708 696 686 677 661 656 652 644 635 627 623 617 606 606 599 600 593 588 585 583 577 576 574 574 567 569 565 565 564 563 564 563 563 562 564 561 562 562 565 564 562 558 560 564 566 564 567 565 565 569 1072 1193 1196 1203 1207 1210 1213 1219 1228 1230 1238 1238 1248 1263 1265 1278 1282 1294 1296 1307 1306 1305 1299 1294 1323 1306 1327 1286 1298 1317 1302 1311 1301 1290 1227 1200 1178 1162 1134 1120 1094 1085 1068 1028 1022 1024 1012 999 985 965 961 953 944 935 924 919 909 899 893 884 880 875 863 858 2362 151 133 138 144 156 162 174 190 207 229 235 254 298 363 601 789 802 807 804 804 804 808 804 807 809 811 812 814 820 822 825 830 834 837 844 848 854 859 864 869 875 873 880 830 815 782 769 750 727 705 688 669 650 633 617 603 586 575 564 557 542 530 515 497
state 0.705587 -0.089798 -1.584607 
state 0.705477 -0.099048 -1.581137 
state 0.705391 -0.108515 -1.578929 
state 0.705324 -0.118001 -1.576879 
state 0.705278 -0.127251 -1.574986 
state 0.705239 -0.136683 -1.574986 
state 0.705193 -0.146296 -1.576248 
state 0.705135 -0.155890 -1.577352 
state 0.705068 -0.165249 -1.578614 
state 0.704994 -0.174735 -1.578456 
laser 271 271 44 39 39 43 40 47 48 56 63 65 62 66 60 53 61 55 48 54 70 87 98 132 132 97 131 133 144 160 145 158 191 201 195 201 220 581 613 615 613 614 611 612 608 609 610 612 610 610 612 614 610 608 617 615 614 619 628 626 624 635 637 641 646 647 655 659 663 670 673 679 683 693 699 709 716 720 728 738 724 708 697 686 682 669 656 645 633 623 610 600 592 585 572 564 559 551 547 541 536 530 525 518 512 509 504 503 496 493 491 482 484 487 482 482 479 479 474 477 473 476 470 471 470 472 471 466 468 467 470 469 468 471 469 469 466 469 469 468 465 468 476 471 569 1081 1089 1089 1092 1103 1105 1107 1112 1121 1128 1134 1139 1144 1155 1159 1170 1147 1176 1153 1163 1149 1165 1160 1168 1163 1174 1179 1187 1194 1211 1209 1203 1241 1230 1218 1173 1145 1121 1101 1078 1068 1046 1040 1022 1012 985 953 956 961 949 942 932 924 910 906 903 894 887 880 875 863 858 857 852 848 840 839 834 831 830 823 824 819 821 818 813 814 815 810 811 808 810 807 808 814 754 629 549 491 440 396 366 341 307 279 264 240 218 200 192 183 172 164 155 153 145 135 135 2437 913 923 915 882 854 841 819 803 788 766 751 732 719 704 690 674 661 639
state 0.704927 -0.184457 -1.576879 
state 0.704873 -0.193834 -1.576406 
state 0.704826 -0.203247 -1.574986 
state 0.704799 -0.212515 -1.572620 
state 0.704786 -0.221802 -1.571990 
state 0.704766 -0.231197 -1.573882 
state 0.704732 -0.240556 -1.574513 
state 0.704695 -0.249861 -1.575302 
state 0.704650 -0.259111 -1.575302 
state 0.704612 -0.268216 -1.574986 
laser 271 271 42 34 32 40 58 58 48 56 62 63 63 66 62 50 60 56 48 64 73 89 121 95 77 126 137 138 129 157 140 173 185 198 193 197 221 593 613 614 612 612 612 612 612 610 610 612 613 611 612 617 616 619 620 623 624 629 632 633 636 637 638 643 650 653 659 666 668 677 675 691 692 675 666 651 637 626 612 598 588 570 558 551 540 527 514 508 498 493 482 471 466 464 455 450 445 441 436 432 428 421 418 412 407 405 403 402 392 395 398 387 392 388 384 387 383 383 381 379 373 375 379 379 372 376 374 375 374 373 374 375 373 371 369 372 373 373 368 373 374 373 375 374 372 372 665 1008 1011 1013 1021 1024 1034 1037 1040 1049 1056 1061 1068 1080 1073 1094 1104 1120 1125 1135 1139 1148 1153 1168 1175 1188 1184 1173 1176 1159 1187 1190 1202 1212 1175 1141 1122 1104 1079 1056 1045 1027 1018 1003 991 981 962 956 946 919 899 905 909 901 898 887 882 875 870 862 857 845 846 840 839 835 832 827 824 819 817 813 813 814 808 811 808 809 806 807 806 809 806 806 812 810 812 812 814 819 822 768 694 661 618 585 555 531 504 479 459 441 421 407 392 382 368 354 338 331 319 310 300 290 282 272 260 253 249 243 225 225 232 219 206 195
state 0.704546 -0.282037 -1.575302 
state 0.704510 -0.291214 -1.574040 
state 0.704486 -0.300319 -1.573094 
state 0.704464 -0.309552 -1.573567 
state 0.704434 -0.318693 -1.574513 
state 0.704398 -0.327907 -1.575144 
state 0.704355 -0.336758 -1.575775 
state 0.704320 -0.345156 -1.574040 
state 0.704301 -0.352773 -1.572463 
state 0.704284 -0.360409 -1.573567 
laser 271 271 44 42 36 57 57 48 53 57 59 61 64 61 59 50 61 52 45 54 81 96 121 111 102 106 110 109 125 127 146 165 188 206 196 197 222 595 615 616 616 617 616 616 617 616 609 612 615 621 621 621 624 624 627 628 629 633 635 639 642 644 649 652 658 649 629 614 598 582 567 557 533 520 507 495 477 466 464 447 442 434 425 419 410 401 396 388 382 376 373 366 364 356 354 351 344 343 337 333 330 326 327 324 319 310 312 316 312 308 305 305 301 300 299 299 298 292 290 290 289 288 287 289 288 284 285 283 281 281 283 279 282 278 275 273 277 278 275 277 278 279 277 275 276 278 277 281 280 808 927 930 935 939 947 951 958 960 973 979 987 991 1002 1008 1021 1027 1039 1056 1066 1072 1089 1103 1117 1133 1144 1241 1179 1122 1219 1183 1151 1130 1106 1098 1076 1063 1043 1032 1012 992 985 967 955 952 937 929 922 912 905 897 879 850 858 866 860 856 851 845 842 837 835 832 826 822 820 815 815 812 810 809 806 804 805 801 798 798 804 801 803 801 803 804 808 810 812 814 815 820 822 823 828 830 837 818 767 723 699 669 647 624 606 581 562 538 525 517 496 487 476 461 449 439 430 422 408 398 391 383 377 366 356 343
state 0.704268 -0.367356 -1.572463 
state 0.704257 -0.373414 -1.573094 
state 0.704246 -0.378728 -1.572620 
state 0.704233 -0.383299 -1.574829 
state 0.704216 -0.387543 -1.574829 
state 0.704199 -0.391298 -1.575617 
state 0.704185 -0.394563 -1.574355 
state 0.704175 -0.397229 -1.574829 
state 0.704166 -0.399677 -1.574040 
state 0.704159 -0.401564 -1.574986 
laser 271 271 47 41 33 45 39 45 52 55 65 60 63 65 58 48 68 55 48 54 70 84 98 121 96 96 137 114 124 145 166 168 194 203 197 196 237 605 617 618 621 618 619 620 622 619 618 621 623 621 625 627 625 629 629 632 628 630 639 634 608 586 568 552 532 511 492 476 463 443 428 416 405 393 388 373 368 360 351 338 344 333 328 319 314 309 301 296 300 289 287 283 279 276 275 268 265 262 260 258 258 254 253 251 247 244 245 244 242 236 235 235 233 237 230 224 224 227 224 224 225 226 224 222 221 219 219 214 218 214 215 217 218 215 216 215 216 216 214 216 214 214 215 215 208 208 217 215 216 215 213 220 492 683 687 686 691 701 703 726 718 725 729 749 751 751 765 770 769 777 782 786 777 771 785 789 798 801 818 821 828 836 846 870 878 903 920 936 952 962 980 983 982 960 941 930 922 913 900 898 888 881 868 865 836 832 845 844 841 833 832 828 824 819 818 806 809 808 804 806 806 802 801 803 802 802 803 802 801 803 804 799 800 804 806 809 813 815 819 825 829 828 836 840 846 848 851 816 778 746 721 699 675 655 636 617 598 584 569 556 541 521 513 500 495 479 472 463 459 446 436 421
state 0.704147 -0.403377 -1.582872 
state 0.704092 -0.405735 -1.604953 
state 0.704033 -0.407039 -1.629873 
state 0.703934 -0.408360 -1.666937 
state 0.703880 -0.408810 -1.710625 
state 0.703776 -0.409436 -1.761253 
state 0.703578 -0.410321 -1.818663 
state 0.703277 -0.411366 -1.882066 
state 0.702959 -0.412254 -1.950832 
state 0.702770 -0.412686 -2.022752 
laser 271 271 45 35 32 42 50 43 54 55 64 60 62 65 60 53 63 57 47 57 87 81 87 104 99 99 115 135 116 136 139 162 185 201 200 195 217 602 637 640 641 643 646 649 650 654 653 654 659 635 611 591 574 557 533 511 489 475 460 448 429 417 406 401 391 383 375 370 358 343 346 340 333 327 321 321 313 310 303 301 294 293 287 284 286 281 279 276 273 269 263 264 267 263 261 259 256 254 253 254 254 250 243 244 248 244 245 243 243 241 239 237 238 235 239 239 236 234 228 228 234 233 232 234 232 233 232 231 232 231 232 603 867 872 876 878 883 891 893 902 905 911 919 924 932 937 945 953 959 976 983 995 1005 1019 1029 1046 1057 1074 1078 1101 1206 1104 1089 1135 1123 1094 1077 1060 1048 1032 1012 1007 992 971 953 937 927 917 910 903 888 881 871 864 855 840 811 819 829 825 820 818 810 806 803 801 798 793 787 784 785 781 781 778 774 774 779 773 774 774 776 777 776 778 777 777 782 782 783 788 792 794 796 803 806 808 817 818 790 746 711 685 657 633 615 596 577 559 544 528 513 499 488 475 464 451 444 433 429 420 411 401 395 385 376 372 364 358 359 351 347 332 325 324 319 316 311 307 304 298 290 276
state 0.702401 -0.413332 -2.141514 
state 0.701966 -0.413957 -2.225421 
state 0.701653 -0.414334 -2.312009 
state 0.701436 -0.414552 -2.399859 
state 0.701326 -0.414647 -2.484397 
state 0.701237 -0.414709 -2.567672 
state 0.700987 -0.414857 -2.644009 
state 0.701086 -0.414810 -2.715613 
state 0.701136 -0.414789 -2.780751 
state 0.701205 -0.414766 -2.839108 
laser 271 271 42 47 33 61 49 38 51 57 59 63 63 66 57 55 63 49 54 69 72 105 116 128 110 118 140 139 127 134 148 165 194 203 197 197 216 410 421 416 412 406 398 401 394 395 388 387 381 376 374 380 372 370 368 362 362 362 356 355 355 352 358 352 351 349 349 350 345 344 345 344 344 344 342 346 344 341 340 342 397 864 888 889 886 899 913 926 944 962 974 994 1004 1010 1017 1023 1031 1039 1046 1058 1067 1077 1078 1092 1108 1116 1133 1148 1161 1171 1230 1248 1153 1219 1199 1173 1150 1126 1107 1089 1067 1061 1030 1018 999 986 968 954 945 935 926 915 901 861 859 872 865 860 855 845 841 834 826 823 818 812 810 805 797 795 788 791 788 784 782 779 779 777 775 769 773 771 775 774 775 774 775 774 778 777 782 785 785 787 784 721 661 627 584 557 528 509 482 457 436 418 401 385 372 359 348 338 326 315 303 297 288 279 273 264 260 256 247 238 233 226 224 222 210 207 210 205 198 195 194 190 191 185 186 184 180 178 177 314 606 620 614 608 602 596 588 586 578 575 575 571 570 574 569 569 576 574 566 564 565 565 563 564 561 565 566 562 566 562 567 570 566 569 575 575 576 579 581 581 583 585 593 592 593 595 600 601
state 0.701065 -0.414805 -2.889893 
state 0.700941 -0.414834 -2.934528 
state 0.700691 -0.414880 -2.973958 
state 0.700548 -0.414902 -3.008340 
state 0.700620 -0.414893 -3.034837 
state 0.700548 -0.414900 -3.057864 
state 0.700711 -0.414888 -3.078210 
state 0.700747 -0.414886 -3.095244 
state 0.700801 -0.414884 -3.109596 
state 0.700765 -0.414885 -3.121898 
laser 271 271 44 42 38 54 46 41 42 54 61 59 66 66 59 54 60 54 49 55 71 92 87 112 96 145 131 123 109 148 158 165 189 207 195 196 219 400 407 407 409 413 409 407 409 409 407 408 406 406 407 407 404 404 407 403 404 417 867 953 956 960 966 969 970 980 982 985 993 993 1007 1020 1019 1031 1044 1050 1055 1070 1081 1094 1099 1133 1131 1151 1158 1178 1240 1273 1247 1225 1205 1172 1167 1140 1122 1101 1076 1066 1039 1023 1013 1005 990 983 964 952 917 918 929 921 911 906 898 890 880 877 871 863 855 853 851 842 839 836 834 828 826 822 820 813 814 817 810 814 809 808 810 806 810 807 809 812 813 813 815 815 799 696 639 589 554 513 479 452 423 400 381 365 343 321 307 294 276 270 257 251 237 223 217 211 204 199 195 189 185 177 171 167 167 164 160 161 322 711 717 703 691 680 665 657 652 643 634 628 618 612 603 597 586 581 575 572 564 559 554 551 547 539 535 534 531 533 534 532 530 528 527 523 514 520 525 519 517 519 518 519 521 521 522 519 517 518 523 525 523 524 528 529 529 531 532 531 535 540 542 546 550 548 547 556 566 568 574 579 585 589 598 604 614 621 628 639 646 655 663 679 688 702 714 728 741 752
state 0.700511 -0.414888 -3.131362 
state 0.700330 -0.414890 -3.139248 
state 0.700221 -0.414890 -3.146818 
state 0.699949 -0.414887 -3.152654 
state 0.697863 -0.414859 -3.154389 
state 0.695433 -0.414833 -3.152811 
state 0.692894 -0.414798 -3.156281 
state 0.689430 -0.414750 -3.154862 
state 0.684968 -0.414693 -3.153600 
state 0.679582 -0.414636 -3.150603 
laser 271 271 39 45 39 39 39 53 48 58 64 63 62 64 60 52 61 58 43 61 44 110 104 133 110 105 105 120 119 135 182 161 183 204 195 201 204 390 420 423 419 417 417 420 422 417 416 418 419 416 411 417 495 955 965 971 976 984 985 989 998 1002 1008 1008 1020 1024 1035 1039 1051 1066 1067 1088 1100 1109 1121 1132 1141 1155 1181 1179 1265 1287 1258 1226 1211 1184 1162 1151 1132 1104 1082 1072 1057 1044 1025 1012 1000 988 977 956 922 932 935 926 918 910 905 890 881 878 878 869 863 856 853 851 842 841 838 836 829 825 822 822 821 820 818 813 816 812 815 813 810 814 814 816 813 808 813 823 752 670 612 568 527 490 462 428 404 382 362 343 321 307 285 274 266 251 238 226 219 209 201 203 190 183 174 171 175 168 167 159 159 175 628 757 742 730 718 706 692 681 668 656 649 639 633 624 617 606 601 593 586 578 571 563 558 559 548 544 538 537 531 530 528 526 524 524 525 518 522 518 515 516 514 510 513 512 515 511 512 510 509 512 506 510 513 515 517 513 512 514 520 520 523 523 525 527 530 533 536 536 542 543 549 551 556 562 567 573 578 586 592 595 604 616 623 630 641 648 662 672 683 695 708 722 734 748 754 764 761 776
state 0.669987 -0.414574 -3.146030 
state 0.663367 -0.414551 -3.144610 
state 0.655912 -0.414531 -3.144452 
state 0.647823 -0.414499 -3.146660 
state 0.639371 -0.414442 -3.150446 
state 0.630611 -0.414339 -3.156597 
state 0.621743 -0.414180 -3.162432 
state 0.612749 -0.413973 -3.166849 
state 0.603357 -0.413714 -3.171265 
state 0.594093 -0.413439 -3.170792 
laser 271 271 45 38 27 40 52 45 49 54 61 63 62 63 59 55 62 53 50 48 76 76 119 163 96 102 114 154 133 155 169 161 193 205 194 196 220 406 419 420 418 416 418 416 515 954 957 960 954 959 963 964 966 967 969 973 978 981 991 991 1001 1007 1007 1020 1027 1026 1040 1043 1056 1064 1069 1084 1100 1110 1123 1127 1140 1150 1236 1258 1226 1202 1172 1160 1124 1109 1101 1069 1042 1032 1016 1002 977 971 948 936 930 903 877 882 886 878 867 859 853 841 834 829 828 816 810 807 798 795 793 789 784 776 776 771 769 766 764 761 758 756 755 755 749 753 750 752 753 753 747 748 752 758 756 755 747 644 595 549 503 469 441 411 386 361 343 324 316 295 286 269 262 247 242 230 222 215 202 198 185 183 180 170 170 163 161 158 154 147 144 144 144 133 138 131 130 127 128 125 120 117 121 116 115 112 113 111 108 135 359 543 561 554 543 542 538 531 527 527 521 517 512 512 509 507 502 504 510 511 504 510 510 506 505 502 504 497 499 499 505 504 506 505 507 508 505 509 509 513 514 515 518 523 526 525 526 535 529 535 541 547 549 554 560 562 565 571 580 589 593 601 612 622 631 639 647 659 670 682 695 710 723 740 752 774 782 800
state 0.585009 -0.413192 -3.166849 
state 0.575780 -0.412977 -3.163221 
state 0.566423 -0.412789 -3.160382 
state 0.556865 -0.412625 -3.157070 
state 0.547489 -0.412503 -3.152181 
state 0.538348 -0.412425 -3.148080 
state 0.529062 -0.412379 -3.145556 
state 0.519539 -0.412341 -3.146030 
state 0.509999 -0.412290 -3.147922 
state 0.500132 -0.412218 -3.149499 
laser 271 271 47 44 43 51 34 41 56 57 63 62 63 63 62 56 67 58 47 57 83 85 101 106 126 132 115 129 133 133 146 181 192 208 197 191 176 957 965 964 965 959 959 962 962 967 970 970 970 971 970 977 976 979 977 983 989 998 1000 1004 1013 1015 1018 1031 1032 1039 1047 1060 1068 1078 1090 1098 1111 1130 1230 1204 1170 1144 1114 1097 1079 1054 1026 1003 970 959 949 929 916 899 885 869 858 810 804 809 807 806 792 786 776 768 757 751 746 737 731 726 720 716 711 703 703 693 689 693 686 682 682 675 675 671 669 668 669 665 663 661 660 659 659 663 660 658 657 662 663 661 661 665 663 587 530 487 452 425 397 372 349 332 312 297 278 272 257 251 236 224 221 212 209 201 197 189 176 170 173 171 167 162 156 151 144 145 145 140 140 140 132 129 130 128 127 122 119 123 116 114 112 110 105 104 105 107 104 104 100 102 100 98 97 91 95 97 97 93 92 93 95 93 96 90 90 90 92 90 93 89 84 90 91 89 88 88 89 87 90 88 89 88 83 85 86 89 87 88 89 89 88 94 89 90 92 90 95 94 92 93 92 99 91 188 249 553 569 578 587 596 601 614 619 629 640 653 660 675 689 701 717 732 744 763
state 0.490211 -0.412136 -3.149973 
state 0.480490 -0.412055 -3.150288 
state 0.471004 -0.411960 -3.152969 
state 0.461501 -0.411848 -3.153600 
state 0.451979 -0.411738 -3.152181 
state 0.442675 -0.411650 -3.150130 
state 0.433407 -0.411573 -3.149342 
state 0.423975 -0.411514 -3.146187 
state 0.414544 -0.411477 -3.145241 
state 0.405221 -0.411440 -3.145872 
laser 271 271 40 38 47 34 48 48 49 60 65 62 60 64 57 53 60 50 52 44 83 89 151 114 136 109 124 122 122 131 151 156 194 198 197 199 180 965 976 972 971 963 967 964 975 975 978 980 977 980 981 987 984 987 993 999 1001 1005 1012 1011 1022 1022 1032 1037 1051 1051 1061 1071 1088 1192 1169 1131 1103 1070 1048 1024 1002 985 948 915 899 881 866 847 831 815 800 761 735 735 748 742 728 714 709 697 689 681 672 668 662 650 645 643 634 629 629 622 615 609 608 605 600 595 591 589 588 582 574 575 580 573 575 572 571 570 570 567 569 567 569 567 569 566 565 566 569 566 571 571 567 503 449 415 393 366 336 313 294 288 269 259 246 235 220 217 208 201 196 186 182 179 174 165 159 157 157 152 146 143 139 138 140 133 131 130 123 124 125 120 118 115 115 110 111 112 110 108 108 106 104 98 101 97 99 103 98 100 97 96 96 90 94 91 92 87 88 95 93 89 88 88 93 88 88 81 82 85 91 87 88 87 86 88 86 84 87 90 85 88 88 86 85 87 83 85 87 89 87 89 88 88 88 91 90 88 89 89 91 88 93 92 94 91 93 95 96 96 99 100 100 101 103 104 101 103 111 108 110 108 111 109
state 0.391019 -0.411367 -3.147607 
state 0.381552 -0.411305 -3.148553 
state 0.372120 -0.411240 -3.148553 
state 0.363396 -0.411178 -3.148711 
state 0.355525 -0.411122 -3.149026 
state 0.347454 -0.411060 -3.149184 
state 0.340435 -0.411015 -3.146818 
state 0.334123 -0.410982 -3.146818 
state 0.328482 -0.410949 -3.148238 
state 0.323531 -0.410912 -3.149973 
laser 271 271 42 44 40 45 47 43 47 52 63 66 63 64 60 52 62 55 49 63 61 73 97 112 128 110 117 113 146 150 150 165 191 200 201 192 164 977 979 974 987 983 977 986 985 994 988 988 990 992 992 994 998 999 1000 1008 1013 1016 1021 1030 1049 1068 1071 1147 1148 1108 1066 1025 995 973 935 903 872 839 819 798 773 761 741 708 671 660 675 669 656 642 631 621 611 602 594 583 575 566 559 552 542 534 532 532 524 520 510 509 502 499 496 491 487 482 479 477 477 472 470 468 467 464 463 461 457 455 456 457 456 450 450 449 455 448 451 454 450 452 452 451 451 454 454 457 456 450 417 359 333 309 284 271 256 244 227 221 209 200 197 180 179 180 175 163 157 151 151 150 141 137 135 135 128 123 122 127 118 119 117 116 113 110 107 106 102 99 101 101 91 89 100 95 92 93 92 91 89 87 88 89 88 84 86 82 82 82 83 82 84 81 81 83 81 81 82 83 82 73 78 82 81 79 82 80 83 82 80 85 79 80 77 81 83 81 81 81 81 78 80 79 82 80 82 78 83 82 76 80 87 84 85 85 84 87 88 92 87 92 91 92 92 93 86 99 95 96 95 101 103 104 100 103 106 105 105 94
state 0.319141 -0.410871 -3.151865 
state 0.315441 -0.410835 -3.150288 
state 0.312340 -0.410810 -3.148869 
state 0.309819 -0.410795 -3.146187 
state 0.307642 -0.410786 -3.145556 
state 0.305901 -0.410778 -3.146187 
state 0.303997 -0.410788 -3.124580 
state 0.302528 -0.410825 -3.106757 
state 0.301224 -0.410892 -3.072690 
state 0.300212 -0.410982 -3.031683 
laser 271 271 48 36 39 39 49 46 52 56 57 62 64 63 58 56 62 55 51 46 71 83 103 126 100 102 125 127 118 149 146 164 195 206 193 192 4000 985 987 985 982 975 980 984 988 990 991 990 987 987 994 997 1000 1002 1006 1007 1016 1014 1026 1028 1044 1123 1156 1105 1061 1020 984 949 927 878 848 823 799 778 755 733 716 652 637 641 656 640 631 614 604 595 583 573 560 557 547 537 533 523 515 510 503 495 493 486 483 472 472 467 464 458 458 447 449 447 445 440 437 435 433 432 428 426 425 421 422 417 419 417 415 418 413 414 414 414 416 412 413 412 413 411 416 407 411 417 416 415 422 415 386 340 317 287 274 254 245 238 221 212 207 195 190 178 177 171 168 161 156 153 151 147 146 129 131 135 131 124 126 119 119 119 113 112 111 110 111 104 104 101 100 98 100 98 97 93 95 94 94 94 93 93 86 81 83 89 86 85 87 84 84 80 83 84 82 82 82 83 82 81 84 80 81 82 82 80 79 80 81 83 81 81 82 75 80 84 82 81 78 82 81 81 81 81 82 80 81 85 83 84 85 82 85 87 86 86 88 88 91 84 91 92 89 90 97 96 100 100 96 106 105 105 105 108 107 107 109 102
state 0.298831 -0.411189 -2.954558 
state 0.298176 -0.411334 -2.895413 
state 0.297461 -0.411537 -2.830275 
state 0.296573 -0.411855 -2.760879 
state 0.295810 -0.412193 -2.688012 
state 0.295187 -0.412527 -2.609626 
state 0.294699 -0.412840 -2.527927 
state 0.294297 -0.413150 -2.444020 
state 0.293868 -0.413541 -2.359167 
state 0.293524 -0.413914 -2.276838 
laser 271 271 47 40 39 31 42 45 54 57 60 59 60 63 59 51 63 58 49 53 57 87 114 93 105 112 107 113 112 144 164 157 191 204 196 189 191 1255 1149 1131 1130 1117 1101 1087 1077 1036 1022 1008 1003 989 984 987 983 966 962 961 955 952 944 940 937 934 929 927 922 923 922 918 918 919 925 917 918 914 913 910 910 915 922 915 914 920 923 923 925 935 938 945 1004 1011 1014 1024 1135 978 1056 1077 1030 983 944 910 878 847 827 779 755 734 712 691 668 649 637 621 559 554 553 561 561 546 535 528 521 509 501 492 488 480 472 467 463 455 451 443 437 434 427 420 417 414 402 402 403 397 395 391 388 383 380 380 378 375 371 371 369 365 363 360 362 359 357 355 351 353 353 349 354 348 348 342 339 344 349 347 348 347 346 347 346 346 350 354 350 352 352 356 360 356 358 364 365 366 365 368 371 373 378 381 366 342 331 327 308 303 297 288 279 272 270 263 257 252 247 245 237 235 229 227 225 217 215 216 209 208 206 203 201 199 187 190 196 190 186 184 186 184 183 182 181 178 179 176 176 175 172 175 176 172 170 171 169 167 168 174 170 168 165 164 163 170 168 167 165 167 167 166 166 167 165 169 165 165 165 158
state 0.293220 -0.414299 -2.194666 
state 0.292970 -0.414677 -2.118803 
state 0.292739 -0.415088 -2.047198 
state 0.292607 -0.415366 -1.982376 
state 0.292439 -0.415788 -1.923231 
state 0.292265 -0.416303 -1.867714 
state 0.292167 -0.416652 -1.819451 
state 0.292099 -0.416953 -1.776394 
state 0.292061 -0.417149 -1.738384 
state 0.292051 -0.417221 -1.705263 
laser 271 271 44 32 42 42 50 48 53 57 59 61 64 67 62 55 59 57 46 60 67 88 108 91 100 115 109 135 114 111 152 160 194 206 198 200 194 2648 1061 1015 973 923 877 836 801 768 739 717 690 673 651 627 608 592 574 558 543 520 503 487 471 458 458 1328 1317 1295 1257 1251 1228 1212 1188 1160 1131 1132 1110 1084 1102 1078 1054 1030 1040 1022 1019 997 986 972 925 917 908 904 893 882 879 870 865 860 874 881 885 890 897 901 901 904 899 896 897 893 884 881 886 883 883 883 879 880 878 877 880 877 880 878 880 881 881 882 885 885 888 892 892 897 897 902 909 910 910 927 1053 874 924 987 945 906 877 846 816 789 767 744 725 693 674 650 642 626 608 595 581 567 557 545 537 521 477 470 469 478 483 477 472 463 457 450 443 440 434 429 426 421 416 410 407 406 399 397 394 391 388 384 380 378 378 368 372 376 370 368 363 365 366 364 362 361 362 361 361 358 358 361 359 359 358 359 358 358 360 359 360 362 365 362 362 365 367 368 369 374 374 375 378 380 385 386 387 391 394 396 399 401 407 412 411 418 425 429 433 439 446 441 420 410 408 395 386 378 371 366 361 352 353 342 340 334 329 325 318 315 314 307 301 291
state 0.292027 -0.417419 -1.662836 
state 0.292026 -0.417437 -1.640282 
state 0.292013 -0.417672 -1.619936 
state 0.292002 -0.417908 -1.604953 
state 0.292002 -0.417926 -1.594386 
state 0.292001 -0.417962 -1.584923 
state 0.292000 -0.418071 -1.577352 
state 0.292000 -0.418089 -1.570886 
state 0.292003 -0.419014 -1.565050 
state 0.292015 -0.421934 -1.568362 
laser 271 271 43 47 32 52 57 50 50 61 60 61 62 66 60 54 65 57 50 57 82 124 93 94 141 114 105 108 108 142 153 164 194 205 198 199 172 1042 1043 1045 1044 1047 1044 1046 1048 1047 1050 1051 1059 1060 1052 1017 972 920 859 817 778 743 713 688 664 642 617 597 575 557 539 519 506 483 468 452 433 438 1411 1373 1332 1318 1267 1258 1178 1210 1155 1152 1140 1125 1107 1085 1065 1079 1078 1052 1053 1041 1029 1015 1010 1005 998 938 928 937 931 937 895 869 867 864 867 898 909 897 888 885 888 884 877 872 870 867 863 859 857 856 849 850 853 853 851 852 851 852 852 851 853 851 850 854 854 859 862 860 862 866 868 874 875 880 887 890 890 930 988 849 912 961 923 883 856 831 805 781 753 736 719 688 668 650 638 617 605 587 583 566 555 547 536 526 519 477 465 464 460 471 467 470 461 455 445 443 443 433 432 427 423 419 411 411 408 404 401 400 400 398 393 391 389 386 389 384 384 382 376 375 378 377 379 376 375 376 376 376 376 376 375 377 374 378 380 378 378 380 380 382 381 387 386 389 390 390 392 390 395 396 407 403 404 416 414 421 426 428 433 435 440 443 451 455 462 472 468 447 439 428 419 407 403 391 373 375 369 348
state 0.292027 -0.424365 -1.563630 
state 0.292048 -0.427775 -1.565523 
state 0.292072 -0.432200 -1.565208 
state 0.292096 -0.437351 -1.566785 
state 0.292119 -0.443754 -1.567889 
state 0.292133 -0.450755 -1.569466 
state 0.292140 -0.457974 -1.569782 
state 0.292158 -0.465991 -1.567258 
state 0.292204 -0.474570 -1.563946 
state 0.292281 -0.483439 -1.560949 
laser 271 271 47 43 35 47 72 45 55 60 61 59 61 65 57 54 64 53 50 52 87 81 75 98 129 129 115 124 122 135 158 163 191 206 198 198 178 1050 1046 1046 1043 1046 1046 1047 1044 1046 1046 1052 1053 1054 1027 975 912 849 807 760 724 690 659 636 615 586 562 544 528 500 476 462 437 418 412 1627 1599 1458 1369 1350 1317 1244 1230 1213 1163 1142 1166 1125 1115 1063 1073 1033 1023 1044 1029 1021 1009 1002 991 980 974 962 943 873 881 880 876 899 839 831 828 822 825 866 870 862 858 859 850 847 843 839 835 831 828 826 823 823 819 819 819 817 816 813 814 816 815 814 813 813 817 815 814 822 812 818 823 824 827 829 834 844 841 847 852 855 853 987 853 819 912 923 872 843 814 789 767 750 729 705 691 666 644 623 609 601 586 571 562 547 532 526 519 512 505 494 485 466 437 438 437 443 450 444 438 434 428 427 422 420 413 408 407 399 399 400 394 395 392 388 384 386 386 380 384 381 377 373 377 374 372 375 372 373 374 371 372 372 370 371 373 374 373 372 372 380 377 376 377 381 384 384 384 384 390 389 391 395 397 400 407 403 412 411 417 420 421 435 432 438 439 452 446 454 466 472 475 482 492 491 477 468 462 448 429 423
state 0.292442 -0.497222 -1.557795 
state 0.292558 -0.506436 -1.558426 
state 0.292666 -0.515722 -1.559687 
state 0.292760 -0.524971 -1.561580 
state 0.292834 -0.534403 -1.564104 
state 0.292887 -0.543780 -1.566154 
state 0.292927 -0.553229 -1.566312 
state 0.292962 -0.562679 -1.568362 
state 0.292966 -0.571966 -1.571832 
state 0.292948 -0.581415 -1.573882 
laser 271 271 40 39 45 27 27 42 54 53 62 57 57 60 58 50 63 53 51 54 54 120 121 104 105 118 116 128 143 125 156 165 190 200 195 193 187 1048 1052 1050 1051 1051 1049 1051 1053 1042 981 889 800 733 675 629 594 556 520 486 445 397 386 1938 1915 1904 1894 1874 1862 1856 1853 4000 4000 1541 1397 1307 1307 1263 1199 1183 1149 1107 1087 1060 1037 1039 1000 1013 984 964 950 935 941 923 921 913 911 896 896 808 791 797 796 802 811 749 752 744 742 735 775 789 784 780 773 766 762 758 757 752 747 745 742 735 737 731 731 732 728 726 727 725 723 722 723 723 725 727 726 722 725 725 725 725 729 728 728 732 733 733 740 739 744 749 751 755 758 763 760 868 849 731 742 844 805 778 756 731 711 691 673 658 639 624 614 601 581 563 555 541 533 523 516 502 496 487 479 472 467 459 453 449 444 434 432 427 423 407 377 376 378 375 381 393 393 390 389 387 383 382 382 379 376 374 371 375 371 369 367 366 366 365 366 368 366 367 362 364 365 365 366 368 367 370 367 368 369 372 373 370 374 378 379 381 382 384 383 389 391 391 395 399 402 404 409 409 410 414 425 428 432 439 444 449 452 459 465 469 477 481 493 500 510 516 523 525
state 0.292914 -0.590593 -1.574829 
state 0.292884 -0.599916 -1.572936 
state 0.292873 -0.609184 -1.570886 
state 0.292877 -0.618489 -1.569782 
state 0.292890 -0.627920 -1.568835 
state 0.292911 -0.637152 -1.568362 
state 0.292929 -0.646421 -1.569151 
state 0.292935 -0.655617 -1.571201 
state 0.292922 -0.664958 -1.572936 
state 0.292893 -0.674298 -1.574671 
laser 271 271 47 39 41 49 33 47 53 57 66 60 62 61 63 54 67 54 52 59 80 116 107 133 96 150 117 123 130 146 144 160 189 207 199 194 186 1066 1057 1058 998 761 642 515 436 2171 2135 2095 2075 2040 2028 2002 1973 1958 1942 1957 1900 1890 1879 1871 1848 1843 1822 4000 4000 1517 1287 1287 1211 1187 1118 1081 1041 1047 1016 982 970 950 932 930 912 887 865 847 844 827 812 796 784 745 723 709 702 689 679 671 658 657 645 641 635 629 626 622 612 609 605 600 595 592 589 587 586 585 580 588 593 601 607 617 622 626 630 633 637 637 634 633 633 635 633 635 636 635 639 636 634 637 638 639 643 639 641 640 639 644 648 655 657 658 661 664 669 671 674 682 697 840 718 649 652 738 717 695 678 660 642 629 613 596 585 575 561 551 536 530 528 510 495 489 479 470 462 455 449 443 438 431 427 421 414 411 410 401 399 393 392 389 386 383 381 375 372 371 367 369 360 339 331 339 339 347 358 355 357 356 357 353 358 355 357 353 354 355 356 356 355 356 358 358 357 359 354 363 366 365 367 366 370 369 372 378 377 379 382 384 388 388 393 397 399 402 406 408 416 418 420 427 434 437 443 445 453 458 469 473 482 489 501 507 511 518
state 0.292858 -0.683712 -1.574198 
state 0.292829 -0.692944 -1.573725 
state 0.292803 -0.702267 -1.573094 
state 0.292786 -0.711626 -1.572463 
state 0.292775 -0.720749 -1.571043 
state 0.292777 -0.730163 -1.570570 
state 0.292775 -0.739485 -1.571516 
state 0.292765 -0.748627 -1.572147 
state 0.292741 -0.757804 -1.574671 
state 0.292703 -0.767055 -1.574671 
laser 271 271 48 36 31 35 51 55 54 60 59 55 61 63 60 55 62 61 51 62 69 108 90 125 121 139 113 128 128 128 149 159 191 202 199 200 199 1756 4000 4000 4000 4000 2150 2144 2093 2065 2035 2006 1984 1964 1943 1938 1912 1884 1875 1855 1837 1822 1807 4000 4000 4000 1259 1205 1174 1083 1076 1019 982 982 940 899 890 871 847 835 824 805 776 763 753 735 698 665 644 639 630 627 612 600 592 584 571 567 555 553 547 543 537 526 523 525 523 526 524 526 536 544 547 547 552 554 555 557 558 558 560 553 554 551 550 550 550 548 545 544 543 544 544 537 541 546 541 545 540 542 543 548 546 549 548 548 550 547 552 551 556 560 562 560 566 571 571 576 581 583 588 585 593 724 727 582 561 562 642 633 615 600 583 570 560 546 538 524 518 506 497 487 479 472 467 462 455 455 437 428 420 413 410 407 398 396 387 390 385 382 379 372 371 368 367 365 362 358 357 355 353 352 352 349 351 353 347 345 347 341 337 339 347 344 335 335 331 319 306 315 320 335 348 345 348 348 349 351 354 354 358 356 357 359 360 364 368 369 369 365 374 380 380 385 390 392 395 398 404 410 414 419 423 428 433 443 442 449 458 466 472 479 489 496 500 506
state 0.292656 -0.780785 -1.574513 
state 0.292620 -0.789981 -1.574986 
state 0.292587 -0.798977 -1.573409 
state 0.292573 -0.808100 -1.571674 
state 0.292566 -0.817151 -1.571516 
state 0.292557 -0.826165 -1.572305 
state 0.292538 -0.835125 -1.573567 
state 0.292506 -0.844031 -1.574986 
state 0.292472 -0.853063 -1.573725 
state 0.292445 -0.862132 -1.574040 
laser 271 271 46 35 31 58 55 48 52 59 66 60 61 61 62 53 67 59 51 49 63 108 87 87 91 108 108 124 134 154 162 161 194 201 198 197 193 264 4000 2169 2151 2102 2067 2044 2016 1982 1961 1940 1935 1893 1873 1855 1849 1824 1805 1772 1548 1320 1320 1096 1107 1046 970 971 933 895 861 836 804 801 768 756 740 712 684 635 600 587 579 566 553 545 529 529 517 504 501 491 484 479 466 460 456 447 443 441 437 426 423 424 423 415 410 405 403 400 397 393 387 385 387 383 384 381 380 380 381 381 378 376 376 379 377 373 376 378 373 371 365 371 372 386 385 388 388 396 404 410 419 431 438 444 448 451 454 435 411 396 400 400 408 411 425 431 442 453 468 493 499 504 503 507 585 630 615 489 473 476 540 549 532 524 510 503 492 483 474 464 458 454 449 440 434 426 419 409 414 405 404 399 395 393 391 385 370 367 362 358 361 357 357 354 350 350 344 346 344 342 342 337 338 338 337 336 334 330 333 333 330 331 332 331 331 332 331 323 330 338 335 333 336 333 338 339 342 336 333 336 333 337 321 320 338 355 359 359 363 366 370 373 378 382 386 386 389 395 402 407 411 419 423 427 432 444 446 454 461 470 475 484 492 489
state 0.292415 -0.871346 -1.574040 
state 0.292389 -0.880288 -1.572936 
state 0.292377 -0.889194 -1.571832 
state 0.292368 -0.897972 -1.571832 
state 0.292352 -0.906279 -1.573725 
state 0.292324 -0.913861 -1.574986 
state 0.292297 -0.921515 -1.573725 
state 0.292274 -0.928425 -1.574829 
state 0.292257 -0.934411 -1.572620 
state 0.292243 -0.939816 -1.574198 
laser 271 271 43 38 46 36 45 50 49 59 65 64 65 65 60 54 65 52 53 64 79 93 130 130 113 101 122 101 139 127 176 164 191 200 197 195 191 2078 2084 2063 2030 1992 1968 1949 1936 1901 1874 1850 1827 1810 1809 4000 1168 4000 4000 965 894 897 791 798 750 720 704 672 617 551 532 516 505 502 470 459 446 428 418 406 401 390 385 377 367 362 351 348 339 331 333 326 319 319 307 308 306 298 293 290 296 287 287 282 278 271 275 271 272 265 267 268 263 260 261 259 257 249 253 256 254 255 255 253 254 253 256 259 254 254 251 250 242 253 245 245 250 253 250 255 257 253 251 252 252 248 244 249 249 251 251 254 251 255 253 253 262 262 264 272 271 270 283 277 286 293 300 360 384 390 387 380 410 503 497 488 454 370 376 374 415 442 437 425 421 416 407 403 398 391 387 386 378 373 372 366 366 361 358 357 353 350 346 344 338 336 339 342 338 338 335 340 338 339 324 328 327 321 320 318 317 312 321 316 317 313 320 317 315 317 319 321 318 315 318 318 326 325 323 329 328 331 331 334 336 338 340 339 344 346 350 351 353 358 360 365 369 365 369 370 379 383 363 377 402 413 415 424 432 437 443 451 459 467 474 469
state 0.292221 -0.946672 -1.574829 
state 0.292202 -0.950444 -1.576090 
state 0.292181 -0.953963 -1.577668 
state 0.292163 -0.956629 -1.577194 
state 0.292149 -0.959241 -1.575302 
state 0.292142 -0.961182 -1.572936 
state 0.292140 -0.962814 -1.571674 
state 0.292149 -0.964102 -1.549120 
state 0.292171 -0.964827 -1.533348 
state 0.292206 -0.965479 -1.499596 
laser 271 271 48 43 40 40 49 47 45 59 61 62 65 64 59 54 63 58 46 59 79 91 104 103 101 101 101 128 132 147 132 166 192 207 195 193 188 1995 2063 2022 1995 1970 1946 1937 1916 1868 1844 1824 1798 1786 1176 4000 4000 4000 906 818 815 771 724 710 676 558 520 496 502 475 468 451 422 411 415 379 393 369 355 351 333 342 323 312 306 308 306 291 297 287 282 275 268 268 267 264 259 257 253 244 250 251 244 242 245 241 240 240 236 233 228 229 228 224 227 227 224 221 220 221 220 222 221 220 223 222 224 222 216 217 222 216 212 214 215 216 217 215 217 220 221 222 218 220 220 217 218 216 218 219 217 211 218 223 224 221 224 223 226 230 235 234 236 233 238 244 244 240 249 249 256 251 257 264 270 269 269 269 278 289 292 297 304 321 402 409 397 396 390 386 377 377 377 367 368 362 363 355 354 353 349 346 343 341 340 337 333 335 332 333 331 329 329 326 328 326 326 323 330 318 320 316 318 318 317 312 316 315 315 315 317 320 319 318 320 323 321 320 324 324 327 327 328 329 333 335 339 331 339 343 345 346 349 356 357 360 363 367 371 374 381 384 384 387 389 396 393 385 421 428 435 442 453 453 459 455
state 0.292252 -0.965985 -1.460797 
state 0.292303 -0.966381 -1.412220 
state 0.292374 -0.966755 -1.357491 
state 0.292391 -0.966825 -1.297242 
state 0.292402 -0.966860 -1.232262 
state 0.292381 -0.966809 -1.162392 
state 0.292336 -0.966711 -1.087002 
state 0.292362 -0.966758 -1.008931 
state 0.292321 -0.966698 -0.928179 
state 0.292369 -0.966753 -0.845849 
laser 271 271 40 40 39 33 44 41 51 56 62 62 64 67 60 55 61 58 48 62 47 110 125 132 132 110 119 129 133 134 162 162 186 200 197 196 195 757 844 879 923 962 1011 1155 1448 1457 1474 2808 2733 4000 4000 1738 3040 3219 3177 3279 4000 4000 4000 2187 2130 2081 2037 2014 1984 1936 1907 1895 1885 1858 1824 1804 1784 1755 1735 1735 4000 4000 4000 865 766 736 716 673 660 582 466 455 440 436 413 397 389 364 337 346 346 332 332 318 304 294 280 286 275 250 268 248 240 241 224 221 217 224 222 213 207 206 207 206 203 195 195 199 194 198 191 188 186 192 184 188 178 177 180 180 175 179 177 175 175 171 173 173 173 170 169 170 169 171 162 168 172 174 175 173 172 173 175 168 163 169 174 174 174 172 171 174 170 169 166 167 169 169 169 169 167 167 170 170 162 167 171 175 172 177 178 180 177 178 178 178 188 182 184 182 188 185 194 195 196 193 194 204 204 212 209 210 216 211 230 232 227 228 234 259 245 255 267 283 289 279 287 305 312 324 341 423 429 426 421 416 415 414 413 410 408 400 407 397 396 405 400 398 397 398 394 396 394 393 395 396 395 398 394 397 399 398 392 394 391 393 389 390 389 389 393 393 387 391 391 389
state 0.292609 -0.967000 -0.763047 
state 0.292935 -0.967288 -0.680402 
state 0.293285 -0.967548 -0.598703 
state 0.293714 -0.967818 -0.523313 
state 0.294339 -0.968150 -0.452812 
state 0.294968 -0.968432 -0.384993 
state 0.295513 -0.968632 -0.324429 
state 0.296172 -0.968832 -0.268596 
state 0.296947 -0.969023 -0.217495 
state 0.297694 -0.969172 -0.173334 
laser 271 271 49 36 35 33 59 47 50 54 61 64 61 62 64 49 64 56 53 60 74 80 96 124 126 90 119 130 127 118 172 156 192 196 193 199 194 1474 1392 1391 1400 1413 1434 1446 1460 1469 1480 1505 1520 1543 1565 1586 1618 455 459 462 467 473 477 483 491 490 494 507 518 524 533 547 557 568 579 596 614 630 649 667 691 714 733 756 786 811 843 869 903 955 1200 1328 1337 1353 1370 2564 4000 4000 4000 4000 4000 4000 4000 4000 4000 4000 2033 1975 1991 1983 1974 1939 1901 1858 1839 1810 1792 1766 1745 1715 1699 1674 1650 1631 1615 1615 4000 1184 1076 1018 953 890 844 803 763 731 689 644 595 550 414 370 358 338 330 322 322 305 281 288 285 270 253 261 248 240 231 238 229 220 223 219 210 202 209 201 205 196 195 191 189 188 187 184 184 184 187 179 177 171 170 171 175 173 174 176 168 168 168 169 165 166 167 164 165 167 167 163 163 169 166 166 167 172 171 172 169 163 162 154 162 162 166 168 169 173 171 173 170 168 165 165 165 165 167 165 164 164 163 170 168 170 171 173 173 171 167 173 176 182 181 180 183 189 185 186 190 191 197 196 193 194 203 199 211 212 210 212 205 223 230 223 229 233 244 232 246 280 283 276 294 295 299 312 270 225
state 0.298807 -0.969333 -0.117501 
state 0.299456 -0.969399 -0.086903 
state 0.299981 -0.969439 -0.060564 
state 0.300434 -0.969461 -0.039903 
state 0.301068 -0.969481 -0.023027 
state 0.301576 -0.969489 -0.009148 
state 0.302048 -0.969491 0.001893 
state 0.302429 -0.969488 0.009936 
state 0.302610 -0.969486 0.015614 
state 0.302755 -0.969483 0.020346 
laser 271 271 46 43 32 39 42 44 52 57 61 61 64 66 60 52 62 58 49 45 66 113 116 98 153 94 119 143 135 137 149 154 195 204 198 196 194 850 877 878 874 875 875 881 882 880 882 885 1211 1302 1312 1319 1328 1332 1338 1349 1355 1362 1375 1391 1399 1413 1425 1437 1453 1477 1500 395 416 421 421 424 430 435 436 445 449 450 458 466 472 482 491 499 510 521 531 544 557 570 588 602 624 644 662 683 704 729 758 785 814 840 882 964 1248 1266 1293 1315 1333 1605 1553 1559 1512 1529 1449 1454 1452 1428 1394 1370 1355 1356 1293 1299 1304 1290 1284 1243 1262 1253 1262 1241 1237 1228 1236 1246 1171 1217 1196 1216 1210 1143 1043 988 935 884 841 800 759 722 697 665 644 621 600 579 562 543 469 330 323 314 308 298 294 291 286 264 258 254 246 247 239 242 238 229 227 221 219 212 212 210 205 209 207 204 202 199 201 196 197 193 191 183 185 185 187 182 185 185 183 185 183 180 185 181 181 178 180 181 184 185 186 181 185 181 187 181 182 174 182 177 177 176 186 187 187 182 182 184 184 179 180 182 180 183 183 183 185 185 187 186 188 189 192 189 196 195 194 198 200 204 199 196 203 209 212 215 213 214 212 214 224 221 234 229 223 234 247 241 214 149
state 0.302936 -0.969479 0.025077 
state 0.303063 -0.969476 0.029020 
state 0.303335 -0.969467 0.033594 
state 0.303498 -0.969461 0.036906 
state 0.303661 -0.969455 0.040849 
state 0.303861 -0.969447 0.043846 
state 0.303988 -0.969441 0.046527 
state 0.304133 -0.969434 0.049682 
state 0.304259 -0.969428 0.051732 
state 0.304277 -0.969427 0.053467 
laser 271 271 45 41 35 34 32 38 55 60 63 61 62 66 59 52 67 56 52 62 78 93 88 110 105 115 110 124 136 127 140 163 191 201 195 191 203 387 414 383 362 388 550 805 869 869 874 872 878 882 1013 1294 1306 1312 1322 1319 1331 1336 1347 1357 1367 1376 1387 1399 1416 1423 1442 1460 1486 384 407 410 416 416 425 429 433 434 441 445 451 459 464 472 478 487 498 509 519 530 538 557 574 585 600 621 640 667 687 711 734 758 789 816 848 895 1064 1247 1269 1297 1310 1310 1506 1536 1516 1455 1433 1443 1395 1359 1378 1326 1283 1272 1261 1261 1249 1255 1235 1235 1231 1204 1208 1252 1210 1180 1212 1206 1187 1196 1231 1167 1179 1161 1145 1042 984 925 880 833 793 758 722 689 662 638 623 596 576 560 541 527 394 320 318 309 296 295 291 286 278 266 258 271 243 242 241 238 233 227 229 220 220 213 213 214 207 206 212 205 203 200 201 194 196 198 192 190 191 186 185 191 186 189 186 185 180 180 186 183 186 184 180 182 183 188 186 190 189 180 187 174 176 179 179 182 186 195 189 188 190 187 186 186 187 184 183 184 187 187 185 187 183 185 195 189 191 193 193 194 196 205 207 200 207 207 207 206 215 215 214 215 222 224 221 213 225 247 243 237 201 189
state 0.304332 -0.969424 0.054886 
state 0.304386 -0.969421 0.055675 
state 0.304422 -0.969419 0.056306 
state 0.304459 -0.969417 0.056621 
state 0.304477 -0.969416 0.057410 
state 0.304495 -0.969414 0.057883 
state 0.304531 -0.969412 0.058514 
state 0.304567 -0.969410 0.059460 
state 0.304585 -0.969409 0.060249 
state 0.304622 -0.969407 0.061195 
laser 271 271 43 40 37 56 45 48 51 58 63 62 61 66 61 52 60 57 50 49 62 89 93 99 85 121 111 119 128 162 157 170 191 204 197 200 197 822 873 872 872 871 869 869 872 871 868 872 874 869 876 1260 1318 283 344 237 1328 1327 1336 1348 1357 1365 1382 1394 1405 1412 1430 1448 1465 1639 403 406 412 414 417 423 428 431 433 437 447 452 455 466 473 481 488 500 512 519 531 544 560 573 593 610 630 649 668 694 715 738 765 794 823 859 918 1162 1246 1276 1303 1321 1469 1506 1510 1477 1448 1409 1383 1375 1367 1341 1284 1280 1246 1286 1247 1254 1233 1254 1233 1256 1247 1222 1214 1212 1208 1190 1220 1204 1197 1188 1199 1186 1179 1112 1022 964 914 864 816 780 746 714 686 657 636 611 590 570 551 536 514 370 323 315 307 302 295 290 287 272 267 249 244 247 240 243 229 233 230 229 223 225 212 205 211 207 202 207 207 204 203 196 197 192 190 187 191 190 191 189 191 191 189 187 184 185 182 185 184 185 186 186 189 185 193 183 187 188 182 184 178 179 185 179 187 189 194 190 189 187 188 184 187 184 184 184 184 188 186 188 189 188 192 190 190 194 192 197 198 201 203 195 199 198 203 210 208 217 218 216 214 208 216 214 217 241 233 200 194 163
state 0.304622 -0.969407 0.062772 
state 0.304640 -0.969406 0.063561 
state 0.304622 -0.969407 0.064034 
state 0.304567 -0.969410 0.064823 
state 0.304549 -0.969412 0.064980 
state 0.304531 -0.969413 0.065138 
state 0.304495 -0.969415 0.065454 
state 0.304477 -0.969416 0.065611 
state 0.304459 -0.969418 0.065769 
state 0.304459 -0.969418 0.065769 
laser 271 271 45 40 36 35 68 44 51 50 56 60 66 63 58 56 61 60 44 58 71 123 89 117 104 128 133 128 115 136 165 163 194 205 198 195 195 827 872 869 867 875 871 875 872 869 872 868 869 873 879 1040 1295 1302 1306 1315 1324 1341 268 322 1416 1364 1376 1385 1399 1408 1426 1444 1454 1498 392 406 405 413 419 422 424 426 430 436 443 451 454 462 470 479 483 494 508 520 529 539 553 566 582 602 619 636 655 676 700 724 759 780 809 843 888 995 1241 1264 1292 1312 1374 1472 1473 1454 1439 1393 1376 1385 1346 1331 1277 1278 1274 1267 1245 1231 1230 1277 1226 1195 1245 1213 1216 1210 1212 1187 1199 1200 1203 1186 1153 1159 1180 1132 1045 988 934 877 840 795 764 728 696 670 641 618 596 580 562 544 531 471 335 321 312 303 293 281 292 285 266 259 249 247 246 239 244 239 229 229 225 223 224 211 205 212 209 206 201 204 205 200 195 199 196 198 191 193 187 191 192 189 188 185 184 186 181 183 183 185 186 184 186 181 185 193 194 190 190 180 184 185 180 187 186 187 191 188 190 187 189 183 186 188 185 185 186 186 188 188 189 187 185 189 192 193 192 195 203 199 203 201 203 206 204 210 209 214 213 220 209 219 220 220 216 246 241 235 209 179
state 0.304459 -0.969418 0.065769 
state 0.304459 -0.969418 0.065769 
state 0.304459 -0.969418 0.065769 
state 0.304459 -0.969418 0.065769 
state 0.304459 -0.969418 0.065769 
state 0.304459 -0.969418 0.065769 
state 0.304459 -0.969418 0.065769 
state 0.304459 -0.969418 0.065769 
state 0.304459 -0.969418 0.065769 
state 0.304459 -0.969418 0.065769 
laser 271 271 50 37 35 40 45 42 53 58 63 61 63 67 59 52 63 56 43 54 54 72 103 107 118 145 128 99 130 128 141 170 193 202 199 193 197 835 874 871 872 872 872 872 868 865 871 870 871 870 872 1020 1297 1304 1306 2861 340 277 1336 1338 1351 1359 1369 1383 1397 1412 1429 1438 1454 1491 387 405 408 413 416 416 422 428 430 433 438 450 454 460 470 477 486 495 504 514 526 535 554 566 582 598 617 637 660 682 704 727 751 775 809 837 885 1012 1239 1262 1299 1307 1358 1476 1472 1459 1424 1424 1375 1386 1373 1327 1310 1278 1298 1281 1267 1253 1220 1270 1209 1239 1251 1236 1219 1192 1157 1213 1160 1196 1186 1174 1148 1186 1191 1137 1040 989 936 883 833 792 753 722 698 669 646 621 598 580 563 545 531 471 331 319 307 296 288 285 291 284 264 279 247 249 246 246 235 231 231 229 225 229 217 211 217 211 209 210 200 205 197 199 199 197 191 189 192 188 191 188 188 188 188 187 184 182 185 183 184 184 182 184 183 188 194 187 191 189 192 182 179 180 181 177 184 188 195 189 189 188 190 185 186 185 186 185 187 187 186 187 188 189 189 189 193 192 200 197 197 206 203 202 199 203 209 209 209 213 219 209 222 212 217 221 216 220 223 229 213 174
state 0.304459 -0.969418 0.065769 
state 0.304459 -0.969418 0.065769 
state 0.304459 -0.969418 0.065769 
state 0.304459 -0.969418 0.065769 
state 0.304459 -0.969418 0.065769 
state 0.304459 -0.969418 0.065769 
state 0.304459 -0.969418 0.065769 
state 0.304459 -0.969418 0.065769 
state 0.304459 -0.969418 0.065769 
state 0.304459 -0.969418 0.065769 
laser 271 271 46 43 35 36 48 52 53 58 62 53 59 69 60 55 66 59 48 55 67 89 104 96 109 97 127 118 138 141 154 158 192 202 196 196 196 832 873 873 865 865 873 872 872 871 872 874 873 872 838 428 327 1364 1308 1315 1320 1331 1329 1341 1341 1362 1368 1386 1400 1407 1425 1443 1458 1483 386 399 403 413 414 422 424 428 431 437 441 450 452 459 469 477 486 495 504 516 527 537 552 564 581 601 617 636 656 677 701 729 754 781 811 844 887 1011 1250 1263 1290 1308 1308 1482 1473 1450 1453 1418 1379 1350 1334 1310 1287 1284 1264 1260 1238 1236 1223 1264 1219 1199 1224 1207 1236 1191 1189 1163 1176 1148 1170 1192 1153 1172 1191 1119 1042 991 938 882 834 797 761 726 698 670 644 619 600 583 562 542 531 472 337 319 314 297 289 290 289 289 269 262 249 260 248 238 238 237 237 224 222 222 223 214 204 211 215 204 205 196 204 201 198 198 199 194 193 190 190 188 186 189 188 188 180 184 185 186 185 185 185 185 185 179 187 192 193 185 188 174 175 181 181 183 185 186 185 192 190 189 190 187 185 187 185 187 186 186 188 188 190 190 188 187 188 193 194 192 200 203 205 201 207 203 202 209 218 215 215 217 216 220 218 214 218 243 245 228 189 168
state 0.304459 -0.969418 0.065769 
state 0.304459 -0.969418 0.065769 
state 0.304459 -0.969418 0.065769 
state 0.304459 -0.969418 0.065769 
state 0.304459 -0.969418 0.065769 
state 0.304459 -0.969418 0.065769 
state 0.304459 -0.969418 0.065769 
state 0.304459 -0.969418 0.065769 
state 0.304459 -0.969418 0.065769 
state 0.304459 -0.969418 0.065769 
laser 271 271 54 39 33 37 53 54 52 55 62 63 62 64 59 54 60 54 43 52 43 106 114 118 106 121 113 140 121 136 159 168 192 204 199 196 191 834 872 875 872 870 870 874 872 871 869 872 864 869 878 1015 1296 1302 1301 1328 354 2965 1331 1346 1346 1368 1377 1387 1398 1412 1420 1441 1455 1492 385 408 410 412 416 420 426 425 425 434 443 447 452 460 469 475 482 492 505 517 525 538 552 566 584 599 621 637 659 682 707 726 754 778 811 838 882 1003 1245 1268 1295 1314 1314 1453 1459 1427 1426 1396 1373 1397 1325 1301 1281 1266 1276 1293 1244 1214 1240 1231 1254 1210 1248 1206 1222 1232 1176 1183 1204 1155 1215 1186 1149 1152 1168 1156 1045 994 932 884 839 793 759 727 700 671 647 623 598 576 562 546 529 474 334 318 308 301 293 286 287 288 272 256 251 252 247 244 235 236 230 225 227 222 218 216 210 206 212 208 204 200 201 201 191 197 198 197 195 194 192 184 190 189 186 186 187 182 184 182 184 184 185 184 189 189 189 190 192 187 188 184 177 175 174 181 184 187 187 187 187 188 186 187 186 185 186 183 184 187 187 186 187 186 190 190 190 195 191 199 196 202 193 194 208 205 203 208 213 217 208 212 218 215 210 213 216 247 244 246 177 151
state 0.304459 -0.969418 0.065769 
state 0.304459 -0.969418 0.065769 
state 0.304459 -0.969418 0.065769 
state 0.304459 -0.969418 0.065769 
state 0.304459 -0.969418 0.065769 
state 0.304459 -0.969418 0.065769 
state 0.304459 -0.969418 0.065769 
state 0.304459 -0.969418 0.065769 
state 0.304459 -0.969418 0.065769 
state 0.304459 -0.969418 0.065769 
laser 271 271 42 36 38 42 45 51 53 54 59 63 61 65 61 51 63 57 47 51 74 117 99 107 98 114 125 129 130 141 167 160 192 201 197 194 193 835 872 872 875 872 872 873 870 868 868 869 872 875 876 1019 1299 1298 1310 1316 1320 1329 1333 1339 1353 3038 336 1383 1395 1412 1425 1441 1452 1489 387 404 411 409 416 420 426 427 434 437 443 449 452 460 469 470 482 494 504 514 524 540 550 564 582 598 620 637 659 682 705 728 753 780 805 839 885 1014 1246 1265 1289 1319 1335 1472 1456 1452 1423 1392 1365 1350 1333 1286 1272 1262 1272 1261 1242 1230 1213 1233 1224 1221 1224 1223 1209 1173 1182 1176 1167 1196 1172 1159 1173 1179 1156 1160 1053 984 935 884 838 796 758 727 699 668 646 623 600 582 562 545 529 474 333 317 309 298 287 288 295 287 263 259 250 247 240 247 240 238 226 225 221 220 213 211 213 216 209 208 201 200 210 205 197 200 194 200 195 192 188 185 185 185 192 187 185 184 186 186 183 184 186 186 184 183 186 187 193 193 183 188 181 183 173 185 192 191 196 188 186 182 183 188 185 184 186 186 187 186 189 190 191 192 193 188 191 192 193 196 203 202 206 201 207 205 208 209 210 214 208 217 211 214 220 227 237 222 237 248 184 153
state 0.304459 -0.969418 0.065769 
state 0.304459 -0.969418 0.065769 
state 0.304459 -0.969418 0.065769 
state 0.304459 -0.969418 0.065769 
state 0.304459 -0.969418 0.065769 
state 0.304459 -0.969418 0.065769 
state 0.304459 -0.969418 0.065769 
state 0.304459 -0.969418 0.065769 
state 0.304459 -0.969418 0.065769 
state 0.304459 -0.969418 0.065769 
laser 271 271 45 41 29 42 43 46 47 56 60 62 66 66 61 52 66 56 48 60 68 87 86 99 118 142 118 141 141 128 158 161 188 205 198 197 196 832 874 874 871 874 869 873 869 870 868 869 873 876 876 1019 1297 1302 1305 1313 1322 1326 1334 1339 1347 1354 1374 1390 1393 3065 387 1459 1457 1489 391 403 409 410 414 418 424 430 432 436 444 448 454 463 469 477 485 492 499 516 517 537 549 570 582 599 618 640 657 681 705 722 751 783 809 838 883 1009 1246 1271 1299 1311 1364 1467 1465 1464 1413 1374 1380 1347 1317 1310 1286 1293 1275 1248 1252 1248 1244 1217 1215 1198 1215 1213 1230 1209 1160 1177 1195 1161 1192 1182 1192 1184 1190 1162 1044 994 932 874 835 796 755 725 698 673 646 621 597 578 561 543 531 473 330 324 312 304 287 286 290 283 271 261 261 247 253 244 234 231 237 231 222 222 213 217 208 212 206 214 206 203 203 203 196 196 196 196 188 190 191 191 188 188 187 187 181 179 180 185 185 185 186 187 185 186 188 189 190 187 191 186 179 176 178 183 186 187 196 191 188 189 189 186 186 185 180 180 186 186 186 188 190 191 189 190 194 192 191 193 199 200 196 197 202 205 209 207 210 211 219 219 215 226 228 213 209 209 243 231 197 165
state 0.304459 -0.969418 0.065769 
state 0.304459 -0.969418 0.065769 
state 0.304459 -0.969418 0.065769 
state 0.304459 -0.969418 0.065769 
state 0.304459 -0.969418 0.065769 
state 0.304459 -0.969418 0.065769 
state 0.304459 -0.969418 0.065769 
state 0.304459 -0.969418 0.065769 
state 0.304459 -0.969418 0.065769 
state 0.304459 -0.969418 0.065769 
laser 271 271 42 41 44 26 42 41 50 55 62 63 61 64 59 55 63 53 45 47 71 67 117 90 128 150 117 120 139 132 147 162 191 199 196 197 201 836 873 872 873 874 872 872 870 869 869 865 869 873 877 1022 1296 1297 1308 1317 1319 1329 1333 1343 1346 1363 1371 1383 1391 1410 378 358 1456 1482 391 403 408 410 414 418 421 424 430 438 442 446 456 459 471 474 485 492 502 513 525 532 552 563 586 599 619 634 659 677 704 728 754 779 807 837 878 1009 1240 1274 1300 1313 1313 1480 1464 1452 1414 1412 1377 1374 1328 1302 1298 1285 1278 1236 1266 1228 1229 1234 1213 1223 1211 1190 1172 1194 1200 1178 1202 1194 1189 1152 1154 1147 1188 1156 1051 990 930 881 835 796 761 726 700 672 644 624 598 580 561 546 527 475 333 311 308 303 297 287 289 285 273 255 254 255 244 243 237 232 233 231 227 219 221 221 209 218 207 203 200 198 200 205 196 193 199 197 190 196 187 190 188 187 185 181 186 186 188 184 185 185 189 186 187 185 188 190 196 188 185 182 186 173 176 182 188 189 191 191 188 185 189 182 186 184 187 186 185 188 187 189 188 190 189 191 190 191 193 196 196 199 203 201 202 211 212 212 206 215 215 221 217 217 219 217 220 220 249 209 195 159
state 0.304459 -0.969418 0.065769 
state 0.304441 -0.969419 0.065927 
state 0.304441 -0.969419 0.065927 
state 0.304441 -0.969419 0.065927 
