LIBUSB - Claimed interface
state 0.000000 0.000000 0.000000 
laser 271 271 44 39 30 36 41 54 46 59 62 62 64 63 59 53 65 57 57 59 57 57 92 128 144 113 113 113 138 141 149 165 193 209 198 194 211 304 313 313 310 309 308 309 311 310 311 307 307 304 304 311 309 308 313 310 313 312 311 315 317 316 315 318 319 324 323 324 329 330 332 335 340 341 343 346 349 352 350 353 358 366 368 373 378 381 386 389 396 401 405 414 419 427 433 441 442 454 464 481 495 507 524 540 557 568 590 605 619 644 671 682 710 736 773 815 858 912 975 1043 1086 1119 1144 1138 1134 1125 1125 1119 1118 1115 1105 1109 1108 1105 1107 1108 1101 1097 1100 1105 1107 1108 1109 1114 1113 1116 1116 1119 1118 1120 1122 1129 1123 2642 369 336 316 299 272 256 243 230 225 215 203 197 188 182 180 174 170 164 165 158 158 149 149 142 144 139 138 138 134 131 129 122 125 123 120 117 114 115 107 109 116 103 106 105 107 105 102 101 102 102 102 98 99 99 96 97 97 95 96 94 93 92 95 91 93 89 92 90 91 91 84 89 85 93 90 94 93 91 92 89 90 93 94 86 94 89 90 92 92 90 94 94 93 94 96 96 96 99 99 97 93 96 104 104 99 107 102 109 108 108 108 111 114 115 113 114 117 108
state 0.000907 -0.000000 -0.000631 
state 0.004353 -0.000004 -0.001577 
state 0.006511 -0.000007 -0.001104 
state 0.009885 -0.000012 -0.002050 
state 0.014093 -0.000019 -0.000789 
state 0.019262 -0.000024 -0.000946 
state 0.025719 -0.000027 -0.000000 
state 0.032539 -0.000029 -0.000631 
state 0.039830 -0.000035 -0.001262 
state 0.047811 -0.000044 -0.000946 
laser 271 271 40 42 32 41 45 57 52 58 64 62 65 64 59 54 68 56 58 60 97 108 108 108 140 117 111 140 133 148 150 167 194 207 199 190 220 305 311 308 313 308 308 310 308 307 306 307 307 308 307 309 308 307 308 309 311 311 313 311 308 310 319 316 319 322 323 325 328 329 330 334 335 340 339 346 350 349 350 362 361 363 367 370 376 379 384 386 395 396 403 413 416 425 419 433 454 466 479 493 504 521 526 543 558 571 594 616 626 645 656 691 718 751 782 833 882 931 991 1044 1089 1120 1114 1108 1104 1097 1094 1092 1089 1085 1083 1081 1082 1074 1078 1079 1076 1073 1077 1079 1080 1081 1083 1087 1084 1086 1090 1085 1086 1092 1094 1092 1101 1096 1086 342 319 300 279 264 251 232 224 211 205 197 192 184 181 173 171 166 166 154 152 152 140 142 135 142 136 134 128 130 125 125 120 123 119 118 116 117 113 111 111 112 108 105 107 104 100 100 105 102 100 100 90 93 100 95 97 98 95 94 93 95 97 96 94 90 91 91 93 88 92 92 90 90 92 91 90 88 94 91 93 83 88 93 90 90 93 93 93 97 92 94 92 95 94 98 97 97 97 96 100 99 100 100 102 105 103 108 105 108 106 106 111 116 115 113 114 109
state 0.056281 -0.000049 -0.000158 
state 0.065241 -0.000045 0.001419 
state 0.074401 -0.000023 0.003154 
state 0.083452 0.000006 0.003312 
state 0.092793 0.000033 0.002839 
state 0.102278 0.000064 0.003943 
state 0.111656 0.000100 0.003470 
state 0.121087 0.000118 0.000631 
state 0.130646 0.000119 -0.000158 
state 0.140077 0.000114 -0.000789 
laser 271 271 46 44 38 38 47 56 50 60 67 63 63 62 57 52 63 55 44 59 88 102 92 128 110 87 109 116 146 143 166 165 192 202 197 202 215 300 304 304 303 302 305 302 303 299 299 297 298 306 302 304 302 299 304 301 303 305 305 304 310 309 308 308 309 314 316 316 318 320 322 321 328 328 330 335 333 334 344 345 348 351 358 360 369 371 378 382 389 400 406 417 422 431 440 446 454 466 477 489 501 510 526 539 551 560 565 600 615 636 657 685 720 753 788 831 876 933 972 1004 1028 1029 1021 1018 1015 1011 1004 1000 999 998 995 992 989 991 986 986 984 989 987 987 990 989 989 992 996 999 1001 1004 999 1003 1005 1006 1004 1010 1009 1018 1018 1017 1023 1022 967 258 248 235 228 219 215 206 200 194 187 179 173 169 159 159 158 152 152 145 140 141 135 137 129 128 126 127 126 122 117 116 114 110 110 113 111 110 109 107 108 106 104 108 104 101 102 95 97 94 99 98 97 96 98 96 93 94 93 96 94 95 88 92 89 94 96 94 93 93 92 91 94 90 90 94 94 89 94 93 94 94 97 96 97 97 95 99 96 95 100 102 98 99 104 100 104 107 106 109 111 112 109 109 111 112 117 119 117 115 113 112
state 0.154334 0.000106 0.000158 
state 0.163638 0.000112 0.000631 
state 0.173052 0.000117 0.000158 
state 0.182465 0.000121 0.000631 
state 0.191915 0.000130 0.001104 
state 0.201401 0.000139 0.000631 
state 0.210760 0.000142 -0.000000 
state 0.219992 0.000138 -0.001104 
state 0.229369 0.000123 -0.001893 
state 0.238529 0.000105 -0.002050 
laser 271 271 46 43 35 50 47 44 53 57 62 62 65 64 61 54 67 56 48 59 74 97 119 100 128 113 123 123 136 121 144 164 195 200 198 195 208 295 301 300 299 299 299 299 298 294 292 293 296 294 292 297 292 291 294 293 292 291 302 298 302 297 301 300 304 305 307 308 308 316 317 319 322 322 325 337 339 342 347 350 358 357 366 368 375 374 380 394 397 405 409 423 429 436 444 451 461 471 477 495 494 513 528 538 553 571 588 614 634 662 688 709 752 784 821 870 887 921 941 937 929 925 921 917 913 910 907 904 902 898 897 899 896 894 894 895 890 892 893 890 896 895 895 890 896 904 902 905 906 907 909 911 914 918 919 926 930 934 937 945 947 955 954 971 968 977 983 984 990 990 1002 1015 173 173 170 175 164 160 160 158 152 149 144 145 143 139 137 137 134 125 127 125 122 120 123 123 119 116 116 115 112 112 108 109 110 111 101 101 104 103 98 101 102 103 97 100 99 99 95 100 99 95 97 91 97 93 97 95 96 94 95 89 90 100 95 94 97 94 95 98 95 95 97 97 98 96 100 102 101 102 102 104 102 101 105 105 105 108 105 107 104 109 105 110 112 115 116 121 118 119 118 112
state 0.247743 0.000089 -0.001735 
state 0.256884 0.000069 -0.002681 
state 0.266008 0.000051 -0.000946 
state 0.275330 0.000055 0.001262 
state 0.284563 0.000066 0.000789 
state 0.293704 0.000073 0.000789 
state 0.302954 0.000082 0.000789 
state 0.312114 0.000088 0.000315 
state 0.321273 0.000091 0.000473 
state 0.330614 0.000096 -0.000000 
laser 271 271 49 44 36 53 50 45 52 58 62 67 65 65 61 55 65 53 48 63 76 77 116 96 111 112 131 118 159 126 177 162 193 202 195 197 209 283 291 289 291 289 289 288 286 287 284 280 283 291 284 286 290 291 294 292 293 293 293 298 304 302 302 306 308 309 313 317 316 323 323 325 328 331 336 338 336 344 352 356 360 365 365 374 377 382 390 395 402 405 411 425 421 436 443 453 461 472 486 495 507 524 541 552 573 583 609 637 661 684 721 745 783 802 823 845 851 846 837 839 831 825 825 824 818 817 813 811 808 807 805 805 804 811 803 800 797 799 798 802 805 804 801 807 809 809 809 812 813 817 816 817 821 822 827 831 832 841 841 848 850 855 864 867 873 880 888 905 910 919 927 939 949 959 968 977 961 950 936 923 905 890 876 860 844 833 821 811 800 785 777 768 757 751 735 729 722 575 164 122 116 119 116 117 116 113 114 112 111 109 111 112 108 104 109 104 106 105 108 105 105 104 101 98 100 99 105 104 104 101 104 103 101 102 103 101 99 102 103 104 104 103 105 107 103 103 106 108 107 105 107 109 106 100 107 114 112 114 113 111 114 114 111 114 115 117 118 117 125 125 120 119
state 0.339647 0.000088 -0.001893 
state 0.348534 0.000075 -0.000631 
state 0.357694 0.000076 0.000473 
state 0.366908 0.000082 0.000473 
state 0.375886 0.000085 -0.000000 
state 0.384973 0.000086 0.000158 
state 0.393842 0.000084 -0.000631 
state 0.402857 0.000080 -0.000158 
state 0.411853 0.000077 -0.000473 
state 0.420831 0.000068 -0.001577 
laser 271 271 48 37 31 29 51 46 48 59 60 62 59 62 59 52 62 55 45 63 78 76 134 85 120 96 119 124 123 141 163 165 191 205 197 192 217 296 300 298 297 294 303 306 298 296 290 291 292 292 293 292 292 295 294 297 290 294 301 302 299 303 306 309 311 311 316 316 321 324 326 326 329 335 337 344 346 350 355 351 358 360 361 370 377 377 388 395 400 409 416 425 432 443 450 460 474 481 498 511 525 541 560 574 592 611 637 660 688 705 718 730 754 766 755 753 750 751 743 738 734 732 729 727 723 723 719 716 714 712 711 710 716 721 713 714 710 710 707 710 712 710 714 712 713 720 724 724 724 725 724 728 729 731 731 737 740 742 747 751 755 760 766 770 776 781 787 796 805 814 823 834 838 847 855 872 881 890 901 895 881 873 860 851 839 822 814 802 792 780 767 761 743 739 737 728 720 714 708 702 696 690 682 679 678 671 669 669 661 659 656 656 652 646 645 642 637 641 637 633 634 628 628 624 622 622 620 620 16 875 1076 1224 1228 1231 1234 1235 1227 1214 1204 1198 1191 1187 1180 1199 16 81 109 107 109 108 110 112 112 113 113 112 117 117 116 116 118 114 117 128 121 124 125 128 132 126 128 123
state 0.430372 0.000053 -0.000946 
state 0.439640 0.000054 0.000789 
state 0.448491 0.000058 0.000158 
state 0.457470 0.000058 -0.000315 
state 0.466502 0.000055 -0.000315 
state 0.475680 0.000052 -0.000315 
state 0.484839 0.000051 0.000473 
state 0.493799 0.000058 0.001104 
state 0.502923 0.000067 0.000631 
state 0.511992 0.000069 0.000315 
laser 271 271 40 41 30 48 51 33 46 49 55 63 61 65 61 46 63 55 49 73 72 124 100 121 114 137 137 121 116 138 154 162 186 207 195 190 207 288 284 287 293 291 292 292 290 284 289 294 291 292 294 296 294 298 294 297 299 301 300 303 304 302 310 311 309 311 313 315 314 312 323 324 329 334 334 341 343 350 351 352 360 364 373 377 383 388 396 400 409 417 423 434 440 453 461 472 479 491 507 523 536 552 569 587 609 624 634 650 656 680 684 676 673 668 664 659 655 650 646 644 641 640 636 634 631 627 622 623 625 624 625 619 626 618 615 621 621 618 619 623 622 623 622 626 624 628 630 632 635 636 633 636 640 641 641 638 643 651 651 654 658 662 669 672 677 679 684 695 699 701 715 723 727 735 745 753 765 773 790 801 810 820 834 828 813 806 809 795 787 777 764 754 748 739 728 725 716 706 700 693 689 683 682 677 673 664 662 659 657 653 651 647 645 636 638 642 639 637 636 635 635 630 632 624 631 630 630 629 627 626 624 626 624 624 626 628 624 815 1184 1180 1180 1183 1185 1182 1190 1199 1206 1211 1222 1228 1232 1237 1250 1251 1266 1281 1299 1295 1305 1324 1334 1347 1381 1471 893 843 847 856 862 1092 1273 1273
state 0.525722 0.000086 0.001735 
state 0.534881 0.000095 0.000000 
state 0.544077 0.000091 -0.000789 
state 0.553237 0.000083 -0.001262 
state 0.562433 0.000067 -0.002050 
state 0.571465 0.000052 -0.001419 
state 0.580570 0.000043 -0.000789 
state 0.589712 0.000038 -0.000473 
state 0.598726 0.000038 0.000631 
state 0.607849 0.000051 0.001735 
laser 271 271 43 40 34 30 42 45 49 55 60 59 64 62 58 48 65 56 45 65 79 120 114 95 117 117 114 129 129 142 141 170 189 198 198 194 204 289 294 294 294 295 298 296 297 295 300 304 298 300 298 300 301 298 300 298 303 300 303 305 303 306 309 309 315 313 317 322 324 328 330 334 334 340 343 349 353 352 360 365 373 380 384 389 394 404 409 417 427 432 442 451 462 471 484 495 510 528 528 545 558 562 574 581 597 605 594 591 586 584 577 573 569 565 558 559 558 552 550 544 543 543 542 542 539 538 535 536 533 535 535 531 532 528 526 527 521 526 531 532 531 531 532 532 532 536 538 541 544 545 546 547 548 547 552 554 557 554 559 561 563 568 572 575 579 576 585 597 598 603 609 617 625 630 637 645 652 660 672 682 692 704 716 727 738 750 773 773 764 754 748 743 736 729 718 714 711 700 692 686 683 677 672 670 661 657 656 651 645 644 644 640 639 637 634 632 631 630 629 627 626 626 622 623 622 625 628 627 627 625 626 629 628 629 633 634 634 635 636 636 636 639 638 642 727 1203 1199 1213 1224 1230 1239 1242 1251 1261 1270 1284 1291 1308 1325 1336 1351 1372 1381 1386 1408 1498 1497 1473 731 663 649 631
state 0.616882 0.000063 0.000789 
state 0.626150 0.000064 -0.000631 
state 0.634802 0.000059 -0.000473 
state 0.642692 0.000058 0.000000 
state 0.650763 0.000057 0.000158 
state 0.657801 0.000059 0.000473 
state 0.664312 0.000064 0.000946 
state 0.669735 0.000067 0.000473 
state 0.674651 0.000068 -0.000315 
state 0.679203 0.000062 -0.002366 
laser 271 271 49 35 36 57 38 45 44 56 60 58 61 63 58 52 61 57 48 70 81 99 101 119 97 126 121 127 119 147 174 158 187 200 195 195 212 294 301 296 299 296 296 296 294 298 296 297 295 296 300 300 300 299 305 303 307 301 304 316 316 313 315 319 321 325 327 332 332 336 339 344 347 352 355 360 364 367 373 377 383 388 397 405 408 414 419 426 438 450 459 466 477 482 487 488 503 498 515 528 527 522 519 509 507 501 493 490 488 481 477 473 470 471 465 458 458 456 458 451 451 449 447 447 447 444 442 443 450 450 440 439 439 432 433 434 437 438 438 438 438 439 437 443 441 435 443 451 449 451 453 453 454 456 455 456 464 462 465 467 466 472 475 480 483 484 486 490 494 499 500 510 514 521 518 530 540 546 552 559 570 578 587 598 610 619 634 646 658 673 688 703 716 712 705 700 699 691 689 681 679 673 667 661 653 650 650 646 642 640 638 635 630 625 627 620 625 620 620 619 618 617 617 615 611 621 619 621 619 621 623 624 624 618 624 633 632 633 636 635 642 642 647 650 652 654 655 657 660 667 668 678 1240 1261 1272 1287 1297 1313 1326 1337 1333 1370 1385 1392 1407 1432 1192 935 940 945 967 1018
state 0.682940 0.000051 -0.002997 
state 0.686295 0.000042 -0.002524 
state 0.688943 0.000037 -0.001262 
state 0.691428 0.000037 0.001104 
state 0.693369 0.000040 0.002208 
state 0.695219 0.000044 0.001577 
state 0.697051 0.000029 -0.020030 
state 0.698102 0.000001 -0.037064 
state 0.699044 -0.000051 -0.072709 
state 0.699893 -0.000130 -0.113243 
laser 271 271 43 39 33 31 56 37 50 52 60 58 62 61 55 48 68 49 46 55 74 95 135 96 114 123 144 133 116 164 153 166 189 199 195 200 208 290 298 299 298 299 298 302 298 299 295 296 298 302 303 304 303 306 307 307 309 311 315 315 318 317 319 325 325 327 332 336 339 340 344 346 349 357 359 363 364 368 380 384 389 396 403 411 414 424 431 442 447 452 456 464 467 475 475 486 497 501 493 486 480 473 466 466 457 448 445 447 442 440 433 430 431 425 422 420 420 415 415 412 409 407 406 408 406 406 403 410 407 404 400 406 399 396 395 394 399 395 399 398 400 400 396 398 406 402 405 408 409 409 410 415 416 418 420 422 424 424 426 429 431 432 435 433 439 446 447 452 455 456 466 468 475 475 482 489 492 501 509 515 527 532 540 548 560 569 583 592 606 617 629 646 656 670 703 693 688 687 682 678 671 670 668 664 656 654 648 639 640 637 635 633 631 629 628 618 625 620 617 620 617 610 613 614 620 614 617 616 619 619 620 621 625 622 625 629 630 632 634 638 642 642 645 648 652 654 656 662 663 666 671 668 673 681 882 966 972 976 987 1014 1033 1347 1370 1412 1424 1428 1443 1475 1513 1574 1550 1529
state 0.701327 -0.000348 -0.192102 
state 0.702176 -0.000539 -0.251405 
state 0.702890 -0.000746 -0.315597 
state 0.703487 -0.000963 -0.384205 
state 0.703999 -0.001194 -0.458806 
state 0.704509 -0.001472 -0.535142 
state 0.704904 -0.001729 -0.615264 
state 0.705276 -0.002019 -0.699486 
state 0.705651 -0.002361 -0.785601 
state 0.705859 -0.002589 -0.870611 
laser 271 271 50 47 34 32 38 50 52 57 62 60 68 68 63 57 64 59 50 64 64 89 143 116 131 116 134 127 141 140 141 189 193 204 196 186 206 344 351 355 357 357 362 366 369 372 376 380 383 389 395 400 406 408 415 420 428 432 443 449 457 465 478 483 489 499 514 517 521 529 529 541 553 552 545 539 531 525 520 512 510 506 498 496 493 489 483 479 477 477 473 469 466 460 457 464 459 456 458 462 453 455 455 461 450 450 453 454 453 452 451 455 452 454 458 458 460 462 464 463 463 458 462 469 472 469 473 471 476 479 480 482 485 489 491 495 501 504 510 512 517 519 530 534 538 546 554 561 567 577 576 591 605 615 626 638 650 659 671 684 695 696 694 688 685 675 670 664 659 658 648 645 638 628 623 624 613 609 614 603 600 604 601 596 593 589 589 586 590 585 586 585 585 585 587 587 585 583 582 587 587 589 593 592 593 592 596 597 594 596 607 608 609 608 612 613 616 617 619 624 2771 1300 1315 1324 1331 1342 1354 1372 1386 1396 1398 1380 1393 1421 1452 1467 1475 1513 1480 1451 4000 685 658 653 662 695 1118 1251 1232 1212 1197 1175 1145 1156 1144 1122 1118 1108 1092 1076 1072 1054 1047 1045 1036 1021 1010 1005 1010 1001 999 977
state 0.706070 -0.002861 -0.952152 
state 0.706229 -0.003104 -1.027542 
state 0.706397 -0.003405 -1.098674 
state 0.706499 -0.003617 -1.165073 
state 0.706552 -0.003752 -1.225638 
state 0.706614 -0.003942 -1.280682 
state 0.706709 -0.004292 -1.329259 
state 0.706800 -0.004699 -1.372632 
state 0.706849 -0.004967 -1.409065 
state 0.706914 -0.005415 -1.441713 
laser 271 271 47 42 37 45 52 50 53 55 64 65 60 66 59 54 62 57 52 57 89 91 83 94 104 110 118 132 120 142 163 167 195 205 196 195 235 617 619 615 608 602 598 594 593 584 583 578 578 576 569 569 565 566 563 560 562 562 562 557 564 555 553 553 554 550 554 554 556 557 557 559 561 561 563 566 566 568 569 571 572 566 575 581 578 586 587 590 595 596 604 609 612 616 624 626 635 643 647 657 663 672 684 690 699 710 721 733 748 755 762 771 767 764 752 748 740 733 725 713 706 698 690 684 678 667 665 660 656 649 645 642 638 635 631 628 623 622 622 618 616 609 610 613 610 608 609 606 606 604 608 605 604 603 603 606 604 605 603 607 604 604 610 604 604 608 608 637 931 1226 1250 1248 1265 1268 1278 1286 1287 1303 1312 1325 1331 1338 1350 1365 1370 1388 1398 1412 1424 1420 1397 602 568 564 568 572 580 683 1260 1236 1211 1186 1168 1156 1139 1108 1073 1077 1065 1060 1051 1030 1021 1005 999 989 980 960 4000 183 186 191 205 211 218 230 245 254 274 282 290 314 350 380 424 486 562 693 796 845 846 844 837 848 846 844 847 849 849 848 850 854 855 857 860 864 868 870 881 882 885 885 889 896 902 862 816 788 763 735 703 655
state 0.706940 -0.005632 -1.469472 
state 0.706967 -0.005939 -1.493918 
state 0.706999 -0.006446 -1.516946 
state 0.707016 -0.006808 -1.532717 
state 0.707024 -0.007080 -1.546124 
state 0.707030 -0.007370 -1.557479 
state 0.707032 -0.007660 -1.567258 
state 0.707032 -0.007896 -1.575933 
state 0.707029 -0.008241 -1.582399 
state 0.706995 -0.010471 -1.586973 
laser 271 271 40 39 31 46 57 37 47 56 64 65 62 66 59 53 63 56 50 53 72 97 95 94 121 128 102 130 137 136 156 162 192 200 197 198 211 565 597 602 608 598 600 597 594 594 594 594 598 600 598 597 600 607 606 609 610 608 614 616 615 619 618 626 628 627 632 634 643 644 648 655 656 663 668 675 681 688 692 702 706 716 728 735 748 757 769 780 794 800 820 826 814 804 795 784 777 769 763 748 741 730 722 714 706 701 691 685 676 668 662 662 658 650 650 646 643 641 637 635 632 628 629 629 623 626 624 622 621 622 620 622 621 620 619 624 625 625 616 623 627 623 627 625 623 650 913 945 1012 1206 1204 1223 1224 1206 1210 1224 758 736 738 746 750 754 770 1169 1182 1166 1192 1163 1169 1169 1186 1203 1195 1192 1238 1252 1257 1260 1307 1280 1268 1228 1204 1174 1152 1128 1114 1095 1078 2807 167 168 171 174 178 184 184 190 203 203 213 220 221 231 244 258 257 259 279 294 301 328 345 368 397 437 473 526 590 686 757 808 815 816 814 804 810 816 813 815 812 813 815 815 817 820 821 824 829 829 834 830 841 849 851 855 856 861 864 831 784 758 738 718 680 659 643 620 601 581 567 553 539 524 510 497 483 473 463 451 443 419
state 0.706954 -0.013155 -1.587604 
state 0.706900 -0.015821 -1.592809 
state 0.706814 -0.019575 -1.594543 
state 0.706699 -0.024325 -1.595490 
state 0.706548 -0.030200 -1.597382 
state 0.706369 -0.036999 -1.596594 
state 0.706196 -0.043762 -1.596436 
state 0.706013 -0.051070 -1.595332 
state 0.705825 -0.059175 -1.592651 
state 0.705646 -0.067571 -1.591231 
laser 271 271 37 41 31 31 49 47 49 56 62 65 62 69 62 50 65 54 53 61 67 117 112 74 139 125 117 127 125 129 138 160 194 207 194 194 252 598 605 598 600 597 603 603 605 602 603 605 606 610 610 612 607 609 613 612 616 619 617 623 625 627 628 632 638 640 642 646 654 657 661 667 667 677 686 696 702 709 720 726 734 742 750 763 779 782 797 798 785 783 770 764 753 746 736 728 715 699 700 691 681 675 669 663 657 652 645 643 640 634 626 621 618 616 615 612 610 610 609 607 606 603 602 603 600 598 594 594 594 592 594 594 589 591 591 591 592 588 591 584 584 584 589 587 806 902 921 1138 1157 1160 1163 1185 1190 1194 1198 1176 1190 1182 1220 1190 1194 1199 1155 1148 1142 1184 1148 1144 1145 1154 1164 1169 1220 1215 1209 1265 1253 1245 1247 1238 1205 1174 1152 1125 1107 1092 1073 1062 1047 1033 1020 1001 995 983 974 960 953 938 930 916 912 2429 140 145 147 156 161 169 177 185 193 201 213 234 243 247 274 305 336 397 477 627 758 807 810 809 802 806 809 811 809 812 813 815 815 823 820 822 828 830 834 839 844 849 852 858 868 869 874 876 872 826 796 774 756 730 709 690 673 654 634 619 600 587 572 559 548 535 524 514 501 480
state 0.705411 -0.080555 -1.585869 
state 0.705294 -0.089424 -1.582241 
state 0.705205 -0.098492 -1.578772 
state 0.705146 -0.107634 -1.576248 
state 0.705095 -0.116974 -1.576406 
state 0.705039 -0.126152 -1.577668 
state 0.704972 -0.135329 -1.578298 
state 0.704897 -0.144761 -1.579245 
state 0.704811 -0.154101 -1.580664 
state 0.704720 -0.163605 -1.579718 
laser 271 271 36 37 33 42 47 51 52 58 63 62 63 65 59 55 67 59 52 60 63 116 125 98 111 117 120 134 125 131 154 157 186 198 199 194 223 583 606 607 606 608 607 607 605 605 602 606 602 605 603 606 608 605 607 610 612 615 617 619 619 617 620 630 632 640 639 646 647 653 660 665 672 675 682 690 699 705 712 722 729 731 743 734 722 719 704 694 684 677 660 648 643 632 627 615 607 601 593 588 582 575 568 565 560 556 549 549 543 540 538 535 532 529 523 524 522 521 521 510 510 516 505 507 509 507 506 502 504 504 502 505 504 501 500 501 501 496 495 500 498 497 500 496 497 496 608 814 869 1081 1098 1103 1107 1117 1123 1130 1136 1121 1147 1142 1152 1160 1147 1147 1136 1134 1146 1130 1122 1143 1147 1130 1159 1171 1166 1168 1208 1222 1239 1238 1225 1194 1169 1135 1118 1108 1080 1067 1056 1041 1027 999 970 985 978 968 957 946 936 930 921 913 907 893 894 884 875 866 866 863 858 851 849 845 840 831 837 832 827 827 827 823 822 821 816 821 820 819 819 813 632 527 440 380 343 297 261 212 193 177 155 150 136 158 2335 849 857 862 866 875 884 892 900 905 911 919 914 881 853 833 816 795 779 759 740 716 703 694 678 662 639 624
state 0.704642 -0.172946 -1.578929 
state 0.704568 -0.182232 -1.578298 
state 0.704508 -0.191482 -1.576090 
state 0.704462 -0.200750 -1.575617 
state 0.704416 -0.209946 -1.575775 
state 0.704375 -0.219087 -1.575144 
state 0.704329 -0.228210 -1.576248 
state 0.704269 -0.237478 -1.578298 
state 0.704195 -0.246837 -1.578614 
state 0.704125 -0.255960 -1.578456 
laser 271 271 44 40 33 27 42 50 47 55 60 60 64 64 60 57 60 51 48 63 71 87 117 134 101 129 117 119 131 140 151 164 192 201 197 194 221 590 611 607 610 605 603 604 604 604 595 601 606 605 601 605 605 608 610 611 613 615 615 620 624 624 628 633 635 638 645 649 652 655 659 664 671 681 682 685 692 675 664 656 643 632 622 608 596 586 570 562 554 543 538 531 519 512 508 501 491 488 482 477 472 464 466 459 451 448 446 445 443 440 437 436 431 432 430 429 426 426 421 420 417 416 415 414 413 410 412 405 409 407 405 409 407 400 402 401 401 407 404 402 403 401 402 403 403 401 402 401 477 725 954 1046 1044 1057 1062 1068 1070 1078 1081 1088 1102 1109 1113 1123 1137 1140 1148 1163 1169 1178 1189 1201 1183 1214 1179 1206 1203 1194 1216 1276 1235 1203 1170 1144 1120 1105 1080 1061 1049 1044 1012 1010 989 980 982 964 923 920 933 929 917 911 903 897 887 883 875 872 865 862 856 850 851 843 836 835 837 832 829 822 820 815 815 822 817 815 816 817 815 816 819 819 820 822 823 826 825 724 657 615 571 539 507 479 453 434 410 394 378 360 344 332 319 310 298 290 278 270 257 252 242 239 229 218 217 210 205 202 203 193 186 177
state 0.704055 -0.265120 -1.577983 
state 0.703997 -0.274152 -1.576406 
state 0.703950 -0.283311 -1.575933 
state 0.703903 -0.292525 -1.575617 
state 0.703866 -0.301521 -1.574355 
state 0.703833 -0.310699 -1.574671 
state 0.703793 -0.319931 -1.575775 
state 0.703740 -0.329163 -1.576879 
state 0.703686 -0.338431 -1.576721 
state 0.703626 -0.347554 -1.577825 
laser 271 271 51 44 32 44 55 45 51 58 63 64 65 71 61 55 66 59 46 57 90 93 101 101 122 128 107 114 141 158 143 166 192 205 195 195 214 580 606 605 605 605 604 604 604 604 604 601 606 604 606 604 604 610 610 610 616 616 617 625 626 628 634 632 636 641 643 647 653 648 630 616 601 583 573 563 546 531 516 506 489 480 470 468 456 448 441 433 424 419 412 406 401 394 387 385 379 375 374 368 363 357 357 352 351 340 344 347 342 340 331 331 335 332 327 329 324 323 320 318 319 318 315 316 312 312 312 312 310 309 308 309 306 306 302 303 300 308 301 296 300 305 303 301 300 304 303 303 303 302 302 324 933 952 965 968 973 981 983 993 999 1009 1013 1026 1032 1041 1044 1054 1062 1074 1101 1109 1124 1134 1149 1153 1194 1172 1137 1199 1245 1194 1166 1137 1122 1098 1084 1073 1053 1035 1013 1011 995 978 971 963 950 936 928 926 918 879 872 885 886 879 873 869 861 857 851 850 846 840 837 835 831 825 823 824 821 819 819 816 817 818 812 809 813 813 810 818 814 818 820 820 823 828 827 833 834 840 845 806 734 704 666 640 615 593 570 548 536 512 497 480 466 449 442 437 423 411 398 388 378 374 361 356 351 339 328 318
state 0.703563 -0.357294 -1.576406 
state 0.703514 -0.366599 -1.576248 
state 0.703461 -0.375867 -1.576721 
state 0.703412 -0.384645 -1.575775 
state 0.703372 -0.393279 -1.575144 
state 0.703338 -0.401042 -1.575775 
state 0.703291 -0.408696 -1.577668 
state 0.703243 -0.415914 -1.577037 
state 0.703206 -0.422009 -1.576721 
state 0.703175 -0.427649 -1.575933 
laser 271 271 49 45 29 49 51 43 52 57 58 58 57 70 61 53 64 57 51 58 58 102 143 97 119 114 114 129 125 126 148 162 189 204 199 200 217 589 608 610 603 604 605 609 608 609 605 608 609 608 610 612 614 610 618 619 620 623 622 623 632 608 588 569 551 535 516 494 477 455 441 431 423 406 397 386 378 367 359 352 348 336 327 325 322 311 308 302 298 292 288 283 280 277 273 271 267 264 264 257 255 257 252 252 249 246 241 243 240 238 234 233 233 231 226 229 227 225 223 223 223 219 219 221 220 214 216 216 209 212 215 213 212 212 211 211 206 209 212 211 211 208 210 209 208 209 209 207 208 210 210 209 211 211 210 216 226 787 887 900 904 910 921 930 936 943 951 964 967 984 995 1005 1018 1033 1043 1059 1067 1091 1098 1160 1079 1072 1192 1162 1116 1095 1069 1054 1040 1031 1018 1009 993 979 968 954 945 935 928 917 908 897 895 885 878 869 841 835 846 853 849 844 841 837 834 826 823 824 825 820 820 817 817 815 813 811 812 814 814 813 814 812 812 817 817 819 826 825 828 832 835 839 843 850 849 854 860 873 853 800 764 741 715 690 670 653 634 617 602 586 571 558 543 529 517 511 496 489 480 470 457 444
state 0.703146 -0.434904 -1.574355 
state 0.703132 -0.438895 -1.573725 
state 0.703124 -0.442540 -1.572620 
state 0.703117 -0.445479 -1.574198 
state 0.703105 -0.448163 -1.576090 
state 0.703090 -0.450412 -1.579560 
state 0.703073 -0.452171 -1.580349 
state 0.703056 -0.453658 -1.588866 
state 0.703024 -0.454728 -1.610789 
state 0.702972 -0.455761 -1.633027 
laser 271 271 52 43 34 40 56 43 48 55 64 63 63 66 61 54 66 52 49 54 73 119 99 113 120 114 122 116 129 147 160 165 191 203 201 199 229 595 607 607 610 610 609 609 608 605 608 610 609 608 609 617 613 616 614 619 614 584 560 539 518 491 465 449 428 417 393 382 369 359 347 335 323 319 308 302 296 287 276 275 270 265 263 253 253 245 242 239 236 234 239 229 224 222 224 216 214 213 208 206 207 202 202 197 193 194 192 186 188 188 187 187 183 186 185 187 181 179 179 181 177 177 179 178 177 178 176 173 174 174 172 175 172 170 168 173 164 166 168 175 170 169 168 171 169 169 170 173 172 169 172 171 170 173 173 172 176 177 175 177 198 807 879 882 894 896 905 914 929 940 949 956 974 986 1001 1010 1027 1043 1058 1088 1165 1077 1061 1112 1096 1075 1056 1048 1039 1023 1006 991 981 975 958 946 936 931 916 910 900 896 890 881 876 869 863 857 831 819 834 837 835 832 829 828 825 822 821 818 815 813 816 811 809 809 816 812 810 814 811 814 811 817 819 822 824 827 828 832 836 838 845 848 848 854 862 869 874 881 856 818 781 750 729 713 693 673 654 642 627 609 596 580 568 557 548 540 523 514 500 489
state 0.702892 -0.456773 -1.668987 
state 0.702777 -0.457727 -1.712044 
state 0.702626 -0.458622 -1.763146 
state 0.702437 -0.459471 -1.820555 
state 0.702237 -0.460169 -1.884274 
state 0.701959 -0.460936 -1.952251 
state 0.701688 -0.461550 -2.024960 
state 0.701465 -0.461965 -2.101927 
state 0.701240 -0.462317 -2.181575 
state 0.701077 -0.462534 -2.265955 
laser 271 271 45 44 41 59 65 41 51 56 69 61 59 61 62 51 63 58 56 68 74 98 121 103 101 128 108 123 136 142 152 172 189 207 197 195 211 599 644 653 624 603 582 566 541 516 496 474 455 445 425 414 401 386 377 366 358 349 344 337 327 319 313 308 302 296 286 285 280 280 275 276 271 267 265 257 258 253 252 251 247 244 245 241 237 233 236 231 230 230 229 227 223 222 225 217 218 221 219 221 217 217 213 212 210 211 213 213 208 211 208 210 207 210 209 208 208 209 207 202 208 205 206 207 201 304 836 850 857 859 867 873 877 884 888 897 903 910 915 927 933 942 951 959 973 984 990 1009 1017 1034 1041 1063 1071 1154 1150 1056 1120 1104 1096 1076 1055 1042 1030 1011 1000 991 972 952 941 928 920 907 897 888 877 872 866 854 850 842 806 803 820 826 815 809 808 804 803 799 795 789 787 787 787 783 782 781 780 778 778 778 777 779 780 777 780 781 783 785 785 790 797 794 802 804 809 813 819 825 827 831 787 741 708 683 665 642 620 604 585 566 549 536 524 512 496 485 471 462 455 448 443 437 424 416 409 402 399 390 384 382 377 372 370 361 351 347 344 339 337 333 326 321 316 314 310 302 303 303 297 289
state 0.700993 -0.462630 -2.351912 
state 0.700927 -0.462691 -2.438816 
state 0.700770 -0.462814 -2.524457 
state 0.700572 -0.462942 -2.604421 
state 0.700238 -0.463126 -2.678391 
state 0.700074 -0.463203 -2.747157 
state 0.699803 -0.463306 -2.808352 
state 0.699543 -0.463387 -2.863396 
state 0.699367 -0.463432 -2.912920 
state 0.699243 -0.463459 -2.955662 
laser 271 271 46 39 40 31 49 54 55 57 62 61 60 67 62 58 67 56 53 59 79 102 91 113 96 122 123 132 112 148 152 168 197 210 201 189 236 360 366 366 358 355 354 352 350 347 345 342 339 340 337 330 328 329 329 329 334 331 327 325 324 325 319 318 320 312 320 320 316 319 317 314 320 318 316 319 322 752 867 867 871 876 874 882 887 892 899 903 919 938 962 981 1005 1019 1033 1048 1060 1072 1080 1095 1092 1110 1131 1149 1163 1252 1197 1158 1204 1179 1157 1138 1109 1099 1087 1073 1060 1031 1015 994 981 970 955 950 939 927 920 911 889 859 865 876 868 860 854 849 842 837 832 828 826 818 808 806 811 807 802 803 800 798 793 796 791 792 789 790 789 789 791 789 790 790 794 796 797 798 802 805 808 814 782 710 659 626 600 570 544 525 503 480 463 445 426 410 396 387 378 366 358 340 335 328 316 312 303 298 287 281 275 268 264 258 249 248 250 239 238 231 229 227 225 224 219 216 212 210 209 251 598 650 646 641 634 629 624 619 614 612 613 603 603 608 600 602 603 603 597 594 596 592 595 594 595 593 594 593 596 597 597 595 598 599 603 602 606 609 607 610 615 620 622 623 620 626 633 642 649 655 660 662 667 670
state 0.698992 -0.463498 -3.008971 
state 0.698776 -0.463524 -3.038307 
state 0.698704 -0.463530 -3.063227 
state 0.698614 -0.463536 -3.085150 
state 0.698559 -0.463539 -3.103918 
state 0.698469 -0.463542 -3.121110 
state 0.698142 -0.463546 -3.132781 
state 0.697943 -0.463547 -3.143664 
state 0.697634 -0.463545 -3.151707 
state 0.697253 -0.463539 -3.160067 
laser 271 271 45 41 33 34 40 49 49 54 63 64 64 64 59 51 63 60 51 63 89 93 96 109 100 100 105 128 126 146 166 161 194 207 196 201 221 360 372 371 372 369 368 372 368 367 366 366 367 368 365 366 368 364 365 367 369 367 361 449 911 921 928 930 938 940 945 954 955 960 972 978 985 990 1004 1008 1021 1032 1045 1050 1063 1080 1099 1109 1125 1132 1146 1216 1242 1227 1208 1175 1157 1138 1127 1116 1092 1063 1049 1041 1025 1009 998 986 973 958 951 939 904 909 920 907 903 896 889 884 874 864 859 861 851 848 850 844 844 837 834 829 831 826 825 825 821 819 817 814 813 814 818 820 821 820 822 821 824 827 823 827 825 727 672 640 599 565 534 509 481 461 441 423 402 390 373 362 347 334 323 310 302 292 286 278 263 259 251 241 241 237 220 219 222 215 211 208 202 200 195 195 212 602 702 691 684 672 665 657 652 643 636 630 622 615 613 606 599 592 585 582 574 574 574 579 577 577 570 566 567 560 563 564 563 562 561 562 557 559 561 562 561 563 563 561 563 561 564 572 570 564 567 571 573 577 580 581 588 588 591 600 604 606 612 620 621 630 636 643 648 659 665 678 685 693 706 716 725 736 749 759 776 787 792 796
state 0.695114 -0.463492 -3.163536 
state 0.692466 -0.463436 -3.164798 
state 0.689873 -0.463367 -3.169687 
state 0.686447 -0.463271 -3.169845 
state 0.681878 -0.463139 -3.170476 
state 0.676312 -0.462982 -3.169687 
state 0.669839 -0.462798 -3.169845 
state 0.663203 -0.462615 -3.169214 
state 0.656169 -0.462422 -3.168583 
state 0.648100 -0.462210 -3.167164 
laser 271 271 40 40 38 34 37 45 47 58 61 62 66 67 59 54 66 59 48 57 55 103 103 117 100 117 131 126 125 154 149 165 193 203 197 198 210 361 373 377 375 374 375 376 375 372 373 372 375 374 375 377 377 381 755 924 926 929 933 940 945 950 952 955 967 962 971 984 995 999 1011 1017 1029 1040 1046 1059 1076 1095 1102 1115 1123 1136 1157 1259 1240 1219 1192 1171 1145 1124 1113 1107 1076 1058 1034 1025 1003 1008 982 977 965 952 943 908 896 905 905 905 890 886 879 874 870 862 858 854 846 841 837 833 830 828 821 821 814 813 816 814 811 809 806 808 808 807 803 804 808 807 807 812 813 812 811 816 820 732 668 628 585 554 528 499 473 448 426 413 392 381 367 353 339 326 314 302 296 284 278 271 264 252 243 239 235 227 223 215 209 208 202 202 196 196 187 187 186 176 177 195 488 677 668 653 649 640 636 627 619 615 607 601 597 590 589 584 578 571 569 565 563 567 563 562 562 565 562 553 554 553 554 554 552 553 551 551 553 554 555 557 556 558 557 560 559 561 564 565 568 568 568 569 567 576 585 586 587 593 595 603 610 614 618 629 632 639 646 653 664 672 683 692 702 713 720 736 746 761 772 792 799 807 809 831
state 0.639669 -0.461994 -3.167006 
state 0.631147 -0.461783 -3.165429 
state 0.622171 -0.461580 -3.163063 
state 0.613176 -0.461396 -3.161171 
state 0.603855 -0.461220 -3.159593 
state 0.594425 -0.461061 -3.157385 
state 0.584994 -0.460920 -3.155808 
state 0.575691 -0.460793 -3.154389 
state 0.566278 -0.460679 -3.152969 
state 0.556883 -0.460569 -3.153916 
laser 271 271 46 45 32 32 52 44 47 56 66 61 64 67 63 52 66 53 53 66 82 115 121 119 131 112 134 115 141 132 152 168 191 210 198 197 224 363 370 372 371 381 853 908 904 905 917 920 920 918 919 919 922 923 925 927 930 935 941 942 948 953 958 964 970 969 981 986 995 1006 1013 1028 1028 1046 1051 1065 1074 1081 1101 1126 1220 1190 1173 1144 1118 1101 1083 1061 1047 1016 1004 986 961 953 939 921 905 900 887 883 847 830 836 843 836 822 818 814 805 795 792 787 779 773 770 765 762 758 752 749 745 742 742 739 737 730 728 726 728 727 726 727 728 725 722 723 725 721 729 727 729 731 731 733 738 734 672 605 573 539 511 484 462 445 415 398 385 368 353 342 330 318 310 298 291 283 272 263 255 251 245 241 233 227 221 219 213 213 210 205 203 200 191 187 182 182 179 176 178 172 170 172 167 164 165 164 160 158 154 156 155 150 153 153 149 151 147 147 148 147 146 146 140 138 140 144 228 487 552 556 549 551 545 544 547 545 547 549 550 549 549 545 549 553 556 559 557 558 564 565 566 568 572 574 583 582 584 592 598 600 610 616 620 625 632 641 647 655 664 677 685 697 707 719 728 740 755 771 785 800 820 842
state 0.546908 -0.460444 -3.153916 
state 0.537278 -0.460331 -3.153127 
state 0.527792 -0.460220 -3.153285 
state 0.518470 -0.460110 -3.153600 
state 0.509075 -0.459999 -3.152969 
state 0.499753 -0.459894 -3.152969 
state 0.490431 -0.459791 -3.152023 
state 0.480964 -0.459699 -3.150761 
state 0.471714 -0.459609 -3.152023 
state 0.462736 -0.459516 -3.151865 
laser 271 271 48 43 28 38 62 51 45 58 65 60 63 65 61 53 61 45 49 59 78 83 119 96 94 110 107 121 131 132 190 169 194 201 196 191 197 890 919 928 923 913 906 909 907 914 911 918 920 926 923 924 924 925 926 930 931 937 943 949 949 953 958 966 972 978 976 994 999 1002 1015 1021 1031 1040 1047 1074 1166 1146 1119 1100 1066 1045 1026 1012 987 956 936 917 906 883 870 855 839 826 819 806 770 749 756 766 755 748 740 732 722 710 706 710 701 693 689 682 680 676 669 668 664 658 653 653 650 647 646 645 643 639 638 637 633 632 631 635 631 630 623 629 632 630 628 633 635 635 636 640 638 640 646 638 571 523 490 466 444 427 406 389 374 356 341 330 319 308 296 280 274 271 267 256 254 242 241 231 225 221 214 212 209 207 203 200 196 192 190 187 183 179 182 178 176 174 172 169 167 163 166 167 161 157 159 158 157 157 152 154 152 150 152 151 150 151 149 147 146 141 142 142 139 141 140 140 138 134 137 137 140 139 138 140 140 139 136 138 142 139 141 140 143 137 141 144 142 143 139 147 144 147 144 144 147 149 149 148 150 155 155 210 548 644 648 659 667 673 683 695 708 719 733 743 756 774 789 814
state 0.448916 -0.459370 -3.152812 
state 0.439521 -0.459257 -3.154389 
state 0.430072 -0.459131 -3.155177 
state 0.420787 -0.459006 -3.155177 
state 0.411628 -0.458883 -3.154704 
state 0.402360 -0.458773 -3.152023 
state 0.393056 -0.458682 -3.151234 
state 0.383842 -0.458594 -3.150919 
state 0.374701 -0.458512 -3.150288 
state 0.365760 -0.458434 -3.150446 
laser 271 271 44 39 30 46 42 49 48 54 60 60 62 60 58 50 65 53 52 50 72 89 120 100 96 109 128 131 127 137 161 163 188 207 192 200 190 888 922 922 921 923 917 916 913 914 919 919 921 921 928 932 930 929 929 933 933 939 945 950 954 958 965 972 978 977 983 990 1000 1038 1128 1099 1060 1027 998 969 952 925 904 869 854 832 810 793 775 757 743 730 716 675 658 660 673 661 649 642 636 627 615 615 602 593 589 583 578 572 565 557 556 560 547 547 540 537 538 533 531 530 525 524 524 515 514 518 516 512 511 511 507 508 508 508 505 504 504 503 500 500 507 506 508 505 511 511 510 513 516 516 518 522 492 444 413 388 369 358 343 328 314 305 291 283 276 266 261 248 246 245 233 225 221 219 215 207 201 198 195 193 188 188 182 179 174 175 174 167 168 169 165 163 164 162 158 155 149 150 154 149 149 147 146 148 143 143 142 144 144 140 137 139 138 140 142 136 141 137 139 137 135 136 135 133 134 131 131 134 136 136 135 133 134 135 136 136 135 138 136 134 136 135 140 136 142 144 141 141 140 144 147 146 147 149 145 148 151 158 155 159 162 161 162 160 161 162 164 165 168 165 175 173 171 166
state 0.357471 -0.458354 -3.152496 
state 0.349636 -0.458265 -3.152812 
state 0.341892 -0.458178 -3.153600 
state 0.335236 -0.458095 -3.154073 
state 0.329178 -0.458020 -3.153442 
state 0.323846 -0.457954 -3.155335 
state 0.319421 -0.457891 -3.155650 
state 0.315377 -0.457837 -3.154231 
state 0.311967 -0.457798 -3.151707 
state 0.309083 -0.457771 -3.150919 
laser 271 271 41 32 38 44 47 53 46 60 61 58 64 62 55 55 63 45 51 52 61 83 82 89 111 111 125 126 134 159 161 159 188 205 193 189 211 924 931 927 928 919 918 920 925 927 924 928 935 932 933 934 935 934 933 935 946 949 954 961 969 989 1013 1067 1018 1075 1105 1056 1022 980 948 920 895 871 837 810 787 765 749 730 716 695 683 645 611 611 621 617 605 597 590 578 567 564 554 545 540 531 524 522 513 508 504 498 491 489 484 481 476 474 471 465 461 455 456 456 455 451 448 445 446 444 443 441 438 437 438 436 435 434 433 434 433 434 433 433 434 433 434 435 436 434 431 435 445 441 442 446 448 448 452 436 392 367 349 324 315 297 290 279 273 263 254 248 241 233 223 223 215 209 204 197 196 195 187 184 182 180 179 173 174 168 168 165 160 161 159 157 155 152 152 147 150 147 147 142 144 141 141 137 135 134 139 135 136 134 133 130 130 130 132 130 130 130 132 128 128 130 129 128 130 128 130 129 126 125 128 130 127 124 125 127 130 129 131 133 129 132 132 133 135 134 135 138 139 137 140 139 142 144 144 145 148 146 149 148 151 154 157 150 156 162 162 162 163 169 170 173 173 175 170 167
state 0.305619 -0.457740 -3.150446 
state 0.303878 -0.457723 -3.152023 
state 0.302119 -0.457705 -3.151865 
state 0.299870 -0.457701 -3.132623 
state 0.298219 -0.457728 -3.116063 
state 0.296752 -0.457790 -3.082469 
state 0.295540 -0.457886 -3.041304 
state 0.294424 -0.458025 -2.991149 
state 0.293407 -0.458209 -2.934528 
state 0.292438 -0.458446 -2.871282 
laser 271 271 41 36 41 32 46 38 54 61 64 59 57 62 58 60 61 45 55 55 92 92 108 92 104 115 115 139 122 122 145 175 196 197 192 192 16 920 921 928 924 922 920 921 921 913 914 912 917 914 921 918 922 921 927 926 923 926 930 929 935 940 941 946 947 957 961 975 1024 1102 1049 1015 972 941 910 883 858 830 791 772 752 730 707 692 679 660 643 587 585 582 599 584 570 563 560 542 542 531 523 518 508 500 496 489 485 479 473 470 461 460 455 446 447 443 443 441 436 433 429 429 427 422 420 419 417 411 412 410 409 407 405 404 403 400 400 400 399 398 401 397 398 393 396 399 398 400 400 399 399 402 404 405 404 407 411 411 415 414 419 416 421 411 380 353 340 322 305 298 287 276 269 254 253 252 243 238 237 230 226 220 216 211 205 199 201 199 195 191 189 183 185 181 181 177 173 173 175 171 167 164 163 157 160 164 158 158 156 152 155 154 158 154 151 146 149 149 148 146 147 150 146 143 147 148 145 146 142 142 145 143 144 132 139 146 143 146 145 143 144 145 146 146 147 147 145 147 147 150 149 149 151 154 154 151 157 159 159 158 161 167 163 158 164 169 169 170 177 177 177 174 168 164
state 0.291417 -0.458766 -2.802990 
state 0.290624 -0.459077 -2.731227 
state 0.289889 -0.459431 -2.654418 
state 0.289355 -0.459741 -2.574297 
state 0.288746 -0.460166 -2.491494 
state 0.288270 -0.460559 -2.406641 
state 0.287895 -0.460928 -2.321946 
state 0.287587 -0.461284 -2.239301 
state 0.287500 -0.461400 -2.157917 
state 0.287349 -0.461648 -2.083474 
laser 271 271 42 37 34 33 50 48 52 54 61 59 62 62 58 52 65 52 45 46 70 97 93 122 93 96 127 119 123 136 154 163 191 199 195 198 193 1490 1254 1231 1217 1176 1180 1142 1129 1117 1124 1104 1060 1078 1056 1044 1031 1023 1014 997 946 934 928 928 914 910 898 895 888 881 871 868 866 860 856 851 851 846 839 838 836 830 826 829 833 834 834 827 824 823 824 820 818 819 821 825 829 831 831 829 829 831 830 837 843 850 856 914 926 928 920 1068 915 902 1003 969 931 897 863 836 811 784 761 746 706 685 667 651 636 623 604 590 577 566 556 545 509 487 486 477 485 489 485 474 466 462 455 450 442 439 432 429 423 419 413 408 406 401 398 393 392 385 385 381 377 369 367 368 366 361 357 356 360 355 356 356 353 351 352 348 350 345 350 346 348 348 344 345 344 346 346 346 346 343 345 347 347 350 346 349 349 355 353 355 359 360 360 365 364 369 369 374 374 375 381 381 385 390 394 395 399 403 411 413 415 424 424 401 388 380 375 366 360 352 346 335 333 324 322 318 316 309 304 302 300 293 294 290 286 283 281 280 276 272 272 274 266 262 263 266 261 262 261 259 258 255 256 252 251 248 249 249 249 251 243 241
state 0.287216 -0.461906 -1.995151 
state 0.287147 -0.462074 -1.933640 
state 0.287059 -0.462331 -1.877650 
state 0.286997 -0.462540 -1.827811 
state 0.286951 -0.462734 -1.783176 
state 0.286913 -0.462930 -1.744850 
state 0.286907 -0.462965 -1.712044 
state 0.286907 -0.462965 -1.683340 
state 0.286894 -0.463092 -1.657000 
state 0.286881 -0.463273 -1.638074 
laser 271 271 39 32 30 24 41 48 50 55 59 63 62 66 64 52 64 58 52 62 61 108 127 111 119 126 106 99 144 134 138 168 190 203 196 201 193 1063 1056 1054 1055 1053 1043 999 944 882 825 781 740 709 676 649 627 596 574 551 533 513 485 460 431 413 446 1639 1603 1580 1440 1387 1344 1282 1262 1228 1191 1186 1150 1148 1122 1107 1096 1068 1067 1027 1008 1002 1004 982 971 966 941 931 921 905 856 848 839 831 825 821 805 802 797 792 788 783 780 781 789 796 801 810 817 823 823 823 823 824 814 814 814 814 813 812 814 813 812 814 812 811 812 811 810 814 816 814 816 820 818 819 824 831 831 837 840 843 847 848 848 930 985 816 845 918 885 857 831 805 780 757 736 717 701 686 657 638 628 610 596 581 573 564 553 543 533 516 509 509 499 489 478 442 438 437 440 451 448 442 438 429 428 420 418 419 413 414 405 405 402 399 396 395 389 385 387 388 389 383 383 381 381 380 377 379 378 377 374 372 377 374 374 376 377 374 377 377 378 377 381 379 382 382 382 379 387 390 391 390 396 395 398 401 406 404 410 414 416 418 425 426 432 436 439 446 453 453 459 464 469 479 485 487 496 489 476 464 453 439 439 433 416 407 402 393
state 0.286863 -0.463599 -1.612208 
state 0.286864 -0.463562 -1.601483 
state 0.286865 -0.463526 -1.590127 
state 0.286864 -0.463599 -1.581611 
state 0.286864 -0.463508 -1.573882 
state 0.286864 -0.463617 -1.568835 
state 0.286873 -0.465866 -1.567573 
state 0.286880 -0.468097 -1.565208 
state 0.286901 -0.470727 -1.561580 
state 0.286936 -0.474445 -1.560476 
laser 271 271 45 39 32 52 52 38 55 57 62 62 64 69 60 55 65 56 50 59 59 92 132 88 112 118 118 106 130 130 137 168 196 207 197 202 187 1063 1041 1037 1030 1035 1038 1036 1037 1034 1037 1042 1040 1045 1031 990 927 857 796 748 715 679 649 615 593 568 543 519 505 478 452 427 408 393 422 4000 4000 1565 1474 1381 1328 1283 1265 1239 1181 1204 1155 1123 1094 1101 1032 1055 1030 1031 983 1006 993 960 951 941 936 932 920 918 866 833 829 823 817 837 800 797 793 784 780 834 847 840 837 832 830 827 813 814 817 811 808 807 803 803 801 796 791 795 795 797 795 797 795 797 794 796 797 803 798 800 798 796 807 806 811 808 811 816 825 827 832 836 842 842 948 952 806 845 899 867 848 819 792 768 747 728 708 692 680 659 636 620 612 592 580 564 557 552 540 532 519 511 505 498 490 483 463 437 435 438 440 451 447 442 439 432 432 426 424 422 420 418 412 408 400 403 400 401 401 397 396 391 392 389 389 391 388 388 390 384 386 387 385 387 388 389 388 388 388 391 389 391 390 390 393 391 395 394 397 404 404 406 408 410 411 414 420 421 426 429 430 440 440 442 450 452 459 464 469 475 480 486 493 500 506 508 497 490 473 455
state 0.286985 -0.478779 -1.559057 
state 0.287049 -0.484474 -1.559688 
state 0.287127 -0.491112 -1.558741 
state 0.287213 -0.498058 -1.557322 
state 0.287318 -0.505530 -1.556375 
state 0.287441 -0.513710 -1.555587 
state 0.287572 -0.522179 -1.555429 
state 0.287703 -0.531011 -1.556849 
state 0.287811 -0.540007 -1.560634 
state 0.287888 -0.548948 -1.563946 
laser 271 271 47 38 28 40 60 42 49 59 60 58 59 67 60 53 61 56 50 52 47 76 116 99 158 109 111 121 133 145 141 164 193 206 196 193 189 1038 1042 1039 1039 1042 1036 1036 1037 1036 1035 1037 1036 1003 936 849 784 722 676 632 603 568 539 505 477 446 411 373 402 1884 1879 1869 1851 1841 4000 1640 1563 1563 1347 1299 1294 1212 1228 1187 1144 1125 1080 1045 1042 1045 1007 998 979 961 949 938 907 919 914 908 900 902 896 837 796 799 802 798 830 777 761 756 746 742 763 802 798 793 791 784 779 775 770 769 762 756 758 755 754 752 746 744 747 745 743 745 745 743 743 744 745 744 740 741 745 747 745 745 748 748 754 757 757 759 763 766 768 772 780 783 789 786 792 951 787 753 825 856 820 795 771 745 723 713 693 675 658 643 632 614 592 583 569 559 549 539 530 519 511 503 498 490 482 476 469 465 457 454 449 444 404 402 407 409 412 424 421 418 413 407 407 404 406 398 397 395 395 393 394 392 391 386 390 389 385 388 388 382 385 384 381 385 388 388 386 387 384 390 390 391 390 393 394 394 397 401 401 407 405 409 408 411 412 415 417 425 428 431 436 432 438 450 454 457 464 467 475 478 484 488 496 503 512 521 522 532
state 0.287938 -0.558053 -1.566469 
state 0.287962 -0.567267 -1.569939 
state 0.287955 -0.576644 -1.572936 
state 0.287933 -0.586040 -1.572936 
state 0.287913 -0.595435 -1.573251 
state 0.287892 -0.604849 -1.572463 
state 0.287885 -0.614443 -1.570728 
state 0.287891 -0.623966 -1.569939 
state 0.287898 -0.633524 -1.570412 
state 0.287906 -0.642702 -1.569782 
laser 271 271 51 39 33 55 61 51 47 57 62 62 64 67 61 49 62 58 46 57 62 111 94 97 97 138 128 127 119 132 146 169 196 199 199 199 185 1068 1049 1047 1044 1044 1038 952 784 677 601 529 433 2042 2069 2040 2025 1993 1971 1954 1940 1935 1903 1892 1876 1864 1844 1834 1818 1812 4000 4000 1494 1288 1268 1245 1154 1121 1091 1057 1056 1023 1008 993 963 943 932 908 890 888 875 863 842 828 807 801 785 738 719 713 702 694 692 683 680 664 666 655 658 693 711 716 711 710 703 703 696 692 688 685 682 678 676 671 669 665 666 664 661 661 659 656 661 656 655 656 656 653 660 657 649 652 657 660 658 658 656 659 662 663 666 669 668 674 675 678 682 684 690 692 703 702 705 735 857 719 673 705 775 740 718 700 684 667 652 635 622 607 595 582 570 560 559 540 526 516 507 497 490 483 477 468 462 456 453 445 444 435 430 425 423 421 418 413 411 408 405 404 400 395 382 361 359 362 368 379 387 385 383 379 382 380 379 376 379 375 376 377 371 374 380 380 381 379 379 380 384 384 386 384 385 386 390 389 392 394 394 397 402 404 404 408 410 416 417 423 427 422 428 437 440 446 450 458 463 466 471 478 486 487 495 508 514 523 526 531
state 0.287901 -0.656813 -1.572936 
state 0.287879 -0.666263 -1.573094 
state 0.287858 -0.675604 -1.573251 
state 0.287830 -0.684854 -1.573882 
state 0.287804 -0.694195 -1.573409 
state 0.287782 -0.703572 -1.572305 
state 0.287772 -0.712931 -1.571674 
state 0.287768 -0.722018 -1.570255 
state 0.287780 -0.731377 -1.568993 
state 0.287789 -0.740537 -1.570728 
laser 271 271 46 45 31 42 62 48 49 60 63 61 64 65 57 56 62 57 53 62 66 132 131 105 112 121 111 138 123 141 163 167 190 203 194 196 198 1742 1509 1443 1313 1306 1309 1309 2169 2121 2083 2053 2024 1991 1975 1959 1933 1920 1920 1885 1861 1851 1824 1808 1800 1806 4000 1495 1382 1208 1158 1157 1144 1048 1036 983 971 940 899 903 879 867 828 816 817 794 779 768 748 733 718 660 651 645 630 628 619 607 595 589 581 573 575 577 613 629 632 627 624 622 615 617 609 606 601 595 593 591 591 583 577 576 575 573 572 564 568 569 568 565 565 565 561 563 563 562 564 563 567 562 561 564 563 568 564 564 566 568 567 564 569 577 577 578 581 584 587 588 594 597 600 600 608 617 615 619 750 775 647 589 588 672 657 642 631 614 601 586 568 555 551 544 532 524 514 504 499 492 489 486 469 462 453 448 440 436 430 427 423 417 414 412 404 402 398 395 392 390 384 384 389 382 379 378 378 377 375 370 372 369 368 369 368 364 363 355 334 339 343 350 366 373 371 369 371 373 371 368 372 378 379 382 381 382 385 387 386 391 394 396 396 402 405 407 411 414 418 424 428 433 435 438 445 451 457 461 458 470 481 484 493 503 508 515 524 519
state 0.287779 -0.750041 -1.572305 
state 0.287758 -0.759255 -1.574198 
state 0.287717 -0.768396 -1.575775 
state 0.287673 -0.777465 -1.575459 
state 0.287634 -0.786606 -1.574829 
state 0.287599 -0.795711 -1.573882 
state 0.287583 -0.804472 -1.571516 
state 0.287582 -0.813559 -1.570412 
state 0.287578 -0.822646 -1.572147 
state 0.287560 -0.831751 -1.573094 
laser 271 271 40 33 31 37 41 47 47 57 53 59 61 66 58 57 60 58 46 58 58 74 99 125 125 92 145 113 113 115 137 169 191 200 196 193 191 1367 1324 1324 4000 4000 2127 2079 2044 2022 1989 1965 1939 1918 1906 1899 1855 1847 1823 1806 1798 1777 4000 4000 1263 1167 1116 1084 1008 968 932 913 901 851 826 811 793 766 743 737 720 688 682 667 603 593 579 563 564 547 539 524 516 517 506 494 486 485 476 474 462 460 450 443 441 444 435 430 432 423 422 425 420 417 418 420 423 425 431 433 438 435 442 448 455 456 460 463 464 465 467 464 462 461 465 469 469 472 469 466 470 468 469 473 469 469 472 472 473 475 478 478 480 482 483 486 489 490 493 498 502 497 503 508 519 520 524 532 530 540 658 650 580 503 507 532 577 566 549 545 532 523 514 503 494 486 480 476 468 461 456 446 442 442 435 434 430 427 425 412 404 399 396 396 386 386 384 381 378 374 377 374 371 368 368 363 367 364 362 362 356 358 361 359 359 358 356 358 358 358 362 362 361 363 360 361 362 360 357 360 359 349 336 348 366 377 378 381 385 384 385 391 393 398 400 406 412 412 416 421 426 431 437 441 445 453 455 461 467 473 481 490 499 508 513 509
state 0.287536 -0.840711 -1.574355 
state 0.287498 -0.849617 -1.575459 
state 0.287459 -0.858522 -1.574986 
state 0.287426 -0.867718 -1.573882 
state 0.287398 -0.876696 -1.574040 
state 0.287377 -0.885547 -1.572147 
state 0.287372 -0.894743 -1.571043 
state 0.287368 -0.903866 -1.571832 
state 0.287355 -0.913080 -1.572778 
state 0.287339 -0.922240 -1.572620 
laser 271 271 45 38 34 39 41 41 45 54 60 62 64 65 56 53 63 53 51 54 71 110 101 101 101 125 102 126 138 119 155 160 191 196 193 198 186 4000 4000 2129 2109 2076 2040 2003 1972 1948 1927 1907 1898 1848 1833 1819 1801 1781 1777 4000 1190 1120 1042 1050 947 918 863 827 802 778 742 721 714 676 659 649 554 546 524 515 514 482 468 463 449 452 434 430 416 409 406 402 395 387 380 378 368 368 369 355 349 350 344 342 337 335 333 330 325 320 313 314 309 307 314 307 305 302 302 301 299 301 299 298 297 299 299 299 303 303 301 296 286 288 286 289 279 283 281 291 290 284 292 301 295 295 288 291 293 295 292 296 294 295 295 297 298 301 300 305 305 305 310 317 321 321 324 325 335 341 386 427 441 435 427 515 541 534 486 428 430 439 496 490 482 474 466 460 455 446 442 439 430 423 420 418 415 406 404 396 393 396 386 391 385 383 383 382 382 379 381 368 369 363 362 360 355 356 354 354 353 351 354 351 351 348 351 353 347 346 347 356 347 356 355 353 356 355 358 358 359 362 362 363 364 366 369 372 372 377 379 376 379 378 382 383 367 383 401 407 420 419 428 432 436 441 451 456 459 469 473 483 486 497 502 502
state 0.287298 -0.935752 -1.574671 
state 0.287264 -0.944749 -1.574355 
state 0.287237 -0.952947 -1.573725 
state 0.287210 -0.960673 -1.575617 
state 0.287166 -0.968219 -1.576563 
state 0.287137 -0.974748 -1.574040 
state 0.287114 -0.980752 -1.575144 
state 0.287097 -0.985848 -1.573409 
state 0.287082 -0.990455 -1.574671 
state 0.287068 -0.994427 -1.573882 
laser 271 271 48 42 43 26 45 45 47 51 61 65 62 65 56 50 63 58 46 60 60 118 100 111 111 116 116 116 133 146 135 161 190 203 195 197 198 1966 2029 2020 1982 1957 1927 1907 1899 1861 1832 1804 1784 1764 2783 1127 4000 4000 866 822 760 731 673 642 554 484 461 463 455 424 416 374 376 358 363 362 335 339 302 290 283 305 270 269 251 264 248 240 243 241 233 247 222 230 221 212 228 215 217 209 211 206 207 206 203 201 203 195 196 194 191 192 188 187 188 183 181 182 186 186 183 182 181 181 184 182 181 185 184 183 185 185 188 186 189 184 187 185 188 181 185 183 180 180 177 174 174 179 178 178 180 179 181 180 181 180 184 184 184 187 187 190 190 191 190 188 194 197 198 202 202 200 207 207 206 208 215 217 214 214 256 286 315 330 385 339 305 378 361 328 333 338 363 402 401 397 394 392 388 382 380 378 377 367 367 370 364 361 358 360 359 356 353 354 354 352 350 348 344 348 345 349 349 352 351 353 357 347 347 347 345 348 340 341 344 347 346 349 348 347 352 349 353 354 355 357 362 363 366 366 369 369 376 380 381 386 389 391 397 400 406 407 410 418 424 425 426 431 444 419 442 473 480 488 491 497
state 0.287055 -0.998091 -1.574829 
state 0.287045 -1.001247 -1.573251 
state 0.287039 -1.003660 -1.573094 
state 0.287035 -1.005745 -1.572305 
state 0.287031 -1.007704 -1.573567 
state 0.287029 -1.009663 -1.566312 
state 0.287061 -1.011658 -1.544231 
state 0.287063 -1.011749 -1.522308 
state 0.287077 -1.011966 -1.484455 
state 0.287110 -1.012272 -1.441398 
laser 271 271 40 43 29 25 35 40 56 58 63 63 66 62 49 61 62 44 58 61 72 72 107 128 115 156 128 129 128 141 153 179 198 189 194 190 287 2051 2015 1985 1953 1929 1916 1893 1855 1827 1805 1785 1780 1132 4000 4000 4000 798 738 685 657 555 477 453 449 412 403 372 399 361 343 325 314 304 312 313 260 280 250 265 256 226 247 254 239 210 237 194 221 189 216 197 186 207 183 185 186 168 176 180 173 177 175 175 166 164 169 168 166 162 164 165 164 161 164 156 157 155 156 156 158 153 154 157 155 154 153 151 153 158 158 162 160 163 160 161 163 164 160 159 158 159 159 156 154 153 151 149 152 151 156 152 153 153 154 156 149 150 157 160 159 153 158 161 163 158 164 164 171 168 173 169 175 172 169 177 181 176 181 186 193 185 191 189 197 197 189 207 214 207 223 238 252 246 236 257 257 267 274 285 333 382 380 377 376 376 374 367 367 364 362 365 361 359 359 355 351 352 356 351 352 351 352 351 353 347 350 354 352 353 354 356 358 364 352 355 351 349 357 354 354 354 354 356 358 354 358 362 365 369 370 369 375 375 378 382 383 387 389 395 397 402 406 408 413 420 425 429 434 442 440 442 447 455 445 419
state 0.287197 -1.012828 -1.388562 
state 0.287354 -1.013555 -1.331310 
state 0.287528 -1.014184 -1.267907 
state 0.287598 -1.014390 -1.199772 
state 0.287678 -1.014573 -1.127694 
state 0.287845 -1.014895 -1.051673 
state 0.288018 -1.015171 -0.969344 
state 0.288258 -1.015490 -0.885437 
state 0.288486 -1.015748 -0.800111 
state 0.288751 -1.015997 -0.713365 
laser 271 271 42 37 26 27 27 45 51 55 63 61 61 60 59 53 61 52 50 50 62 112 99 116 116 110 121 110 121 132 164 168 189 198 193 182 197 689 754 781 810 837 867 898 932 960 1004 1050 4000 4000 4000 4000 4000 1299 1332 1324 1327 1322 1327 2926 3082 3135 3174 4000 4000 4000 4000 2079 2040 1985 1952 1918 1889 1863 1844 1837 1794 1759 1735 1715 1707 1068 4000 4000 753 669 711 575 453 377 375 377 371 347 330 327 313 321 292 279 258 259 234 254 252 256 197 198 197 171 173 174 174 154 159 163 139 162 136 149 169 160 127 122 139 123 120 135 121 115 119 116 112 110 112 112 113 113 106 112 114 112 110 107 113 103 110 105 104 102 104 102 102 100 101 101 103 103 101 102 104 105 105 106 107 109 108 110 108 118 108 108 111 108 107 104 102 104 102 99 101 98 98 94 96 104 100 100 102 100 100 105 99 104 105 102 105 112 105 106 108 110 114 119 110 114 112 114 116 117 115 121 116 120 128 127 129 122 122 135 138 143 131 139 138 144 158 150 153 146 174 170 191 199 204 207 185 268 221 230 219 291 252 316 313 306 301 299 333 419 447 444 445 444 437 439 440 441 437 440 439 439 439 437 436 439 434 436 434 438 434 428
state 0.289122 -1.016287 -0.623149 
state 0.289682 -1.016657 -0.542239 
state 0.290205 -1.016947 -0.469215 
state 0.290748 -1.017200 -0.403131 
state 0.291102 -1.017338 -0.340832 
state 0.291534 -1.017477 -0.283580 
state 0.291920 -1.017579 -0.233425 
state 0.292381 -1.017678 -0.189894 
state 0.292863 -1.017761 -0.152515 
state 0.293169 -1.017804 -0.120182 
laser 271 271 43 37 44 35 52 46 49 49 65 59 60 64 61 53 60 58 48 55 57 124 122 119 119 113 128 113 129 129 136 159 187 203 195 197 193 1485 1375 1380 1383 1393 1400 1408 1415 1419 1430 1440 1454 1468 1487 1501 1515 423 477 480 483 486 484 488 498 503 509 509 519 526 533 539 548 556 566 573 584 599 611 624 641 653 670 690 706 726 745 770 789 810 837 857 883 932 984 4000 4000 4000 1189 1235 1224 1214 1212 1210 1213 1213 1221 1226 4000 4000 4000 1922 1914 1887 1872 1850 1849 1842 1837 1802 1782 1779 1751 1728 1695 1671 1655 1637 1620 1596 1573 1551 4000 1052 1006 926 867 802 750 702 638 554 455 331 315 275 266 257 256 276 258 237 254 221 214 209 199 197 187 218 174 188 186 158 155 158 175 154 161 140 131 166 139 133 129 128 134 130 130 130 119 127 125 121 116 124 120 119 120 117 120 116 120 120 116 116 117 112 114 116 114 112 109 103 109 109 111 119 116 115 118 122 123 117 118 118 117 116 121 119 120 118 116 119 117 119 112 112 111 112 112 105 110 117 115 116 112 118 117 117 115 119 120 121 123 123 126 129 125 130 131 126 132 136 128 138 138 132 135 136 133 137 146 147 152 148 160 169 162 170 166 153 196 216 163 99
state 0.293692 -1.017855 -0.079017 
state 0.294109 -1.017883 -0.056464 
state 0.294580 -1.017905 -0.040376 
state 0.294978 -1.017918 -0.023973 
state 0.295178 -1.017922 -0.015299 
state 0.295486 -1.017925 -0.003785 
state 0.295595 -1.017925 0.002524 
state 0.295758 -1.017924 0.010883 
state 0.295849 -1.017923 0.014826 
state 0.296048 -1.017919 0.020346 
laser 271 271 42 38 42 48 56 49 53 58 61 59 57 63 57 54 68 52 54 57 67 107 110 126 110 129 121 134 123 135 153 161 195 201 195 192 192 920 927 927 926 926 922 925 924 926 928 928 1006 1337 1351 1357 1361 1371 1372 1380 1389 1390 1406 1419 1431 1437 1450 418 449 450 454 456 458 463 464 469 474 479 481 488 496 496 501 512 521 532 539 552 555 571 581 597 611 628 642 656 676 692 713 733 752 780 802 826 850 887 934 4000 1215 1191 1175 1154 1156 1159 1158 1159 1175 1176 1167 1188 1224 1275 1283 1269 1253 1243 1203 1234 1239 1194 1206 1163 1182 1170 1167 1165 1123 1155 1124 1146 1131 1128 1105 1122 1119 1114 1020 960 889 829 778 738 695 661 628 599 571 548 521 337 263 263 252 239 238 249 234 219 238 220 200 196 203 177 189 203 168 167 164 165 154 157 149 144 160 144 146 146 150 147 140 146 148 144 143 137 141 141 136 129 126 139 131 131 132 129 129 129 127 130 127 126 128 128 126 130 127 130 133 130 136 137 132 134 130 131 126 127 124 127 134 132 138 133 130 127 130 129 130 127 126 125 126 128 130 130 131 133 130 138 134 136 138 144 143 140 140 144 132 142 147 150 146 149 155 150 145 149 150 153 155 198 160 152 132 114
state 0.296121 -1.017918 0.022869 
state 0.296193 -1.017916 0.026339 
state 0.296320 -1.017913 0.029336 
state 0.296393 -1.017910 0.031859 
state 0.296502 -1.017907 0.035329 
state 0.296574 -1.017904 0.037222 
state 0.296683 -1.017900 0.040376 
state 0.296792 -1.017895 0.042269 
state 0.296864 -1.017892 0.044477 
state 0.296900 -1.017891 0.045739 
laser 271 271 39 40 33 43 44 46 50 57 60 62 63 66 61 51 63 52 52 54 80 104 111 103 116 101 122 132 108 152 148 166 189 206 193 198 195 885 925 926 925 922 926 925 921 920 920 922 923 922 1017 1340 1339 1350 1353 1361 1370 1370 1382 1387 1402 1411 1420 1430 1444 442 445 446 448 452 453 457 458 466 470 473 479 483 484 486 496 510 514 528 536 545 548 564 574 587 600 617 634 650 662 684 701 720 745 763 789 816 840 863 916 958 1351 1191 1159 1152 1155 1148 1153 1159 1162 1173 1173 1172 1195 1275 1272 1229 1186 1194 1166 1175 1165 1180 1175 1153 1159 1117 1119 1115 1117 1128 1124 1138 1103 1089 1100 1096 1088 1090 1038 990 916 859 805 755 710 676 646 612 584 565 540 514 368 272 265 248 249 243 244 239 224 204 237 220 224 209 204 179 198 197 188 175 169 170 160 165 166 162 157 151 149 151 148 146 146 147 145 142 145 143 135 133 132 135 132 135 133 133 135 133 131 131 132 128 130 133 130 130 134 131 136 134 137 134 137 134 129 130 127 127 123 130 134 140 136 136 135 133 135 134 131 132 128 131 132 127 133 135 136 140 138 138 137 138 139 146 145 143 146 143 140 146 151 147 149 154 156 157 146 149 144 144 163 172 147 133
state 0.296991 -1.017886 0.047474 
state 0.297082 -1.017882 0.048578 
state 0.297136 -1.017879 0.049997 
state 0.297208 -1.017876 0.051259 
state 0.297263 -1.017873 0.052363 
state 0.297299 -1.017871 0.053309 
state 0.297335 -1.017869 0.053940 
state 0.297353 -1.017868 0.054098 
state 0.297371 -1.017867 0.054256 
state 0.297371 -1.017867 0.054256 
laser 271 271 43 32 38 45 40 44 50 56 57 61 58 61 55 51 64 55 43 58 62 118 99 105 116 97 119 111 124 127 143 164 188 201 195 197 191 887 926 922 922 922 923 923 922 918 918 917 920 919 924 1110 1337 1344 1348 1354 1356 1362 1376 1379 1388 1401 1407 1417 1432 1500 437 446 441 449 451 455 455 459 463 469 470 472 480 492 493 496 506 517 523 533 543 545 562 572 588 602 620 635 647 666 684 702 725 745 770 791 818 839 871 926 998 1269 1177 1156 1148 1152 1152 1153 1159 1167 1170 1166 1177 1194 1202 1166 1166 1159 1147 1132 1133 1120 1137 1116 1111 1101 1082 1079 1099 1068 1085 1058 1078 1073 1066 1074 1057 1079 1060 1030 978 907 843 794 748 706 671 640 615 585 557 536 516 409 269 260 256 251 235 227 239 231 215 241 209 201 190 204 194 184 183 183 168 174 166 166 170 158 154 160 154 160 153 146 149 149 145 141 137 144 138 142 146 137 138 137 138 134 137 135 134 133 134 135 131 130 131 132 130 131 138 136 135 137 137 138 132 128 130 129 129 136 130 134 133 138 135 135 133 128 135 133 132 130 129 134 133 136 138 137 137 136 137 141 142 146 135 140 149 146 148 151 152 152 154 150 148 151 157 156 151 157 176 162 160 101
state 0.297353 -1.017868 0.054413 
state 0.297353 -1.017868 0.054413 
state 0.297353 -1.017868 0.054413 
state 0.297353 -1.017868 0.054413 
state 0.297353 -1.017868 0.054413 
state 0.297353 -1.017868 0.054413 
state 0.297353 -1.017868 0.054413 
state 0.297353 -1.017868 0.054413 
state 0.297353 -1.017868 0.054413 
state 0.297353 -1.017868 0.054413 
laser 271 271 44 36 35 39 36 47 50 56 60 60 60 64 56 48 66 53 47 60 77 105 107 115 96 128 103 122 125 121 139 157 188 201 191 187 188 890 925 926 923 920 923 922 918 919 922 917 920 919 922 1162 1335 1340 1351 1350 1359 1364 1370 1383 1395 1395 1409 1419 1433 3001 435 444 447 445 449 451 458 459 463 469 471 475 478 486 493 499 507 516 521 527 538 550 561 573 587 605 618 632 647 664 683 703 722 746 769 791 814 840 874 921 1004 1289 1167 1152 1149 1142 1151 1152 1142 1165 1171 1164 1167 1189 1200 1201 1200 1129 1138 1122 1124 1090 1134 1093 1088 1102 1081 1070 1082 1076 1090 1070 1075 1078 1083 1086 1060 1050 1047 1016 983 907 849 793 749 709 672 643 611 586 559 538 516 419 267 267 254 247 240 232 235 230 214 219 221 216 209 188 183 191 172 180 169 169 162 161 167 159 156 156 155 150 154 149 146 146 147 151 141 142 137 139 138 138 139 133 134 137 135 134 133 132 138 129 132 133 133 131 130 129 134 133 143 136 142 134 134 131 127 127 132 132 136 138 136 132 133 137 134 133 133 130 134 131 132 133 135 133 135 135 135 134 137 138 140 143 142 142 145 145 148 147 150 153 155 148 148 151 154 176 155 142 193 185 135 110
state 0.297353 -1.017868 0.054413 
state 0.297353 -1.017868 0.054413 
state 0.297353 -1.017868 0.054413 
state 0.297353 -1.017868 0.054413 
state 0.297353 -1.017868 0.054413 
state 0.297353 -1.017868 0.054413 
state 0.297353 -1.017868 0.054413 
state 0.297353 -1.017868 0.054413 
state 0.297353 -1.017868 0.054413 
state 0.297353 -1.017868 0.054413 
laser 271 271 44 42 37 37 56 44 54 55 63 66 63 65 61 54 62 55 42 61 79 90 89 109 124 123 124 146 124 124 151 162 193 206 198 198 194 883 926 925 926 924 922 925 926 919 920 920 919 921 928 1086 1341 1347 1351 1356 1359 1373 1379 1379 1393 1400 1415 1417 1432 1482 436 445 447 449 451 459 458 460 467 470 472 473 477 490 494 501 511 516 529 537 542 550 563 576 589 604 621 633 648 666 683 704 726 745 767 792 817 841 878 926 1020 1390 1185 1153 1149 1152 1153 1145 1156 1164 1170 1169 1180 1193 1186 1200 1176 1139 1159 1133 1129 1141 1103 1126 1083 1105 1080 1038 1076 1072 1079 1074 1074 1079 1081 1058 1077 1054 1048 1025 981 913 849 797 752 711 674 643 613 583 563 541 518 416 278 256 258 252 238 232 244 235 231 224 213 218 213 190 204 203 179 177 173 167 168 164 155 162 167 155 160 151 155 153 143 151 151 146 143 142 143 144 142 143 139 134 133 144 136 134 134 136 135 133 132 136 134 135 134 131 136 139 138 140 140 136 136 130 136 130 126 128 139 137 144 143 136 139 140 134 137 131 134 134 135 133 137 140 134 135 140 139 140 143 145 149 138 139 149 151 149 157 153 154 156 161 154 157 151 158 177 164 171 159 156 101
state 0.297353 -1.017868 0.054413 
state 0.297353 -1.017868 0.054413 
state 0.297353 -1.017868 0.054413 
state 0.297353 -1.017868 0.054413 
state 0.297353 -1.017868 0.054413 
state 0.297371 -1.017867 0.054571 
state 0.297371 -1.017867 0.054571 
state 0.297371 -1.017867 0.054571 
state 0.297371 -1.017867 0.054571 
state 0.297371 -1.017867 0.054571 
laser 271 271 45 44 44 35 61 47 53 55 63 62 60 66 61 54 66 51 50 59 69 125 138 91 131 112 121 99 99 146 141 161 192 203 198 193 188 881 930 926 926 923 923 924 924 922 922 919 925 925 926 1085 1343 1351 1346 1354 1353 1362 1379 1384 1388 1402 1410 1419 1429 1479 435 446 445 448 451 453 460 459 464 473 476 480 482 490 495 501 509 519 527 529 541 554 564 575 587 602 619 636 651 664 687 705 727 747 765 791 814 843 873 922 1004 1395 1205 1156 1154 1154 1147 1152 1151 1164 1157 1171 1166 1188 1168 1151 1156 1145 1161 1139 1100 1114 1093 1099 1090 1084 1080 1070 1066 1078 1076 1080 1076 1076 1083 1070 1056 1053 1036 1004 989 913 854 799 747 713 674 645 615 585 562 538 520 427 271 259 253 246 233 238 238 236 214 196 211 194 200 178 199 201 186 179 183 173 166 168 166 169 163 155 166 162 153 150 149 152 150 144 147 146 136 146 141 143 138 137 136 133 138 135 135 135 133 136 135 134 134 134 133 136 141 138 139 146 141 143 134 131 132 130 127 129 136 138 143 130 137 133 139 137 135 133 133 134 135 134 136 137 138 139 139 141 139 140 141 137 151 146 149 150 143 153 155 158 150 151 150 161 151 153 150 158 166 169 151 113
state 0.297371 -1.017867 0.054571 
state 0.297371 -1.017867 0.054571 
state 0.297371 -1.017867 0.054571 
state 0.297371 -1.017867 0.054571 
state 0.297371 -1.017867 0.054571 
state 0.297371 -1.017867 0.054571 
state 0.297371 -1.017867 0.054571 
state 0.297371 -1.017867 0.054571 
state 0.297371 -1.017867 0.054571 
state 0.297371 -1.017867 0.054571 
laser 271 271 41 36 52 44 45 47 52 56 56 58 71 66 58 52 63 52 50 58 68 106 134 84 103 119 131 133 126 147 157 166 191 204 198 195 203 298 352 390 402 383 369 383 355 350 331 297 279 282 330 218 1421 1353 1349 1358 1367 1368 1375 1382 1394 1398 1410 1422 1430 1487 434 444 443 446 450 453 458 460 465 469 472 478 481 487 494 502 506 517 526 539 546 553 562 576 591 607 620 632 650 670 687 706 721 748 771 794 817 846 875 922 1005 1386 1282 1161 1147 1149 1153 1152 1155 1156 1170 1162 1174 1189 1200 1188 1167 1185 1146 1119 1108 1107 1083 1093 1109 1085 1105 1065 1082 1044 1108 1068 1079 1064 1068 1044 1083 1053 1062 1007 982 915 854 797 751 712 677 643 612 589 558 535 522 423 273 261 250 244 236 229 243 235 220 243 226 214 216 189 189 181 207 173 175 175 172 170 162 159 158 156 160 154 149 152 157 153 146 150 150 144 139 144 143 141 139 138 142 139 136 138 134 135 134 133 135 134 136 134 133 131 133 140 141 143 140 147 138 133 133 131 132 137 132 138 141 142 140 131 141 138 133 136 133 132 133 133 137 137 132 133 140 141 139 142 143 143 146 145 144 147 150 151 151 161 152 149 158 156 153 155 160 164 170 170 153 112
state 0.297371 -1.017867 0.054571 
state 0.297371 -1.017867 0.054571 
state 0.297371 -1.017867 0.054571 
state 0.297371 -1.017867 0.054571 
state 0.297371 -1.017867 0.054571 
state 0.297371 -1.017867 0.054571 
state 0.297371 -1.017867 0.054571 
state 0.297371 -1.017867 0.054571 
state 0.297389 -1.017866 0.054729 
state 0.297389 -1.017866 0.054729 
laser 271 271 41 43 41 51 48 51 55 57 64 64 65 66 61 55 64 59 44 59 77 102 93 119 87 114 123 123 142 137 160 163 193 202 197 200 191 894 930 928 927 922 923 925 923 922 925 921 914 919 930 1086 1343 1347 1346 1350 1355 1369 1377 1388 1388 1401 1406 1423 1431 1482 436 444 448 448 453 457 459 462 464 470 475 471 478 489 498 504 510 515 524 538 540 550 565 572 589 603 620 634 654 667 686 706 725 746 768 792 817 843 875 923 1028 1335 1228 1159 1149 1149 1153 1151 1151 1167 1162 1169 1168 1189 1200 1211 1151 1147 1131 1145 1130 1135 1094 1089 1115 1095 1110 1068 1062 1048 1093 1072 1065 1082 1058 1083 1057 1071 1035 1013 986 916 856 795 751 713 676 642 612 587 563 543 518 424 273 273 261 254 246 229 239 235 237 237 216 219 209 180 198 174 168 177 192 168 162 165 166 165 164 155 158 152 151 150 142 152 145 152 141 144 145 141 137 140 139 138 140 137 137 137 136 137 131 133 135 135 135 134 134 134 139 140 135 143 137 144 137 131 123 132 133 135 140 141 140 140 140 142 136 136 136 134 132 133 132 134 136 137 135 141 137 136 135 136 141 148 142 140 148 152 147 151 153 150 149 160 156 162 153 160 160 147 178 168 143 104
state 0.297389 -1.017866 0.054729 
state 0.297389 -1.017866 0.054729 
state 0.297389 -1.017866 0.054729 
state 0.297389 -1.017866 0.054729 
state 0.297389 -1.017866 0.054729 
state 0.297389 -1.017866 0.054729 
state 0.297389 -1.017866 0.054729 
state 0.297389 -1.017866 0.054729 
state 0.297408 -1.017865 0.054886 
state 0.297408 -1.017865 0.054886 
laser 271 271 44 44 25 47 62 52 47 58 62 65 64 63 59 51 66 50 52 53 64 124 87 136 99 143 108 128 127 155 142 169 195 207 197 202 193 890 927 927 926 925 926 928 923 921 921 921 921 926 924 1082 1338 1346 1342 1353 1363 1368 1377 1382 1392 1400 1414 1418 1443 164 289 326 424 450 451 453 459 459 465 470 474 479 483 487 496 502 509 513 525 535 543 548 561 577 590 606 618 633 650 668 687 707 727 747 770 792 814 844 875 922 1008 1239 1167 1150 1145 1152 1148 1152 1149 1172 1174 1175 1182 1209 1179 1156 1190 1161 1130 1128 1119 1131 1086 1091 1086 1110 1103 1043 1053 1060 1089 1085 1078 1055 1077 1084 1060 1060 1049 1031 983 914 850 795 754 716 676 646 613 590 564 539 520 430 277 265 250 245 243 236 242 233 231 198 206 215 196 207 184 182 204 184 172 169 161 167 162 159 166 163 153 154 153 152 144 148 146 150 142 145 141 142 144 138 135 138 140 140 136 138 136 133 133 133 132 131 132 134 135 136 138 139 138 144 143 142 139 134 132 128 135 132 138 135 137 143 138 133 139 137 135 136 134 133 135 135 137 137 137 137 137 140 141 144 147 142 145 149 141 150 148 150 145 152 158 154 154 160 159 163 153 148 199 163 131 119
state 0.297426 -1.017864 0.055044 
state 0.297426 -1.017864 0.055044 
state 0.297426 -1.017864 0.055360 
state 0.297426 -1.017864 0.055360 
state 0.297444 -1.017863 0.055517 
state 0.297444 -1.017863 0.055517 
state 0.297462 -1.017862 0.055675 
state 0.297462 -1.017862 0.055675 
state 0.297480 -1.017861 0.055833 
state 0.297480 -1.017861 0.055833 
laser 271 271 43 36 33 30 57 40 48 54 57 60 61 67 57 53 61 56 51 45 79 101 89 98 118 103 117 121 126 140 136 163 187 202 196 192 197 894 927 924 922 923 921 923 922 918 920 917 919 922 920 1063 1336 1340 1346 1354 1366 1372 1377 1380 1389 1390 1406 1415 1432 1467 431 441 445 448 448 453 455 460 462 467 468 430 337 445 490 498 504 508 522 535 542 550 561 570 587 604 615 628 648 664 682 704 716 745 762 791 812 839 871 918 995 1199 1162 1134 1131 1139 1142 1158 1175 1189 1200 1198 1223 1160 1124 1172 1166 1127 1128 1111 1109 1092 1093 1109 1093 1103 1071 1041 1071 1061 1064 1091 1079 1065 1077 1059 1026 1060 1058 1033 988 912 852 798 752 710 674 645 613 587 563 541 522 445 274 264 260 248 235 236 237 232 219 206 228 207 206 192 188 201 176 175 174 172 187 155 158 162 159 159 155 153 148 152 151 151 147 147 142 149 145 142 137 140 135 138 142 139 138 133 135 135 134 129 131 133 131 133 134 133 134 134 139 142 141 130 130 135 128 128 128 133 134 129 140 143 141 137 136 136 132 130 133 132 134 132 135 130 133 128 141 139 141 140 140 143 140 144 144 146 145 145 141 145 156 154 153 153 150 150 152 150 134 151 135 103
state 0.297498 -1.017860 0.055990 
state 0.297498 -1.017860 0.055990 
state 0.297498 -1.017860 0.055990 
state 0.297498 -1.017860 0.055990 
