LIBUSB - Claimed interface
state 0.000000 0.000000 0.000000 
laser 271 271 42 45 32 34 51 45 54 58 57 58 58 58 58 49 65 54 52 63 82 111 112 119 101 112 112 129 129 141 158 164 197 200 195 196 213 306 312 310 307 304 304 311 310 308 308 307 308 307 302 308 311 311 309 308 312 314 317 316 315 314 317 318 321 323 322 327 330 330 325 334 340 342 343 348 349 354 355 363 367 367 372 375 376 381 391 393 400 401 408 422 429 431 439 449 447 465 480 491 504 525 537 552 563 581 602 622 639 657 677 703 731 763 800 847 900 958 1026 1081 1108 1145 1137 1134 1127 1122 1120 1116 1107 1106 1106 1110 1101 1104 1103 1103 1102 1105 1103 1107 1106 1110 1110 1113 1113 1115 1117 1118 1122 1123 1124 1128 1103 367 345 316 293 266 246 244 229 220 212 207 197 191 180 176 175 167 168 159 153 147 148 142 140 137 132 133 135 128 127 123 121 119 114 111 111 112 110 109 106 103 106 104 104 101 101 100 98 98 100 97 96 93 94 93 94 94 91 87 93 89 92 87 86 85 95 88 87 87 85 88 85 87 88 90 85 88 87 85 89 85 87 90 90 87 89 90 90 91 89 90 90 83 87 95 93 94 97 96 95 97 100 96 96 99 101 100 103 102 102 106 107 105 105 112 113 114 111 110
state 0.000816 0.000000 0.000473 
state 0.003537 0.000012 0.008044 
state 0.005895 0.000027 0.005520 
state 0.008996 0.000047 0.007571 
state 0.013168 0.000083 0.009148 
state 0.018173 0.000131 0.010409 
state 0.024231 0.000198 0.011671 
state 0.030670 0.000277 0.012460 
state 0.037561 0.000363 0.012775 
state 0.044961 0.000450 0.010567 
laser 271 271 39 35 41 40 37 47 48 54 60 58 56 65 55 54 65 57 47 55 57 95 96 107 108 124 119 108 133 180 149 159 192 197 196 194 213 309 311 307 306 308 307 308 308 306 307 307 303 304 305 306 309 309 308 309 308 308 313 314 313 312 317 318 318 323 322 322 327 327 331 332 333 337 343 347 347 350 350 352 354 368 366 371 375 380 382 390 395 399 407 413 419 426 429 432 440 467 483 494 503 521 530 546 555 576 591 617 628 649 669 698 724 759 796 843 891 945 1015 1056 1091 1121 1115 1110 1099 1102 1097 1092 1088 1086 1086 1086 1083 1080 1084 1082 1081 1069 1075 1081 1084 1080 1085 1088 1087 1090 1091 1093 1092 1096 1100 1102 1105 1108 16 330 310 292 270 254 236 225 217 205 198 194 184 173 174 169 170 160 160 154 147 148 144 138 134 135 130 126 126 124 122 117 117 120 116 111 111 111 106 108 108 97 101 104 101 99 103 100 101 96 97 94 97 94 92 96 91 92 90 90 91 90 93 89 91 89 90 87 88 89 84 84 89 90 84 88 86 86 86 87 87 91 89 88 88 89 89 90 90 93 90 90 93 92 93 91 93 93 96 94 90 93 102 97 101 102 103 100 102 102 107 108 112 113 113 109 113 111
state 0.056968 0.000562 0.007413 
state 0.065492 0.000606 0.002997 
state 0.074398 0.000603 -0.003785 
state 0.083285 0.000547 -0.008832 
state 0.092589 0.000447 -0.012460 
state 0.102111 0.000327 -0.012618 
state 0.111433 0.000219 -0.010725 
state 0.120991 0.000135 -0.006782 
state 0.130749 0.000088 -0.002997 
state 0.140435 0.000067 -0.001104 
laser 271 271 45 42 37 44 54 49 49 56 57 60 60 61 57 50 69 53 54 66 94 120 135 89 89 118 121 143 134 134 157 163 191 200 198 193 217 303 309 305 310 307 309 306 307 306 308 306 307 308 308 310 310 309 310 312 313 314 312 315 314 314 313 323 319 321 324 327 331 332 331 335 338 338 345 346 350 351 355 361 364 367 374 382 382 389 397 403 418 424 425 441 452 460 468 479 489 500 513 527 539 552 557 582 594 615 634 656 684 709 744 781 823 865 921 970 999 1026 1042 1030 1028 1027 1021 1020 1017 1011 1011 1008 1002 1004 1003 1001 999 997 997 998 999 998 1001 1003 997 1006 1007 1009 1009 1010 1013 1006 1011 1013 1014 1023 1018 1022 1027 1029 4000 257 246 236 227 214 210 198 194 186 175 170 162 155 156 149 148 143 143 137 134 129 126 122 125 118 119 117 115 112 113 109 111 109 104 106 103 97 101 97 98 91 95 95 96 93 93 90 94 90 87 82 86 93 90 85 88 85 85 87 84 86 87 86 84 84 86 83 83 82 83 79 86 83 86 81 85 84 86 86 82 84 85 88 88 88 86 89 92 87 89 88 90 92 92 94 96 92 91 95 94 94 99 101 102 97 104 101 105 104 101 103 113 105 108 106
state 0.150030 0.000067 0.000631 
state 0.159661 0.000069 -0.000158 
state 0.169237 0.000063 -0.001104 
state 0.178905 0.000048 -0.001893 
state 0.188627 0.000028 -0.002208 
state 0.198258 0.000007 -0.002366 
state 0.207925 -0.000017 -0.002524 
state 0.217429 -0.000040 -0.002208 
state 0.226661 -0.000061 -0.002681 
state 0.236111 -0.000087 -0.002524 
laser 271 271 41 46 37 47 62 48 51 54 59 59 61 57 64 48 68 55 41 64 87 97 119 134 125 110 108 118 136 134 138 188 194 202 199 194 209 295 306 303 303 300 304 303 304 302 298 293 296 298 301 302 303 301 302 301 301 300 306 306 305 307 307 311 310 312 315 318 320 327 324 329 332 338 341 349 345 350 360 363 371 374 376 384 390 397 396 411 415 422 434 439 446 457 466 475 489 493 502 514 532 542 556 571 590 606 632 660 688 717 745 783 819 865 900 920 942 942 939 937 927 925 920 919 916 913 911 906 904 902 903 903 905 902 895 895 894 901 899 901 903 903 905 908 909 911 910 913 914 916 916 921 923 929 933 938 941 949 953 959 965 973 981 987 995 999 1003 4000 179 177 172 167 166 160 149 154 145 147 138 138 136 132 128 125 126 124 119 117 119 117 110 115 105 102 103 109 103 98 96 101 97 93 96 94 94 93 94 91 93 90 90 90 83 88 87 87 88 89 85 86 87 85 81 79 87 85 86 87 81 87 85 86 83 84 87 87 84 86 89 86 86 87 88 90 87 88 91 88 90 93 93 86 87 90 92 97 96 97 98 98 99 97 99 104 102 104 107 106 111 107 107 103
state 0.250005 -0.000127 -0.002839 
state 0.259110 -0.000148 -0.002208 
state 0.268324 -0.000163 -0.000631 
state 0.277465 -0.000164 0.000000 
state 0.286715 -0.000161 0.000946 
state 0.295820 -0.000152 0.000631 
state 0.304907 -0.000144 0.001419 
state 0.314013 -0.000135 0.000158 
state 0.323390 -0.000138 -0.000631 
state 0.332676 -0.000149 -0.001893 
laser 271 271 42 36 32 46 41 58 54 56 63 66 55 66 62 48 64 56 51 57 69 89 114 93 106 104 123 122 122 162 141 160 188 203 193 193 200 288 297 294 295 294 295 295 295 296 294 295 295 293 294 294 294 294 295 301 301 301 302 309 308 310 314 314 319 320 321 326 329 331 335 338 341 344 348 353 357 360 362 370 373 379 378 387 392 402 407 414 420 425 430 434 446 459 465 476 488 497 514 527 540 557 572 589 614 634 651 685 713 740 778 799 820 843 861 859 853 846 838 836 834 832 830 824 821 819 816 814 814 810 810 814 813 811 809 805 806 803 803 813 806 809 807 819 817 820 816 821 821 824 827 827 830 833 837 841 846 846 856 857 862 870 878 887 894 901 909 920 926 932 940 954 973 980 969 955 938 920 911 895 878 862 846 834 821 807 795 783 771 756 617 157 116 115 110 110 114 109 106 101 101 104 102 106 101 103 99 100 96 97 97 98 97 94 94 94 97 92 93 92 92 94 94 91 90 92 93 92 81 86 90 96 89 93 92 89 90 89 93 92 90 91 91 91 94 94 94 93 94 96 97 97 97 100 102 94 97 95 96 97 103 99 101 103 105 105 100 105 109 113 110 102
state 0.341636 -0.000168 -0.002208 
state 0.350741 -0.000186 -0.001577 
state 0.359865 -0.000193 -0.000158 
state 0.369079 -0.000191 0.000473 
state 0.378129 -0.000181 0.001262 
state 0.387144 -0.000169 0.001419 
state 0.396158 -0.000158 0.000946 
state 0.405390 -0.000154 -0.000158 
state 0.414514 -0.000162 -0.001577 
state 0.423637 -0.000183 -0.002997 
laser 271 271 43 40 33 46 32 43 46 54 53 55 58 64 56 50 63 58 50 59 75 103 126 135 105 110 113 134 140 134 158 166 188 202 196 197 214 296 308 312 297 303 312 312 308 305 303 300 303 303 304 305 303 304 308 306 312 310 313 315 316 315 321 320 322 323 331 334 334 333 336 345 346 347 351 357 361 369 371 373 373 376 387 389 398 402 409 416 424 430 440 449 457 468 477 489 500 514 524 539 558 572 593 609 631 656 683 712 723 735 751 780 771 771 763 760 751 750 746 738 736 736 731 730 727 726 724 717 718 718 722 730 723 729 717 712 715 716 715 717 721 722 723 722 725 725 728 732 732 730 736 734 738 741 744 746 746 749 757 762 769 771 778 784 789 798 804 813 822 828 841 849 861 867 877 892 900 893 888 872 863 846 839 826 815 798 787 778 770 750 750 739 729 722 717 710 704 697 691 685 679 676 670 669 662 663 657 654 648 644 643 641 638 636 630 626 626 626 623 623 617 614 613 611 612 607 637 815 868 915 1122 1222 1226 1227 1231 1230 1231 1237 1238 1238 1278 30 99 97 89 91 99 96 98 100 100 100 103 100 98 102 106 103 108 107 108 107 109 110 110 115 113 114 119 114 114 107
state 0.432887 -0.000212 -0.002997 
state 0.441883 -0.000237 -0.002681 
state 0.450880 -0.000261 -0.002366 
state 0.460057 -0.000276 -0.000789 
state 0.469017 -0.000279 0.000158 
state 0.478231 -0.000273 0.001104 
state 0.487445 -0.000263 0.000789 
state 0.496677 -0.000260 0.000000 
state 0.505801 -0.000263 -0.000789 
state 0.515087 -0.000271 -0.000789 
laser 271 271 46 38 35 53 55 46 46 55 58 56 65 62 58 47 63 54 49 56 76 93 93 123 94 113 133 132 129 131 142 176 191 205 195 197 202 300 306 307 305 305 308 307 306 307 307 306 308 309 303 306 314 311 314 314 312 316 319 322 322 323 324 332 329 329 335 334 339 340 342 348 352 354 359 365 368 371 373 373 382 393 397 405 410 418 424 431 437 449 457 467 478 491 496 511 525 541 558 573 588 607 626 639 651 666 672 696 691 684 679 678 675 669 663 660 658 654 649 646 644 641 638 640 638 635 633 632 634 635 638 635 629 626 625 625 629 624 623 628 635 635 632 634 638 640 637 640 643 643 641 645 646 648 651 655 656 660 665 669 672 677 680 686 693 698 703 706 714 729 734 744 750 758 768 780 790 803 811 826 833 818 814 802 793 786 775 767 753 748 738 729 720 711 706 699 687 683 681 675 668 664 659 657 653 650 644 644 639 638 632 633 634 627 628 624 623 623 622 621 617 618 618 615 618 609 611 613 615 614 612 611 612 610 615 1121 1178 1174 1170 1166 1170 1170 1173 1188 1189 1194 1115 847 830 824 819 811 823 1241 1258 1274 1288 1305 1314 1322 1341 1416 1444 1414 1372 1340 1313 1297 1266 1233 1230 1240
state 0.528564 -0.000280 -0.000631 
state 0.537778 -0.000285 -0.000315 
state 0.547010 -0.000286 -0.000158 
state 0.556079 -0.000284 0.000789 
state 0.565184 -0.000275 0.001104 
state 0.574253 -0.000264 0.001104 
state 0.583376 -0.000259 0.000315 
state 0.592554 -0.000257 0.000000 
state 0.601495 -0.000260 -0.000473 
state 0.610510 -0.000263 -0.000315 
laser 271 271 46 40 35 56 48 43 48 52 61 58 58 64 56 54 67 52 52 57 78 116 102 135 98 110 121 103 127 130 140 159 190 207 195 196 213 306 312 310 307 308 308 316 311 311 316 320 317 312 315 326 319 318 316 317 318 318 321 324 326 326 327 330 333 330 337 342 345 348 346 352 359 363 368 371 375 380 386 392 397 404 412 420 426 432 444 448 456 465 475 485 497 510 522 536 549 562 570 569 583 591 613 619 613 604 602 593 590 585 581 575 573 568 564 562 559 555 554 553 550 549 546 547 547 542 540 546 542 534 538 532 535 532 535 535 534 536 536 538 542 539 540 544 543 543 547 549 549 550 552 554 556 555 556 559 563 562 565 571 576 580 583 585 589 595 600 607 612 617 629 635 642 646 654 663 671 681 693 703 715 727 740 749 763 757 750 743 736 736 726 721 715 704 698 691 682 678 672 663 658 654 653 646 643 639 634 635 633 627 624 620 621 617 617 612 611 612 616 612 615 612 613 611 612 615 616 608 618 611 612 616 616 615 619 618 620 621 621 621 621 623 625 985 1189 1188 1198 1212 1218 1215 973 879 865 854 844 841 841 861 1317 1332 1347 1364 1375 1400 1484 1488 1447 1422 1395 1373 1364 1370
state 0.619579 -0.000266 -0.000315 
state 0.628611 -0.000265 0.000315 
state 0.637009 -0.000263 0.000158 
state 0.644700 -0.000263 0.000158 
state 0.652372 -0.000253 0.002208 
state 0.659482 -0.000246 -0.000315 
state 0.665649 -0.000245 0.000631 
state 0.671090 -0.000247 -0.001262 
state 0.675661 -0.000250 0.000315 
state 0.680159 -0.000252 -0.001577 
laser 271 271 49 39 39 42 42 45 50 59 64 61 64 67 59 49 68 56 41 65 79 101 86 104 126 117 120 120 135 136 153 172 198 204 199 197 228 316 315 315 315 315 322 317 318 314 317 316 316 316 326 322 327 325 326 329 330 331 333 336 339 339 344 342 348 348 354 358 365 363 369 371 375 379 386 389 395 397 403 414 418 425 433 438 445 455 461 474 482 487 492 496 503 504 511 526 532 522 515 511 504 497 489 487 483 477 469 466 469 462 459 454 451 449 449 449 443 443 439 438 436 431 431 433 436 435 430 425 427 425 421 428 423 425 423 416 420 422 427 427 428 428 425 425 426 430 431 438 440 435 438 439 444 445 446 448 447 450 454 452 455 463 466 467 470 467 470 483 484 488 495 500 505 510 518 524 529 537 544 553 563 572 583 596 605 618 631 647 655 670 688 693 691 684 676 671 674 666 664 660 654 651 648 642 637 631 629 625 623 619 619 618 614 610 611 608 606 603 605 604 606 601 602 596 598 604 606 607 607 606 607 609 613 613 614 617 621 622 622 627 632 633 637 638 643 639 647 647 650 654 657 660 660 1254 1267 1287 1297 1305 1316 1336 1352 1359 1378 1391 1410 1440 1457 1516 1559 1527 1502 1498
state 0.684131 -0.000258 -0.001419 
state 0.687468 -0.000265 -0.002681 
state 0.690080 -0.000270 -0.001104 
state 0.692456 -0.000272 -0.000315 
state 0.694379 -0.000271 0.001262 
state 0.696319 -0.000273 -0.006782 
state 0.698441 -0.000310 -0.028074 
state 0.699184 -0.000340 -0.053782 
state 0.699926 -0.000393 -0.092424 
state 0.700521 -0.000461 -0.136743 
laser 271 271 52 42 37 48 26 43 53 54 60 61 66 61 67 54 59 67 48 61 76 76 91 121 93 117 110 110 127 135 148 147 174 197 201 201 197 255 319 313 323 324 324 321 324 326 323 326 326 331 329 332 329 328 331 337 339 339 343 347 346 350 352 355 361 362 365 370 371 377 382 386 388 396 399 404 412 416 425 432 438 442 450 461 471 477 480 485 488 489 500 503 520 513 503 498 489 482 475 473 468 464 458 452 443 443 447 439 436 433 432 421 422 426 421 422 420 418 417 414 414 417 417 410 411 412 409 407 404 402 405 406 405 407 406 404 405 407 407 408 406 408 417 415 418 419 417 418 421 426 425 428 428 431 433 435 437 442 445 445 451 451 455 460 461 468 469 475 471 484 492 501 500 510 517 530 536 544 551 563 572 584 594 605 620 632 648 662 673 682 670 669 665 658 658 657 649 642 638 637 629 629 624 621 617 613 607 607 604 601 599 601 601 596 593 594 594 592 591 595 592 595 595 593 597 597 594 598 606 602 602 611 610 612 616 618 621 622 629 631 631 633 640 641 646 649 648 655 669 1254 1272 1281 1291 1308 1322 1337 1353 1378 1371 1383 1422 1435 1462 1561 1530 1500 1480 1457 1432 1412 1380 1378
state 0.701627 -0.000658 -0.217180 
state 0.702524 -0.000885 -0.277586 
state 0.703215 -0.001105 -0.344144 
state 0.703737 -0.001314 -0.415591 
state 0.704178 -0.001526 -0.491138 
state 0.704585 -0.001764 -0.570944 
state 0.704958 -0.002023 -0.654062 
state 0.705292 -0.002302 -0.739862 
state 0.705523 -0.002532 -0.827869 
state 0.705756 -0.002810 -0.911461 
laser 271 271 49 38 39 51 47 52 46 56 60 61 59 69 63 53 66 58 53 62 72 89 100 99 96 113 148 110 114 130 158 164 196 202 198 196 217 409 432 431 439 443 458 465 474 479 485 498 506 521 529 544 550 553 560 570 568 583 598 596 583 572 563 567 556 552 544 538 533 526 523 516 516 516 510 510 507 503 504 499 497 496 494 495 491 490 492 488 487 486 486 489 487 485 488 484 489 487 487 488 487 489 493 494 496 494 496 501 500 505 503 508 507 508 512 516 523 522 524 530 532 541 546 549 552 559 562 570 573 577 585 601 605 612 623 632 642 652 665 676 686 696 707 698 698 688 684 678 675 666 661 648 646 639 630 626 623 619 603 604 607 599 596 595 590 584 582 580 578 575 575 574 573 571 570 568 568 566 570 571 567 567 569 568 567 573 571 566 570 575 572 576 577 581 582 581 585 587 585 591 593 592 592 1259 1269 1275 1284 1286 1301 1317 1323 1335 1350 1360 1379 1393 1405 1421 1448 1545 1426 1479 1445 1415 1396 1368 1340 1316 1283 1264 1235 1218 1203 1181 1160 1148 1094 1108 1105 1094 1072 1063 1058 1049 1038 1026 1015 1002 1003 994 988 979 972 963 958 952 948 944 2375 241 252 282 311 337 379 472 725 888 906 906 908 913
state 0.706019 -0.003179 -0.994263 
state 0.706197 -0.003475 -1.070442 
state 0.706352 -0.003782 -1.139681 
state 0.706505 -0.004151 -1.207815 
state 0.706589 -0.004390 -1.265856 
state 0.706664 -0.004652 -1.318692 
state 0.706722 -0.004899 -1.370109 
state 0.706757 -0.005096 -1.407804 
state 0.706815 -0.005490 -1.440925 
state 0.706849 -0.005779 -1.469314 
laser 271 271 45 36 26 42 46 39 50 61 65 64 62 64 62 57 66 57 54 55 63 117 99 141 136 99 90 151 143 145 154 172 193 210 198 200 222 572 593 593 591 590 589 587 585 584 593 587 582 588 580 578 578 575 576 576 578 579 579 581 581 582 585 583 587 588 586 589 588 590 599 601 604 604 607 616 616 618 623 626 630 639 636 649 652 657 665 674 680 688 699 707 717 725 733 747 757 771 769 788 783 775 766 757 750 741 737 725 717 710 700 692 683 676 670 668 662 656 650 649 643 639 634 631 630 624 623 623 613 614 613 617 615 613 610 610 609 604 605 608 606 604 603 604 602 599 608 604 601 604 602 601 601 605 606 616 1218 1232 1223 1237 1238 1244 1251 1262 1273 1274 1279 1297 1300 1312 1318 1320 1313 1316 1313 1296 1324 1329 1333 1323 1366 1346 1311 1383 1368 1346 1321 1268 1234 1209 1189 1175 1144 1130 1117 1085 1055 1067 1050 1036 1029 1015 1002 992 982 967 2493 162 164 175 175 185 189 193 203 214 223 234 249 260 262 289 307 342 373 423 474 555 694 788 827 828 826 826 825 823 829 829 827 826 830 832 831 837 837 843 845 847 853 850 857 865 874 876 880 884 880 826 797 778 754 728 702 675 657 632 615 601 578 569 541 529
state 0.706882 -0.006158 -1.494076 
state 0.706899 -0.006411 -1.515841 
state 0.706896 -0.006339 -1.532875 
state 0.706899 -0.006448 -1.546439 
state 0.706904 -0.006683 -1.556375 
state 0.706905 -0.006847 -1.565996 
state 0.706905 -0.007082 -1.573725 
state 0.706898 -0.008025 -1.581610 
state 0.706869 -0.010964 -1.579402 
state 0.706838 -0.013648 -1.585711 
laser 271 271 44 41 42 34 45 55 51 56 64 63 63 66 62 53 63 57 39 58 71 143 113 101 102 144 126 97 107 107 159 176 191 204 198 199 226 577 598 604 608 598 599 601 597 602 598 596 602 602 608 608 613 611 613 615 617 615 617 621 622 626 630 632 634 639 641 645 650 655 658 664 669 674 684 692 699 700 711 726 731 739 749 763 770 782 794 803 815 810 807 797 784 775 766 760 750 742 732 722 718 706 700 691 687 681 670 669 671 662 657 655 647 648 643 643 642 638 635 635 632 631 628 629 628 629 625 622 624 621 620 622 619 620 620 614 615 617 617 617 615 618 617 618 1122 1227 1222 1231 1237 1243 1246 1248 1255 1258 1267 1265 1261 1272 1289 1270 1284 1223 1228 1213 1215 1242 1262 1244 1225 1242 1242 1255 1298 1293 1303 1304 1286 1273 1251 1219 1188 1166 1153 1126 1102 1086 1063 1062 1046 1025 2755 158 160 162 167 175 181 184 184 190 198 204 209 222 229 240 251 258 266 276 297 319 339 367 401 441 490 560 667 753 803 813 807 808 813 810 812 811 813 813 812 815 812 818 817 823 821 829 829 834 837 843 847 851 857 859 861 868 824 792 767 742 719 696 674 652 633 611 596 577 561 547 531 523 505 491 484 473 464 452 443 418
state 0.706777 -0.017402 -1.587131 
state 0.706702 -0.021881 -1.588550 
state 0.706604 -0.027394 -1.588550 
state 0.706484 -0.033977 -1.589339 
state 0.706357 -0.041068 -1.588235 
state 0.706228 -0.048521 -1.587446 
state 0.706107 -0.056410 -1.584765 
state 0.706000 -0.064771 -1.582399 
state 0.705909 -0.073531 -1.580033 
state 0.705841 -0.082382 -1.576879 
laser 271 271 41 40 34 42 42 45 49 53 60 62 62 66 60 50 61 56 42 54 59 101 126 143 97 118 113 131 136 130 137 158 193 206 197 194 212 575 603 601 602 604 604 607 607 606 609 602 606 614 610 614 613 613 612 619 620 619 624 626 626 631 631 636 638 643 647 657 660 663 667 677 684 689 696 707 710 720 728 739 748 761 768 768 789 783 776 764 756 747 737 731 720 706 700 689 680 675 668 658 653 646 637 635 630 617 618 622 613 608 607 603 601 597 595 590 591 586 585 586 580 583 579 582 578 576 575 573 573 575 575 575 572 573 563 566 570 566 569 570 567 567 567 1141 1180 1179 1182 1186 1195 1203 1203 1206 1216 1210 1221 1221 1233 1231 1243 1238 1220 1232 1213 1216 1218 1215 1220 1184 1187 1196 1244 1217 1255 1280 1256 1238 1268 1226 1207 1183 1160 1137 1115 1104 1081 1062 1043 1021 1020 1013 993 988 961 961 958 942 937 923 916 911 900 895 887 884 875 868 853 853 135 138 140 151 158 163 180 193 217 235 238 276 339 471 731 803 805 803 806 809 806 809 809 807 807 812 816 818 820 824 825 830 834 836 841 849 857 861 869 870 868 877 872 830 806 780 768 748 727 705 679 665 648 630 610 598 584 573 565 549 541 528 516 496
state 0.705785 -0.095695 -1.573409 
state 0.705768 -0.104909 -1.572463 
state 0.705747 -0.114087 -1.573409 
state 0.705720 -0.123391 -1.574513 
state 0.705685 -0.132769 -1.574355 
state 0.705655 -0.142019 -1.573409 
state 0.705637 -0.151450 -1.572463 
state 0.705623 -0.160610 -1.572305 
state 0.705614 -0.169896 -1.571359 
state 0.705612 -0.179201 -1.570570 
laser 271 271 45 36 44 51 43 39 54 58 64 63 61 61 58 51 63 52 42 49 71 86 114 100 100 120 115 129 133 138 150 168 190 199 198 197 222 595 610 610 609 609 610 609 606 608 608 607 603 604 611 612 612 608 615 615 618 615 620 626 625 632 634 639 639 645 651 652 660 665 669 672 677 689 699 704 709 713 719 734 728 717 707 694 688 673 666 653 642 633 622 613 604 596 586 579 571 567 563 559 552 544 540 535 534 524 519 519 515 517 507 507 506 505 503 501 501 495 494 494 491 490 492 489 488 483 482 483 482 481 479 481 479 477 480 475 473 473 478 477 478 474 474 476 486 1085 1105 1109 1113 1115 1121 1127 1133 1139 1147 1153 1160 1164 1168 1178 1193 1199 1203 1223 1219 1226 1240 1261 1253 1262 1232 1275 1252 1234 1251 1277 1281 1264 1231 1200 1172 1136 1127 1108 1083 1066 1051 1038 1027 1005 990 954 961 965 950 943 938 925 914 906 900 894 886 883 876 871 863 861 851 846 847 841 836 835 829 824 821 818 821 818 816 814 815 808 811 816 812 810 815 813 688 580 510 454 409 369 342 309 284 264 243 213 201 187 180 168 157 150 150 138 139 16 889 902 917 923 916 878 855 835 820 800 783 762 748 729 715 701 684 672 657 634
state 0.705617 -0.188560 -1.570255 
state 0.705618 -0.197847 -1.571201 
state 0.705616 -0.207061 -1.571201 
state 0.705610 -0.216329 -1.571674 
state 0.705605 -0.225706 -1.571201 
state 0.705599 -0.234993 -1.571832 
state 0.705587 -0.244243 -1.572463 
state 0.705571 -0.253330 -1.572620 
state 0.705560 -0.262417 -1.571516 
state 0.705559 -0.271667 -1.570570 
laser 271 271 42 42 39 56 45 49 50 55 59 62 62 64 61 51 64 56 51 57 72 108 110 117 111 97 96 113 135 143 138 167 193 201 199 194 223 593 609 608 609 610 608 612 611 606 609 608 609 611 611 611 617 619 621 617 617 620 631 633 632 634 639 641 647 653 657 663 666 671 679 680 689 676 663 655 642 627 617 608 593 580 570 559 544 530 525 516 512 504 497 490 483 477 471 461 462 456 452 448 441 439 435 431 426 426 422 419 416 414 413 412 407 403 402 394 399 399 397 394 392 391 391 387 383 387 390 388 387 385 386 385 382 380 379 377 376 378 377 379 377 378 375 379 373 373 727 1016 1015 1022 1027 1030 1037 1041 1048 1053 1061 1066 1075 1076 1092 1101 1111 1118 1127 1131 1147 1150 1165 1168 1190 1199 1185 1193 1179 1179 1158 1214 1219 1201 1176 1149 1121 1093 1073 1054 1046 1031 1017 1001 983 975 967 956 942 907 902 912 911 900 891 889 879 867 864 864 856 853 849 844 839 836 830 824 823 821 815 814 815 811 809 809 809 809 807 803 805 806 807 807 809 809 806 809 817 820 801 702 655 614 579 548 522 496 472 450 431 411 395 382 370 356 344 332 323 311 304 292 287 281 268 257 246 247 238 231 230 223 220 209 207 189
state 0.705560 -0.280990 -1.570886 
state 0.705559 -0.290113 -1.570728 
state 0.705563 -0.299436 -1.570097 
state 0.705575 -0.308523 -1.568993 
state 0.705593 -0.317592 -1.568993 
state 0.705607 -0.326915 -1.569624 
state 0.705618 -0.335929 -1.569466 
state 0.705633 -0.344980 -1.568993 
state 0.705654 -0.354194 -1.568362 
state 0.705671 -0.363408 -1.569624 
laser 271 271 50 35 28 39 50 41 42 57 56 59 65 60 56 51 66 53 51 57 57 108 93 116 128 97 115 129 135 138 163 160 191 204 195 195 212 592 613 606 611 613 612 614 613 613 615 611 613 615 619 616 620 621 621 624 625 631 632 635 638 643 643 645 651 652 633 619 597 584 571 563 542 526 514 503 485 476 465 454 446 437 427 424 417 406 399 393 388 382 375 369 367 362 357 352 348 342 337 337 342 330 329 328 324 321 320 317 315 311 309 306 306 305 305 302 299 296 296 294 294 292 290 290 292 289 286 283 284 277 286 285 285 284 280 282 281 282 280 281 275 280 279 280 280 279 278 279 280 785 928 933 937 942 948 957 961 959 973 979 990 999 1008 1018 1025 1036 1038 1056 1064 1082 1092 1106 1122 1131 1145 1262 1146 1120 1212 1195 1154 1125 1108 1094 1070 1059 1039 1025 1007 992 979 967 957 947 936 926 925 914 904 896 865 853 862 868 861 856 849 847 842 834 834 830 826 821 819 812 813 805 812 809 811 808 803 803 801 803 804 801 804 803 801 807 806 807 811 815 818 817 822 827 828 835 838 790 735 693 671 651 621 601 580 562 543 531 507 495 479 469 457 447 438 425 417 405 396 386 380 373 366 358 350 338
state 0.705683 -0.376612 -1.570255 
state 0.705686 -0.385971 -1.570255 
state 0.705696 -0.394079 -1.569151 
state 0.705708 -0.401588 -1.569782 
state 0.705713 -0.409296 -1.570255 
state 0.705717 -0.416062 -1.569782 
state 0.705723 -0.422265 -1.570097 
state 0.705729 -0.427688 -1.569624 
state 0.705733 -0.432422 -1.570412 
state 0.705735 -0.436684 -1.570255 
laser 271 271 49 44 37 47 48 45 54 54 64 63 61 62 58 49 66 55 45 59 78 107 121 147 107 115 146 126 130 144 167 162 186 201 197 192 216 597 615 617 616 616 618 616 619 615 618 616 615 619 626 622 624 628 627 627 630 638 610 583 567 546 528 504 484 465 450 434 416 406 392 380 372 360 349 345 335 322 315 316 306 307 297 292 287 279 270 272 264 262 259 257 254 254 249 240 244 239 237 236 231 229 228 225 224 219 216 215 214 214 212 209 213 206 205 207 207 202 206 204 198 199 198 201 199 193 195 194 194 195 193 194 193 191 191 188 186 188 190 193 192 191 191 189 190 188 188 191 191 190 192 190 193 199 724 864 864 871 880 886 893 900 908 918 921 931 938 956 958 977 988 1001 1017 1024 1034 1046 1067 1079 1090 1049 1061 1161 1130 1103 1074 1049 1041 1028 1014 1000 980 973 954 944 930 920 916 909 901 890 883 878 868 865 860 843 815 819 833 832 827 826 821 817 813 811 810 809 805 804 800 800 799 797 797 803 801 799 799 802 802 799 798 800 810 809 815 814 818 820 825 825 833 839 846 849 853 857 850 807 766 742 715 692 670 662 641 629 609 593 580 566 554 542 529 520 509 499 488 481 471 458
state 0.705739 -0.440439 -1.568520 
state 0.705753 -0.443613 -1.564892 
state 0.705767 -0.446206 -1.565681 
state 0.705778 -0.448619 -1.567416 
state 0.705781 -0.450541 -1.570570 
state 0.705775 -0.452337 -1.581137 
state 0.705769 -0.452736 -1.600695 
state 0.705739 -0.453406 -1.629557 
state 0.705681 -0.454148 -1.667568 
state 0.705562 -0.455138 -1.713779 
laser 271 271 46 38 33 52 63 44 52 55 57 59 59 63 60 52 58 57 46 61 61 61 114 126 136 119 131 108 108 141 150 165 183 203 198 200 210 574 618 618 615 620 621 618 620 617 616 617 617 621 623 626 628 626 618 585 555 539 519 490 460 443 426 398 384 368 361 348 334 323 316 300 301 283 280 276 268 264 258 251 249 247 240 232 232 221 222 218 221 216 212 208 205 202 199 192 199 192 190 189 187 186 184 182 181 177 180 179 176 172 176 171 168 170 168 163 165 167 163 163 165 162 164 162 164 160 158 159 155 158 157 156 157 157 156 156 155 154 152 157 156 152 156 155 151 153 156 154 154 156 156 159 155 158 159 160 160 172 2258 843 849 857 865 872 882 892 898 907 918 928 944 953 966 970 988 1007 1024 1034 1045 1143 1073 1033 1098 1076 1058 1047 1032 1018 1007 992 980 970 968 943 932 922 914 899 897 884 881 868 855 858 855 848 844 833 808 806 820 824 817 816 815 808 807 805 806 804 803 799 798 797 795 795 799 797 797 797 799 795 796 800 808 806 808 812 815 819 821 823 832 833 842 846 854 856 866 872 859 817 782 753 732 710 695 675 659 642 628 609 596 582 575 562 548 538 529 518 506 495
state 0.705407 -0.456050 -1.766300 
state 0.705209 -0.456916 -1.825445 
state 0.705077 -0.457369 -1.890110 
state 0.704958 -0.457692 -1.958087 
state 0.704824 -0.457990 -2.029376 
state 0.704615 -0.458372 -2.106343 
state 0.704488 -0.458570 -2.186938 
state 0.704431 -0.458641 -2.270371 
state 0.704383 -0.458695 -2.356802 
state 0.704315 -0.458755 -2.442443 
laser 271 271 45 41 40 48 51 44 52 56 61 61 60 59 60 52 65 52 48 55 78 122 145 96 114 110 149 109 127 139 167 165 195 204 199 198 211 551 539 521 494 484 467 451 438 424 409 396 389 380 374 364 355 349 345 333 328 324 321 313 310 301 299 297 292 290 284 283 273 272 268 262 261 257 254 251 247 242 247 241 239 238 241 237 230 231 233 228 221 220 225 222 222 217 224 220 215 215 216 213 210 211 211 211 209 203 203 211 209 209 205 207 209 206 373 816 831 835 844 849 853 858 863 868 871 877 884 889 896 904 912 920 925 936 938 950 963 973 988 995 1003 1024 1035 1051 1068 1116 1158 1048 1104 1104 1088 1068 1051 1035 1019 1007 991 970 966 942 928 914 906 891 886 879 869 859 852 844 837 832 797 794 808 806 803 798 795 789 787 784 781 779 773 770 769 769 766 765 762 757 758 759 762 762 762 762 763 764 765 766 770 773 775 777 779 782 788 790 796 803 808 813 812 758 716 684 662 642 620 596 581 567 552 534 521 507 497 481 474 463 453 443 436 428 424 413 405 400 393 384 378 373 368 364 362 355 350 340 334 330 333 326 324 319 314 312 309 303 304 298 292 298 292 289 287 579 694 688 686 688
state 0.704070 -0.458943 -2.528400 
state 0.703660 -0.459210 -2.605841 
state 0.703485 -0.459305 -2.681388 
state 0.703055 -0.459499 -2.746999 
state 0.702733 -0.459622 -2.807721 
state 0.702301 -0.459759 -2.861819 
state 0.701932 -0.459855 -2.910239 
state 0.701542 -0.459938 -2.952192 
state 0.701095 -0.460016 -2.988626 
state 0.700736 -0.460066 -3.020169 
laser 271 271 47 44 29 38 57 44 56 52 58 58 60 61 58 45 57 49 49 54 66 121 86 132 97 124 125 120 117 122 147 156 191 207 198 191 216 352 356 363 357 358 358 357 356 352 352 348 347 347 347 347 343 343 340 343 341 341 339 341 340 336 352 831 888 889 893 896 898 910 914 918 918 925 932 939 945 958 960 967 977 985 993 1006 1017 1036 1042 1060 1072 1085 1092 1116 1154 1223 1204 1176 1151 1127 1111 1112 1080 1074 1041 1031 1016 994 992 977 964 950 941 928 921 895 874 879 889 877 874 864 859 853 849 847 838 833 828 822 817 818 813 815 811 808 803 802 800 800 798 796 795 793 797 793 796 798 797 797 799 802 803 806 808 813 810 786 701 649 619 589 561 537 514 490 470 450 431 415 401 386 373 362 350 340 332 317 308 302 294 287 281 273 262 257 250 245 245 232 226 227 225 218 216 213 212 209 204 201 199 196 204 507 661 656 648 639 635 627 623 613 615 606 605 596 594 584 588 583 586 589 586 585 583 578 578 579 577 578 575 576 575 576 580 575 578 578 578 580 581 584 586 587 589 589 589 597 598 596 600 607 610 618 620 626 633 638 645 648 657 664 672 682 687 698 703 719 726 741 749 763 775 791
state 0.700357 -0.460102 -3.060073 
state 0.700158 -0.460117 -3.080734 
state 0.699977 -0.460126 -3.099345 
state 0.699741 -0.460134 -3.114643 
state 0.699578 -0.460138 -3.128365 
state 0.699288 -0.460140 -3.137828 
state 0.699016 -0.460140 -3.145556 
state 0.698109 -0.460132 -3.153127 
state 0.695152 -0.460100 -3.152023 
state 0.692686 -0.460065 -3.158332 
laser 271 271 41 31 29 40 39 50 50 52 61 60 61 59 63 51 63 56 45 60 76 101 118 109 105 89 119 121 113 139 160 168 182 197 191 199 213 355 372 369 371 368 368 369 365 362 359 363 362 362 361 362 360 368 782 912 919 921 924 933 938 941 939 945 963 967 970 978 989 996 1006 1015 1025 1036 1055 1058 1067 1086 1103 1108 1123 1141 1201 1247 1215 1192 1181 1156 1141 1123 1100 1082 1060 1048 1027 1020 998 985 983 966 958 946 936 896 896 903 899 893 890 881 876 872 864 862 853 852 847 842 835 831 822 825 819 826 821 818 816 816 814 813 809 813 813 812 810 810 811 812 813 815 818 821 826 828 806 707 663 625 588 561 525 500 483 456 439 421 404 389 375 362 346 336 330 315 302 295 287 280 271 259 256 246 243 237 230 216 221 212 211 204 202 205 198 197 192 191 300 667 683 675 665 656 647 642 636 628 626 618 612 603 598 593 588 586 580 578 574 576 566 572 578 571 572 564 563 562 562 561 564 565 561 559 560 560 560 562 562 564 566 565 564 572 568 573 574 573 581 575 576 587 589 591 595 598 605 610 615 621 627 635 640 649 655 661 672 680 691 700 711 722 734 745 759 771 787 794 793 806 828 832 817 806
state 0.689512 -0.460012 -3.158489 
state 0.685233 -0.459933 -3.161013 
state 0.680300 -0.459844 -3.158805 
state 0.674225 -0.459736 -3.158963 
state 0.667460 -0.459627 -3.157228 
state 0.660424 -0.459518 -3.157228 
state 0.652734 -0.459398 -3.157228 
state 0.644319 -0.459266 -3.156912 
state 0.635650 -0.459138 -3.155650 
state 0.626673 -0.459024 -3.152654 
laser 271 271 42 39 28 36 41 42 45 50 52 56 58 61 52 49 58 57 47 49 64 64 107 140 109 104 114 122 129 138 149 167 192 203 195 193 212 355 366 368 365 366 360 363 362 477 896 908 908 912 912 914 915 916 919 924 925 932 936 945 948 956 962 966 971 970 987 993 1004 1012 1023 1033 1040 1063 1069 1082 1097 1108 1118 1195 1219 1188 1173 1147 1131 1112 1090 1059 1056 1023 1008 999 976 972 951 942 931 923 908 899 859 858 869 865 856 848 841 837 829 825 818 815 807 802 800 794 791 788 782 777 777 775 772 766 765 768 764 765 762 761 762 760 764 761 760 762 762 763 765 765 766 771 772 769 688 629 594 560 534 506 482 461 436 417 405 386 372 355 344 335 324 311 303 290 289 279 271 261 254 251 245 241 235 230 223 213 211 205 202 198 197 188 189 190 183 181 181 180 175 175 172 169 168 166 165 164 163 158 162 157 222 509 584 578 573 569 568 563 560 555 549 555 567 561 563 559 558 560 553 555 555 553 556 553 557 555 555 559 559 560 559 562 562 566 569 571 574 573 575 568 577 588 592 596 599 603 605 613 619 626 632 636 646 650 661 672 679 690 701 714 723 733 744 761 771 789 805 822 824 835 842 872
state 0.617641 -0.458935 -3.150130 
state 0.608445 -0.458870 -3.147765 
state 0.599050 -0.458819 -3.146187 
state 0.589691 -0.458787 -3.143979 
state 0.580314 -0.458770 -3.143191 
state 0.570900 -0.458754 -3.143979 
state 0.561505 -0.458724 -3.145556 
state 0.551928 -0.458682 -3.146187 
state 0.542515 -0.458641 -3.145714 
state 0.533319 -0.458610 -3.144295 
laser 271 271 44 37 29 41 45 40 49 52 59 54 58 66 60 51 63 53 46 57 71 71 91 133 124 106 106 98 133 135 177 166 191 198 196 189 200 896 912 910 900 905 907 907 907 909 913 917 916 916 915 918 922 921 924 927 933 935 941 947 946 951 963 971 976 981 986 996 1007 1007 1021 1030 1040 1051 1064 1084 1184 1157 1135 1107 1084 1057 1040 1025 1011 987 960 941 923 902 890 877 870 856 843 833 807 776 773 789 785 774 767 761 753 744 741 735 730 725 720 717 708 704 699 697 693 692 686 682 679 679 676 677 674 671 670 664 665 667 667 668 663 667 664 664 666 666 667 671 673 673 674 680 681 663 579 545 515 490 466 443 428 409 390 371 353 342 336 322 312 301 289 284 276 267 262 254 255 240 240 233 225 225 220 215 207 203 204 199 195 193 188 187 186 178 177 179 177 176 173 174 173 169 169 165 156 154 159 156 157 151 152 151 153 152 147 149 150 146 146 145 143 149 138 139 137 144 140 144 144 140 141 138 140 143 141 142 141 140 141 141 143 141 144 145 141 164 368 561 570 575 577 584 584 588 596 599 602 607 613 624 630 636 641 646 655 666 675 685 698 712 720 730 745 758 770 793 806 824 844 880
state 0.519045 -0.458586 -3.142560 
state 0.509722 -0.458580 -3.141613 
state 0.500417 -0.458583 -3.140825 
state 0.491022 -0.458591 -3.140825 
state 0.481645 -0.458589 -3.142560 
state 0.472503 -0.458572 -3.144137 
state 0.462963 -0.458545 -3.144452 
state 0.453677 -0.458516 -3.144768 
state 0.444209 -0.458490 -3.143822 
state 0.434686 -0.458472 -3.143348 
laser 271 271 47 33 38 44 41 44 51 56 59 56 60 65 57 51 66 58 47 60 52 87 103 86 92 114 119 133 129 132 178 164 189 203 196 194 201 911 923 916 913 907 911 913 923 923 922 929 916 921 922 931 929 930 933 935 940 943 950 955 962 963 972 974 985 988 998 1005 1012 1021 1042 1123 1138 1105 1073 1044 1025 1001 968 954 937 907 891 867 851 834 818 806 786 779 766 733 710 709 722 714 702 694 687 681 670 669 657 651 646 644 638 625 623 624 616 616 609 608 605 600 596 594 589 589 586 583 585 582 580 577 580 575 577 574 573 577 576 576 575 573 570 571 579 576 579 579 581 586 588 588 574 517 468 450 425 407 389 372 359 347 329 322 304 301 288 279 269 266 255 242 239 239 235 224 219 216 211 203 201 196 197 193 190 188 185 179 179 179 176 174 167 174 171 167 165 162 159 160 155 155 156 152 149 154 149 150 149 148 146 146 146 143 142 144 142 143 140 140 141 141 140 140 141 140 141 139 139 137 134 135 142 138 140 141 141 142 140 139 140 141 139 137 141 142 140 142 142 144 144 146 144 147 147 148 145 148 156 148 150 160 156 161 164 164 166 165 166 169 174 172 172 180 176 176 793 840
state 0.425418 -0.458456 -3.142560 
state 0.416095 -0.458453 -3.141613 
state 0.406700 -0.458452 -3.141613 
state 0.397359 -0.458445 -3.143348 
state 0.388072 -0.458424 -3.143979 
state 0.378659 -0.458404 -3.143822 
state 0.369554 -0.458383 -3.143506 
state 0.361084 -0.458371 -3.142402 
state 0.353248 -0.458366 -3.142087 
state 0.345358 -0.458362 -3.141929 
laser 271 271 47 38 35 50 50 45 49 54 55 62 61 61 60 49 64 54 47 50 50 97 137 115 113 115 111 120 115 150 160 161 196 205 195 195 205 917 927 920 918 918 917 923 930 932 933 928 932 933 929 938 937 935 941 942 947 949 962 965 970 976 985 984 991 1009 1100 1111 1065 1034 1002 973 942 923 905 869 840 822 799 775 766 749 734 720 704 650 641 647 656 648 637 630 616 609 600 591 586 578 574 565 561 555 549 541 534 535 531 527 522 514 514 511 510 504 496 498 502 495 491 493 491 490 486 487 487 482 481 481 480 479 477 484 481 480 481 478 485 481 483 483 485 486 488 482 486 493 494 497 461 424 392 367 349 339 321 313 299 289 272 272 266 255 248 244 236 229 223 215 211 207 203 198 188 187 189 185 183 179 174 176 170 166 170 166 164 161 159 159 154 155 150 151 151 146 146 146 143 142 140 140 140 134 135 136 137 136 137 136 136 134 132 138 130 129 132 131 132 131 133 131 130 129 132 131 131 128 131 132 133 133 129 130 129 136 131 133 134 133 134 129 137 137 140 139 141 140 140 140 145 144 147 147 147 153 149 153 153 157 160 160 162 160 168 166 172 174 171 173 179 174 174 166
state 0.338556 -0.458362 -3.141140 
state 0.332063 -0.458365 -3.141456 
state 0.326731 -0.458362 -3.143348 
state 0.322087 -0.458348 -3.145872 
state 0.318006 -0.458331 -3.145714 
state 0.314669 -0.458320 -3.144137 
state 0.311658 -0.458315 -3.141929 
state 0.309137 -0.458317 -3.139879 
state 0.306979 -0.458320 -3.140036 
state 0.305056 -0.458323 -3.140667 
laser 271 271 43 44 41 42 47 37 48 52 53 55 62 62 64 53 61 56 45 60 1593 89 110 100 91 96 117 117 133 156 151 164 194 203 196 197 194 921 937 927 925 920 929 928 926 932 940 939 939 936 938 943 942 945 950 951 960 962 964 970 976 983 1031 1114 1072 1023 996 956 928 890 873 839 808 790 766 745 726 708 688 674 624 611 607 616 611 600 590 581 569 561 553 545 535 529 524 518 508 504 493 491 493 484 479 474 468 467 466 463 456 451 451 446 442 440 440 438 435 432 431 431 429 428 424 425 423 420 422 416 417 419 422 421 420 421 421 418 422 423 423 425 423 425 426 428 427 432 431 436 438 426 385 356 333 310 302 290 279 265 259 257 254 238 234 227 219 214 211 201 200 194 188 188 186 183 182 175 174 166 168 169 163 161 156 159 153 150 145 147 151 144 142 144 143 139 139 138 137 135 137 135 136 133 132 134 132 130 128 129 128 125 128 130 122 126 127 119 121 125 126 125 123 124 124 124 123 124 121 125 126 125 127 125 126 126 128 127 130 127 129 129 132 131 133 137 131 129 134 140 139 142 141 143 146 143 145 144 147 151 152 154 157 157 160 160 165 166 167 169 170 178 171 169
state 0.303369 -0.458324 -3.140825 
state 0.301374 -0.458343 -3.121583 
state 0.299851 -0.458385 -3.104234 
state 0.298493 -0.458458 -3.070324 
state 0.297554 -0.458544 -3.029317 
state 0.296619 -0.458671 -2.979162 
state 0.295676 -0.458855 -2.922857 
state 0.294727 -0.459097 -2.860084 
state 0.293795 -0.459398 -2.793211 
state 0.293038 -0.459701 -2.722711 
laser 271 271 48 37 31 54 46 42 45 55 56 59 59 64 59 54 64 52 46 65 70 81 134 134 90 95 139 109 135 136 161 169 192 200 197 192 195 922 928 925 927 925 922 923 923 922 917 916 910 909 912 909 919 911 920 919 928 922 922 921 926 927 930 933 938 945 958 982 998 986 1048 1090 1038 997 956 925 895 868 846 804 778 752 731 710 692 671 660 646 595 574 571 578 580 571 559 549 538 530 523 513 507 500 492 485 481 474 467 465 459 453 450 445 441 433 428 424 428 423 419 415 413 410 406 407 403 401 397 395 397 394 391 390 389 386 385 387 382 382 381 381 381 382 380 378 371 375 382 381 379 382 380 381 383 381 386 388 388 390 390 392 394 392 397 403 404 402 382 359 337 322 311 295 283 273 264 261 259 249 246 236 236 228 227 219 213 214 208 205 201 200 195 195 191 188 187 185 181 179 177 175 174 171 171 165 163 164 169 164 160 160 159 157 161 158 158 155 154 155 154 153 153 153 151 150 150 148 149 152 148 149 148 148 147 144 146 147 151 150 149 149 151 148 150 156 149 150 150 148 152 152 153 152 152 155 158 155 158 161 164 162 165 163 165 163 166 170 170 170 172 176 173 173
state 0.292181 -0.460137 -2.609310 
state 0.291648 -0.460482 -2.529347 
state 0.290972 -0.461000 -2.446228 
state 0.290487 -0.461437 -2.363268 
state 0.290092 -0.461863 -2.279992 
state 0.289876 -0.462131 -2.198136 
state 0.289676 -0.462434 -2.120853 
state 0.289462 -0.462812 -2.047671 
state 0.289368 -0.463009 -1.983637 
state 0.289295 -0.463194 -1.921969 
laser 271 271 41 39 26 53 45 49 52 54 65 64 64 64 60 53 63 55 42 48 52 112 113 127 93 122 129 127 124 122 162 158 189 206 196 195 195 195 1408 1388 1322 1288 1265 1231 1202 1208 1182 1157 1124 1119 1110 1103 1088 1078 1062 1045 1034 1023 1009 998 951 935 926 916 907 904 900 894 879 877 873 867 859 852 850 846 842 836 835 831 829 825 823 822 822 821 819 819 818 821 817 823 827 838 856 870 880 883 885 890 890 891 888 891 898 894 896 905 904 910 914 921 1092 876 892 999 959 920 882 851 820 794 768 748 726 694 671 650 636 623 604 589 575 561 547 536 528 499 466 468 467 472 477 469 460 454 446 442 436 428 427 419 411 408 406 399 396 392 387 385 378 376 372 368 362 366 360 359 358 350 353 350 349 348 346 343 342 337 344 340 336 335 334 334 334 334 332 333 334 331 331 332 328 330 336 335 337 335 336 337 341 341 342 344 348 346 348 351 352 353 355 359 360 362 363 368 369 372 376 380 384 382 386 398 402 402 408 413 420 427 406 397 386 379 370 365 357 350 344 337 334 327 324 321 316 312 305 303 302 299 292 294 293 290 289 284 283 281 278 279 278 272 268 269 267 266 266 265 264 261 264 254
state 0.289162 -0.463590 -1.866294 
state 0.289085 -0.463870 -1.817086 
state 0.289020 -0.464152 -1.772293 
state 0.289001 -0.464259 -1.733179 
state 0.288992 -0.464313 -1.698323 
state 0.288999 -0.464259 -1.668829 
state 0.288990 -0.464368 -1.642648 
state 0.288989 -0.464368 -1.620252 
state 0.288993 -0.464277 -1.601483 
state 0.288991 -0.464368 -1.585869 
laser 271 271 50 42 24 42 37 38 54 55 58 61 65 65 60 51 64 54 48 61 75 95 76 98 112 104 111 107 128 142 147 162 195 196 197 191 188 1051 1059 1062 1063 1062 1064 1056 1019 968 911 855 815 773 738 709 678 653 632 600 573 553 533 505 473 439 425 4000 1678 1615 1598 1412 1382 1362 1303 1263 1264 1208 1176 1164 1135 1115 1074 1091 1059 1050 1025 1019 1015 991 988 977 952 949 933 923 890 857 845 835 834 825 821 813 806 795 786 785 781 778 767 766 763 759 752 752 743 744 751 748 753 757 765 775 784 795 801 806 809 804 808 809 807 807 808 811 807 809 814 813 814 817 816 823 821 824 832 835 838 844 846 854 1034 821 813 915 888 859 828 796 781 751 728 710 694 679 660 635 619 605 589 577 562 548 537 537 524 513 503 495 488 476 468 431 429 425 426 435 436 433 429 423 420 414 409 407 401 398 396 393 391 378 381 383 379 380 378 375 373 372 371 367 369 368 364 366 364 361 364 361 365 364 363 362 364 361 361 363 364 363 361 365 371 368 371 370 373 371 375 377 381 380 385 386 386 392 394 396 399 400 405 409 413 415 422 427 432 432 435 439 447 456 465 471 476 483 483 476 458 451 440 439 429 417 390 383
state 0.288992 -0.464295 -1.575459 
state 0.288992 -0.464295 -1.566312 
state 0.288992 -0.464259 -1.558426 
state 0.289007 -0.465166 -1.551486 
state 0.289063 -0.468103 -1.552117 
state 0.289113 -0.470370 -1.545966 
state 0.289193 -0.473434 -1.543600 
state 0.289308 -0.477514 -1.541550 
state 0.289453 -0.482409 -1.540919 
state 0.289639 -0.488591 -1.540446 
laser 271 271 40 40 36 26 40 50 51 57 61 63 63 65 60 53 66 56 50 54 62 103 108 81 137 107 129 132 104 104 146 166 189 205 193 196 192 1033 1051 1046 1049 1048 1048 1045 1048 1043 1048 1051 1051 1054 1035 989 934 871 817 771 741 708 675 641 625 596 566 546 523 488 455 420 426 1871 4000 4000 1591 1576 1378 1364 1288 1274 1263 1214 1150 1173 1138 1095 1107 1085 1032 1039 1028 1013 981 991 979 954 945 930 925 903 894 851 842 827 816 811 805 796 787 781 772 769 765 764 750 746 746 744 740 735 735 733 728 727 727 729 726 725 724 722 714 720 712 711 714 720 719 727 738 751 765 777 789 792 788 794 796 780 787 796 805 811 816 821 827 831 830 962 879 798 870 883 853 818 800 773 754 732 711 694 675 664 642 622 599 589 581 569 554 544 535 523 515 501 495 489 485 475 469 448 422 418 422 425 433 431 427 423 421 414 408 406 405 401 396 395 390 390 390 389 385 382 378 379 379 377 378 373 373 372 372 373 370 370 372 371 372 369 372 371 372 373 374 371 376 369 373 382 382 380 381 380 388 388 388 391 393 394 399 400 404 403 412 412 417 423 423 430 434 438 445 447 455 457 458 466 472 483 486 500 502 489 472 457
state 0.289854 -0.495679 -1.541234 
state 0.290056 -0.502660 -1.542338 
state 0.290268 -0.510347 -1.544231 
state 0.290481 -0.518615 -1.546124 
state 0.290679 -0.527283 -1.550224 
state 0.290840 -0.536169 -1.555271 
state 0.290963 -0.545092 -1.558741 
state 0.291064 -0.554287 -1.561107 
state 0.291155 -0.563609 -1.560792 
state 0.291254 -0.572968 -1.559845 
laser 271 271 45 42 32 27 54 45 50 57 62 59 58 61 58 52 64 56 45 51 74 121 124 115 76 111 115 126 148 137 140 160 190 207 194 196 185 1059 1055 1054 1051 1049 1051 1052 1051 1052 1032 973 904 823 759 720 676 631 602 563 525 492 416 379 1937 1914 1904 1887 1875 1863 1859 1819 4000 4000 1568 1372 1372 1257 1232 1219 1190 1147 1103 1103 1075 1035 1045 1017 999 998 961 942 926 905 907 892 888 870 851 838 788 782 774 764 754 747 738 734 730 722 721 750 759 762 770 768 763 761 759 759 753 749 744 745 739 739 735 737 734 733 731 729 728 729 729 730 733 729 727 729 727 723 728 737 730 732 731 734 735 739 742 745 748 750 753 757 757 765 768 779 976 781 736 799 826 797 771 748 729 711 681 665 655 636 628 612 599 573 559 549 537 528 520 509 503 490 485 476 469 462 455 452 446 437 433 428 425 420 389 372 378 383 384 397 395 393 389 384 383 384 378 380 376 374 375 375 371 370 367 367 369 366 367 367 365 366 365 363 360 362 363 368 366 367 370 368 370 370 374 372 376 376 379 378 381 383 385 389 385 386 393 398 401 404 406 409 413 414 417 422 433 432 439 447 447 456 462 467 468 473 488 499 504 511 525 524
state 0.291417 -0.587114 -1.558583 
state 0.291538 -0.596346 -1.556849 
state 0.291674 -0.605831 -1.555745 
state 0.291810 -0.615243 -1.557164 
state 0.291927 -0.624674 -1.559057 
state 0.292033 -0.634160 -1.559845 
state 0.292132 -0.643500 -1.560318 
state 0.292227 -0.652750 -1.560634 
state 0.292318 -0.662072 -1.561265 
state 0.292404 -0.671376 -1.561422 
laser 271 271 39 33 34 36 55 42 51 55 63 64 64 64 56 58 66 58 38 58 76 111 125 99 127 105 124 108 108 142 137 164 191 203 196 197 181 1065 1062 1065 1048 984 836 720 557 398 502 2134 2095 2053 2047 2017 1987 1973 1959 1945 1939 1902 1888 1881 1864 1851 1833 1832 4000 4000 4000 1325 1266 1238 1173 1150 1088 1077 1043 1029 1024 965 925 942 925 907 882 869 853 836 826 810 803 786 741 716 711 698 688 687 673 666 660 657 644 642 661 691 694 694 689 685 682 685 677 672 672 666 664 663 656 656 652 652 651 647 645 642 643 642 635 640 637 636 640 637 637 642 636 637 629 634 641 641 640 641 640 642 648 646 649 652 655 659 658 664 667 671 675 680 677 718 860 722 650 663 744 722 701 668 658 645 627 614 601 590 576 562 550 541 532 525 508 495 487 478 469 463 458 449 445 441 436 428 423 416 414 408 398 397 398 391 388 386 383 382 379 378 374 369 364 351 332 335 343 344 355 361 360 354 359 354 358 356 358 355 355 349 351 354 359 358 358 359 358 363 363 360 364 365 368 369 367 368 374 373 377 378 380 385 386 389 392 392 397 401 401 405 409 418 423 424 433 439 443 449 453 458 464 472 479 487 495 503 505 507
state 0.292491 -0.680499 -1.560634 
state 0.292590 -0.689694 -1.559214 
state 0.292695 -0.698980 -1.559845 
state 0.292791 -0.708158 -1.560161 
state 0.292886 -0.717425 -1.560634 
state 0.292983 -0.726766 -1.559845 
state 0.293084 -0.736016 -1.559530 
state 0.293188 -0.745102 -1.559372 
state 0.293285 -0.754334 -1.561107 
state 0.293371 -0.763330 -1.561107 
laser 271 271 40 41 32 42 51 48 51 49 60 62 61 62 61 53 63 53 48 56 70 120 101 89 103 110 103 95 121 139 141 158 195 201 196 194 184 2999 4000 4000 4000 4000 4000 2148 2136 2089 2062 2035 2005 1987 1965 1944 1937 1931 1887 1864 1852 1831 1822 1813 4000 1557 1473 1218 1191 1140 1111 1052 1021 1016 973 931 909 914 884 856 833 824 798 782 767 758 736 725 671 649 639 631 626 609 600 593 587 577 566 559 551 550 545 548 542 546 550 555 554 557 562 566 569 570 569 571 567 565 558 561 565 557 558 555 554 553 551 554 549 548 546 544 548 545 547 550 545 543 543 548 548 546 546 551 551 548 551 543 548 555 554 561 562 564 566 568 573 575 579 584 581 592 594 593 678 737 637 564 562 632 638 623 607 592 583 566 549 536 530 527 512 504 495 486 477 471 466 463 458 446 433 430 422 415 412 405 399 396 389 388 384 383 379 374 373 367 363 363 365 361 361 357 356 358 355 355 351 347 349 347 349 347 348 347 344 337 339 334 311 315 323 330 345 348 350 347 347 356 354 356 357 357 360 363 362 366 368 370 375 376 375 379 386 385 390 394 397 402 407 409 415 416 423 430 427 435 446 449 455 463 468 476 487 493 500 501
state 0.293495 -0.777259 -1.562053 
state 0.293573 -0.786418 -1.562842 
state 0.293642 -0.795668 -1.563788 
state 0.293710 -0.804809 -1.562842 
state 0.293785 -0.813950 -1.562526 
state 0.293861 -0.822928 -1.562053 
state 0.293940 -0.831978 -1.562211 
state 0.294015 -0.840866 -1.562211 
state 0.294092 -0.849753 -1.561896 
state 0.294178 -0.858985 -1.561107 
laser 271 271 48 43 36 49 36 44 48 54 66 63 55 67 60 50 64 53 48 61 68 123 115 99 130 111 125 115 119 145 145 165 190 204 195 191 191 245 4000 2202 2148 2101 2074 2038 2003 1976 1953 1931 1926 1890 1864 1846 1837 1815 1791 4000 1486 1166 1178 1106 991 982 981 910 866 854 814 765 778 735 741 714 676 671 607 582 571 556 553 531 517 501 492 488 481 466 465 452 453 445 433 433 426 416 412 411 402 403 392 395 385 388 378 375 373 368 367 370 361 359 358 354 355 350 350 348 348 350 347 348 344 348 348 355 345 347 338 333 327 333 325 334 331 330 329 345 345 343 344 343 345 344 345 347 347 352 367 357 358 350 353 360 361 364 374 370 379 385 385 424 468 473 477 476 484 593 593 580 467 455 456 510 520 507 497 492 481 471 467 461 451 444 438 435 426 421 415 407 404 398 395 391 386 385 385 385 382 377 370 362 358 358 349 351 350 349 347 343 346 339 339 344 337 336 334 334 334 332 332 334 333 331 332 332 334 332 332 335 331 337 339 329 334 335 342 346 344 345 346 348 347 342 343 346 349 339 329 350 371 373 376 378 385 388 390 396 400 404 413 416 420 421 429 441 442 449 453 467 472 479 488 483
state 0.294262 -0.868180 -1.562211 
state 0.294336 -0.877158 -1.562369 
state 0.294414 -0.886245 -1.562211 
state 0.294492 -0.895095 -1.561265 
state 0.294575 -0.903366 -1.560318 
state 0.294649 -0.910820 -1.561107 
state 0.294728 -0.918564 -1.560318 
state 0.294794 -0.925166 -1.561580 
state 0.294849 -0.931224 -1.561580 
state 0.294892 -0.936429 -1.563946 
laser 271 271 44 41 35 40 39 39 48 50 62 60 59 61 58 48 65 57 45 46 72 88 123 89 122 101 120 132 130 131 171 166 188 203 196 192 194 2024 2128 2082 2041 2015 1985 1962 1933 1928 1895 1867 1833 1819 1805 1803 4000 1161 4000 4000 985 926 838 817 775 780 721 707 671 639 551 536 520 510 480 461 453 442 431 418 414 389 387 384 370 369 363 354 349 340 337 333 322 325 315 308 302 305 300 294 293 287 284 284 281 282 279 275 269 268 267 262 259 265 259 260 258 257 254 256 255 255 253 247 255 255 253 258 252 256 249 255 248 253 249 248 244 253 249 259 246 247 254 253 251 251 257 262 271 278 288 299 308 288 273 276 276 273 275 285 284 281 287 287 289 293 299 307 322 366 385 394 394 398 467 517 504 495 434 378 376 378 435 444 437 430 422 416 410 401 399 396 390 385 380 377 374 373 363 363 359 357 357 355 353 347 347 348 343 344 343 343 344 343 345 332 332 328 328 322 328 323 324 327 325 325 322 320 317 321 327 325 323 329 325 324 326 331 330 332 334 333 337 336 341 343 344 345 351 352 353 356 358 363 366 368 370 367 369 379 379 386 373 381 406 415 418 426 433 439 446 454 463 470 470 478
state 0.294921 -0.941199 -1.565050 
state 0.294939 -0.945081 -1.567573 
state 0.294950 -0.948473 -1.566469 
state 0.294968 -0.951465 -1.563473 
state 0.294989 -0.953950 -1.561107 
state 0.295011 -0.956018 -1.559214 
state 0.295028 -0.957650 -1.561738 
state 0.295038 -0.958774 -1.562053 
state 0.295060 -0.959971 -1.537765 
state 0.295099 -0.960896 -1.521835 
laser 271 271 41 40 39 51 53 42 50 57 62 62 61 61 59 48 67 53 48 61 106 117 98 101 105 105 105 106 135 147 163 165 191 205 196 191 189 2037 2073 2039 2018 1983 1959 1940 1925 1897 1854 1837 1822 1800 1763 1178 4000 4000 4000 937 811 830 755 709 697 651 565 521 509 495 468 462 436 440 401 401 384 377 384 358 343 337 330 319 311 300 307 293 295 289 274 275 276 271 266 260 259 259 258 250 251 250 247 242 243 242 238 238 235 232 231 228 229 226 222 220 218 219 213 215 222 219 216 219 217 222 220 222 224 224 220 215 217 216 217 212 218 222 218 220 218 218 220 220 216 215 211 211 212 218 216 215 219 217 219 219 219 218 224 229 225 228 224 235 238 238 239 241 244 245 244 254 253 257 257 263 270 271 267 280 279 291 296 303 306 343 410 412 404 398 392 388 385 378 374 370 369 364 361 361 356 355 352 348 347 345 335 340 342 339 337 336 334 333 334 334 334 336 336 334 323 322 322 321 321 321 321 321 319 321 320 321 316 327 323 320 322 327 328 331 333 333 333 335 336 338 344 341 347 350 349 353 357 360 360 364 370 374 376 381 386 382 386 390 391 396 378 422 427 438 443 448 459 465 467 478
state 0.295140 -0.961547 -1.485559 
state 0.295194 -0.962052 -1.446130 
state 0.295275 -0.962608 -1.397079 
state 0.295400 -0.963212 -1.342508 
state 0.295528 -0.963704 -1.282574 
state 0.295561 -0.963807 -1.219171 
state 0.295601 -0.963908 -1.152298 
state 0.295681 -0.964071 -1.078801 
state 0.295781 -0.964244 -1.000730 
state 0.295925 -0.964453 -0.921239 
laser 271 271 44 41 37 48 55 46 50 61 58 64 63 65 60 55 68 58 52 58 71 75 75 103 119 113 101 124 137 143 143 166 197 203 199 195 192 919 993 1039 2037 4000 2604 2669 2702 4000 4000 3121 3030 3219 3175 3286 4000 4000 4000 4000 2133 2093 2057 2001 1975 1944 1913 1897 1883 1854 1823 1805 1777 1763 1735 1130 4000 4000 4000 811 785 756 692 678 658 579 478 458 444 447 414 397 371 376 362 354 345 310 353 319 290 273 267 299 267 285 271 245 258 255 237 232 227 225 224 207 215 218 205 214 208 209 205 204 202 197 197 195 192 191 183 185 184 184 182 182 178 181 176 178 179 176 174 175 170 171 168 175 175 173 175 175 178 179 176 179 175 172 174 172 169 178 169 177 181 178 175 176 174 174 171 169 170 172 162 170 171 170 171 170 171 176 175 183 177 178 179 178 184 180 185 187 185 189 188 193 187 189 196 193 194 199 207 207 208 207 207 221 225 225 228 233 235 237 250 250 262 270 291 282 279 304 306 317 334 367 424 424 418 417 415 414 408 403 402 399 397 398 402 398 395 392 392 393 392 393 382 390 392 389 389 383 395 391 393 396 394 387 389 387 385 388 391 388 382 386 389 392 394 390 394 392 394 395 396 391
state 0.296094 -0.964643 -0.796010 
state 0.296359 -0.964890 -0.710526 
state 0.296686 -0.965149 -0.627408 
state 0.297064 -0.965398 -0.547760 
state 0.297714 -0.965761 -0.472843 
state 0.298338 -0.966053 -0.405024 
state 0.298963 -0.966297 -0.341778 
state 0.299585 -0.966496 -0.279637 
state 0.300287 -0.966677 -0.226327 
state 0.300891 -0.966802 -0.179012 
laser 271 271 49 43 42 59 63 38 46 56 51 64 61 61 66 51 61 56 49 61 63 111 99 106 154 111 108 126 131 129 156 154 182 200 200 203 191 1496 1423 1432 1448 1459 1481 1491 1508 1524 1546 1567 1586 1619 454 467 470 469 477 483 482 490 493 500 504 510 519 528 537 541 554 574 585 594 614 633 652 673 699 720 746 772 801 831 862 897 942 962 2346 2351 2385 2445 2499 2546 2600 2670 4000 4000 2821 4000 4000 4000 4000 4000 4000 4000 2062 1987 1954 1921 1886 1863 1830 1808 1775 1756 1733 1712 1683 1669 1638 1627 1603 4000 4000 1089 1027 959 909 858 808 746 677 601 536 504 498 393 357 346 339 331 330 324 296 283 272 269 265 261 256 248 237 238 224 221 220 220 215 212 210 208 198 199 193 194 189 192 190 193 185 184 177 180 180 182 173 174 168 173 169 170 174 160 162 167 165 163 162 163 163 165 164 163 161 162 161 161 166 168 169 171 167 169 167 166 159 165 165 159 164 155 164 167 165 167 168 166 165 165 161 163 162 162 162 161 165 164 164 165 167 169 168 172 170 172 171 174 176 176 173 176 183 175 185 197 192 192 195 194 193 196 200 207 209 204 213 210 228 248 231 236 238 248 254 279 257 256 290 259 270 295 291 321 298 244
state 0.301500 -0.966898 -0.138320 
state 0.302058 -0.966967 -0.104095 
state 0.302618 -0.967016 -0.073340 
state 0.302944 -0.967037 -0.048735 
state 0.303288 -0.967049 -0.027443 
state 0.303633 -0.967056 -0.009936 
state 0.303869 -0.967056 0.004732 
state 0.304232 -0.967053 0.015772 
state 0.304395 -0.967050 0.022554 
state 0.304576 -0.967045 0.028547 
laser 271 271 48 38 36 52 54 47 54 55 66 66 63 63 60 53 65 55 51 51 75 88 122 88 127 120 119 142 134 148 141 163 188 197 201 196 196 849 877 876 877 881 875 877 878 878 876 876 887 1278 1304 1313 1317 1319 1331 1337 1340 1350 1367 1374 1382 1402 1414 1429 1437 1454 1474 1667 412 414 415 420 422 423 431 429 436 439 447 452 456 461 469 475 481 491 501 512 519 530 548 564 580 594 617 637 658 684 709 734 760 795 825 863 918 4000 1976 1937 4000 1856 1826 1783 4000 4000 1659 1745 1732 1660 1681 1639 1571 1561 1531 1513 1511 1511 1506 1511 1471 1459 1424 1454 1448 1398 1407 1438 1408 1359 1388 1387 1348 1318 4000 1034 1023 952 907 852 813 773 743 709 677 654 631 608 584 564 545 514 412 326 314 306 302 298 291 290 281 270 261 251 248 241 256 237 236 231 228 223 219 216 212 213 209 199 210 203 200 201 192 192 191 196 192 190 188 191 184 187 185 185 185 183 180 180 181 182 181 182 183 181 182 180 189 182 191 188 192 174 174 174 177 180 179 187 186 185 188 186 183 182 182 184 183 181 184 182 186 184 183 184 188 189 187 186 188 189 188 194 198 201 203 202 206 205 203 214 207 222 215 218 220 211 234 218 219 253 250 232 218 158
state 0.304721 -0.967040 0.033910 
state 0.304902 -0.967034 0.038326 
state 0.305011 -0.967029 0.043057 
state 0.305174 -0.967022 0.047000 
state 0.305337 -0.967014 0.050628 
state 0.305482 -0.967006 0.054729 
state 0.305681 -0.966995 0.057094 
state 0.305826 -0.966987 0.059933 
state 0.305989 -0.966977 0.062299 
state 0.306116 -0.966969 0.063719 
laser 271 271 42 38 31 40 67 49 50 60 64 61 64 62 59 49 66 56 49 60 73 118 146 88 124 87 106 117 124 146 167 154 184 208 200 197 193 832 875 874 870 871 872 874 870 869 868 874 874 875 876 933 1291 1303 1308 1315 1312 1325 1330 1342 1347 1350 1364 1382 1392 1405 1416 1436 1451 1490 387 407 405 410 414 416 420 423 428 431 438 440 444 449 454 460 467 477 484 494 504 512 519 536 553 575 592 607 631 652 675 699 723 751 783 815 848 904 4000 1800 1799 1618 1697 1704 1694 1682 1649 1647 1615 1554 1573 1538 1471 1486 1433 1428 1398 1394 1384 1406 1404 1370 1367 1350 1354 1364 1325 1326 1311 1332 1296 1267 1305 1271 1302 1223 1096 1029 975 917 864 819 781 750 723 691 663 639 616 594 574 554 533 516 446 329 317 312 302 292 286 288 283 271 267 255 247 246 241 238 230 222 224 231 216 225 219 217 219 205 203 211 201 206 200 196 201 192 192 192 193 189 195 188 188 186 187 187 186 186 180 181 182 186 183 186 189 194 192 192 190 187 178 181 180 184 185 190 194 195 187 189 188 187 184 186 189 185 190 184 182 184 192 191 189 186 191 192 193 197 197 197 199 203 202 205 206 208 209 215 216 211 212 214 211 220 216 205 218 248 212 163
state 0.306315 -0.966956 0.065769 
state 0.306424 -0.966949 0.067031 
state 0.306532 -0.966941 0.067977 
state 0.306641 -0.966934 0.068923 
state 0.306713 -0.966929 0.069870 
state 0.306749 -0.966926 0.070185 
state 0.306767 -0.966925 0.070658 
state 0.306785 -0.966924 0.070816 
state 0.306785 -0.966924 0.070816 
state 0.306767 -0.966925 0.070974 
laser 271 271 44 42 43 39 48 48 53 60 61 66 61 64 62 56 67 60 49 56 70 77 131 119 147 92 156 110 116 136 144 169 194 207 195 199 191 828 873 873 871 872 870 872 875 870 870 868 866 869 871 873 1069 1297 1302 1306 1312 1319 1330 1335 1341 1350 1355 1364 1377 1396 1408 1420 1435 1444 1690 404 402 409 407 412 412 421 421 420 427 438 440 445 447 454 462 468 478 486 497 508 512 526 542 556 573 593 613 636 655 677 704 733 758 786 815 858 917 4000 1708 1679 1622 1658 1620 1657 1655 1630 1609 1543 1530 1522 1467 1444 1377 1381 1374 1360 1383 1320 1318 1338 1306 1291 1310 1310 1295 1308 1270 1247 1267 1252 1259 1236 1268 1256 1190 1070 1021 959 899 850 819 780 741 715 686 659 634 611 587 571 557 538 520 469 323 313 306 297 293 286 283 282 270 251 245 252 246 240 234 237 230 232 227 224 220 217 212 215 206 209 206 202 203 196 195 197 200 191 197 197 193 189 191 189 186 190 188 185 185 187 185 186 185 189 189 189 190 195 192 193 192 182 182 179 184 193 189 194 196 194 193 188 190 190 188 188 186 188 191 187 190 193 191 190 192 196 194 195 193 196 204 203 198 204 208 208 214 219 216 216 215 224 215 218 214 235 253 225 213 179
state 0.306749 -0.966926 0.071131 
state 0.306767 -0.966925 0.071289 
state 0.306749 -0.966926 0.071447 
state 0.306767 -0.966925 0.071605 
state 0.306767 -0.966925 0.071920 
state 0.306767 -0.966925 0.072236 
state 0.306785 -0.966924 0.072393 
state 0.306822 -0.966921 0.073024 
state 0.306876 -0.966917 0.073813 
state 0.306948 -0.966912 0.074444 
laser 271 271 42 28 37 44 61 50 51 59 64 59 57 62 59 50 63 55 47 55 67 117 84 130 106 111 106 122 137 143 143 164 183 192 194 195 197 829 869 871 869 868 869 870 872 867 865 865 868 870 873 876 1037 1283 1295 1303 1310 1315 1323 1331 1333 1346 1352 1365 1377 1387 1399 1423 1430 1450 3144 400 402 406 407 411 413 417 417 424 427 428 438 440 446 450 453 463 473 481 496 493 512 531 539 552 571 587 612 631 649 673 700 723 746 779 814 856 917 4000 1732 1701 1620 1685 1575 1650 1632 1622 1574 1560 1529 1509 1494 1416 1429 1398 1387 1349 1360 1372 1307 1317 1299 1327 1310 1316 1320 1269 1290 1288 1269 1295 1260 1279 1283 1269 1222 1078 1019 963 896 855 817 776 747 715 686 658 635 612 589 572 553 535 513 468 329 314 303 302 286 283 278 281 269 260 255 247 240 237 236 234 231 228 218 220 213 207 204 214 207 204 207 202 205 206 198 193 192 196 189 189 189 184 190 188 186 186 180 183 185 185 184 183 189 184 186 189 191 189 194 184 186 183 180 178 187 187 185 187 190 188 189 190 187 189 185 181 180 183 190 185 186 190 187 192 189 189 193 194 196 198 196 201 204 201 204 204 210 211 209 210 211 215 214 220 213 213 224 199 213 172
state 0.307021 -0.966906 0.075390 
state 0.307093 -0.966901 0.076021 
state 0.307183 -0.966894 0.076809 
state 0.307238 -0.966890 0.077598 
state 0.307292 -0.966886 0.078071 
state 0.307364 -0.966880 0.078702 
state 0.307364 -0.966880 0.078702 
state 0.307382 -0.966878 0.078860 
state 0.307382 -0.966878 0.078860 
state 0.307382 -0.966878 0.078860 
laser 271 271 49 35 31 41 48 39 51 53 61 57 57 64 54 55 64 57 47 54 68 94 119 108 134 123 99 123 142 137 158 160 184 207 195 196 193 823 874 868 871 869 870 869 869 865 867 867 864 863 867 872 923 1292 1290 1300 1306 1314 1318 1328 1328 1339 1355 1361 1375 1389 1396 1411 1424 1442 1506 390 399 402 404 410 412 410 412 417 429 433 434 439 442 449 453 458 469 477 486 500 508 516 534 545 564 579 598 621 644 662 686 712 742 771 800 830 884 884 1723 1631 1602 1609 1607 1639 1620 1594 1555 1577 1549 1520 1484 1434 1427 1395 1385 1372 1385 1337 1350 1339 1303 1338 1313 1306 1281 1304 1305 1272 1261 1288 1247 1264 1242 1225 1221 1181 1035 989 932 881 836 792 760 725 699 671 642 618 595 579 565 544 526 503 419 327 312 299 299 283 283 283 274 269 253 253 250 243 241 232 237 233 228 222 212 216 212 218 210 207 207 203 199 198 203 198 195 193 196 195 191 192 190 187 188 185 186 184 185 183 184 182 184 184 187 187 189 192 187 190 183 182 174 181 179 179 189 188 190 187 190 186 189 187 187 185 185 187 188 189 186 190 191 191 193 189 192 192 193 196 194 197 198 205 203 199 210 206 216 211 214 213 214 215 218 240 245 232 209 160
state 0.307382 -0.966878 0.078860 
state 0.307382 -0.966878 0.078860 
state 0.307382 -0.966878 0.078860 
state 0.307382 -0.966878 0.078860 
state 0.307382 -0.966878 0.078860 
state 0.307382 -0.966878 0.078860 
state 0.307382 -0.966878 0.078860 
state 0.307382 -0.966878 0.078860 
state 0.307382 -0.966878 0.078860 
state 0.307382 -0.966878 0.078860 
laser 271 271 41 37 32 37 57 48 50 53 64 62 60 59 57 51 63 56 48 64 66 108 110 120 86 129 115 112 113 146 158 167 189 207 196 197 195 833 872 869 868 868 867 868 868 868 867 867 866 869 871 872 957 1291 1291 1294 1298 1305 1316 1331 1335 1345 1350 1358 1373 1382 1398 1414 1426 1437 1511 391 400 402 407 408 410 411 416 421 425 429 435 438 440 444 455 467 469 477 487 501 509 515 532 547 563 580 599 619 642 660 684 714 740 768 798 835 888 871 1717 1651 1558 1626 1620 1594 1655 1585 1598 1551 1506 1502 1471 1447 1412 1376 1392 1370 1314 1343 1322 1321 1317 1289 1305 1326 1321 1302 1294 1257 1250 1255 1213 1216 1212 1236 1227 1166 1035 986 923 876 834 790 759 729 700 668 641 621 596 582 560 543 523 504 407 318 311 303 295 284 279 281 283 267 249 250 243 245 247 233 228 241 229 223 224 219 217 217 211 205 200 201 205 201 196 201 198 194 193 187 185 194 188 187 188 187 185 184 184 184 182 177 180 187 188 186 190 192 194 182 187 184 182 178 179 185 188 188 185 191 186 189 190 188 190 187 184 187 184 186 191 191 190 192 189 191 191 196 195 203 195 198 201 203 208 207 204 211 211 214 220 221 216 214 220 211 228 226 203 149
state 0.307382 -0.966878 0.078860 
state 0.307382 -0.966878 0.078860 
state 0.307382 -0.966878 0.078860 
state 0.307382 -0.966878 0.078860 
state 0.307382 -0.966878 0.078860 
state 0.307382 -0.966878 0.078860 
state 0.307382 -0.966878 0.078860 
state 0.307382 -0.966878 0.078860 
state 0.307382 -0.966878 0.078860 
state 0.307382 -0.966878 0.078860 
laser 271 271 43 47 30 56 38 47 48 53 61 58 62 64 51 53 59 50 44 63 68 90 119 104 133 151 108 130 106 133 163 166 186 198 197 195 195 834 869 868 871 868 867 868 870 868 861 863 865 871 869 871 948 1292 1288 1306 1310 1316 1322 1321 1334 1343 1354 1360 1371 1388 1400 1412 1424 1439 1500 389 398 401 403 406 409 412 421 417 425 429 433 439 444 447 454 463 470 478 489 499 508 524 531 547 562 582 598 621 642 663 687 714 739 763 799 836 884 883 1697 1655 1572 1625 1639 1613 1604 1585 1542 1566 1524 1471 1482 1417 1413 1368 1380 1340 1333 1308 1311 1319 1293 1299 1268 1279 1284 1275 1258 1293 1237 1257 1226 1251 1264 1237 1222 1162 1036 989 931 880 839 795 760 727 699 668 644 623 600 581 563 538 524 510 414 324 305 299 292 283 284 283 279 265 248 251 247 244 238 237 230 231 235 220 217 217 214 209 211 203 203 203 208 204 198 198 197 195 194 195 189 190 189 188 188 187 186 185 183 187 187 183 185 183 187 189 189 195 191 189 189 185 178 179 183 184 184 194 190 190 190 190 189 188 187 186 185 187 186 186 189 191 190 194 188 193 191 194 194 190 195 208 203 203 208 210 211 211 210 214 211 216 214 213 222 217 240 233 216 158
state 0.307382 -0.966878 0.078860 
state 0.307382 -0.966878 0.078860 
state 0.307382 -0.966878 0.078860 
state 0.307382 -0.966878 0.078860 
state 0.307382 -0.966878 0.078860 
state 0.307382 -0.966878 0.078860 
state 0.307382 -0.966878 0.078860 
state 0.307382 -0.966878 0.078860 
state 0.307382 -0.966878 0.078860 
state 0.307382 -0.966878 0.078860 
laser 271 271 45 41 32 49 64 48 46 52 60 63 61 65 52 53 63 53 50 58 58 96 146 107 80 143 105 131 126 142 159 161 192 204 193 193 194 780 841 826 795 613 408 352 378 588 831 865 865 870 869 872 951 1292 1289 1298 1313 1309 1324 1330 1336 1343 1347 1356 1368 1384 1398 1415 1420 1443 1509 391 397 403 404 408 411 412 417 422 426 429 434 433 442 451 455 460 469 477 487 497 511 515 530 548 562 584 598 621 647 664 690 714 739 768 798 832 885 893 1709 1624 1559 1624 1603 1591 1631 1590 1549 1543 1515 1490 1444 1417 1395 1363 1393 1343 1336 1322 1326 1327 1300 1294 1314 1299 1293 1277 1272 1289 1252 1233 1244 1253 1249 1225 1211 1139 1040 989 928 877 832 797 757 724 696 669 645 621 598 579 563 541 529 506 419 318 306 305 282 280 278 284 282 267 247 255 244 241 237 243 230 228 226 227 218 221 217 212 207 207 212 202 203 204 202 196 196 190 192 188 192 188 189 188 189 187 187 183 186 188 184 182 186 186 186 189 185 194 194 193 184 190 180 182 177 183 187 187 185 190 193 188 190 189 186 185 186 185 185 186 190 192 192 190 191 191 190 194 192 198 201 199 203 206 209 206 212 205 206 215 213 214 217 212 216 231 245 216 194 173
state 0.307382 -0.966878 0.078860 
state 0.307364 -0.966880 0.079017 
state 0.307364 -0.966880 0.079017 
state 0.307364 -0.966880 0.079017 
state 0.307364 -0.966880 0.079017 
state 0.307364 -0.966880 0.079017 
state 0.307364 -0.966880 0.079017 
state 0.307364 -0.966880 0.079017 
state 0.307364 -0.966880 0.079017 
state 0.307364 -0.966880 0.079017 
laser 271 271 44 43 34 44 66 53 50 54 60 61 62 64 58 51 55 53 47 57 67 80 112 100 146 100 115 119 140 111 133 169 187 206 199 196 195 833 872 870 871 868 867 870 869 868 867 866 868 868 869 873 945 1289 1290 1295 1303 1315 1319 4000 2984 1345 1349 1360 1375 1387 1399 1413 1426 1434 1505 390 401 401 405 412 410 414 417 420 424 431 432 439 437 447 454 465 471 478 490 497 506 518 534 542 566 581 603 622 642 661 689 716 740 767 801 830 888 889 1692 1473 1585 1626 1603 1608 1601 1589 1547 1529 1547 1516 1454 1398 1412 1389 1361 1369 1329 1320 1337 1318 1319 1300 1275 1297 1310 1277 1248 1287 1272 1253 1239 1243 1236 1253 1201 1183 1040 984 929 879 835 799 761 726 697 667 643 621 602 581 561 545 526 505 411 319 313 297 293 281 273 285 278 271 252 247 251 240 232 237 233 227 224 222 218 221 217 202 210 209 209 205 202 198 208 199 194 196 189 188 195 191 186 188 190 185 187 186 188 185 184 181 185 185 188 186 189 196 189 190 187 190 180 189 183 192 181 188 187 190 195 189 187 187 188 185 185 186 189 187 188 191 191 189 187 194 192 193 197 201 200 204 203 203 208 207 209 203 212 215 216 206 211 206 217 209 227 230 188 187
state 0.307364 -0.966880 0.079017 
state 0.307364 -0.966880 0.079017 
state 0.307364 -0.966880 0.079017 
state 0.307364 -0.966880 0.079017 
state 0.307364 -0.966880 0.079017 
state 0.307364 -0.966880 0.079017 
state 0.307364 -0.966880 0.079017 
state 0.307364 -0.966880 0.079017 
state 0.307364 -0.966880 0.079017 
state 0.307364 -0.966880 0.079017 
laser 271 271 42 35 30 30 50 46 47 59 56 57 66 62 58 52 63 54 46 52 60 88 139 98 106 80 122 134 134 138 166 167 189 201 194 193 196 832 869 865 863 868 870 868 867 868 863 864 868 868 873 875 955 1292 1295 1296 1304 1318 1317 1326 1334 1335 1351 16 2993 1384 1399 1413 1421 1440 1506 387 397 405 405 410 408 413 419 423 427 430 434 438 444 447 452 464 466 477 489 498 507 519 535 540 566 580 601 614 638 666 684 715 744 766 802 834 882 868 1578 1435 1617 1608 1604 1604 1605 1599 1534 1524 1488 1481 1477 1443 1419 1385 1354 1337 1306 1337 1318 1314 1295 1309 1275 1286 1295 1296 1271 1221 1237 1253 1255 1225 1257 1252 1214 1167 1039 991 927 880 836 799 757 730 700 667 639 617 597 580 561 547 529 507 412 317 315 295 293 289 274 284 279 266 250 250 252 242 243 236 232 232 229 219 217 221 211 215 212 213 209 204 204 203 201 199 196 194 198 192 189 188 188 189 187 186 187 186 185 186 186 183 183 188 187 184 185 189 191 190 184 182 184 177 184 186 180 186 195 190 189 189 190 185 187 183 183 187 184 190 186 192 188 190 188 186 188 199 197 194 201 195 201 206 207 208 209 213 210 215 213 214 209 214 218 229 239 214 208 150
state 0.307364 -0.966880 0.079017 
state 0.307364 -0.966880 0.079017 
state 0.307364 -0.966880 0.079017 
state 0.307364 -0.966880 0.079017 
state 0.307364 -0.966880 0.079017 
