LIBUSB - Claimed interface
state 0.000000 0.000000 0.000000 
laser 271 271 48 37 34 34 45 52 50 56 62 56 63 66 60 48 61 57 50 58 94 99 113 103 103 114 131 122 139 154 147 168 192 207 191 195 209 310 317 316 315 317 314 315 317 317 318 316 316 316 313 318 311 314 321 318 319 323 323 325 325 325 325 328 325 328 339 339 340 341 346 346 350 351 359 360 365 369 368 369 376 384 387 391 396 400 406 411 418 431 439 444 448 449 452 465 485 503 522 530 546 559 571 588 606 629 652 672 694 715 739 775 815 858 912 979 1044 1089 1126 1150 1144 1137 1130 1127 1128 1121 1118 1116 1114 1113 1116 1111 1113 1108 1110 1108 1113 1109 1109 1116 1116 1122 1116 1122 1119 1126 1124 1129 1130 1128 393 347 323 302 273 263 249 235 218 212 206 197 192 186 179 174 168 159 158 158 156 155 149 140 139 135 127 129 127 128 116 121 120 115 118 116 111 111 110 105 105 105 103 100 100 97 94 92 99 94 93 97 92 94 93 89 92 90 88 83 84 85 91 87 87 83 84 85 87 85 89 86 84 86 86 85 85 87 88 84 84 87 88 85 87 87 87 87 87 76 86 93 88 90 90 91 90 90 91 90 92 93 95 95 97 95 95 98 99 102 104 100 104 104 107 110 105 110 110 110 108 110
state 0.000871 -0.000000 -0.000315 
state 0.004027 0.000002 0.002208 
state 0.006276 0.000007 0.002524 
state 0.009250 0.000016 0.003470 
state 0.013440 0.000035 0.005205 
state 0.018464 0.000062 0.005993 
state 0.024957 0.000110 0.008517 
state 0.031468 0.000166 0.008990 
state 0.038233 0.000231 0.009779 
state 0.045797 0.000306 0.009936 
laser 271 271 48 41 38 40 56 52 52 52 60 64 61 67 58 50 61 65 50 55 80 76 129 134 114 129 121 112 149 114 131 161 189 203 198 200 202 294 319 314 315 314 315 314 314 314 317 315 317 311 309 317 315 318 316 318 316 321 322 324 323 323 325 326 326 332 335 337 339 343 343 345 349 350 351 357 359 364 361 364 370 380 380 386 390 396 402 408 409 421 427 435 439 440 451 471 484 501 514 525 539 552 567 582 601 617 636 657 673 699 731 760 805 846 893 951 1018 1068 1103 1129 1123 1116 1113 1112 1107 1101 1101 1096 1093 1095 1091 1091 1093 1093 1085 1079 1086 1084 1083 1094 1098 1096 1095 1099 1091 1100 1101 1106 1108 1110 1111 4000 341 313 296 274 260 239 227 214 208 199 195 192 179 172 163 163 157 155 152 150 143 141 140 133 135 131 128 128 122 124 116 117 117 114 113 115 113 108 107 104 102 106 102 99 97 95 101 95 94 96 97 92 94 91 89 91 92 89 87 92 87 86 86 87 84 88 86 90 84 87 85 89 84 78 82 90 86 87 85 84 84 83 84 86 87 88 88 86 86 89 83 90 91 89 88 87 92 94 93 91 86 92 91 95 96 98 101 101 101 102 104 109 103 102 105 107 112 111 110 105
state 0.054666 0.000386 0.007886 
state 0.063226 0.000442 0.005047 
state 0.072078 0.000468 0.000631 
state 0.081056 0.000452 -0.004889 
state 0.090324 0.000385 -0.009463 
state 0.099864 0.000288 -0.010725 
state 0.109440 0.000201 -0.007255 
state 0.118944 0.000150 -0.003785 
state 0.128811 0.000129 -0.000946 
state 0.138442 0.000122 -0.000158 
laser 271 271 40 44 37 39 45 52 52 60 63 58 62 61 58 52 64 53 55 57 77 113 100 97 84 109 116 126 130 134 159 162 196 197 196 197 221 310 313 314 312 315 317 317 317 318 314 317 314 317 320 319 321 319 315 319 320 321 327 320 322 326 325 330 331 333 332 341 338 342 346 347 347 353 354 358 364 366 372 375 379 384 393 397 408 404 418 432 433 444 457 460 476 482 492 504 518 530 543 559 572 585 595 625 640 662 685 719 750 787 826 872 929 978 1006 1039 1052 1034 1035 1038 1030 1026 1024 1023 1020 1015 1013 1006 1007 1006 1011 1006 1006 1007 1003 1006 1007 1009 1012 1013 1014 1016 1013 1017 1018 1016 1015 1016 1013 1025 1029 1027 981 263 263 252 231 222 220 207 192 185 180 173 166 158 156 154 148 148 142 134 136 133 127 119 116 117 123 118 110 112 106 109 106 105 104 102 98 98 97 95 96 91 96 93 91 90 88 90 86 85 85 87 87 80 84 87 83 84 84 83 85 82 84 82 82 81 83 81 80 82 81 83 81 83 83 83 83 80 83 81 83 80 76 76 83 82 84 83 84 84 85 87 87 84 87 86 86 90 88 90 88 89 92 93 92 93 95 99 97 99 98 97 98 99 107 106 108 112 104 101
state 0.152590 0.000135 0.001735 
state 0.162112 0.000155 0.002208 
state 0.171725 0.000171 0.000631 
state 0.181247 0.000164 -0.002050 
state 0.190915 0.000136 -0.003470 
state 0.200564 0.000107 -0.002524 
state 0.209995 0.000089 -0.001893 
state 0.220334 0.000051 -0.005362 
state 0.229747 0.000008 -0.003628 
state 0.238816 -0.000020 -0.002366 
laser 271 271 45 36 32 43 33 50 58 55 60 61 64 63 55 55 61 50 48 80 76 90 123 100 114 113 119 147 128 151 144 167 189 198 198 198 209 306 313 315 315 313 316 313 313 312 304 307 307 312 313 310 314 311 313 314 315 313 316 317 321 319 321 323 328 325 334 331 338 338 342 346 349 353 364 365 362 370 381 380 388 392 399 406 415 420 424 433 441 448 457 467 476 487 494 503 514 519 538 553 569 582 600 621 644 662 692 728 757 795 836 877 905 929 959 956 953 944 943 935 933 928 924 923 919 916 912 912 910 911 914 910 911 908 902 904 909 910 907 915 916 915 917 919 918 920 921 924 927 928 932 935 938 943 952 960 959 967 964 975 985 993 16 179 169 174 165 164 159 154 150 145 143 135 134 131 128 126 125 121 120 113 112 113 112 106 105 104 106 98 94 95 92 90 92 92 91 88 89 84 89 88 88 88 88 85 83 83 83 84 80 80 84 81 79 78 81 81 83 82 82 77 73 77 83 82 79 83 83 82 79 82 81 81 80 79 82 82 82 81 81 80 81 80 84 82 82 83 82 85 86 80 84 89 86 88 89 89 94 91 92 92 96 95 96 100 100 97 104 107 103 93
state 0.247903 -0.000031 -0.000631 
state 0.257190 -0.000032 0.000315 
state 0.266331 -0.000024 0.000946 
state 0.275817 -0.000019 0.000158 
state 0.285067 -0.000012 0.001419 
state 0.294245 0.000008 0.002681 
state 0.303531 0.000027 0.000789 
state 0.312764 0.000026 -0.000631 
state 0.321996 0.000018 -0.001104 
state 0.331210 0.000001 -0.002681 
laser 271 271 45 40 29 29 36 44 54 58 63 61 63 64 61 51 62 57 49 59 77 88 125 99 147 147 127 131 157 142 167 163 193 196 199 188 205 301 313 307 309 304 306 306 307 305 308 307 306 308 304 307 305 310 306 315 314 317 319 321 325 324 330 331 333 340 341 344 349 348 354 353 355 362 365 370 375 378 385 388 395 398 400 411 424 423 434 437 447 445 456 467 476 484 494 508 518 533 547 565 585 602 620 641 665 690 722 753 784 812 830 843 870 872 865 858 851 847 844 841 838 830 830 827 825 823 823 821 821 822 822 819 819 815 817 814 815 817 816 818 819 821 824 825 825 827 827 832 829 834 835 838 842 848 852 854 857 865 871 874 883 892 903 912 914 923 933 939 952 952 964 976 965 947 931 916 900 882 869 851 836 820 2284 158 114 109 107 110 105 102 100 99 97 96 97 95 97 95 90 89 92 91 90 89 88 87 87 86 86 83 86 84 86 84 85 80 85 83 82 83 84 81 82 81 82 82 81 79 75 77 82 80 80 83 82 80 83 81 82 82 83 81 82 83 80 82 85 84 83 86 88 87 87 86 83 86 83 83 87 93 89 93 93 88 90 99 96 100 105 95 101 99
state 0.344722 -0.000042 -0.003785 
state 0.353900 -0.000076 -0.003154 
state 0.363132 -0.000098 -0.001419 
state 0.372128 -0.000105 -0.000158 
state 0.381070 -0.000104 0.000631 
state 0.390157 -0.000098 0.000473 
state 0.399171 -0.000092 0.000946 
state 0.408385 -0.000086 0.000315 
state 0.417563 -0.000086 -0.000631 
state 0.426686 -0.000101 -0.002366 
laser 271 271 46 41 37 39 42 44 54 56 58 63 57 67 58 51 64 54 47 70 89 130 100 117 101 116 114 114 137 139 149 166 184 200 192 192 221 319 324 320 324 332 321 324 317 323 317 319 319 320 319 321 325 321 325 329 325 329 333 336 334 338 340 334 342 346 349 356 356 357 365 366 371 375 376 385 385 393 392 392 400 409 417 420 429 434 443 452 458 461 476 492 497 506 523 542 553 567 581 604 622 641 666 690 718 732 752 754 788 790 786 779 772 768 761 761 755 748 749 743 740 741 730 732 738 733 730 734 738 731 732 726 726 726 725 726 723 724 728 729 734 734 732 734 734 738 737 741 740 743 743 741 749 754 759 763 766 771 776 773 788 791 798 806 815 823 831 839 849 858 868 878 884 895 894 879 871 859 846 834 817 804 791 783 767 758 747 736 731 722 713 703 699 690 685 681 674 666 662 659 658 651 650 644 643 636 635 631 626 621 619 620 620 614 616 610 608 604 603 600 600 596 594 594 1083 1211 1210 1211 1211 1210 1212 1211 1213 1216 1226 16 23 72 81 72 78 85 79 83 83 81 83 84 84 83 86 86 84 86 89 86 88 89 91 90 92 92 91 94 97 97 93 96 95 92 101 99
state 0.435864 -0.000123 -0.002366 
state 0.445114 -0.000143 -0.001735 
state 0.454111 -0.000154 -0.000789 
state 0.463143 -0.000154 0.000473 
state 0.472230 -0.000150 0.000631 
state 0.481281 -0.000140 0.001419 
state 0.490332 -0.000124 0.001893 
state 0.499455 -0.000110 0.000789 
state 0.508596 -0.000110 -0.000789 
state 0.517556 -0.000122 -0.002050 
laser 271 271 43 36 38 38 38 43 47 53 55 59 67 63 59 48 72 56 51 62 62 83 133 94 94 123 108 128 138 131 144 166 190 204 196 199 215 321 326 318 325 328 330 327 329 327 326 328 330 329 333 333 332 331 335 337 342 340 343 346 346 342 346 350 351 359 360 364 360 366 368 374 379 384 387 394 398 405 408 415 422 428 439 444 450 458 466 478 486 497 507 518 535 545 559 570 590 609 621 634 652 654 668 684 683 674 672 663 660 654 651 644 641 641 634 632 630 625 623 619 618 617 617 613 616 616 617 611 607 609 605 607 607 608 609 607 608 609 607 612 611 613 614 619 614 616 618 620 621 622 625 626 629 631 635 637 635 640 650 649 654 656 664 675 679 685 690 698 706 714 725 731 739 747 761 768 781 793 800 794 788 778 767 758 749 739 729 726 711 706 696 689 681 674 669 662 658 653 647 644 637 632 629 627 623 621 616 615 611 613 608 612 607 606 596 600 597 601 600 597 595 598 595 596 596 598 596 594 596 594 595 589 592 596 597 811 1141 1142 1148 1154 1156 1163 1167 1174 1176 1184 1191 1193 1212 1211 1230 1234 1246 1255 1270 1285 1296 1314 1315 1332 1375 1448 1413 1381 1349 1326 1309 1282 1248 1222 1218 1234
state 0.531250 -0.000145 -0.000946 
state 0.540265 -0.000149 0.000158 
state 0.549370 -0.000147 0.000158 
state 0.558602 -0.000146 0.000315 
state 0.567562 -0.000139 0.001262 
state 0.576540 -0.000126 0.001419 
state 0.585718 -0.000115 0.001104 
state 0.594932 -0.000110 0.000158 
state 0.604037 -0.000112 -0.000473 
state 0.613287 -0.000112 0.000473 
laser 271 271 45 53 37 37 38 47 51 54 60 62 61 66 57 47 66 53 49 44 48 125 124 121 128 113 116 131 126 140 149 163 193 201 196 199 218 324 335 337 335 338 342 339 338 339 339 340 341 334 336 344 341 342 343 342 344 344 348 351 351 351 361 359 362 365 370 373 377 376 380 387 392 399 400 407 416 418 421 428 442 447 451 463 471 477 487 496 508 518 531 543 554 563 565 575 580 590 609 614 606 596 592 585 577 573 570 558 555 561 550 550 544 542 540 540 537 535 532 531 526 525 529 526 530 518 526 520 513 517 515 521 516 515 515 516 510 515 520 520 522 521 524 521 525 527 528 530 530 532 532 535 534 536 537 545 542 546 552 554 556 560 565 570 571 573 582 590 594 606 610 616 626 633 641 650 659 664 681 690 704 715 719 737 724 723 714 709 699 695 690 684 675 667 656 650 648 645 636 633 627 624 621 619 613 607 605 606 602 598 599 597 593 592 585 586 586 591 590 589 588 587 587 589 584 584 592 593 589 593 591 589 594 596 599 600 599 603 604 605 606 608 610 613 981 1175 1194 1199 1201 1214 1218 1231 1240 1245 1260 1274 1291 1307 1327 1331 1353 1366 1383 1411 1497 1468 1439 1413 1394 1362 1350 1368
state 0.622356 -0.000105 0.001104 
state 0.631189 -0.000095 0.000946 
state 0.639533 -0.000093 -0.000631 
state 0.647205 -0.000096 0.000789 
state 0.654823 -0.000084 0.001104 
state 0.661516 -0.000083 -0.000631 
state 0.667555 -0.000087 -0.000789 
state 0.672580 -0.000096 -0.002524 
state 0.677404 -0.000106 -0.001893 
state 0.681467 -0.000118 -0.004101 
laser 271 271 43 42 34 33 56 49 54 54 63 65 63 66 56 55 64 58 52 57 78 106 109 102 104 144 103 113 139 125 146 160 192 205 194 196 229 339 340 342 344 341 341 340 342 342 342 342 345 346 350 349 352 353 353 353 351 355 363 361 367 366 370 374 379 380 385 389 392 398 403 411 412 418 422 428 434 440 445 454 461 467 478 486 497 495 502 515 520 522 532 543 548 545 535 532 523 516 509 507 502 495 491 485 477 478 473 469 467 463 460 458 449 447 446 449 449 446 446 441 441 441 433 436 434 434 434 430 425 429 430 430 431 430 432 429 428 430 430 435 435 438 436 433 435 444 441 443 443 444 443 448 448 450 453 456 455 459 460 465 466 469 475 480 481 485 489 492 500 504 512 517 519 526 537 546 550 558 568 580 590 601 613 624 636 652 663 680 677 672 664 660 653 650 648 642 639 632 625 617 612 611 603 604 606 598 597 589 588 587 584 583 582 579 579 579 577 576 575 576 575 577 576 576 575 577 577 584 581 582 582 582 583 591 592 593 597 599 600 601 608 611 614 618 619 619 625 628 631 632 728 1229 1241 1253 1265 1281 1282 1300 1323 1344 1356 1365 1383 1412 1415 1432 1529 1514 1482 1460 1446 1447
state 0.685040 -0.000132 -0.003312 
state 0.687906 -0.000140 -0.001735 
state 0.690590 -0.000141 0.000789 
state 0.692712 -0.000138 0.001577 
state 0.694671 -0.000135 0.001893 
state 0.696539 -0.000137 -0.007413 
state 0.698516 -0.000172 -0.029651 
state 0.699005 -0.000193 -0.055360 
state 0.699403 -0.000222 -0.093528 
state 0.700034 -0.000295 -0.139109 
laser 271 271 46 42 40 32 64 46 49 53 62 60 61 63 62 50 54 55 45 60 70 78 93 97 104 102 111 137 102 124 152 154 183 200 196 194 197 303 343 341 344 345 348 345 343 348 342 344 349 352 353 356 355 358 358 358 362 366 365 370 373 374 377 378 385 392 391 398 400 406 410 416 421 426 431 434 443 450 456 467 469 478 484 495 498 500 506 511 514 526 532 528 518 508 503 494 487 481 479 474 468 463 459 456 447 442 441 442 441 436 435 430 429 426 424 424 421 421 418 418 413 415 416 410 413 412 410 408 411 407 408 408 409 403 407 412 410 409 413 413 417 417 415 417 419 417 421 423 422 427 427 426 430 428 434 437 440 442 444 448 452 448 456 465 467 469 476 480 489 495 499 506 516 522 526 537 543 554 565 573 585 600 609 623 635 650 667 659 655 650 640 640 639 630 629 625 618 615 607 606 602 597 592 592 590 585 580 578 576 573 573 574 571 572 572 566 567 571 564 565 566 572 570 571 569 574 576 574 581 574 585 581 582 587 591 595 597 599 601 606 605 612 614 618 622 625 624 628 630 630 1249 1265 1274 1289 1298 1309 1328 1346 1365 1378 1380 1419 1433 1510 1522 1496 1475 1446 1424 1405 1389 1378
state 0.701193 -0.000508 -0.221596 
state 0.701878 -0.000684 -0.282633 
state 0.702464 -0.000875 -0.348875 
state 0.702952 -0.001073 -0.421269 
state 0.703520 -0.001355 -0.498078 
state 0.703973 -0.001624 -0.578357 
state 0.704386 -0.001919 -0.662264 
state 0.704815 -0.002282 -0.747590 
state 0.705173 -0.002642 -0.832759 
state 0.705430 -0.002947 -0.917296 
laser 271 271 46 40 29 35 66 36 52 58 63 62 65 64 61 51 62 57 54 66 57 127 86 123 116 109 115 124 130 130 162 168 192 204 194 190 215 434 448 457 462 468 477 483 493 500 508 516 526 539 547 560 567 569 582 579 591 605 610 599 589 582 572 560 554 549 549 542 539 532 527 524 519 516 515 510 510 505 501 497 498 493 490 491 490 488 487 488 483 486 484 485 483 481 482 486 485 485 487 489 487 487 489 487 492 490 489 494 495 496 497 498 503 501 504 509 512 514 518 521 526 527 532 540 546 549 551 558 566 572 577 587 593 598 610 618 629 637 647 657 671 681 690 679 679 671 664 657 650 643 638 628 624 619 613 607 598 592 590 586 582 581 574 569 565 563 561 558 558 551 553 550 550 547 547 542 544 544 542 538 539 541 543 544 542 544 546 548 546 548 549 552 550 554 556 559 560 556 558 564 565 568 571 570 951 1240 1248 1251 1259 1273 1286 1297 1307 1316 1333 1348 1361 1377 1391 1409 1459 1478 1423 1456 1427 1397 1371 1342 1321 1292 1270 1241 1226 1201 1190 1165 1147 1136 1091 1091 1099 1076 1074 1059 1050 1038 1026 1020 1012 995 994 987 977 971 969 962 957 950 945 943 936 935 928 928 918 16 245 299 355 763 904 915
state 0.705649 -0.003258 -0.995683 
state 0.705910 -0.003694 -1.069495 
state 0.706074 -0.004017 -1.137630 
state 0.706223 -0.004368 -1.198668 
state 0.706435 -0.004966 -1.255920 
state 0.706571 -0.005418 -1.307652 
state 0.706606 -0.005558 -1.353075 
state 0.706655 -0.005808 -1.393136 
state 0.706676 -0.005933 -1.428623 
state 0.706715 -0.006239 -1.458432 
laser 271 271 38 39 40 48 48 39 49 58 53 66 62 64 56 51 67 56 51 56 73 94 148 90 90 110 103 119 119 149 145 158 192 203 196 195 232 588 599 595 592 589 589 587 583 588 581 586 587 572 572 578 578 574 576 577 572 572 577 582 581 581 581 582 582 583 583 587 588 589 591 593 595 596 601 605 609 613 612 617 624 630 633 638 644 650 656 657 666 681 689 697 704 718 726 735 746 755 770 770 760 753 742 737 730 719 711 700 691 682 675 666 660 655 647 641 637 624 624 626 617 615 613 609 603 603 599 597 595 591 591 590 588 585 585 584 582 583 580 578 581 579 577 574 577 578 578 571 576 581 575 577 576 576 579 583 581 1076 1211 1217 1218 1227 1231 1240 1245 1250 1256 1270 1276 1281 1295 1309 1317 1324 1339 1350 1367 1365 1388 1418 1446 1392 1445 1413 1376 1342 1309 1284 1259 1231 1208 1185 1163 1144 1127 1108 1092 1042 1039 1051 1027 1022 1010 997 987 967 964 950 943 935 932 919 917 903 844 164 160 168 174 184 193 205 218 243 255 267 293 337 392 470 620 769 821 822 827 825 827 823 821 824 829 830 831 836 837 839 839 844 850 850 856 863 866 871 877 883 886 890 883 839 808 786 762 742 716 692 671 645 623 609 589 567
state 0.706749 -0.006582 -1.484771 
state 0.706764 -0.006781 -1.507640 
state 0.706775 -0.006980 -1.526409 
state 0.706776 -0.006998 -1.541392 
state 0.706776 -0.006998 -1.556533 
state 0.706776 -0.007016 -1.567100 
state 0.706776 -0.007143 -1.575144 
state 0.706767 -0.008086 -1.582715 
state 0.706735 -0.011061 -1.580191 
state 0.706705 -0.013509 -1.586027 
laser 271 271 46 41 25 25 52 53 50 54 62 60 60 66 60 50 62 55 51 51 55 74 114 129 124 134 129 129 130 124 165 162 192 206 194 195 244 592 596 598 599 601 600 601 605 605 602 605 609 607 610 611 614 613 614 612 613 616 619 619 630 627 631 635 640 642 646 655 657 662 665 673 679 684 690 702 710 716 727 735 743 754 763 778 787 796 801 792 789 775 766 757 751 743 731 722 712 705 693 690 682 673 668 663 654 652 646 645 639 634 634 628 624 622 621 611 614 617 613 610 609 608 606 606 604 601 596 599 602 601 598 599 597 599 599 598 599 593 593 593 597 595 633 1218 1215 1221 1230 1235 1234 1246 1251 1255 1262 1267 1276 1285 1294 1305 1311 1322 1330 1335 1346 1358 1362 1376 1373 1351 1363 1341 1357 1358 1382 1354 1323 1296 1248 1220 1195 1175 1151 1131 1114 1099 1073 1041 1046 1033 1022 1012 995 984 968 964 4000 139 149 150 157 162 166 172 177 184 192 201 218 224 241 242 249 274 297 323 351 393 450 513 621 739 797 808 806 806 807 807 803 805 809 805 810 808 807 813 818 820 821 824 827 831 835 841 849 853 858 859 866 866 838 798 771 754 736 711 688 665 646 624 607 590 574 556 544 533 523 509 495 486 475 467 453 441
state 0.706651 -0.016937 -1.586815 
state 0.706577 -0.021307 -1.588235 
state 0.706486 -0.026530 -1.588550 
state 0.706365 -0.033131 -1.589496 
state 0.706232 -0.040204 -1.589812 
state 0.706099 -0.047240 -1.589812 
state 0.705948 -0.055183 -1.589181 
state 0.705800 -0.063742 -1.586658 
state 0.705680 -0.072248 -1.583030 
state 0.705583 -0.081081 -1.580349 
laser 271 271 39 37 48 46 88 44 52 52 59 58 64 64 60 52 65 55 49 55 76 90 90 128 117 114 124 120 125 135 145 168 193 204 194 188 223 585 606 607 610 608 609 610 615 610 612 614 614 617 617 617 619 619 622 621 620 626 635 634 637 641 641 648 650 655 662 667 673 677 683 692 702 708 715 722 731 740 747 758 769 775 786 775 764 752 741 738 725 718 709 698 689 678 666 658 654 649 639 634 627 623 611 614 608 603 600 597 594 587 584 584 581 574 571 573 576 572 567 568 567 567 565 563 564 562 560 561 561 560 559 559 559 559 556 556 556 555 554 556 559 983 1173 1168 1174 1189 1183 1192 1197 1197 1203 1212 1213 1213 1224 1233 1236 1240 1243 1212 1201 1190 1207 1202 1191 1176 1190 1224 1230 1219 1248 1258 1262 1255 1251 1214 1211 1184 1162 1147 1124 1102 1078 1063 1048 1014 1013 1011 998 985 972 961 952 942 935 926 917 906 897 889 887 876 868 866 863 853 850 844 832 831 780 780 125 129 147 157 177 208 228 241 326 651 781 801 799 800 802 803 801 800 798 803 807 811 815 815 818 823 827 830 836 839 847 851 858 865 872 873 878 885 846 819 797 777 758 740 723 699 681 661 644 625 617 599 586 574 559 552 545 532 523 501
state 0.705488 -0.094611 -1.575617 
state 0.705454 -0.103716 -1.573409 
state 0.705434 -0.113130 -1.572620 
state 0.705412 -0.122561 -1.573882 
state 0.705376 -0.132120 -1.574986 
state 0.705332 -0.141370 -1.576248 
state 0.705279 -0.150892 -1.576406 
state 0.705228 -0.160196 -1.576248 
state 0.705181 -0.169628 -1.575302 
state 0.705144 -0.179060 -1.574355 
laser 271 271 45 38 35 39 48 48 49 52 62 59 60 66 55 50 67 55 45 57 77 85 131 129 120 109 158 138 143 143 143 168 190 205 195 192 223 601 616 616 615 615 616 616 613 614 613 614 616 617 619 616 622 621 622 624 628 631 627 634 641 642 647 652 654 659 665 672 678 684 689 697 705 709 718 720 735 728 716 705 692 682 672 664 652 638 628 612 604 599 589 583 573 566 561 551 545 540 538 530 523 524 519 513 511 505 504 501 498 494 492 489 486 487 484 481 475 477 480 473 473 474 477 471 471 471 471 468 468 468 465 468 466 466 465 463 463 465 468 464 462 464 618 1085 1089 1078 1092 1100 1106 1104 1109 1115 1120 1126 1130 1136 1140 1145 1161 1155 1163 1126 1130 1137 1138 1135 1116 1121 1142 1123 1155 1141 1180 1179 1187 1212 1170 1201 1179 1142 1118 1098 1081 1069 1055 1036 1023 1010 991 960 943 954 942 939 932 920 913 904 894 890 879 875 867 855 856 851 847 843 839 834 828 829 825 819 819 814 812 812 803 806 803 808 805 805 807 804 806 807 808 716 598 531 472 433 385 359 343 309 289 264 257 241 218 208 198 190 178 175 165 162 155 150 144 140 132 128 128 846 843 824 812 794 771 754 740 726 710 697 677 666 649 635
state 0.705117 -0.188328 -1.573251 
state 0.705100 -0.197506 -1.571990 
state 0.705090 -0.207082 -1.571990 
state 0.705077 -0.216459 -1.572463 
state 0.705061 -0.225782 -1.572778 
state 0.705042 -0.235069 -1.572778 
state 0.705025 -0.244101 -1.572778 
state 0.705007 -0.253388 -1.572463 
state 0.704994 -0.262711 -1.572147 
state 0.704985 -0.271743 -1.571201 
laser 271 271 39 39 34 52 43 43 51 55 66 61 61 65 59 53 60 52 48 56 84 118 110 110 88 132 132 132 119 157 153 162 190 199 196 195 218 603 618 619 618 617 617 621 619 616 614 617 618 624 623 626 624 629 629 631 636 639 642 643 650 653 656 658 667 671 674 684 687 690 682 667 652 644 629 615 599 585 581 564 554 539 533 525 514 504 497 489 485 476 471 464 457 450 445 444 437 430 429 428 421 413 412 411 407 397 400 404 397 397 394 390 388 387 385 388 382 378 380 379 379 374 373 375 375 372 369 371 368 371 368 367 366 366 360 362 368 367 364 365 365 364 367 516 996 995 1003 1010 1013 1016 1021 1026 1035 1036 1046 1048 1059 1069 1071 1081 1094 1093 1111 1116 1124 1135 1148 1157 1163 1175 1180 1182 1170 1158 1177 1170 1202 1209 1172 1139 1115 1096 1073 1048 1031 1027 1010 995 982 970 959 946 929 921 888 889 901 894 884 877 864 864 862 855 849 842 840 832 830 826 823 819 818 814 810 808 806 806 800 798 797 790 794 796 798 798 798 796 799 801 801 801 808 808 808 817 762 679 640 604 570 545 517 493 469 449 433 415 400 387 372 362 350 346 332 320 313 303 296 289 283 273 261 256 249 249 245 235 232 227 212 199
state 0.704985 -0.281048 -1.570728 
state 0.704983 -0.290244 -1.571201 
state 0.704974 -0.299403 -1.572305 
state 0.704958 -0.308581 -1.572936 
state 0.704940 -0.317722 -1.572620 
state 0.704925 -0.326700 -1.572463 
state 0.704913 -0.335806 -1.571832 
state 0.704908 -0.344983 -1.570886 
state 0.704912 -0.353961 -1.569782 
state 0.704921 -0.363012 -1.569939 
laser 271 271 43 41 36 58 54 46 50 57 61 59 64 63 60 50 65 59 47 64 64 134 106 100 107 109 110 120 165 141 142 162 195 203 198 189 221 602 623 621 621 624 623 624 624 625 628 627 628 630 629 630 633 635 641 641 646 646 651 654 656 658 662 639 622 603 586 576 558 538 520 507 491 481 468 457 448 438 428 422 412 401 395 393 385 378 372 363 360 357 353 349 344 338 335 330 331 326 324 323 318 310 308 306 304 299 299 300 297 294 289 287 291 286 284 284 283 280 280 279 279 275 278 276 275 274 271 270 272 271 270 270 268 269 265 266 271 265 265 261 262 268 269 265 267 545 904 913 916 919 924 927 934 941 943 952 959 966 978 978 990 1000 1008 1020 1030 1040 1053 1060 1064 1085 1107 1116 1129 1231 1180 1103 1174 1158 1133 1116 1102 1087 1062 1047 1035 1023 1000 988 975 963 948 939 927 918 913 903 894 877 870 845 835 852 849 847 840 835 831 825 820 817 815 811 806 806 799 799 800 798 797 793 793 792 788 791 787 789 785 790 795 792 793 799 797 799 803 804 808 811 817 820 825 826 811 757 711 683 659 635 613 590 574 555 534 522 508 487 476 467 458 446 436 429 421 412 400 390 383 373 371 363 354 343
state 0.704923 -0.375709 -1.571832 
state 0.704910 -0.383272 -1.572936 
state 0.704899 -0.390908 -1.571832 
state 0.704889 -0.397655 -1.572463 
state 0.704884 -0.403768 -1.571359 
state 0.704879 -0.408919 -1.571990 
state 0.704875 -0.413707 -1.571359 
state 0.704873 -0.417879 -1.571043 
state 0.704876 -0.421597 -1.568993 
state 0.704879 -0.424626 -1.571043 
laser 271 271 42 42 35 32 48 41 53 54 59 61 64 65 60 51 64 55 53 58 86 96 96 117 110 125 114 111 136 131 145 164 191 197 191 190 212 592 632 632 628 630 632 632 634 632 633 637 636 636 638 639 639 640 647 629 601 577 558 539 511 486 463 439 429 420 400 389 377 368 353 345 337 332 323 315 308 303 293 287 281 278 273 269 268 261 258 254 251 245 243 239 230 230 234 231 225 223 221 222 216 213 208 208 211 205 205 203 204 201 201 199 196 196 197 193 192 191 190 189 189 180 180 188 185 185 185 183 183 183 184 184 183 185 181 180 182 181 179 178 183 181 179 181 182 181 182 180 182 211 727 769 789 784 791 791 796 808 805 799 813 826 819 828 835 833 834 835 836 849 846 854 854 838 849 862 855 888 899 872 912 915 916 942 947 992 981 992 952 962 950 938 928 919 909 899 894 881 875 863 855 854 849 845 818 804 808 820 816 807 806 806 803 803 797 793 793 793 789 786 790 788 785 783 786 787 786 785 784 788 784 791 790 790 798 798 801 804 801 808 815 820 824 829 839 841 845 854 817 782 743 725 703 682 663 644 632 615 601 586 574 560 545 535 525 514 506 489 487 482 475 454
state 0.704877 -0.427383 -1.572305 
state 0.704871 -0.429596 -1.574198 
state 0.704863 -0.431627 -1.575144 
state 0.704853 -0.433205 -1.582872 
state 0.704820 -0.434710 -1.602587 
state 0.704794 -0.435308 -1.625141 
state 0.704725 -0.436285 -1.660155 
state 0.704626 -0.437168 -1.702897 
state 0.704501 -0.437956 -1.754944 
state 0.704327 -0.438772 -1.811092 
laser 271 271 49 40 44 45 56 43 56 55 57 58 59 68 60 51 63 60 52 68 62 87 108 118 114 101 117 115 135 135 138 164 191 204 196 200 211 595 632 631 627 628 636 635 635 634 636 634 639 641 643 642 618 587 557 538 507 482 454 436 415 398 382 367 357 343 331 323 312 295 291 284 283 269 267 264 259 251 251 251 240 238 235 234 228 223 217 214 211 211 206 203 201 199 196 195 190 191 188 181 182 184 184 182 178 177 179 176 175 176 175 169 171 169 166 169 165 165 164 164 161 162 162 162 161 163 158 158 154 155 159 158 160 160 156 158 156 155 156 159 158 158 156 159 156 158 156 159 158 251 788 817 822 825 834 840 845 845 856 870 873 882 891 899 911 923 931 941 954 963 980 990 1007 1022 1036 1103 1143 1026 1050 1083 1069 1044 1032 1016 997 986 968 961 958 934 922 914 901 893 884 879 871 860 850 842 835 833 831 825 794 790 805 808 800 798 800 794 794 790 782 781 782 783 781 779 779 776 779 780 778 779 780 781 782 783 787 784 792 793 798 802 802 806 810 814 818 825 829 833 841 853 849 811 773 742 723 702 680 664 644 631 621 602 588 576 564 553 542 531 521 510 501 496 485 479 466 454
state 0.704140 -0.439436 -1.879227 
state 0.703910 -0.440085 -1.946100 
state 0.703699 -0.440567 -2.017862 
state 0.703438 -0.441065 -2.093410 
state 0.703179 -0.441480 -2.173689 
state 0.703028 -0.441685 -2.255703 
state 0.702884 -0.441848 -2.341503 
state 0.702554 -0.442159 -2.430299 
state 0.702414 -0.442273 -2.514206 
state 0.702262 -0.442372 -2.594642 
laser 271 271 46 43 39 49 61 55 55 53 61 63 63 65 56 51 64 56 52 62 87 107 101 114 115 79 126 128 136 162 143 162 189 204 197 195 217 378 380 373 368 369 363 360 357 351 351 346 341 338 330 328 325 314 313 318 311 310 308 306 304 298 298 297 299 290 287 287 280 282 281 278 276 274 272 274 273 263 271 266 266 262 261 259 261 262 678 809 813 811 811 813 813 817 819 822 824 828 835 840 843 846 852 861 866 877 887 910 935 955 970 993 999 1014 995 987 1002 1028 1091 1122 1203 1086 1126 1141 1111 1087 1070 1057 1032 1017 1011 1002 971 952 942 928 919 907 897 884 875 862 852 849 824 806 812 817 815 806 803 797 793 787 784 779 776 774 771 768 764 760 759 757 757 754 755 752 752 752 746 748 752 751 753 753 757 756 761 762 762 765 770 774 781 779 788 770 708 662 635 611 589 565 544 525 511 490 471 458 438 430 424 410 400 390 382 376 368 358 352 345 339 327 326 319 310 307 303 300 296 292 280 275 271 271 270 266 260 253 254 248 253 247 247 244 240 238 238 237 232 240 492 648 643 636 638 642 647 644 652 641 634 632 635 632 635 633 636 631 631 640 637 638 636 640 645 646 649 651 644 643
state 0.702024 -0.442505 -2.704888 
state 0.701924 -0.442546 -2.772708 
state 0.701787 -0.442595 -2.832957 
state 0.701560 -0.442660 -2.885793 
state 0.701578 -0.442656 -2.932320 
state 0.701471 -0.442675 -2.972380 
state 0.701292 -0.442703 -3.007394 
state 0.701220 -0.442711 -3.037361 
state 0.701039 -0.442728 -3.063542 
state 0.700750 -0.442748 -3.085308 
laser 271 271 41 42 38 58 58 51 49 58 64 59 60 63 58 51 60 54 51 45 65 91 102 101 106 101 118 135 123 144 147 160 195 202 198 196 230 360 367 365 364 360 363 361 358 356 352 351 352 349 349 348 348 346 346 345 344 509 890 894 892 897 900 910 913 916 923 930 936 938 943 945 957 963 975 982 990 1001 1015 1024 1038 1046 1061 1075 1085 1097 1114 1137 1238 1216 1185 1156 1145 1121 1108 1080 1074 1052 1028 1014 1007 988 972 961 951 943 926 922 889 873 880 888 881 872 862 861 856 849 843 836 830 822 820 824 818 815 810 808 805 801 799 799 798 799 793 793 791 791 793 793 799 794 795 796 797 799 801 806 809 813 794 702 654 624 587 556 530 505 483 463 440 423 406 392 377 365 356 346 336 316 312 299 293 288 279 274 269 260 251 247 246 229 228 224 224 218 216 211 208 199 198 200 196 196 195 192 252 605 654 648 639 633 627 623 614 610 605 601 595 596 589 577 578 583 584 584 587 578 577 578 573 572 571 572 572 573 573 572 577 573 571 573 572 576 578 580 581 582 584 586 587 581 591 595 601 603 608 611 613 622 627 631 640 645 652 657 664 676 684 696 703 709 722 731 743 758 767 784 800 808 814 816
state 0.700713 -0.442749 -3.104549 
state 0.700532 -0.442754 -3.121268 
state 0.700351 -0.442757 -3.134201 
state 0.700314 -0.442757 -3.145872 
state 0.700097 -0.442755 -3.154389 
state 0.699117 -0.442739 -3.160067 
state 0.696107 -0.442687 -3.157859 
state 0.693586 -0.442639 -3.162432 
state 0.690286 -0.442571 -3.162432 
state 0.685861 -0.442476 -3.163063 
laser 271 271 45 37 37 47 47 44 48 52 63 61 64 61 57 51 61 54 47 65 54 70 117 109 108 118 121 120 119 119 162 164 187 208 197 195 205 343 371 367 367 365 367 366 366 365 363 362 363 364 463 894 912 912 921 925 932 934 942 946 952 952 958 976 975 982 987 1007 1015 1020 1035 1048 1061 1073 1084 1095 1111 1119 1133 1186 1239 1212 1200 1175 1155 1134 1122 1107 1083 1055 1041 1033 1009 996 988 974 961 952 943 930 890 896 905 898 891 883 876 870 867 857 846 844 842 839 832 831 820 828 818 819 814 809 811 808 807 808 804 803 801 803 802 803 803 802 802 805 806 809 806 812 815 811 709 662 624 586 557 529 503 479 455 434 416 397 383 373 356 345 331 321 309 299 292 284 278 269 260 245 242 239 235 229 218 223 218 210 206 209 200 199 194 192 189 189 187 268 631 670 661 654 645 641 631 626 618 614 602 600 593 591 590 579 578 572 571 572 572 571 573 569 568 564 563 562 558 560 560 559 559 560 561 560 560 560 562 560 558 562 567 569 569 573 575 574 575 578 581 584 589 594 595 599 602 607 614 620 626 632 641 646 653 663 666 675 686 691 707 721 732 742 755 769 785 798 798 809 821 836 834 823 805 786
state 0.680748 -0.442372 -3.161486 
state 0.674382 -0.442247 -3.160067 
state 0.667527 -0.442128 -3.158174 
state 0.660364 -0.442011 -3.157701 
state 0.652566 -0.441886 -3.157701 
state 0.644097 -0.441751 -3.157859 
state 0.635301 -0.441601 -3.159909 
state 0.626161 -0.441424 -3.162432 
state 0.616950 -0.441220 -3.165271 
state 0.607593 -0.440991 -3.166849 
laser 271 271 44 36 44 33 64 45 47 56 57 61 62 66 61 52 67 55 49 51 58 99 147 146 138 109 110 143 132 133 142 159 193 203 196 197 219 357 363 362 424 890 906 911 907 915 909 911 913 915 915 920 921 923 926 936 939 942 950 958 956 965 970 978 981 992 1005 1016 1024 1034 1044 1055 1065 1074 1088 1100 1130 1226 1201 1168 1155 1123 1103 1082 1067 1053 1029 1011 990 976 961 952 933 924 912 899 891 856 845 848 852 844 834 830 821 816 807 810 799 791 782 778 772 775 768 765 761 757 756 752 750 747 745 746 745 741 738 737 739 741 740 742 740 740 740 742 743 745 746 747 743 750 707 624 588 554 525 500 473 451 435 415 395 377 363 356 336 325 313 307 299 286 277 271 264 255 251 247 236 229 225 226 221 214 211 203 198 191 192 191 188 184 181 181 177 174 173 173 170 165 164 167 163 159 157 160 156 153 148 153 157 150 152 150 151 236 501 559 554 550 549 549 554 548 552 554 556 550 553 551 550 547 549 551 555 550 551 555 556 557 559 558 561 563 569 571 576 572 577 578 580 586 593 602 602 607 615 619 627 633 639 647 659 662 675 682 688 701 718 730 741 752 766 781 795 814 830 844 859 850 887 892
state 0.593414 -0.440637 -3.164956 
state 0.584039 -0.440429 -3.162275 
state 0.574754 -0.440250 -3.159120 
state 0.565360 -0.440100 -3.155650 
state 0.556020 -0.439988 -3.151707 
state 0.546770 -0.439901 -3.150130 
state 0.537230 -0.439821 -3.149815 
state 0.527835 -0.439738 -3.151077 
state 0.518331 -0.439638 -3.152969 
state 0.508755 -0.439522 -3.154231 
laser 271 271 45 41 43 38 39 46 53 55 65 56 57 62 64 50 62 58 51 71 83 94 109 109 120 107 110 121 131 135 166 159 192 199 198 194 208 907 912 907 905 902 907 921 918 922 925 923 925 927 925 929 932 932 937 942 946 951 959 963 972 975 982 987 994 1001 1009 1021 1030 1035 1044 1058 1079 1178 1153 1126 1100 1079 1053 1034 1020 1003 976 954 927 912 896 880 870 853 843 831 819 787 761 770 775 768 760 749 743 736 733 718 721 713 706 705 698 688 683 682 679 673 671 669 665 661 659 659 654 656 653 653 648 648 648 646 645 639 643 649 645 644 645 645 649 650 648 654 655 656 658 643 561 518 491 470 445 424 405 384 371 357 337 325 316 301 285 279 278 267 258 253 247 238 234 232 222 221 216 210 210 200 199 194 189 186 185 187 179 177 175 170 171 170 168 162 163 163 159 160 161 157 155 154 152 151 154 145 145 142 146 142 143 142 138 136 139 134 137 136 136 135 133 132 128 130 136 135 134 129 132 133 132 134 133 135 132 135 133 135 136 137 137 138 139 138 136 137 143 137 142 143 143 200 478 597 603 608 618 622 631 634 643 648 660 669 678 692 704 714 727 738 749 768 783 806 815 840 862 904
state 0.499288 -0.439399 -3.154862 
state 0.490093 -0.439270 -3.156597 
state 0.480899 -0.439132 -3.156124 
state 0.471540 -0.439001 -3.154862 
state 0.462055 -0.438880 -3.153758 
state 0.452388 -0.438769 -3.152654 
state 0.443048 -0.438663 -3.152812 
state 0.433744 -0.438562 -3.152338 
state 0.424331 -0.438464 -3.151550 
state 0.414900 -0.438374 -3.150919 
laser 271 271 45 41 32 53 61 51 52 55 57 62 62 62 62 49 64 55 47 57 48 111 90 100 141 120 120 126 116 134 135 155 193 200 195 196 221 921 930 920 925 925 929 934 937 937 935 934 933 934 945 945 946 950 955 955 964 969 968 984 983 999 1003 1007 1019 1025 1028 1078 1150 1119 1083 1052 1027 997 975 961 935 895 875 863 845 834 814 800 785 768 756 720 701 701 712 703 694 685 674 667 658 650 648 638 630 628 619 615 612 604 597 595 589 591 583 580 577 575 565 571 572 564 565 561 561 558 559 559 558 556 553 553 552 553 554 552 555 555 557 552 550 556 561 560 562 561 563 561 498 445 426 404 382 367 348 332 320 308 292 286 276 264 256 248 242 238 229 223 218 204 202 200 198 192 189 189 183 179 174 173 169 168 166 162 160 160 157 154 155 152 151 151 150 147 146 142 141 138 136 137 144 135 131 131 134 131 133 131 132 131 131 130 127 128 125 127 125 127 127 124 124 123 127 123 124 124 127 118 120 125 124 126 127 128 128 127 129 129 132 131 129 133 136 130 132 129 131 132 133 132 134 136 137 137 140 140 137 140 141 150 149 150 153 153 159 156 155 160 163 166 169 170 172 174 171 161
state 0.405541 -0.438283 -3.151550 
state 0.396273 -0.438188 -3.152023 
state 0.387132 -0.438092 -3.152338 
state 0.377756 -0.437987 -3.152812 
state 0.368560 -0.437886 -3.152654 
state 0.360218 -0.437793 -3.152654 
state 0.352618 -0.437706 -3.153127 
state 0.344783 -0.437620 -3.151550 
state 0.338181 -0.437558 -3.150919 
state 0.331960 -0.437500 -3.150446 
laser 271 271 48 39 29 41 41 52 54 51 62 66 60 66 61 48 61 57 49 69 82 95 105 138 114 94 119 129 134 127 158 180 191 200 197 196 200 929 939 932 930 939 940 943 947 945 944 948 949 952 955 957 961 960 962 970 977 982 991 993 993 1011 1071 1133 1094 1052 1017 983 951 928 905 866 841 822 797 776 758 748 724 713 679 645 638 641 646 632 627 623 607 598 588 582 579 565 559 550 549 542 533 532 521 518 515 512 506 502 498 496 492 491 486 484 481 472 473 473 474 473 466 466 468 466 467 463 462 462 463 462 461 462 459 463 464 463 462 463 464 465 464 466 470 471 473 468 462 413 370 348 333 314 302 287 279 267 260 248 238 233 226 217 211 206 196 194 191 184 181 177 175 170 170 170 158 159 155 159 154 150 148 146 144 144 140 135 137 137 135 134 131 129 128 128 124 125 125 125 122 123 119 120 119 117 111 116 120 116 113 115 111 115 115 112 111 111 112 112 113 114 113 116 111 113 113 110 113 113 111 116 114 116 113 112 109 114 120 118 117 118 118 118 121 119 121 121 124 125 129 127 124 124 128 132 134 133 135 135 138 140 143 144 146 143 150 151 153 154 161 160 163 164 160 165
state 0.324524 -0.437438 -3.150761 
state 0.320208 -0.437396 -3.152023 
state 0.316671 -0.437356 -3.153442 
state 0.313515 -0.437318 -3.154073 
state 0.310958 -0.437286 -3.153916 
state 0.308582 -0.437257 -3.153127 
state 0.306623 -0.437236 -3.151865 
state 0.304665 -0.437222 -3.142087 
state 0.302289 -0.437249 -3.118902 
state 0.300911 -0.437298 -3.092090 
laser 271 271 41 36 40 50 42 57 49 48 57 67 62 66 59 53 64 51 49 58 80 104 121 139 104 108 121 141 145 138 164 160 188 203 197 201 192 940 940 938 946 943 947 954 953 952 952 951 955 959 961 965 966 970 978 975 981 987 999 1047 1135 1088 1044 1006 967 942 905 876 836 810 788 764 744 725 707 695 656 614 613 620 620 610 602 587 578 567 557 548 539 535 520 522 512 505 498 497 482 476 475 471 471 464 461 455 450 449 447 445 441 438 436 431 431 430 427 423 424 425 419 416 416 417 416 416 416 412 408 408 410 407 412 413 413 413 413 410 418 417 418 419 421 423 422 425 424 407 370 341 308 291 285 268 256 252 238 236 223 216 212 207 201 193 189 185 178 178 176 165 163 161 159 158 157 152 148 148 144 140 145 138 140 130 131 130 128 123 127 123 125 122 123 117 118 118 116 117 116 112 111 114 112 110 109 109 114 110 109 108 109 109 108 105 109 107 105 102 103 107 108 108 106 106 105 104 106 105 108 108 110 109 108 111 107 107 111 110 109 109 112 112 112 112 119 115 112 112 120 120 119 123 127 129 125 130 128 130 130 136 133 133 136 141 143 147 147 149 149 156 159 158 155 148
state 0.299554 -0.437389 -3.051556 
state 0.298293 -0.437532 -3.004555 
state 0.297201 -0.437713 -2.949511 
state 0.296051 -0.437972 -2.888789 
state 0.294955 -0.438294 -2.822074 
state 0.294087 -0.438613 -2.751258 
state 0.293492 -0.438882 -2.676183 
state 0.292825 -0.439251 -2.597955 
state 0.292280 -0.439609 -2.517518 
state 0.291881 -0.439924 -2.433926 
laser 271 271 44 36 29 45 40 42 52 55 65 58 58 66 60 51 65 53 46 52 91 95 99 105 113 103 103 107 123 133 164 166 187 205 196 200 194 942 958 953 949 944 938 937 932 929 926 922 923 921 920 918 928 923 919 920 908 910 910 911 920 907 912 924 919 918 921 919 921 923 925 940 951 963 977 997 980 1046 1078 1032 986 946 911 881 852 829 781 758 731 716 692 668 653 640 610 559 557 551 564 558 551 538 525 518 510 498 494 487 481 472 469 462 452 448 443 438 432 429 422 421 412 409 405 408 400 398 393 390 388 384 384 380 377 375 373 371 368 371 365 365 363 360 360 357 360 356 354 357 356 356 350 351 353 353 356 353 355 354 354 355 356 353 359 358 358 360 360 358 365 365 369 370 369 372 372 376 383 375 355 339 313 305 296 287 279 267 261 255 246 248 239 237 227 225 225 215 217 212 208 206 195 194 201 192 194 187 185 185 184 182 175 176 181 175 175 172 171 171 169 169 170 168 169 166 162 163 163 163 161 159 155 157 157 157 158 156 158 155 157 156 151 152 158 155 158 158 156 155 157 155 156 158 156 157 156 159 157 161 159 164 161 163 164 162 165 163 166 168 168 166 159 160
state 0.291443 -0.440331 -2.349546 
state 0.291199 -0.440600 -2.268794 
state 0.290924 -0.440960 -2.189777 
state 0.290634 -0.441399 -2.114860 
state 0.290492 -0.441652 -2.045779 
state 0.290398 -0.441848 -1.982691 
state 0.290331 -0.442016 -1.925281 
state 0.290256 -0.442240 -1.872445 
state 0.290171 -0.442536 -1.825287 
state 0.290105 -0.442819 -1.777971 
laser 271 271 42 40 30 38 52 41 47 58 54 60 65 65 64 52 63 57 54 57 76 107 111 121 126 120 109 118 141 130 142 164 192 201 197 195 200 590 614 598 576 552 521 500 480 1483 1440 1399 1350 1321 1314 1265 1263 1220 1196 1191 1165 1170 1107 1130 1095 1081 1058 1058 1056 1031 1025 1010 1000 968 930 923 917 911 902 893 886 878 870 860 855 854 848 844 840 833 826 827 822 815 815 814 811 813 817 825 828 843 861 866 871 871 871 875 873 870 876 874 876 876 877 878 879 881 878 890 888 893 894 902 902 904 1076 864 876 981 940 908 868 838 808 782 755 734 714 680 657 641 624 606 591 577 561 548 539 531 518 501 456 456 453 453 465 452 446 449 436 431 425 419 415 408 404 402 396 391 386 379 377 373 372 368 364 359 357 356 352 354 348 348 343 336 337 340 336 335 335 335 332 332 331 331 330 330 327 331 332 328 330 329 330 330 332 333 333 334 335 332 335 332 331 335 339 342 343 341 348 347 350 351 354 354 359 361 364 367 366 375 379 378 385 389 392 395 400 408 413 418 423 422 413 402 395 387 379 369 364 350 346 346 340 333 332 332 323 321 318 314 310 307 304 302 295 291 292 287 286 281 279 281 278 272
state 0.290091 -0.442890 -1.742327 
state 0.290091 -0.442890 -1.711729 
state 0.290077 -0.442998 -1.684601 
state 0.290059 -0.443179 -1.660628 
state 0.290046 -0.443341 -1.639967 
state 0.290048 -0.443305 -1.623564 
state 0.290048 -0.443305 -1.610315 
state 0.290049 -0.443269 -1.598329 
state 0.290050 -0.443233 -1.588550 
state 0.290052 -0.443124 -1.579718 
laser 271 271 38 37 27 40 61 47 52 53 61 62 62 65 58 51 67 54 52 59 74 128 116 139 108 117 112 125 132 128 169 183 190 197 195 195 186 1075 1068 1069 1069 1072 1076 1076 1039 991 942 888 839 797 763 740 712 686 662 638 614 585 566 546 510 472 441 471 1685 1618 1614 1403 1376 1339 1272 1261 1250 1211 1184 1174 1153 1146 1098 1105 1064 1054 1067 1041 1032 992 987 979 960 953 937 923 876 866 860 851 841 835 827 824 814 803 800 801 794 795 797 800 805 809 821 823 827 831 833 831 831 830 828 825 826 825 824 824 825 821 824 824 825 823 825 825 823 827 828 831 827 828 835 843 842 846 851 856 859 863 1058 830 825 931 896 866 835 805 782 758 735 714 696 677 650 630 616 600 584 567 552 548 535 529 516 508 499 490 480 446 429 430 430 435 445 436 430 424 421 412 414 405 400 397 394 391 385 382 376 375 380 371 371 371 371 367 365 364 361 362 357 357 356 355 356 356 356 351 353 351 351 353 351 354 352 354 355 347 356 357 358 359 358 363 361 363 365 368 368 369 368 371 376 377 382 381 385 389 394 393 397 405 406 412 415 420 418 427 435 440 445 451 462 469 470 453 441 433 424 411 406 399 385 377 374 363
state 0.290051 -0.443849 -1.569308 
state 0.290054 -0.446824 -1.570886 
state 0.290061 -0.449109 -1.564577 
state 0.290082 -0.452410 -1.564577 
state 0.290112 -0.456799 -1.562684 
state 0.290149 -0.461950 -1.564892 
state 0.290190 -0.468498 -1.564104 
state 0.290232 -0.475572 -1.565365 
state 0.290271 -0.482990 -1.565523 
state 0.290312 -0.491007 -1.565839 
laser 271 271 47 43 37 33 42 54 50 55 60 63 63 65 63 52 62 63 46 55 65 97 109 82 92 129 113 128 128 128 162 164 188 201 195 201 192 2647 1057 1062 1050 1060 1062 1059 1062 1062 1067 1068 1030 977 924 864 820 783 739 716 685 657 633 608 577 560 535 496 457 427 435 4000 1611 1616 1593 1416 1368 1308 1298 1248 1197 1195 1158 1141 1109 1127 1105 1080 1059 1040 1047 1016 999 995 984 958 942 929 915 905 859 851 838 833 829 819 809 801 793 788 784 779 772 770 763 760 765 766 775 781 790 792 798 804 811 808 809 807 805 803 803 799 803 803 807 806 808 806 804 805 806 803 811 809 813 813 817 817 822 826 828 826 834 841 865 1030 804 812 915 883 851 815 791 768 744 721 704 682 671 645 621 606 591 580 563 553 545 531 520 510 498 489 482 479 468 456 421 418 417 417 428 428 423 419 412 407 404 402 395 394 390 386 384 383 378 378 374 371 373 368 361 362 369 366 362 364 359 358 358 354 357 356 355 357 357 357 356 354 359 356 357 357 357 361 361 363 365 363 368 361 367 370 369 371 375 378 378 382 386 387 388 392 397 400 404 408 414 418 424 426 428 433 440 448 452 458 466 474 479 484 473 468 455 446 431 419
state 0.290349 -0.499477 -1.566627 
state 0.290380 -0.508455 -1.568047 
state 0.290398 -0.517488 -1.569624 
state 0.290402 -0.526411 -1.571201 
state 0.290388 -0.535716 -1.573567 
state 0.290353 -0.545129 -1.575617 
state 0.290300 -0.554343 -1.577510 
state 0.290235 -0.563666 -1.578141 
state 0.290170 -0.573061 -1.577510 
state 0.290111 -0.582093 -1.577194 
laser 271 271 46 37 43 51 34 46 47 58 59 62 62 65 63 49 63 55 44 65 62 88 111 97 120 99 124 124 122 141 144 159 187 206 194 197 184 1073 1064 1065 1073 1030 951 855 780 725 678 637 583 525 422 2012 1991 1982 1985 1944 1929 1923 1904 1880 1873 1864 1868 4000 1580 1589 1355 1322 1275 1236 1203 1166 1125 1069 1062 1047 1021 998 1009 959 960 939 932 930 894 884 881 858 847 808 776 766 759 748 741 729 723 718 708 698 699 715 715 717 722 728 728 727 727 730 730 724 724 718 717 715 713 710 709 705 706 703 705 704 700 701 695 697 698 696 699 698 699 699 698 699 693 697 705 704 708 708 708 712 713 719 721 725 729 732 731 835 846 696 701 794 776 752 727 704 683 663 649 622 618 593 584 576 567 546 529 518 506 493 485 479 473 463 455 448 440 435 430 424 416 411 404 402 396 391 388 384 377 358 335 339 342 342 354 359 360 358 354 354 352 351 350 347 344 344 344 343 340 343 340 337 338 337 340 340 338 338 339 336 337 339 343 346 342 343 345 346 347 346 351 352 355 356 355 356 358 362 367 368 371 375 376 376 381 383 390 395 399 393 403 415 417 421 427 435 439 445 447 455 464 472 478 489 498 510 514 517
state 0.290031 -0.596204 -1.575617 
state 0.289991 -0.605346 -1.574671 
state 0.289955 -0.614632 -1.574671 
state 0.289911 -0.624063 -1.576248 
state 0.289854 -0.633332 -1.577668 
state 0.289785 -0.642564 -1.578772 
state 0.289708 -0.651795 -1.578929 
state 0.289637 -0.660991 -1.578141 
state 0.289569 -0.670223 -1.577983 
state 0.289505 -0.679563 -1.577194 
laser 271 271 38 38 33 28 50 42 42 52 59 61 58 69 60 51 66 57 45 73 59 111 88 128 109 100 121 121 126 138 172 166 190 203 194 192 197 372 435 474 2298 2344 2190 2150 2120 2086 2062 2038 2005 1982 1973 1968 1935 1923 1903 1876 1871 1859 1843 1758 1539 1529 1329 1283 1218 1171 1133 1092 1061 1024 1012 980 978 911 906 907 882 861 854 847 822 800 797 764 723 706 691 678 675 673 656 650 645 631 628 613 608 607 600 595 591 581 579 575 572 568 570 568 574 574 577 578 584 590 598 603 602 605 611 609 611 610 608 608 609 609 607 607 608 611 608 608 612 609 606 608 610 610 608 613 612 615 615 619 624 619 625 631 635 637 638 644 648 784 757 611 611 669 694 672 652 637 614 602 588 567 561 548 533 524 513 503 498 492 481 461 453 446 436 432 425 417 410 405 399 393 389 385 378 373 369 368 367 357 358 357 354 350 346 343 343 342 341 338 332 331 333 325 315 298 300 304 306 318 327 324 325 323 325 323 327 325 324 324 324 324 328 329 331 329 331 330 331 327 336 341 342 345 342 348 346 350 352 356 356 359 363 367 367 373 375 379 382 388 390 398 401 406 412 421 422 428 430 439 448 457 464 473 481 486 495 499
state 0.289450 -0.688650 -1.576406 
state 0.289400 -0.697919 -1.576248 
state 0.289342 -0.707241 -1.577510 
state 0.289272 -0.716600 -1.578772 
state 0.289197 -0.725868 -1.578929 
state 0.289116 -0.735027 -1.580033 
state 0.289032 -0.744132 -1.579718 
state 0.288947 -0.753346 -1.580033 
state 0.288860 -0.762668 -1.580033 
state 0.288778 -0.771773 -1.579402 
laser 271 271 47 42 30 34 72 47 54 58 60 64 63 64 60 54 59 51 47 62 74 80 95 106 144 171 101 132 128 151 142 162 186 208 196 199 197 2216 2367 2236 2162 2124 2098 2059 2025 2008 1970 1964 1960 1923 1905 1884 1864 1853 1838 1838 4000 1479 1234 1219 1164 1123 1070 1043 993 946 932 898 881 865 853 796 807 775 769 740 714 661 654 642 627 617 599 592 582 575 564 557 554 547 538 529 529 517 508 507 498 495 488 485 479 478 474 471 467 459 461 465 461 463 463 466 467 477 481 486 492 497 500 507 513 514 514 515 518 519 517 514 518 518 516 517 514 517 513 515 521 517 520 522 518 520 522 524 527 532 527 536 538 544 541 544 553 552 558 701 692 546 520 522 600 594 580 563 546 541 518 518 503 492 481 479 464 456 448 438 433 428 422 420 414 412 393 384 379 375 370 364 359 355 350 350 342 342 342 340 337 332 332 327 324 323 321 320 319 316 313 317 315 312 314 313 313 308 312 308 308 306 307 310 310 304 298 298 301 300 292 279 283 288 304 315 319 317 318 322 321 325 329 329 331 335 337 341 339 344 345 348 352 357 360 357 366 377 375 381 389 388 397 404 411 414 420 427 434 441 449 454 466 471 478 478
state 0.288701 -0.780878 -1.579087 
state 0.288625 -0.790019 -1.579087 
state 0.288546 -0.799123 -1.579718 
state 0.288466 -0.808192 -1.579718 
state 0.288384 -0.817297 -1.579718 
state 0.288309 -0.826166 -1.578929 
state 0.288235 -0.835071 -1.579402 
state 0.288156 -0.844248 -1.579402 
state 0.288081 -0.853208 -1.579087 
state 0.288007 -0.862240 -1.579087 
laser 271 271 43 33 40 51 44 46 48 55 61 63 62 65 58 52 62 52 47 50 66 141 117 101 106 106 131 133 120 140 159 169 189 204 195 189 192 2077 2127 2107 2070 2033 2010 1985 1970 1970 1913 1891 1882 1859 1839 1828 4000 1403 1236 4000 1074 1024 996 947 935 857 834 822 801 784 754 727 708 650 612 593 579 575 549 546 531 519 508 495 494 479 476 468 454 455 448 439 436 429 421 417 414 404 401 396 395 391 383 386 378 377 369 365 369 367 362 361 359 355 352 353 349 347 346 352 350 349 356 350 352 349 345 345 339 331 332 325 334 330 332 337 341 350 351 348 348 344 345 349 346 342 337 340 347 349 352 354 355 362 362 393 435 443 427 440 449 455 527 542 529 432 434 437 503 504 494 479 474 465 455 444 433 431 420 412 406 400 394 391 385 377 373 367 365 360 356 354 352 349 347 348 336 329 327 323 318 318 315 308 306 305 302 309 305 295 299 303 300 296 297 297 294 295 295 289 290 293 291 295 292 290 292 291 293 294 296 297 295 298 293 295 297 306 302 305 309 309 307 303 308 306 313 314 309 290 304 330 335 341 342 346 354 353 356 362 368 375 380 381 385 392 407 406 413 419 429 435 445 453 459 462
state 0.287926 -0.872016 -1.579245 
state 0.287852 -0.880486 -1.580033 
state 0.287783 -0.888086 -1.579876 
state 0.287715 -0.895685 -1.579718 
state 0.287654 -0.902668 -1.578929 
state 0.287605 -0.908708 -1.579087 
state 0.287560 -0.914167 -1.579245 
state 0.287515 -0.919046 -1.580664 
state 0.287470 -0.923217 -1.582557 
state 0.287428 -0.926717 -1.582399 
laser 271 271 48 32 37 44 40 43 51 55 56 59 61 62 59 52 62 56 49 53 62 94 99 144 109 124 112 125 137 116 157 158 187 204 196 196 195 301 2042 2020 1997 1975 1969 1952 1907 1874 1867 1840 1832 4000 1223 4000 4000 4000 933 930 840 820 773 764 734 682 591 569 545 550 504 505 486 467 449 455 432 422 412 400 394 387 380 375 363 361 356 357 349 339 334 329 321 322 308 315 309 299 301 298 296 291 282 290 287 283 280 274 273 276 272 273 271 267 265 267 263 263 262 264 263 261 262 264 263 262 266 266 272 271 277 269 277 286 287 291 299 302 308 315 320 325 327 303 280 273 273 279 278 278 280 283 284 282 287 287 296 298 312 373 369 376 385 383 383 398 511 507 495 453 355 359 362 392 435 427 417 409 402 394 386 382 376 371 366 362 355 349 345 336 337 334 334 327 324 323 320 317 312 313 308 308 310 307 303 308 307 307 303 294 293 290 287 288 288 286 284 284 278 279 281 281 281 280 280 284 282 278 280 280 282 284 282 284 286 288 287 290 291 296 293 294 295 302 300 302 303 307 303 310 316 319 323 326 330 333 326 335 335 338 347 345 323 365 371 379 383 392 398 405 411 423 431 438 443 448
state 0.287383 -0.931016 -1.580349 
state 0.287363 -0.933265 -1.578772 
state 0.287348 -0.935206 -1.579245 
state 0.287333 -0.936783 -1.580664 
state 0.287322 -0.938271 -1.572147 
state 0.287339 -0.939576 -1.545335 
state 0.287374 -0.940610 -1.524043 
state 0.287418 -0.941279 -1.484455 
state 0.287489 -0.941928 -1.440294 
state 0.287588 -0.942555 -1.386512 
laser 271 271 47 35 24 37 46 48 48 55 61 63 62 65 56 53 67 54 49 47 79 85 125 109 150 101 125 130 127 142 149 170 196 203 198 191 203 2048 2031 2002 1975 1970 1941 1901 1879 1867 1843 1839 1231 1175 4000 4000 943 886 835 768 777 729 696 621 563 546 540 517 480 462 476 459 431 413 410 391 384 368 371 366 346 346 336 319 318 317 314 308 306 300 293 290 286 278 279 271 277 274 267 268 261 264 256 257 255 254 249 250 252 245 244 248 243 231 234 236 233 235 239 236 235 234 237 234 239 237 239 237 238 232 231 230 228 227 225 238 236 237 241 234 235 236 234 231 228 233 232 233 235 232 233 234 236 233 237 236 237 245 247 246 247 246 252 252 253 260 271 267 261 266 268 270 273 275 283 283 292 295 364 406 400 393 387 380 378 369 366 361 352 351 345 344 338 334 331 329 328 323 320 321 316 311 308 303 305 308 308 306 303 301 301 299 302 300 302 304 295 287 287 286 286 284 286 287 285 281 282 280 285 282 286 285 284 276 281 289 285 288 293 292 292 294 294 297 299 299 304 302 306 305 309 312 316 316 322 324 328 333 336 342 343 348 345 346 351 354 361 373 347 367 393 400 406 411 416 419
state 0.287714 -0.943140 -1.327998 
state 0.287876 -0.943717 -1.264121 
state 0.287958 -0.943957 -1.196933 
state 0.287974 -0.943990 -1.125959 
state 0.288033 -0.944102 -1.052620 
state 0.288101 -0.944209 -0.973602 
state 0.288254 -0.944412 -0.893165 
state 0.288372 -0.944549 -0.811151 
state 0.288543 -0.944711 -0.729610 
state 0.288837 -0.944954 -0.647438 
laser 271 271 40 43 33 49 62 46 46 52 59 60 62 65 63 51 63 59 48 53 63 70 133 109 105 122 98 119 121 122 159 156 186 201 197 189 205 606 659 682 712 754 789 830 875 919 975 1038 2616 2833 1544 1537 1541 1548 1567 1625 1711 2358 2403 3207 2286 2291 2301 2332 2162 2114 2067 2045 1999 1972 1940 1919 1888 1867 1836 1809 1790 1769 1748 4000 1131 4000 4000 4000 4000 769 688 685 670 615 488 468 457 458 418 410 412 375 376 371 347 346 337 337 339 295 302 272 270 267 260 255 271 247 248 235 237 232 222 225 225 218 214 216 209 207 208 205 200 202 194 192 191 192 190 192 180 186 183 183 181 180 178 177 176 175 177 177 173 175 171 173 174 172 176 175 179 177 179 176 184 177 172 178 174 176 178 176 174 174 181 178 175 175 172 175 172 169 171 172 173 171 173 177 172 175 172 174 179 177 180 183 180 182 182 190 184 185 188 192 188 190 197 198 200 202 209 202 207 216 209 223 225 229 232 232 239 243 251 262 278 274 275 283 292 302 301 321 382 420 412 409 406 404 398 399 397 393 393 388 387 386 389 387 381 380 381 380 377 378 378 376 379 377 377 378 372 374 382 382 378 370 372 371 369 368 368 368 370 369 371 363
state 0.289240 -0.945232 -0.568736 
state 0.289834 -0.945581 -0.494608 
state 0.290370 -0.945847 -0.426631 
state 0.290939 -0.946084 -0.364174 
state 0.291299 -0.946210 -0.306607 
state 0.291944 -0.946394 -0.252824 
state 0.292580 -0.946544 -0.206139 
state 0.293132 -0.946646 -0.164975 
state 0.293670 -0.946727 -0.129961 
state 0.294157 -0.946783 -0.099521 
laser 271 271 44 45 44 50 50 54 51 54 60 62 63 67 60 47 61 58 48 53 57 100 146 103 84 121 114 120 123 139 136 160 186 205 195 199 191 1438 1353 1357 1358 1369 1381 1389 1407 1413 1431 1447 1454 1475 1493 1512 1528 1556 1567 1578 1587 1608 1769 459 461 466 467 476 477 484 488 497 503 508 513 521 534 546 560 573 581 598 619 637 666 690 717 747 782 810 850 888 928 1019 1428 1414 1403 1409 1419 1435 1453 1462 1522 1546 4000 1864 1904 1838 1812 1726 1683 1696 1681 1730 1695 1690 1674 1692 1686 1665 1662 1656 1695 1668 1661 1651 1612 1601 4000 4000 1144 1074 1009 942 893 850 807 771 730 696 673 643 578 399 383 369 355 357 347 320 310 304 291 288 289 274 270 260 254 251 249 252 229 227 230 226 218 217 214 222 212 205 207 199 200 199 200 197 190 192 191 190 190 184 190 184 187 182 178 181 183 180 180 180 175 170 171 181 178 177 180 177 178 180 181 181 181 183 180 175 177 172 174 174 177 184 184 180 181 180 180 177 178 173 173 172 181 178 180 178 181 182 182 184 181 189 185 188 190 184 190 194 193 198 195 200 205 206 204 203 206 212 212 209 227 222 227 222 226 242 241 248 248 259 258 268 265 280 301 283 314 330 356 322 328 355
state 0.294735 -0.946830 -0.062299 
state 0.295297 -0.946860 -0.043846 
state 0.295877 -0.946880 -0.027443 
state 0.296330 -0.946890 -0.015614 
state 0.296729 -0.946894 -0.005205 
state 0.297237 -0.946895 0.004889 
state 0.297709 -0.946890 0.012460 
state 0.298126 -0.946883 0.019873 
state 0.298380 -0.946878 0.023973 
state 0.298724 -0.946869 0.028232 
laser 271 271 45 42 31 38 39 40 46 52 63 63 62 63 57 53 68 53 45 60 56 108 124 120 116 107 123 134 152 146 151 163 195 208 198 193 194 840 860 863 865 869 867 864 871 870 872 875 893 1289 1311 1314 1329 1327 1334 1341 1362 1366 1373 1391 1403 1421 1430 1446 1468 1479 1499 1514 1535 1554 393 424 429 430 434 438 445 446 453 456 464 461 467 480 486 495 505 516 532 540 554 576 591 618 639 660 684 716 752 782 816 848 898 996 1350 1350 1345 1357 1376 1392 1409 1419 1477 1503 1555 1538 1505 1506 1451 1427 1424 1399 1406 1381 1394 1366 1393 1388 1381 1386 1363 1334 1330 1317 1324 1296 1333 1301 1308 1282 1143 1070 1008 948 895 853 812 779 744 710 681 656 636 612 591 563 406 366 357 341 334 329 323 295 298 307 275 269 270 256 256 256 250 242 241 231 230 229 223 227 226 215 222 220 207 207 213 209 211 203 202 202 202 199 197 193 197 194 193 191 192 187 191 189 189 186 189 189 191 190 192 197 196 189 197 193 187 185 191 189 187 186 194 194 196 196 192 195 192 192 192 190 191 188 191 192 193 192 193 198 196 199 197 193 198 200 199 202 206 206 217 209 216 215 220 224 224 222 228 224 237 241 233 236 263 250 245 240 289 260 234 180
state 0.298942 -0.946862 0.031702 
state 0.299177 -0.946855 0.035329 
state 0.299395 -0.946846 0.038484 
state 0.299576 -0.946839 0.041007 
state 0.299848 -0.946828 0.044004 
state 0.300047 -0.946819 0.046054 
state 0.300210 -0.946811 0.048420 
state 0.300428 -0.946800 0.050312 
state 0.300609 -0.946791 0.051890 
state 0.300826 -0.946780 0.053782 
laser 271 271 44 36 41 31 49 54 53 51 63 64 61 64 58 56 66 53 50 56 57 61 110 91 91 104 110 119 137 148 169 161 189 203 196 191 191 812 861 860 858 865 862 864 864 865 863 865 870 873 891 1278 1293 1304 1319 1324 1329 1340 1348 1355 1372 1379 1391 1407 1422 1436 1458 1472 1487 1511 1526 1564 407 421 423 427 431 431 437 439 445 447 450 458 470 470 479 487 496 508 522 532 545 561 577 601 625 648 676 702 730 763 793 831 868 941 1310 1339 1334 1345 1363 1377 1391 1408 1445 1486 1534 1522 1513 1481 1416 1427 1436 1399 1388 1329 1362 1362 1346 1349 1344 1333 1344 1301 1320 1294 1276 1308 1271 1272 1286 1250 1245 1058 1040 973 922 879 832 797 760 729 699 671 648 627 606 584 562 435 361 347 338 324 328 322 304 288 275 277 267 258 263 256 257 244 247 241 232 234 236 228 227 229 219 220 215 214 207 211 207 213 213 199 201 207 199 199 198 196 193 192 195 191 192 191 193 192 192 189 194 196 194 192 196 193 198 197 194 191 186 188 189 189 194 194 196 201 198 188 192 195 191 192 193 193 194 193 195 196 197 195 199 203 204 200 197 198 207 205 213 213 211 218 217 213 221 221 222 213 232 232 231 235 244 235 244 244 256 262 237 197
state 0.300989 -0.946771 0.055202 
state 0.301152 -0.946762 0.056621 
state 0.301315 -0.946752 0.058041 
state 0.301460 -0.946744 0.059303 
state 0.301605 -0.946735 0.060564 
state 0.301732 -0.946727 0.061668 
state 0.301804 -0.946723 0.062299 
state 0.301913 -0.946716 0.063245 
state 0.302003 -0.946710 0.064034 
state 0.302076 -0.946705 0.064665 
laser 271 271 41 37 45 59 57 37 51 55 60 59 58 65 57 55 63 53 46 50 72 78 94 133 110 121 146 117 139 139 164 160 190 203 198 198 195 814 860 860 858 858 861 861 858 859 864 857 863 868 873 953 1302 1301 1310 1318 1322 1326 1335 1341 1362 1366 1384 1390 1409 1419 1437 1454 1473 1495 1507 1529 1723 412 417 420 419 420 426 437 435 442 447 457 455 463 468 477 486 498 510 520 535 543 559 578 600 623 649 673 701 733 761 798 830 871 946 1312 1333 1334 1336 1357 1386 1391 1408 1447 1474 1496 1501 1487 1445 1398 1352 1379 1378 1347 1344 1347 1321 1296 1299 1284 1326 1290 1294 1264 1252 1249 1246 1249 1236 1229 1235 1205 1088 1040 977 923 878 832 792 756 729 700 672 648 625 605 585 566 493 359 353 341 327 316 321 318 293 286 275 290 263 265 252 257 256 244 248 233 242 235 223 231 219 219 221 216 215 212 208 211 210 209 198 204 205 200 197 195 198 196 196 190 191 190 191 193 193 191 195 193 196 194 194 198 197 198 196 192 192 188 191 183 190 197 204 198 197 197 195 195 194 194 195 195 194 195 197 197 197 198 201 202 199 202 204 204 207 207 208 212 211 209 219 218 218 224 222 230 231 228 228 232 239 235 243 256 259 263 216 202
state 0.302166 -0.946700 0.065454 
state 0.302238 -0.946695 0.066084 
state 0.302293 -0.946691 0.066558 
state 0.302329 -0.946689 0.066873 
state 0.302347 -0.946688 0.067031 
state 0.302365 -0.946686 0.067188 
state 0.302365 -0.946686 0.067188 
state 0.302365 -0.946686 0.067188 
state 0.302365 -0.946686 0.067188 
state 0.302365 -0.946686 0.067188 
laser 271 271 48 41 25 54 49 47 48 53 57 57 57 58 56 43 61 58 49 55 82 89 115 101 101 104 110 124 139 145 143 163 192 200 199 194 202 815 860 852 850 854 863 858 858 857 860 863 865 865 868 885 1273 1299 1306 1311 1327 1328 1331 1342 1354 1364 1375 1388 1406 1411 1432 1449 1461 1477 1502 1524 1592 406 414 418 420 426 428 433 436 442 446 453 454 461 465 474 480 491 504 519 528 541 553 571 594 616 635 663 695 720 753 785 818 855 914 1158 1335 1333 1334 1353 1371 1388 1397 1426 1476 1476 1459 1427 1437 1381 1355 1356 1347 1334 1333 1316 1267 1295 1284 1291 1271 1259 1256 1246 1249 1247 1233 1237 1259 1241 1216 1214 1133 1058 997 941 892 847 804 767 740 706 684 657 627 607 586 573 550 393 361 343 339 323 320 318 302 291 276 269 263 267 262 256 251 251 249 234 241 230 231 234 228 217 215 219 217 216 215 213 207 210 206 206 204 203 201 197 196 196 195 194 196 193 190 192 192 190 194 193 194 195 195 193 194 197 197 194 194 185 192 189 192 203 195 196 200 195 195 195 193 193 193 196 195 194 197 197 199 194 196 197 196 199 204 203 202 206 207 212 212 216 210 219 216 220 223 231 231 231 233 227 243 241 238 267 259 262 223 181
state 0.302383 -0.946685 0.067346 
state 0.302401 -0.946684 0.067504 
state 0.302419 -0.946683 0.067662 
state 0.302419 -0.946683 0.067662 
state 0.302419 -0.946683 0.067662 
state 0.302437 -0.946681 0.067819 
state 0.302437 -0.946681 0.067819 
state 0.302437 -0.946681 0.067819 
state 0.302437 -0.946681 0.067819 
state 0.302437 -0.946681 0.067819 
laser 271 271 44 40 45 69 44 44 47 51 60 62 66 65 61 53 64 54 45 57 58 83 135 100 105 108 113 124 136 140 172 156 188 198 194 192 192 812 856 861 857 860 860 860 862 857 861 861 858 863 872 882 1262 1295 1299 1314 1316 1324 1336 1342 1351 1360 1373 1387 1398 1413 1432 1446 1465 1483 1501 1519 1576 408 416 415 424 418 424 428 438 439 446 452 454 459 466 473 482 491 504 516 524 538 553 571 590 617 635 661 693 717 751 783 813 851 912 1125 1323 1334 1338 1350 1367 1387 1398 1413 1477 1481 1487 1448 1455 1399 1392 1363 1347 1325 1330 1343 1318 1341 1275 1278 1284 1268 1277 1240 1239 1257 1267 1241 1234 1242 1255 1214 1109 1057 996 946 891 850 807 773 742 712 683 659 637 615 594 573 549 405 357 341 331 318 317 319 306 290 281 285 299 263 260 256 252 248 250 248 245 234 235 227 228 220 225 221 217 214 215 214 208 210 200 203 206 203 196 196 198 199 194 194 196 192 192 192 192 193 192 194 193 196 195 195 198 196 199 193 192 187 187 191 188 199 194 201 199 198 196 195 195 192 193 195 195 191 196 190 200 195 198 200 201 201 205 201 203 202 207 213 205 211 215 217 223 222 221 225 234 235 224 243 233 243 236 266 272 253 230 198
state 0.302437 -0.946681 0.067819 
state 0.302437 -0.946681 0.067819 
state 0.302437 -0.946681 0.067819 
state 0.302437 -0.946681 0.067819 
state 0.302437 -0.946681 0.067819 
state 0.302437 -0.946681 0.067819 
state 0.302437 -0.946681 0.067819 
state 0.302437 -0.946681 0.067819 
state 0.302437 -0.946681 0.067819 
state 0.302437 -0.946681 0.067819 
laser 271 271 43 36 33 56 53 36 45 57 63 62 64 65 61 54 64 57 47 56 60 67 129 92 104 96 126 122 134 141 132 150 188 198 194 193 204 294 309 310 313 318 327 335 339 352 386 405 441 412 362 334 314 306 285 203 1362 1328 1328 1337 1354 1360 1370 1382 1398 1416 1432 1446 1469 1482 1501 1523 1578 407 414 417 421 423 426 433 435 434 445 453 454 459 464 472 481 490 503 507 524 533 555 571 591 614 639 665 690 720 749 785 817 861 912 1137 1333 1326 1332 1349 1366 1388 1398 1413 1499 1481 1461 1451 1415 1394 1379 1382 1366 1357 1340 1328 1316 1309 1315 1303 1284 1269 1308 1268 1265 1245 1258 1233 1255 1249 1234 1252 1152 1057 997 941 895 842 800 776 738 709 682 655 633 615 591 574 553 396 356 347 331 322 322 317 305 288 290 280 274 266 262 254 252 246 235 236 245 234 231 233 226 225 221 225 218 218 216 215 208 210 208 202 203 199 200 200 196 198 198 196 197 194 193 190 188 189 196 193 194 193 197 194 199 199 195 196 193 186 190 195 192 198 197 200 199 197 196 196 196 193 195 194 193 186 189 195 199 199 198 199 201 204 203 203 206 209 213 211 213 214 218 217 218 221 228 229 229 237 234 237 232 239 234 254 271 241 228 178
state 0.302437 -0.946681 0.067819 
state 0.302437 -0.946681 0.067819 
state 0.302437 -0.946681 0.067819 
state 0.302437 -0.946681 0.067819 
state 0.302437 -0.946681 0.067819 
state 0.302437 -0.946681 0.067819 
state 0.302437 -0.946681 0.067819 
state 0.302437 -0.946681 0.067819 
state 0.302437 -0.946681 0.067819 
state 0.302437 -0.946681 0.067819 
laser 271 271 48 42 25 46 54 40 50 54 63 59 63 62 60 52 65 51 42 41 61 94 138 94 93 106 123 134 134 145 161 162 192 207 195 195 196 817 859 859 858 732 418 487 818 859 857 856 862 872 867 879 1266 1294 1306 1314 1320 2951 471 16 1350 1358 1370 1389 1400 1418 1427 1451 1464 1481 1498 1524 1576 409 414 416 412 423 423 436 435 440 444 451 455 458 466 472 482 492 505 516 524 538 553 569 592 613 638 658 689 721 748 783 816 853 908 1131 1330 1333 1336 1350 1370 1387 1396 1411 1411 1512 1480 1455 1399 1392 1332 1347 1363 1306 1311 1321 1324 1298 1329 1289 1293 1298 1285 1264 1242 1248 1256 1254 1246 1235 1228 1228 1104 1062 999 943 892 848 805 771 744 709 681 655 635 611 593 575 550 398 359 342 333 320 313 318 311 283 286 274 269 263 259 254 254 243 245 241 243 235 232 227 226 228 226 217 216 214 211 217 211 200 201 203 206 206 200 196 196 197 198 198 194 192 191 194 191 194 193 193 197 193 195 195 195 200 197 195 194 186 188 187 187 197 199 197 199 198 195 193 195 194 194 194 193 191 194 191 201 196 199 202 204 201 201 206 206 209 212 215 207 213 221 221 222 220 223 222 230 232 230 225 234 238 229 239 243 270 212 196
state 0.302437 -0.946681 0.067819 
state 0.302437 -0.946681 0.067819 
state 0.302437 -0.946681 0.067819 
state 0.302437 -0.946681 0.067819 
state 0.302437 -0.946681 0.067819 
state 0.302437 -0.946681 0.067819 
state 0.302437 -0.946681 0.067819 
state 0.302437 -0.946681 0.067819 
state 0.302437 -0.946681 0.067819 
state 0.302437 -0.946681 0.067819 
laser 271 271 41 37 38 40 59 45 56 53 60 61 62 63 58 53 63 54 50 51 82 99 77 110 95 104 130 125 133 144 129 158 190 203 197 194 195 809 857 857 856 857 858 861 861 857 859 862 864 866 871 882 1260 1288 1305 1306 1321 1328 1335 1335 1354 1361 1376 1387 1401 1411 3090 524 3043 1484 1499 1523 1575 404 414 419 420 423 424 428 437 439 442 448 451 462 463 472 480 491 502 513 527 536 552 572 589 616 641 662 692 716 754 787 814 855 912 1129 1330 1323 1336 1344 1361 1382 1400 1411 1485 1509 1488 1464 1419 1395 1381 1376 1328 1349 1346 1329 1310 1298 1309 1289 1300 1276 1257 1252 1268 1257 1228 1241 1210 1233 1229 1239 1110 1062 1000 944 893 845 804 770 740 707 680 657 634 613 591 574 552 405 356 345 325 330 318 318 307 282 271 272 270 290 261 256 258 242 253 238 240 233 235 228 226 226 220 219 218 216 210 209 206 208 207 208 202 201 197 193 193 197 198 194 197 194 194 191 192 192 191 194 194 198 196 196 200 198 198 194 197 188 190 187 194 193 200 200 200 196 191 199 194 192 190 193 193 194 193 196 198 196 200 200 202 201 201 203 204 205 207 216 217 215 217 218 224 224 226 218 235 228 229 233 237 240 263 236 234 262 224 204
state 0.302437 -0.946681 0.067819 
state 0.302437 -0.946681 0.067819 
state 0.302437 -0.946681 0.067819 
state 0.302437 -0.946681 0.067819 
state 0.302419 -0.946683 0.067977 
state 0.302419 -0.946683 0.067977 
state 0.302419 -0.946683 0.067977 
state 0.302419 -0.946683 0.067977 
state 0.302419 -0.946683 0.067977 
state 0.302419 -0.946683 0.067977 
laser 271 271 43 35 35 57 63 39 43 55 59 63 60 65 59 48 62 57 47 55 62 122 102 99 122 117 117 106 114 148 154 162 194 203 198 196 199 818 855 852 863 859 860 863 859 861 860 863 864 864 869 881 1260 1304 1307 1315 1321 1324 1336 1342 1353 1363 1375 1388 1400 1416 1434 1447 1459 1481 1522 464 523 417 414 421 420 424 427 431 436 439 445 450 456 460 465 471 480 495 505 517 529 536 552 572 586 610 635 666 692 719 748 782 819 853 908 1124 1333 1328 1331 1349 1367 1387 1400 1423 1511 1504 1471 1421 1405 1398 1364 1353 1326 1309 1333 1337 1309 1299 1301 1290 1305 1301 1278 1286 1264 1231 1249 1260 1246 1250 1250 1221 1119 1057 997 943 895 848 808 774 740 711 678 653 635 615 591 572 554 400 355 349 335 332 321 317 304 274 278 284 264 260 261 256 255 250 245 242 236 235 230 231 217 217 220 215 219 215 210 212 209 210 205 203 202 201 200 202 197 198 197 197 197 193 194 190 190 193 193 194 193 191 195 192 198 199 193 199 194 197 188 192 193 191 196 200 201 198 195 196 195 194 193 193 196 195 194 191 193 200 197 196 196 201 203 206 209 208 208 213 211 220 220 215 218 222 229 231 224 229 230 237 240 233 262 239 256 262 230 191
state 0.302419 -0.946683 0.067977 
state 0.302419 -0.946683 0.067977 
state 0.302419 -0.946683 0.067977 
state 0.302419 -0.946683 0.067977 
state 0.302419 -0.946683 0.067977 
state 0.302419 -0.946683 0.067977 
state 0.302419 -0.946683 0.067977 
state 0.302419 -0.946683 0.067977 
state 0.302419 -0.946683 0.067977 
state 0.302419 -0.946683 0.067977 
laser 271 271 42 45 36 57 24 43 49 57 58 65 60 62 58 57 61 57 46 52 61 76 89 121 151 151 121 114 119 151 164 161 190 204 197 195 198 820 861 862 857 858 860 863 860 858 860 860 858 863 872 879 1260 1292 1307 1314 1317 1322 1338 1341 1347 1364 1372 1383 1402 1416 1437 1440 1467 1482 1501 1522 1568 405 414 419 420 419 424 429 435 438 446 451 457 461 466 474 482 491 504 515 527 540 550 569 591 616 635 665 687 720 750 782 819 857 913 1112 1325 1331 1333 1355 1392 1458 1536 1559 1527 1496 1468 1442 1455 1424 1377 1348 1357 1319 1309 1351 1304 1313 1299 1298 1280 1291 1310 1258 1254 1242 1233 1214 1232 1242 1242 1231 1119 1065 1001 943 893 850 810 773 741 711 683 660 634 615 592 578 552 404 360 343 334 322 313 322 305 302 290 277 277 267 265 261 256 244 244 250 240 233 229 226 230 218 220 223 216 214 211 212 209 210 203 207 206 197 201 199 198 195 198 196 194 192 194 194 190 194 193 196 194 197 195 194 199 201 200 198 196 189 188 184 190 197 199 204 196 199 196 197 195 196 194 195 195 196 196 193 196 197 202 197 203 203 198 203 204 210 213 209 211 212 213 215 220 227 219 231 227 229 227 231 234 235 228 262 258 258 245 205
state 0.302419 -0.946683 0.067977 
state 0.302419 -0.946683 0.067977 
state 0.302419 -0.946683 0.067977 
